

Working Directory = /scratch/CL120020/RevA0/gbarbiani/gcm_aes_core/synthesis/rc
QoS Summary for gcm_aes_core
========================================================================================
Metric                  generic    map        incremental incremental2
========================================================================================
Slack (ps):               -850.7     -179.6        0.0        0.0
  R2R (ps):               -849.3     -179.6        0.0        0.0
  I2R (ps):               -850.7     -165.3        1.4        3.5
  R2O (ps):               -637.2      -39.5        1.1        0.0
  I2O (ps):               -492.0       -8.4       44.6       19.3
  CG  (ps):             no_value       35.8      108.6       90.5
TNS (ps):                1588619      31553          0          0
  R2R (ps):            1221721.0    23453.0        0.0        0.0
  I2R (ps):            1327613.0    11884.0        0.0        0.0
  R2O (ps):              37770.0       39.0        0.0        0.0
  I2O (ps):              19039.0        8.0        0.0        0.0
  CG  (ps):             no_value        0.0        0.0        0.0
Failing Paths:             11166       2489          0          0
Leakage Power (mW):          0.0        0.0        0.0        0.0
Dynamic Power (mW):        163.3      116.7      111.0      113.5
Clk Tree Power (mW):     no_value   no_value   no_value   no_value
Area:                     127015     106961     104333     104206
Instances:                204261     188839     176456     175748
Utilization (%):            0.00       0.00       0.00       0.00
Tot. Net Length (um):   no_value   no_value   no_value   no_value
Avg. Net Length (um):   no_value   no_value   no_value   no_value
Total Overflow H:              0          0          0          0
Total Overflow V:              0          0          0          0
Route Overflow H (%):   no_value   no_value   no_value   no_value
Route Overflow V (%):   no_value   no_value   no_value   no_value
========================================================================================
CPU  Runtime (m:s):        04:24      26:16      07:49      07:05
Real Runtime (m:s):        05:58      29:49      13:02      10:42
CPU  Elapsed (m:s):        04:51      31:34      39:23      46:29
Real Elapsed (m:s):        05:59      35:48      48:50      59:32
Memory (MB):             2368.00    2761.00    2638.00    2645.00
========================================================================================

========================================================================================
Flow Settings:
========================================================================================
Total Runtime (m:s): 60:24
Total Memory (MB):   2645.00
Executable Version:  14.28
========================================================================================


