============================================================
  Generated by:           Encounter(R) RTL Compiler RC14.28 - v14.20-s067_1
  Generated on:           Jul 03 2017  02:59:15 pm
  Module:                 gcm_aes_core
  Technology library:     <suppressed>
  Operating conditions:   <suppressed>
  Interconnect mode:      global
  Area mode:              physical library
============================================================

                                                  
           Gate             Instances     Area                         Library                     
---------------------------------------------------------------------------------------------------
AN2D1BWP7D5T16P96CPD               29       6.682    tcbn16ffplusglbwp7d5t16p96cpdssgnp0p63v0c_ccs 
AN2D2BWP7D5T16P96CPD               11       2.534    tcbn16ffplusglbwp7d5t16p96cpdssgnp0p63v0c_ccs 
AN2D4BWP7D5T16P96CPD              146      67.277    tcbn16ffplusglbwp7d5t16p96cpdssgnp0p63v0c_ccs 
AN3D1BWP7D5T16P96CPD              231      63.867    tcbn16ffplusglbwp7d5t16p96cpdssgnp0p63v0c_ccs 
AN3D2BWP7D5T16P96CPD                1       0.276    tcbn16ffplusglbwp7d5t16p96cpdssgnp0p63v0c_ccs 
AN3D8BWP7D5T16P96CPD                1       0.876    tcbn16ffplusglbwp7d5t16p96cpdssgnp0p63v0c_ccs 
AN4D1BWP7D5T16P96CPD                3       0.968    tcbn16ffplusglbwp7d5t16p96cpdssgnp0p63v0c_ccs 
AN4D4BWP7D5T16P96CPD                2       1.198    tcbn16ffplusglbwp7d5t16p96cpdssgnp0p63v0c_ccs 
AO21D1BWP7D5T16P96CPD             976     269.844    tcbn16ffplusglbwp7d5t16p96cpdssgnp0p63v0c_ccs 
AO21D2BWP7D5T16P96CPD               1       0.323    tcbn16ffplusglbwp7d5t16p96cpdssgnp0p63v0c_ccs 
AO21D4BWP7D5T16P96CPD               1       0.415    tcbn16ffplusglbwp7d5t16p96cpdssgnp0p63v0c_ccs 
AO22D1BWP7D5T16P96CPD             659     212.567    tcbn16ffplusglbwp7d5t16p96cpdssgnp0p63v0c_ccs 
AO22D2BWP7D5T16P96CPD               1       0.369    tcbn16ffplusglbwp7d5t16p96cpdssgnp0p63v0c_ccs 
AOAI211D2BWP7D5T16P96CPD            7       3.226    tcbn16ffplusglbwp7d5t16p96cpdssgnp0p63v0c_ccs 
AOAI211D4BWP7D5T16P96CPD            1       0.829    tcbn16ffplusglbwp7d5t16p96cpdssgnp0p63v0c_ccs 
AOI211D1BWP7D5T16P96CPD             9       2.488    tcbn16ffplusglbwp7d5t16p96cpdssgnp0p63v0c_ccs 
AOI211D1P5BWP7D5T16P96CPD           2       0.829    tcbn16ffplusglbwp7d5t16p96cpdssgnp0p63v0c_ccs 
AOI211D2BWP7D5T16P96CPD             1       0.415    tcbn16ffplusglbwp7d5t16p96cpdssgnp0p63v0c_ccs 
AOI21D1BWP7D5T16P96CPD           1016     234.086    tcbn16ffplusglbwp7d5t16p96cpdssgnp0p63v0c_ccs 
AOI21D1P5BWP7D5T16P96CPD            6       1.935    tcbn16ffplusglbwp7d5t16p96cpdssgnp0p63v0c_ccs 
AOI21D2BWP7D5T16P96CPD             11       3.548    tcbn16ffplusglbwp7d5t16p96cpdssgnp0p63v0c_ccs 
AOI21D4BWP7D5T16P96CPD             81      48.522    tcbn16ffplusglbwp7d5t16p96cpdssgnp0p63v0c_ccs 
AOI21D8BWP7D5T16P96CPD              8       9.585    tcbn16ffplusglbwp7d5t16p96cpdssgnp0p63v0c_ccs 
AOI221D1BWP7D5T16P96CPD           709     261.366    tcbn16ffplusglbwp7d5t16p96cpdssgnp0p63v0c_ccs 
AOI221D2BWP7D5T16P96CPD             9       5.391    tcbn16ffplusglbwp7d5t16p96cpdssgnp0p63v0c_ccs 
AOI222D1BWP7D5T16P96CPD           484     223.027    tcbn16ffplusglbwp7d5t16p96cpdssgnp0p63v0c_ccs 
AOI222D2BWP7D5T16P96CPD            14      10.322    tcbn16ffplusglbwp7d5t16p96cpdssgnp0p63v0c_ccs 
AOI22D1BWP7D5T16P96CPD            131      36.219    tcbn16ffplusglbwp7d5t16p96cpdssgnp0p63v0c_ccs 
AOI22D1P5BWP7D5T16P96CPD            7       2.903    tcbn16ffplusglbwp7d5t16p96cpdssgnp0p63v0c_ccs 
AOI22D2BWP7D5T16P96CPD            226      93.727    tcbn16ffplusglbwp7d5t16p96cpdssgnp0p63v0c_ccs 
AOI22D4BWP7D5T16P96CPD            355     294.451    tcbn16ffplusglbwp7d5t16p96cpdssgnp0p63v0c_ccs 
AOI22D8BWP7D5T16P96CPD              2       3.133    tcbn16ffplusglbwp7d5t16p96cpdssgnp0p63v0c_ccs 
AOI31D1BWP7D5T16P96CPD              4       1.106    tcbn16ffplusglbwp7d5t16p96cpdssgnp0p63v0c_ccs 
AOI31D2BWP7D5T16P96CPD              7       3.226    tcbn16ffplusglbwp7d5t16p96cpdssgnp0p63v0c_ccs 
AOI31SKND1BWP7D5T16P96CPD           3       0.829    tcbn16ffplusglbwp7d5t16p96cpdssgnp0p63v0c_ccs 
AOI31SKPD1BWP7D5T16P96CPD         129      35.666    tcbn16ffplusglbwp7d5t16p96cpdssgnp0p63v0c_ccs 
AOI32D1BWP7D5T16P96CPD              4       1.290    tcbn16ffplusglbwp7d5t16p96cpdssgnp0p63v0c_ccs 
AOI32D2BWP7D5T16P96CPD              1       0.507    tcbn16ffplusglbwp7d5t16p96cpdssgnp0p63v0c_ccs 
BUFFD1BWP7D5T16P96CPD              58      10.691    tcbn16ffplusglbwp7d5t16p96cpdssgnp0p63v0c_ccs 
BUFFD2BWP7D5T16P96CPD             226      52.070    tcbn16ffplusglbwp7d5t16p96cpdssgnp0p63v0c_ccs 
BUFFD3BWP7D5T16P96CPD              12       3.318    tcbn16ffplusglbwp7d5t16p96cpdssgnp0p63v0c_ccs 
BUFFD6BWP7D5T16P96CPD             160      66.355    tcbn16ffplusglbwp7d5t16p96cpdssgnp0p63v0c_ccs 
BUFFD8BWP7D5T16P96CPD              87      48.108    tcbn16ffplusglbwp7d5t16p96cpdssgnp0p63v0c_ccs 
BUFFSKND1BWP7D5T16P96CPD            2       0.369    tcbn16ffplusglbwp7d5t16p96cpdssgnp0p63v0c_ccs 
BUFFSKND6BWP7D5T16P96CPD           57      23.639    tcbn16ffplusglbwp7d5t16p96cpdssgnp0p63v0c_ccs 
BUFFSKND8BWP7D5T16P96CPD            1       0.553    tcbn16ffplusglbwp7d5t16p96cpdssgnp0p63v0c_ccs 
BUFFSKPD1BWP7D5T16P96CPD            3       0.553    tcbn16ffplusglbwp7d5t16p96cpdssgnp0p63v0c_ccs 
BUFFSKPD2BWP7D5T16P96CPD            6       1.382    tcbn16ffplusglbwp7d5t16p96cpdssgnp0p63v0c_ccs 
BUFFSKPD4BWP7D5T16P96CPD           11       3.548    tcbn16ffplusglbwp7d5t16p96cpdssgnp0p63v0c_ccs 
BUFFSKPD6BWP7D5T16P96CPD            6       2.488    tcbn16ffplusglbwp7d5t16p96cpdssgnp0p63v0c_ccs 
BUFFSKPD8BWP7D5T16P96CPD            2       1.106    tcbn16ffplusglbwp7d5t16p96cpdssgnp0p63v0c_ccs 
CKAN2D1BWP7D5T16P96CPD           4091     942.566    tcbn16ffplusglbwp7d5t16p96cpdssgnp0p63v0c_ccs 
CKAN2D2BWP7D5T16P96CPD              8       2.212    tcbn16ffplusglbwp7d5t16p96cpdssgnp0p63v0c_ccs 
CKAN2D4BWP7D5T16P96CPD              2       0.922    tcbn16ffplusglbwp7d5t16p96cpdssgnp0p63v0c_ccs 
CKAN2D8BWP7D5T16P96CPD             23      16.957    tcbn16ffplusglbwp7d5t16p96cpdssgnp0p63v0c_ccs 
CKBD1BWP7D5T16P96CPD               82      15.114    tcbn16ffplusglbwp7d5t16p96cpdssgnp0p63v0c_ccs 
CKBD4BWP7D5T16P96CPD                1       0.323    tcbn16ffplusglbwp7d5t16p96cpdssgnp0p63v0c_ccs 
CKBD5BWP7D5T16P96CPD                7       2.903    tcbn16ffplusglbwp7d5t16p96cpdssgnp0p63v0c_ccs 
CKLNQD1BWP7D5T16P96CPD            634     409.006    tcbn16ffplusglbwp7d5t16p96cpdssgnp0p63v0c_ccs 
CKMUX2D1BWP7D5T16P96CPD          1303     540.380    tcbn16ffplusglbwp7d5t16p96cpdssgnp0p63v0c_ccs 
CKMUX2D2BWP7D5T16P96CPD           119      49.352    tcbn16ffplusglbwp7d5t16p96cpdssgnp0p63v0c_ccs 
CKMUX2D4BWP7D5T16P96CPD             1       0.783    tcbn16ffplusglbwp7d5t16p96cpdssgnp0p63v0c_ccs 
CKMUX2D8BWP7D5T16P96CPD             2       2.396    tcbn16ffplusglbwp7d5t16p96cpdssgnp0p63v0c_ccs 
CKND1BWP7D5T16P96CPD               37       5.115    tcbn16ffplusglbwp7d5t16p96cpdssgnp0p63v0c_ccs 
CKND2BWP7D5T16P96CPD              233      32.210    tcbn16ffplusglbwp7d5t16p96cpdssgnp0p63v0c_ccs 
CKND2D1BWP7D5T16P96CPD          14105    1949.875    tcbn16ffplusglbwp7d5t16p96cpdssgnp0p63v0c_ccs 
CKND2D2BWP7D5T16P96CPD            195      44.928    tcbn16ffplusglbwp7d5t16p96cpdssgnp0p63v0c_ccs 
CKND2D4BWP7D5T16P96CPD             26      10.783    tcbn16ffplusglbwp7d5t16p96cpdssgnp0p63v0c_ccs 
CKND2D8BWP7D5T16P96CPD             37      28.984    tcbn16ffplusglbwp7d5t16p96cpdssgnp0p63v0c_ccs 
CKND3BWP7D5T16P96CPD                2       0.369    tcbn16ffplusglbwp7d5t16p96cpdssgnp0p63v0c_ccs 
CKND4BWP7D5T16P96CPD                2       0.461    tcbn16ffplusglbwp7d5t16p96cpdssgnp0p63v0c_ccs 
CKND5BWP7D5T16P96CPD               66      18.248    tcbn16ffplusglbwp7d5t16p96cpdssgnp0p63v0c_ccs 
CKND6BWP7D5T16P96CPD              181      58.383    tcbn16ffplusglbwp7d5t16p96cpdssgnp0p63v0c_ccs 
CKND8BWP7D5T16P96CPD               91      37.740    tcbn16ffplusglbwp7d5t16p96cpdssgnp0p63v0c_ccs 
CKNR2D1BWP7D5T16P96CPD             50       9.216    tcbn16ffplusglbwp7d5t16p96cpdssgnp0p63v0c_ccs 
CKNR2D2BWP7D5T16P96CPD              5       1.382    tcbn16ffplusglbwp7d5t16p96cpdssgnp0p63v0c_ccs 
CKNR2D4BWP7D5T16P96CPD             12       4.977    tcbn16ffplusglbwp7d5t16p96cpdssgnp0p63v0c_ccs 
CKNR2D8BWP7D5T16P96CPD              6       4.700    tcbn16ffplusglbwp7d5t16p96cpdssgnp0p63v0c_ccs 
CKOR2D1BWP7D5T16P96CPD             19       4.378    tcbn16ffplusglbwp7d5t16p96cpdssgnp0p63v0c_ccs 
CKOR2D2BWP7D5T16P96CPD              3       0.829    tcbn16ffplusglbwp7d5t16p96cpdssgnp0p63v0c_ccs 
CKOR2D4BWP7D5T16P96CPD             12       5.530    tcbn16ffplusglbwp7d5t16p96cpdssgnp0p63v0c_ccs 
CKOR2D8BWP7D5T16P96CPD              2       1.475    tcbn16ffplusglbwp7d5t16p96cpdssgnp0p63v0c_ccs 
CKXOR2D1BWP7D5T16P96CPD         14875    6168.960    tcbn16ffplusglbwp7d5t16p96cpdssgnp0p63v0c_ccs 
CKXOR2D2BWP7D5T16P96CPD            25      12.672    tcbn16ffplusglbwp7d5t16p96cpdssgnp0p63v0c_ccs 
CKXOR2D4BWP7D5T16P96CPD           746     618.762    tcbn16ffplusglbwp7d5t16p96cpdssgnp0p63v0c_ccs 
CKXOR2D8BWP7D5T16P96CPD            40      47.923    tcbn16ffplusglbwp7d5t16p96cpdssgnp0p63v0c_ccs 
FA1D1BWP7D5T16P96CPD                9       7.880    tcbn16ffplusglbwp7d5t16p96cpdssgnp0p63v0c_ccs 
FCICOD1BWP7D5T16P96CPD              7       2.580    tcbn16ffplusglbwp7d5t16p96cpdssgnp0p63v0c_ccs 
FCICOND1BWP7D5T16P96CPD             2       0.645    tcbn16ffplusglbwp7d5t16p96cpdssgnp0p63v0c_ccs 
FIICOND1BWP7D5T16P96CPD            11      12.672    tcbn16ffplusglbwp7d5t16p96cpdssgnp0p63v0c_ccs 
HA1D1BWP7D5T16P96CPD              539     397.394    tcbn16ffplusglbwp7d5t16p96cpdssgnp0p63v0c_ccs 
HA1D2BWP7D5T16P96CPD                9       7.465    tcbn16ffplusglbwp7d5t16p96cpdssgnp0p63v0c_ccs 
HA1D4BWP7D5T16P96CPD                7       8.064    tcbn16ffplusglbwp7d5t16p96cpdssgnp0p63v0c_ccs 
IAO21D1BWP7D5T16P96CPD             83      22.948    tcbn16ffplusglbwp7d5t16p96cpdssgnp0p63v0c_ccs 
IAO21D2BWP7D5T16P96CPD             25       9.216    tcbn16ffplusglbwp7d5t16p96cpdssgnp0p63v0c_ccs 
IAO21D4BWP7D5T16P96CPD             15       9.677    tcbn16ffplusglbwp7d5t16p96cpdssgnp0p63v0c_ccs 
IAO22D1BWP7D5T16P96CPD            155      49.997    tcbn16ffplusglbwp7d5t16p96cpdssgnp0p63v0c_ccs 
IAO22D2BWP7D5T16P96CPD            170      78.336    tcbn16ffplusglbwp7d5t16p96cpdssgnp0p63v0c_ccs 
IAO22D4BWP7D5T16P96CPD            210     174.182    tcbn16ffplusglbwp7d5t16p96cpdssgnp0p63v0c_ccs 
IAOI21D1BWP7D5T16P96CPD            15       4.147    tcbn16ffplusglbwp7d5t16p96cpdssgnp0p63v0c_ccs 
IAOI21D2BWP7D5T16P96CPD            17       7.050    tcbn16ffplusglbwp7d5t16p96cpdssgnp0p63v0c_ccs 
IAOI21D4BWP7D5T16P96CPD            85      62.669    tcbn16ffplusglbwp7d5t16p96cpdssgnp0p63v0c_ccs 
IIND3D1BWP7D5T16P96CPD              1       0.323    tcbn16ffplusglbwp7d5t16p96cpdssgnp0p63v0c_ccs 
IIND3D2BWP7D5T16P96CPD             25      11.520    tcbn16ffplusglbwp7d5t16p96cpdssgnp0p63v0c_ccs 
IIND4D1BWP7D5T16P96CPD              1       0.369    tcbn16ffplusglbwp7d5t16p96cpdssgnp0p63v0c_ccs 
IIND4D2BWP7D5T16P96CPD              4       2.396    tcbn16ffplusglbwp7d5t16p96cpdssgnp0p63v0c_ccs 
IIND4D4BWP7D5T16P96CPD              1       1.060    tcbn16ffplusglbwp7d5t16p96cpdssgnp0p63v0c_ccs 
IINR3D1BWP7D5T16P96CPD            117      37.740    tcbn16ffplusglbwp7d5t16p96cpdssgnp0p63v0c_ccs 
IINR3D2BWP7D5T16P96CPD             62      28.570    tcbn16ffplusglbwp7d5t16p96cpdssgnp0p63v0c_ccs 
IINR3D4BWP7D5T16P96CPD              7       5.484    tcbn16ffplusglbwp7d5t16p96cpdssgnp0p63v0c_ccs 
IINR4D1BWP7D5T16P96CPD              1       0.369    tcbn16ffplusglbwp7d5t16p96cpdssgnp0p63v0c_ccs 
IINR4D2BWP7D5T16P96CPD              1       0.599    tcbn16ffplusglbwp7d5t16p96cpdssgnp0p63v0c_ccs 
IND2D1BWP7D5T16P96CPD             247      56.909    tcbn16ffplusglbwp7d5t16p96cpdssgnp0p63v0c_ccs 
IND2D2BWP7D5T16P96CPD              26       7.188    tcbn16ffplusglbwp7d5t16p96cpdssgnp0p63v0c_ccs 
IND2D4BWP7D5T16P96CPD             143      72.484    tcbn16ffplusglbwp7d5t16p96cpdssgnp0p63v0c_ccs 
IND2D8BWP7D5T16P96CPD               2       1.935    tcbn16ffplusglbwp7d5t16p96cpdssgnp0p63v0c_ccs 
IND3D1BWP7D5T16P96CPD               3       0.829    tcbn16ffplusglbwp7d5t16p96cpdssgnp0p63v0c_ccs 
IND3D2BWP7D5T16P96CPD              12       4.977    tcbn16ffplusglbwp7d5t16p96cpdssgnp0p63v0c_ccs 
IND3D4BWP7D5T16P96CPD               5       3.686    tcbn16ffplusglbwp7d5t16p96cpdssgnp0p63v0c_ccs 
IND3D8BWP7D5T16P96CPD               2       2.673    tcbn16ffplusglbwp7d5t16p96cpdssgnp0p63v0c_ccs 
IND4D1BWP7D5T16P96CPD               3       0.968    tcbn16ffplusglbwp7d5t16p96cpdssgnp0p63v0c_ccs 
IND4D2BWP7D5T16P96CPD               2       1.014    tcbn16ffplusglbwp7d5t16p96cpdssgnp0p63v0c_ccs 
IND4D4BWP7D5T16P96CPD               5       4.608    tcbn16ffplusglbwp7d5t16p96cpdssgnp0p63v0c_ccs 
INR2D1BWP7D5T16P96CPD            1725     397.440    tcbn16ffplusglbwp7d5t16p96cpdssgnp0p63v0c_ccs 
INR2D2BWP7D5T16P96CPD              81      22.395    tcbn16ffplusglbwp7d5t16p96cpdssgnp0p63v0c_ccs 
INR2D4BWP7D5T16P96CPD             265     134.323    tcbn16ffplusglbwp7d5t16p96cpdssgnp0p63v0c_ccs 
INR2D8BWP7D5T16P96CPD              11      10.644    tcbn16ffplusglbwp7d5t16p96cpdssgnp0p63v0c_ccs 
INR3D1BWP7D5T16P96CPD              21       5.806    tcbn16ffplusglbwp7d5t16p96cpdssgnp0p63v0c_ccs 
INR3D2BWP7D5T16P96CPD              12       4.977    tcbn16ffplusglbwp7d5t16p96cpdssgnp0p63v0c_ccs 
INR3D4BWP7D5T16P96CPD              14      10.322    tcbn16ffplusglbwp7d5t16p96cpdssgnp0p63v0c_ccs 
INR3D8BWP7D5T16P96CPD               2       2.673    tcbn16ffplusglbwp7d5t16p96cpdssgnp0p63v0c_ccs 
INR4D1BWP7D5T16P96CPD              46      14.838    tcbn16ffplusglbwp7d5t16p96cpdssgnp0p63v0c_ccs 
INR4D2BWP7D5T16P96CPD               1       0.507    tcbn16ffplusglbwp7d5t16p96cpdssgnp0p63v0c_ccs 
INR4D4BWP7D5T16P96CPD               2       1.843    tcbn16ffplusglbwp7d5t16p96cpdssgnp0p63v0c_ccs 
INVD1BWP7D5T16P96CPD             5682     523.653    tcbn16ffplusglbwp7d5t16p96cpdssgnp0p63v0c_ccs 
INVD2BWP7D5T16P96CPD              712      98.427    tcbn16ffplusglbwp7d5t16p96cpdssgnp0p63v0c_ccs 
INVD3BWP7D5T16P96CPD              512      94.372    tcbn16ffplusglbwp7d5t16p96cpdssgnp0p63v0c_ccs 
INVD4BWP7D5T16P96CPD              374      86.170    tcbn16ffplusglbwp7d5t16p96cpdssgnp0p63v0c_ccs 
INVD6BWP7D5T16P96CPD               40      12.902    tcbn16ffplusglbwp7d5t16p96cpdssgnp0p63v0c_ccs 
INVD8BWP7D5T16P96CPD               98      40.643    tcbn16ffplusglbwp7d5t16p96cpdssgnp0p63v0c_ccs 
INVSKND2BWP7D5T16P96CPD           231      31.933    tcbn16ffplusglbwp7d5t16p96cpdssgnp0p63v0c_ccs 
INVSKND3BWP7D5T16P96CPD            30       5.530    tcbn16ffplusglbwp7d5t16p96cpdssgnp0p63v0c_ccs 
INVSKND4BWP7D5T16P96CPD            31       7.142    tcbn16ffplusglbwp7d5t16p96cpdssgnp0p63v0c_ccs 
INVSKND6BWP7D5T16P96CPD            28       9.032    tcbn16ffplusglbwp7d5t16p96cpdssgnp0p63v0c_ccs 
INVSKND8BWP7D5T16P96CPD            54      22.395    tcbn16ffplusglbwp7d5t16p96cpdssgnp0p63v0c_ccs 
INVSKPD2BWP7D5T16P96CPD            28       3.871    tcbn16ffplusglbwp7d5t16p96cpdssgnp0p63v0c_ccs 
INVSKPD3BWP7D5T16P96CPD            19       3.502    tcbn16ffplusglbwp7d5t16p96cpdssgnp0p63v0c_ccs 
INVSKPD4BWP7D5T16P96CPD            20       4.608    tcbn16ffplusglbwp7d5t16p96cpdssgnp0p63v0c_ccs 
INVSKPD6BWP7D5T16P96CPD            24       7.741    tcbn16ffplusglbwp7d5t16p96cpdssgnp0p63v0c_ccs 
INVSKPD8BWP7D5T16P96CPD            99      41.057    tcbn16ffplusglbwp7d5t16p96cpdssgnp0p63v0c_ccs 
IOA21D1BWP7D5T16P96CPD            933     257.956    tcbn16ffplusglbwp7d5t16p96cpdssgnp0p63v0c_ccs 
IOA21D2BWP7D5T16P96CPD            153      56.402    tcbn16ffplusglbwp7d5t16p96cpdssgnp0p63v0c_ccs 
IOA21D4BWP7D5T16P96CPD             56      36.127    tcbn16ffplusglbwp7d5t16p96cpdssgnp0p63v0c_ccs 
IOA22D1BWP7D5T16P96CPD             59      21.750    tcbn16ffplusglbwp7d5t16p96cpdssgnp0p63v0c_ccs 
IOA22D2BWP7D5T16P96CPD             69      31.795    tcbn16ffplusglbwp7d5t16p96cpdssgnp0p63v0c_ccs 
IOA22D4BWP7D5T16P96CPD            763     632.863    tcbn16ffplusglbwp7d5t16p96cpdssgnp0p63v0c_ccs 
IOAI21D1BWP7D5T16P96CPD           198      54.743    tcbn16ffplusglbwp7d5t16p96cpdssgnp0p63v0c_ccs 
IOAI21D2BWP7D5T16P96CPD           472     217.498    tcbn16ffplusglbwp7d5t16p96cpdssgnp0p63v0c_ccs 
IOAI21D4BWP7D5T16P96CPD            62      45.711    tcbn16ffplusglbwp7d5t16p96cpdssgnp0p63v0c_ccs 
MAOI22D1BWP7D5T16P96CPD            82      30.228    tcbn16ffplusglbwp7d5t16p96cpdssgnp0p63v0c_ccs 
MAOI22D2BWP7D5T16P96CPD            88      52.716    tcbn16ffplusglbwp7d5t16p96cpdssgnp0p63v0c_ccs 
MAOI22D4BWP7D5T16P96CPD            10      10.598    tcbn16ffplusglbwp7d5t16p96cpdssgnp0p63v0c_ccs 
MOAI22D1BWP7D5T16P96CPD           125      46.080    tcbn16ffplusglbwp7d5t16p96cpdssgnp0p63v0c_ccs 
MOAI22D2BWP7D5T16P96CPD            69      41.334    tcbn16ffplusglbwp7d5t16p96cpdssgnp0p63v0c_ccs 
MOAI22D4BWP7D5T16P96CPD            88      93.266    tcbn16ffplusglbwp7d5t16p96cpdssgnp0p63v0c_ccs 
MUX2D1BWP7D5T16P96CPD            1282     531.671    tcbn16ffplusglbwp7d5t16p96cpdssgnp0p63v0c_ccs 
MUX2D2BWP7D5T16P96CPD              13       5.391    tcbn16ffplusglbwp7d5t16p96cpdssgnp0p63v0c_ccs 
MUX2D4BWP7D5T16P96CPD               7       5.484    tcbn16ffplusglbwp7d5t16p96cpdssgnp0p63v0c_ccs 
MUX2D8BWP7D5T16P96CPD              16      21.381    tcbn16ffplusglbwp7d5t16p96cpdssgnp0p63v0c_ccs 
MUX2ND1BWP7D5T16P96CPD            636     293.069    tcbn16ffplusglbwp7d5t16p96cpdssgnp0p63v0c_ccs 
MUX2ND8BWP7D5T16P96CPD              1       1.152    tcbn16ffplusglbwp7d5t16p96cpdssgnp0p63v0c_ccs 
MUX3D1BWP7D5T16P96CPD               1       0.691    tcbn16ffplusglbwp7d5t16p96cpdssgnp0p63v0c_ccs 
ND2D1BWP7D5T16P96CPD            15092    2086.318    tcbn16ffplusglbwp7d5t16p96cpdssgnp0p63v0c_ccs 
ND2D1P5BWP7D5T16P96CPD            249      57.370    tcbn16ffplusglbwp7d5t16p96cpdssgnp0p63v0c_ccs 
ND2D2BWP7D5T16P96CPD              303      69.811    tcbn16ffplusglbwp7d5t16p96cpdssgnp0p63v0c_ccs 
ND2D3BWP7D5T16P96CPD              111      35.804    tcbn16ffplusglbwp7d5t16p96cpdssgnp0p63v0c_ccs 
ND2D4BWP7D5T16P96CPD               56      23.224    tcbn16ffplusglbwp7d5t16p96cpdssgnp0p63v0c_ccs 
ND2D6BWP7D5T16P96CPD               38      22.764    tcbn16ffplusglbwp7d5t16p96cpdssgnp0p63v0c_ccs 
ND2D8BWP7D5T16P96CPD                4       3.133    tcbn16ffplusglbwp7d5t16p96cpdssgnp0p63v0c_ccs 
ND2SKND1BWP7D5T16P96CPD           902     124.692    tcbn16ffplusglbwp7d5t16p96cpdssgnp0p63v0c_ccs 
ND2SKND2BWP7D5T16P96CPD            11       2.534    tcbn16ffplusglbwp7d5t16p96cpdssgnp0p63v0c_ccs 
ND2SKND3BWP7D5T16P96CPD           113      36.449    tcbn16ffplusglbwp7d5t16p96cpdssgnp0p63v0c_ccs 
ND2SKND4BWP7D5T16P96CPD            45      18.662    tcbn16ffplusglbwp7d5t16p96cpdssgnp0p63v0c_ccs 
ND2SKND6BWP7D5T16P96CPD            83      49.720    tcbn16ffplusglbwp7d5t16p96cpdssgnp0p63v0c_ccs 
ND2SKND8BWP7D5T16P96CPD            21      16.451    tcbn16ffplusglbwp7d5t16p96cpdssgnp0p63v0c_ccs 
ND3D1BWP7D5T16P96CPD                9       1.659    tcbn16ffplusglbwp7d5t16p96cpdssgnp0p63v0c_ccs 
ND3D1P5BWP7D5T16P96CPD              1       0.323    tcbn16ffplusglbwp7d5t16p96cpdssgnp0p63v0c_ccs 
ND3D2BWP7D5T16P96CPD                1       0.323    tcbn16ffplusglbwp7d5t16p96cpdssgnp0p63v0c_ccs 
ND3D4BWP7D5T16P96CPD                3       1.797    tcbn16ffplusglbwp7d5t16p96cpdssgnp0p63v0c_ccs 
ND3SKND1BWP7D5T16P96CPD             9       1.659    tcbn16ffplusglbwp7d5t16p96cpdssgnp0p63v0c_ccs 
ND3SKND4BWP7D5T16P96CPD            37      22.164    tcbn16ffplusglbwp7d5t16p96cpdssgnp0p63v0c_ccs 
ND3SKND8BWP7D5T16P96CPD            10      11.981    tcbn16ffplusglbwp7d5t16p96cpdssgnp0p63v0c_ccs 
ND4D1BWP7D5T16P96CPD                2       0.461    tcbn16ffplusglbwp7d5t16p96cpdssgnp0p63v0c_ccs 
ND4SKND1BWP7D5T16P96CPD             8       1.843    tcbn16ffplusglbwp7d5t16p96cpdssgnp0p63v0c_ccs 
ND4SKND2BWP7D5T16P96CPD             1       0.461    tcbn16ffplusglbwp7d5t16p96cpdssgnp0p63v0c_ccs 
ND4SKND4BWP7D5T16P96CPD             2       1.659    tcbn16ffplusglbwp7d5t16p96cpdssgnp0p63v0c_ccs 
NR2D1BWP7D5T16P96CPD              288      39.813    tcbn16ffplusglbwp7d5t16p96cpdssgnp0p63v0c_ccs 
NR2D1P5BWP7D5T16P96CPD             13       2.995    tcbn16ffplusglbwp7d5t16p96cpdssgnp0p63v0c_ccs 
NR2D2BWP7D5T16P96CPD              262      60.365    tcbn16ffplusglbwp7d5t16p96cpdssgnp0p63v0c_ccs 
NR2D3BWP7D5T16P96CPD               86      27.740    tcbn16ffplusglbwp7d5t16p96cpdssgnp0p63v0c_ccs 
NR2D4BWP7D5T16P96CPD               73      30.275    tcbn16ffplusglbwp7d5t16p96cpdssgnp0p63v0c_ccs 
NR2D6BWP7D5T16P96CPD               36      21.565    tcbn16ffplusglbwp7d5t16p96cpdssgnp0p63v0c_ccs 
NR2D8BWP7D5T16P96CPD                6       4.700    tcbn16ffplusglbwp7d5t16p96cpdssgnp0p63v0c_ccs 
NR2SKPD1BWP7D5T16P96CPD          5327     736.404    tcbn16ffplusglbwp7d5t16p96cpdssgnp0p63v0c_ccs 
NR2SKPD2BWP7D5T16P96CPD           104      23.962    tcbn16ffplusglbwp7d5t16p96cpdssgnp0p63v0c_ccs 
NR2SKPD3BWP7D5T16P96CPD            63      20.321    tcbn16ffplusglbwp7d5t16p96cpdssgnp0p63v0c_ccs 
NR2SKPD4BWP7D5T16P96CPD            98      40.643    tcbn16ffplusglbwp7d5t16p96cpdssgnp0p63v0c_ccs 
NR2SKPD6BWP7D5T16P96CPD            69      41.334    tcbn16ffplusglbwp7d5t16p96cpdssgnp0p63v0c_ccs 
NR2SKPD8BWP7D5T16P96CPD            59      46.218    tcbn16ffplusglbwp7d5t16p96cpdssgnp0p63v0c_ccs 
NR3D1BWP7D5T16P96CPD                8       1.475    tcbn16ffplusglbwp7d5t16p96cpdssgnp0p63v0c_ccs 
NR3D1P5BWP7D5T16P96CPD              4       1.290    tcbn16ffplusglbwp7d5t16p96cpdssgnp0p63v0c_ccs 
NR3D2BWP7D5T16P96CPD                4       1.290    tcbn16ffplusglbwp7d5t16p96cpdssgnp0p63v0c_ccs 
NR3D4BWP7D5T16P96CPD               11       6.589    tcbn16ffplusglbwp7d5t16p96cpdssgnp0p63v0c_ccs 
NR3SKPD1BWP7D5T16P96CPD           604     111.329    tcbn16ffplusglbwp7d5t16p96cpdssgnp0p63v0c_ccs 
NR3SKPD4BWP7D5T16P96CPD            59      35.343    tcbn16ffplusglbwp7d5t16p96cpdssgnp0p63v0c_ccs 
NR3SKPD8BWP7D5T16P96CPD            14      16.773    tcbn16ffplusglbwp7d5t16p96cpdssgnp0p63v0c_ccs 
NR4D4BWP7D5T16P96CPD                1       0.829    tcbn16ffplusglbwp7d5t16p96cpdssgnp0p63v0c_ccs 
NR4SKPD1BWP7D5T16P96CPD             7       1.613    tcbn16ffplusglbwp7d5t16p96cpdssgnp0p63v0c_ccs 
OA21D1BWP7D5T16P96CPD             477     131.881    tcbn16ffplusglbwp7d5t16p96cpdssgnp0p63v0c_ccs 
OA22D1BWP7D5T16P96CPD              16       5.161    tcbn16ffplusglbwp7d5t16p96cpdssgnp0p63v0c_ccs 
OA22D2BWP7D5T16P96CPD               1       0.369    tcbn16ffplusglbwp7d5t16p96cpdssgnp0p63v0c_ccs 
OAI211D1BWP7D5T16P96CPD             7       1.935    tcbn16ffplusglbwp7d5t16p96cpdssgnp0p63v0c_ccs 
OAI211D2BWP7D5T16P96CPD             3       1.382    tcbn16ffplusglbwp7d5t16p96cpdssgnp0p63v0c_ccs 
OAI211D4BWP7D5T16P96CPD             2       1.659    tcbn16ffplusglbwp7d5t16p96cpdssgnp0p63v0c_ccs 
OAI21D1BWP7D5T16P96CPD            696     160.358    tcbn16ffplusglbwp7d5t16p96cpdssgnp0p63v0c_ccs 
OAI21D1P5BWP7D5T16P96CPD            6       2.212    tcbn16ffplusglbwp7d5t16p96cpdssgnp0p63v0c_ccs 
OAI21D2BWP7D5T16P96CPD             64      23.593    tcbn16ffplusglbwp7d5t16p96cpdssgnp0p63v0c_ccs 
OAI21D4BWP7D5T16P96CPD            125      74.880    tcbn16ffplusglbwp7d5t16p96cpdssgnp0p63v0c_ccs 
OAI21D8BWP7D5T16P96CPD             14      16.773    tcbn16ffplusglbwp7d5t16p96cpdssgnp0p63v0c_ccs 
OAI221D1BWP7D5T16P96CPD           134      49.398    tcbn16ffplusglbwp7d5t16p96cpdssgnp0p63v0c_ccs 
OAI221D2BWP7D5T16P96CPD             5       2.995    tcbn16ffplusglbwp7d5t16p96cpdssgnp0p63v0c_ccs 
OAI221D4BWP7D5T16P96CPD             1       1.014    tcbn16ffplusglbwp7d5t16p96cpdssgnp0p63v0c_ccs 
OAI222D1BWP7D5T16P96CPD            73      33.638    tcbn16ffplusglbwp7d5t16p96cpdssgnp0p63v0c_ccs 
OAI22D1BWP7D5T16P96CPD             92      25.436    tcbn16ffplusglbwp7d5t16p96cpdssgnp0p63v0c_ccs 
OAI22D1P5BWP7D5T16P96CPD            1       0.461    tcbn16ffplusglbwp7d5t16p96cpdssgnp0p63v0c_ccs 
OAI22D2BWP7D5T16P96CPD             89      41.011    tcbn16ffplusglbwp7d5t16p96cpdssgnp0p63v0c_ccs 
OAI22D4BWP7D5T16P96CPD            113      93.727    tcbn16ffplusglbwp7d5t16p96cpdssgnp0p63v0c_ccs 
OAI22D8BWP7D5T16P96CPD             11      17.234    tcbn16ffplusglbwp7d5t16p96cpdssgnp0p63v0c_ccs 
OAI31D1BWP7D5T16P96CPD              1       0.276    tcbn16ffplusglbwp7d5t16p96cpdssgnp0p63v0c_ccs 
OAI31SKPD1BWP7D5T16P96CPD           2       0.553    tcbn16ffplusglbwp7d5t16p96cpdssgnp0p63v0c_ccs 
OAI32D1BWP7D5T16P96CPD            450     145.152    tcbn16ffplusglbwp7d5t16p96cpdssgnp0p63v0c_ccs 
OAI33D1BWP7D5T16P96CPD              2       0.737    tcbn16ffplusglbwp7d5t16p96cpdssgnp0p63v0c_ccs 
OAOI211D1BWP7D5T16P96CPD          136      43.868    tcbn16ffplusglbwp7d5t16p96cpdssgnp0p63v0c_ccs 
OAOI211D2BWP7D5T16P96CPD           12       5.530    tcbn16ffplusglbwp7d5t16p96cpdssgnp0p63v0c_ccs 
OR2D1BWP7D5T16P96CPD              190      43.776    tcbn16ffplusglbwp7d5t16p96cpdssgnp0p63v0c_ccs 
OR2D2BWP7D5T16P96CPD                8       1.843    tcbn16ffplusglbwp7d5t16p96cpdssgnp0p63v0c_ccs 
OR2D4BWP7D5T16P96CPD               37      17.050    tcbn16ffplusglbwp7d5t16p96cpdssgnp0p63v0c_ccs 
OR2D8BWP7D5T16P96CPD               10       6.912    tcbn16ffplusglbwp7d5t16p96cpdssgnp0p63v0c_ccs 
OR3D1BWP7D5T16P96CPD                4       1.106    tcbn16ffplusglbwp7d5t16p96cpdssgnp0p63v0c_ccs 
OR3D4BWP7D5T16P96CPD                1       0.553    tcbn16ffplusglbwp7d5t16p96cpdssgnp0p63v0c_ccs 
OR3D8BWP7D5T16P96CPD                2       1.751    tcbn16ffplusglbwp7d5t16p96cpdssgnp0p63v0c_ccs 
OR4D2BWP7D5T16P96CPD                1       0.323    tcbn16ffplusglbwp7d5t16p96cpdssgnp0p63v0c_ccs 
OR4D4BWP7D5T16P96CPD                2       1.198    tcbn16ffplusglbwp7d5t16p96cpdssgnp0p63v0c_ccs 
SDFCNQD1BWP7D5T16P96CPD          1963    2351.831    tcbn16ffplusglbwp7d5t16p96cpdssgnp0p63v0c_ccs 
SDFCNQD2BWP7D5T16P96CPD          1922    2391.276    tcbn16ffplusglbwp7d5t16p96cpdssgnp0p63v0c_ccs 
SDFCNQD4BWP7D5T16P96CPD          1127    1817.626    tcbn16ffplusglbwp7d5t16p96cpdssgnp0p63v0c_ccs 
SDFKCNQD1BWP7D5T16P96CPD        29350   36516.096    tcbn16ffplusglbwp7d5t16p96cpdssgnp0p63v0c_ccs 
SDFKCNQD2BWP7D5T16P96CPD          104     134.185    tcbn16ffplusglbwp7d5t16p96cpdssgnp0p63v0c_ccs 
SDFKCNQD4BWP7D5T16P96CPD           24      36.495    tcbn16ffplusglbwp7d5t16p96cpdssgnp0p63v0c_ccs 
SDFKSNQD1BWP7D5T16P96CPD            3       3.732    tcbn16ffplusglbwp7d5t16p96cpdssgnp0p63v0c_ccs 
SDFMQD1BWP7D5T16P96CPD            510     799.027    tcbn16ffplusglbwp7d5t16p96cpdssgnp0p63v0c_ccs 
SDFMQD2BWP7D5T16P96CPD             32      51.610    tcbn16ffplusglbwp7d5t16p96cpdssgnp0p63v0c_ccs 
SDFQD1BWP7D5T16P96CPD            5034    5335.235    tcbn16ffplusglbwp7d5t16p96cpdssgnp0p63v0c_ccs 
SDFQD2BWP7D5T16P96CPD              50      55.296    tcbn16ffplusglbwp7d5t16p96cpdssgnp0p63v0c_ccs 
SDFQD4BWP7D5T16P96CPD               2       2.488    tcbn16ffplusglbwp7d5t16p96cpdssgnp0p63v0c_ccs 
SDFQND1BWP7D5T16P96CPD           1944    2060.329    tcbn16ffplusglbwp7d5t16p96cpdssgnp0p63v0c_ccs 
SDFQND4BWP7D5T16P96CPD              1       1.382    tcbn16ffplusglbwp7d5t16p96cpdssgnp0p63v0c_ccs 
SDFSNQD2BWP7D5T16P96CPD             2       2.673    tcbn16ffplusglbwp7d5t16p96cpdssgnp0p63v0c_ccs 
SDFSNQD4BWP7D5T16P96CPD             1       1.475    tcbn16ffplusglbwp7d5t16p96cpdssgnp0p63v0c_ccs 
SDFSYNCNQD1BWP7D5T16P96CPD         42      69.673    tcbn16ffplusglbwp7d5t16p96cpdssgnp0p63v0c_ccs 
SDFSYNCNQD2BWP7D5T16P96CPD         16      27.279    tcbn16ffplusglbwp7d5t16p96cpdssgnp0p63v0c_ccs 
SDFSYNQD2BWP7D5T16P96CPD            1       1.475    tcbn16ffplusglbwp7d5t16p96cpdssgnp0p63v0c_ccs 
SEDFQD1BWP7D5T16P96CPD              2       3.041    tcbn16ffplusglbwp7d5t16p96cpdssgnp0p63v0c_ccs 
XNR2D1BWP7D5T16P96CPD            9754    4045.179    tcbn16ffplusglbwp7d5t16p96cpdssgnp0p63v0c_ccs 
XNR2D2BWP7D5T16P96CPD             506     233.165    tcbn16ffplusglbwp7d5t16p96cpdssgnp0p63v0c_ccs 
XNR2D4BWP7D5T16P96CPD             996     826.122    tcbn16ffplusglbwp7d5t16p96cpdssgnp0p63v0c_ccs 
XNR2D8BWP7D5T16P96CPD             112     134.185    tcbn16ffplusglbwp7d5t16p96cpdssgnp0p63v0c_ccs 
XNR3D1BWP7D5T16P96CPD            6502    5393.019    tcbn16ffplusglbwp7d5t16p96cpdssgnp0p63v0c_ccs 
XNR3D2BWP7D5T16P96CPD             511     447.391    tcbn16ffplusglbwp7d5t16p96cpdssgnp0p63v0c_ccs 
XNR3D4BWP7D5T16P96CPD             117     161.741    tcbn16ffplusglbwp7d5t16p96cpdssgnp0p63v0c_ccs 
XNR4D1BWP7D5T16P96CPD             784     939.295    tcbn16ffplusglbwp7d5t16p96cpdssgnp0p63v0c_ccs 
XNR4D2BWP7D5T16P96CPD              38      47.278    tcbn16ffplusglbwp7d5t16p96cpdssgnp0p63v0c_ccs 
XOR2D1BWP7D5T16P96CPD           15569    6456.776    tcbn16ffplusglbwp7d5t16p96cpdssgnp0p63v0c_ccs 
XOR2D2BWP7D5T16P96CPD            1517     699.034    tcbn16ffplusglbwp7d5t16p96cpdssgnp0p63v0c_ccs 
XOR2D4BWP7D5T16P96CPD             541     448.727    tcbn16ffplusglbwp7d5t16p96cpdssgnp0p63v0c_ccs 
XOR2D8BWP7D5T16P96CPD             174     208.466    tcbn16ffplusglbwp7d5t16p96cpdssgnp0p63v0c_ccs 
XOR3D1BWP7D5T16P96CPD            4163    3452.959    tcbn16ffplusglbwp7d5t16p96cpdssgnp0p63v0c_ccs 
XOR3D2BWP7D5T16P96CPD              31      27.141    tcbn16ffplusglbwp7d5t16p96cpdssgnp0p63v0c_ccs 
XOR3D4BWP7D5T16P96CPD              39      53.914    tcbn16ffplusglbwp7d5t16p96cpdssgnp0p63v0c_ccs 
XOR4D1BWP7D5T16P96CPD            4785    5732.813    tcbn16ffplusglbwp7d5t16p96cpdssgnp0p63v0c_ccs 
XOR4D2BWP7D5T16P96CPD              47      58.476    tcbn16ffplusglbwp7d5t16p96cpdssgnp0p63v0c_ccs 
---------------------------------------------------------------------------------------------------
total                          175748  104205.865                                                  


                                                         
            Type             Instances    Area    Area % 
---------------------------------------------------------
sequential                       42130  51662.223   49.6 
inverter                          8594   1145.503    1.1 
buffer                             721    232.520    0.2 
clock_gating_integrated_cell       634    409.006    0.4 
logic                           123669  50756.613   48.7 
---------------------------------------------------------
total                           175748 104205.865  100.0 

