============================================================
  Generated by:           Encounter(R) RTL Compiler RC14.28 - v14.20-s067_1
  Generated on:           Jul 03 2017  02:02:34 pm
  Module:                 gcm_aes_core
  Technology libraries:   tcbn16ffplusglbwp7d5t16p96cpdssgnp0p63v0c_ccs 111
                          tcbn16ffplusglbwp7d5t16p96cpdmbssgnp0p63v0c_ccs 111
                          tcbn16ffplusllbwp7d5t16p96cpdlvtssgnp0p63v0c_ccs 111
                          tcbn16ffplusllbwp7d5t16p96cpdulvtssgnp0p63v0c_ccs 111
                          tcbn16ffplusglbwp7d5t16p96cpdmbulvtssgnp0p63v0c_ccs 111
                          tcbn16ffplusglbwp7d5t16p96cpdmblvtssgnp0p63v0c_ccs 111
  Operating conditions:   ssgnp0p63v0c 
  Interconnect mode:      global
  Area mode:              physical library
============================================================

Timing
--------

     Clock     Period 
----------------------
CORE_CLOCK     1300.0 
vir_CORE_CLOCK 1300.0 


     Cost        Critical              Violating 
     Group      Path Slack     TNS       Paths   
-------------------------------------------------
CORE_CLOCK          -850.7   -1550849      11037 
default           No paths          0            
vir_CORE_CLOCK      -637.2     -37770        129 
-------------------------------------------------
Total                        -1588619      11166 

Instance Count
--------------
Leaf Instance Count             204261 
Sequential Instance Count        43000 
Combinational Instance Count    161261 
Hierarchical Instance Count      11543 

Area
----
Cell Area                          126963.437
Physical Cell Area                 0.000
Total Cell Area (Cell+Physical)    126963.437
Net Area                           51.767
Total Area (Cell+Physical+Net)     127015.204

Max Fanout                         43000 (i_clock)
Min Fanout                         0 (ctrl_o_h_powers_done)
Average Fanout                     1.8
Terms to net ratio                 2.4
Terms to instance ratio            4.1
Runtime                            274.938 seconds
Elapsed Runtime                    362 seconds
RC peak memory usage:              2371.00 
EDI peak memory usage:             no_value 
Hostname                           las-ge448.inphi-corp.local
