============================================================
  Generated by:           Encounter(R) RTL Compiler RC14.28 - v14.20-s067_1
  Generated on:           Jul 03 2017  02:45:28 pm
  Module:                 gcm_aes_core
  Technology library:     <suppressed>
  Operating conditions:   <suppressed>
  Interconnect mode:      global
  Area mode:              physical library
============================================================

Timing
--------

     Clock     Period 
----------------------
CORE_CLOCK     1300.0 
vir_CORE_CLOCK 1300.0 


           Cost              Critical       Violating 
           Group            Path Slack TNS    Paths   
------------------------------------------------------
cg_enable_group_CORE_CLOCK       108.6   0          0 
CORE_CLOCK                         0.0   0          0 
default                       No paths   0            
vir_CORE_CLOCK                     1.1   0          0 
------------------------------------------------------
Total                                    0          0 

Instance Count
--------------
Leaf Instance Count             176456 
Sequential Instance Count        42765 
Combinational Instance Count    133691 
Hierarchical Instance Count      12121 

Area
----
Cell Area                          104333.414
Physical Cell Area                 0.000
Total Cell Area (Cell+Physical)    104333.414
Net Area                           39462.102
Total Area (Cell+Physical+Net)     143795.516

Max Fanout                         5580 (u_ghash_wrapper/genif_new_pipelined_u_ghash_core/u_gf_2toN_koa_generated_even/genfor_multipliers_0__u_gf_2toN_multiplier_no_rem/RC_CG_GCLK_PORT)
Min Fanout                         0 (n_15883)
Average Fanout                     2.2
Terms to net ratio                 3.0
Terms to instance ratio            3.9
Runtime                            2582.218 seconds
Elapsed Runtime                    2933 seconds
RC peak memory usage:              3229.00 
EDI peak memory usage:             no_value 
Hostname                           las-ge448.inphi-corp.local
