============================================================
  Generated by:           Encounter(R) RTL Compiler RC14.28 - v14.20-s067_1
  Generated on:           Jul 03 2017  02:32:25 pm
  Module:                 gcm_aes_core
  Technology library:     <suppressed>
  Operating conditions:   <suppressed>
  Interconnect mode:      global
  Area mode:              physical library
============================================================

Timing
--------

     Clock     Period 
----------------------
CORE_CLOCK     1300.0 
vir_CORE_CLOCK 1300.0 


           Cost              Critical            Violating 
           Group            Path Slack    TNS      Paths   
-----------------------------------------------------------
cg_enable_group_CORE_CLOCK        35.8        0          0 
CORE_CLOCK                      -179.6   -31514       2488 
default                       No paths        0            
vir_CORE_CLOCK                   -39.5      -39          1 
-----------------------------------------------------------
Total                                    -31553       2489 

Instance Count
--------------
Leaf Instance Count             188839 
Sequential Instance Count        43888 
Combinational Instance Count    144951 
Hierarchical Instance Count      13248 

Area
----
Cell Area                          106960.573
Physical Cell Area                 0.000
Total Cell Area (Cell+Physical)    106960.573
Net Area                           42541.191
Total Area (Cell+Physical+Net)     149501.764

Max Fanout                         2469 (i_clock)
Min Fanout                         0 (n_5051)
Average Fanout                     2.3
Terms to net ratio                 3.1
Terms to instance ratio            3.9
Runtime                            1892.218 seconds
Elapsed Runtime                    2151 seconds
RC peak memory usage:              3229.00 
EDI peak memory usage:             no_value 
Hostname                           las-ge448.inphi-corp.local
