
################################################################################
#
# This file has been generated by SpyGlass:
#     Report Name      : waiver
#     Report Created by: otarif
#     Report Created on:  Fri Nov  4 12:59:56 2016
#     Working Directory: /scratch/otarif/simulations/lint
#     SpyGlass Version : 5.1.1.1
#     Policy Name      : SpyGlass(5.1.1)
#                        clock-reset(5.1.1.1)
#                        erc(5.1.1)
#                        latch(5.1.1)
#                        lint(5.1.1.1)
#                        miscellaneous(5.1.1)
#                        morelint(5.1.1)
#                        openmore(5.1.1)
#                        simulation(5.1.1)
#                        starc(5.1.1.1)
#                        starc2002(5.1.1)
#                        starc2005(5.1.1)
#                        timing(5.1.1)
#
#     Total Number of Generated Messages :         34
#     Number of Waived Messages          :          0
#     Number of Reported Messages        :         34
#     Number of Overlimit Messages       :          0
#
#
################################################################################

WAIVER REPORT:
+++++++++++++++++++++++++++++++++++++++++++++++++++++++++++++++++++++++++++++++

No waiver command has been specified hence no violation has been waived.

