
################################################################################
#
# This file has been generated by SpyGlass:
#     Report Name      : summary
#     Report Created by: otarif
#     Report Created on:  Fri Nov  4 12:59:56 2016
#     Working Directory: /scratch/otarif/simulations/lint
#     SpyGlass Version : 5.1.1.1
#     Policy Name      : SpyGlass(5.1.1)
#                        clock-reset(5.1.1.1)
#                        erc(5.1.1)
#                        latch(5.1.1)
#                        lint(5.1.1.1)
#                        miscellaneous(5.1.1)
#                        morelint(5.1.1)
#                        openmore(5.1.1)
#                        simulation(5.1.1)
#                        starc(5.1.1.1)
#                        starc2002(5.1.1)
#                        starc2005(5.1.1)
#                        timing(5.1.1)
#
#     Total Number of Generated Messages :         34
#     Number of Waived Messages          :          0
#     Number of Reported Messages        :         34
#     Number of Overlimit Messages       :          0
#
#
################################################################################

+++++++++++++++++++++++++++++++++++++++++++++++++++++++++++++++++++++++++++++++
SUMMARY REPORT:


############### BuiltIn -> RuleGroup=Blackbox Resolution ###############
+++++++++++++++++++++++++++++++++++++++++++++++++++++++++++++++++++++++++++++++
Severity   Rule Name            Count Short Help                               
===============================================================================
INFO       InfoAnalyzeBBox      1     Reports black boxes in the design with 
                                      Info severity. 
+++++++++++++++++++++++++++++++++++++++++++++++++++++++++++++++++++++++++++++++



############### BuiltIn -> RuleGroup=Design Read ###############
+++++++++++++++++++++++++++++++++++++++++++++++++++++++++++++++++++++++++++++++
Severity   Rule Name            Count Short Help                               
===============================================================================
INFO       DetectTopDesignUnits 1     Identify the top-level design units in 
                                      user design. 
INFO       ElabSummary          1     Generates Elaborated design units 
                                      Summary data 
INFO       InferBlackBox        1     This rule is used to infer BlackBox 
                                      Module Interface from blackbox 
                                      instances in given design. 
INFO       Info_Case_Analysis   1     Highlights case-analysis settings 
INFO       ReportIgnoreSummary  1     Provides information about the ignore 
                                      specification given by the user 
+++++++++++++++++++++++++++++++++++++++++++++++++++++++++++++++++++++++++++++++



############### Non-BuiltIn -> Goal=arith_lint ###############
+++++++++++++++++++++++++++++++++++++++++++++++++++++++++++++++++++++++++++++++
Severity   Rule Name            Count Short Help                               
===============================================================================
WARNING    STARC05-2.10.3.1     1     Bit-widths of operands of a relational 
                                      operator should match. 
WARNING    SignedUnsignedExpr-ML 1     Do not mix signed & unsigned 
                                      variables/constants in expressions, 
                                      assignment statements or  in 
                                      comparisons. 
WARNING    W164c                3     LHS width is greater than RHS width of 
                                      assignment (Extension) 
+++++++++++++++++++++++++++++++++++++++++++++++++++++++++++++++++++++++++++++++



############### Non-BuiltIn -> Goal=name_lint ###############
+++++++++++++++++++++++++++++++++++++++++++++++++++++++++++++++++++++++++++++++
Severity   Rule Name            Count Short Help                               
===============================================================================
WARNING    SigName              4     Signal name does not follow the naming 
                                      convention 
+++++++++++++++++++++++++++++++++++++++++++++++++++++++++++++++++++++++++++++++



############### Non-BuiltIn -> Goal=rtl_lint ###############
+++++++++++++++++++++++++++++++++++++++++++++++++++++++++++++++++++++++++++++++
Severity   Rule Name            Count Short Help                               
===============================================================================
WARNING    DeadCode             12    Code does not contribute to 
                                      functionality of the design 
WARNING    STARC-2.10.6.1       1     Possible loss of carry or borrow in 
                                      addition/subtraction 
WARNING    STARC05-3.2.2.1      5     Parameters should be used to specify 
                                      constants. 
WARNING    W287b                1     Output port of an instance is not 
                                      connected 
+++++++++++++++++++++++++++++++++++++++++++++++++++++++++++++++++++++++++++++++

