Startpoint: Fanout
/designs/gcm_aes_core/ports_in/i_clock : 43006
/designs/gcm_aes_core/ports_in/i_reset : 40719
/designs/gcm_aes_core/instances_hier/u_common_fix_delay_line_w_valid__aad_i_sop/instances_seq/genif_1_delay_delay_l_reg[0]/pins_in/CP : 35924
/designs/gcm_aes_core/instances_hier/u_key_update_fsm/instances_seq/state_reg[0]/pins_in/CP : 20744
/designs/gcm_aes_core/instances_hier/u_key_update_fsm/instances_seq/state_reg[1]/pins_in/CP : 20744
/designs/gcm_aes_core/instances_hier/u_key_update_fsm/instances_seq/state_reg[2]/pins_in/CP : 20744
/designs/gcm_aes_core/instances_hier/u_key_update_fsm/instances_seq/state_reg[3]/pins_in/CP : 20744
/designs/gcm_aes_core/instances_hier/u_common_fix_delay_line_w_valid__gctr_trigger_pre_block_ciph/instances_seq/genif_1_delay_delay_l_reg[0]/pins_in/CP : 19143
/designs/gcm_aes_core/ports_in/i_sop : 18421
/designs/gcm_aes_core/instances_hier/u_common_fix_delay_line_w_valid__gctr_o_sop_pre/instances_seq/genif_no_01_delay_delay_l_reg[2]/pins_in/CP : 18283
/designs/gcm_aes_core/instances_hier/u_common_fix_delay_line_w_valid__gctr_o_sop/instances_seq/genif_1_delay_delay_l_reg[0]/pins_in/CP : 17990
/designs/gcm_aes_core/instances_seq/pre_block_calc_delay_reg_reg/pins_in/CP : 17988
/designs/gcm_aes_core/ports_in/i_rf_mode_gmac : 17987
/designs/gcm_aes_core/ports_in/i_rf_static_encrypt : 17439
/designs/gcm_aes_core/ports_in/i_rf_static_length_plaintext[9] : 16863
/designs/gcm_aes_core/ports_in/i_rf_static_length_plaintext[8] : 16863
/designs/gcm_aes_core/ports_in/i_rf_static_length_aad[9] : 16862
/designs/gcm_aes_core/ports_in/i_rf_static_length_aad[8] : 16862
/designs/gcm_aes_core/ports_in/i_rf_static_length_plaintext[17] : 16607
/designs/gcm_aes_core/ports_in/i_rf_static_length_plaintext[16] : 16607
/designs/gcm_aes_core/ports_in/i_rf_static_length_plaintext[15] : 16607
/designs/gcm_aes_core/ports_in/i_rf_static_length_plaintext[14] : 16607
/designs/gcm_aes_core/ports_in/i_rf_static_length_plaintext[13] : 16607
/designs/gcm_aes_core/ports_in/i_rf_static_length_plaintext[12] : 16607
/designs/gcm_aes_core/ports_in/i_rf_static_length_plaintext[11] : 16607
/designs/gcm_aes_core/ports_in/i_rf_static_length_plaintext[10] : 16607
/designs/gcm_aes_core/ports_in/i_rf_static_length_aad[17] : 16606
/designs/gcm_aes_core/ports_in/i_rf_static_length_aad[16] : 16606
/designs/gcm_aes_core/ports_in/i_rf_static_length_aad[15] : 16606
/designs/gcm_aes_core/ports_in/i_rf_static_length_aad[14] : 16606
/designs/gcm_aes_core/ports_in/i_rf_static_length_aad[13] : 16606
/designs/gcm_aes_core/ports_in/i_rf_static_length_aad[12] : 16606
/designs/gcm_aes_core/ports_in/i_rf_static_length_aad[11] : 16606
/designs/gcm_aes_core/ports_in/i_rf_static_length_aad[10] : 16606
/designs/gcm_aes_core/ports_in/i_valid : 16342
/designs/gcm_aes_core/instances_hier/u_gcm_aes_ghash_fsm/instances_seq/timer_aad_reg[0]/pins_in/CP : 16231
/designs/gcm_aes_core/instances_hier/u_gcm_aes_ghash_fsm/instances_seq/timer_aad_reg[1]/pins_in/CP : 16230
/designs/gcm_aes_core/instances_hier/u_gcm_aes_ghash_fsm/instances_seq/timer_aad_reg[2]/pins_in/CP : 16229
/designs/gcm_aes_core/instances_hier/u_gcm_aes_ghash_fsm/instances_seq/timer_aad_reg[3]/pins_in/CP : 16228
/designs/gcm_aes_core/instances_hier/u_gcm_aes_ghash_fsm/instances_seq/timer_aad_reg[4]/pins_in/CP : 16227
/designs/gcm_aes_core/instances_hier/u_gcm_aes_ghash_fsm/instances_seq/timer_aad_reg[5]/pins_in/CP : 16226
/designs/gcm_aes_core/instances_hier/u_gcm_aes_ghash_fsm/instances_seq/timer_aad_reg[6]/pins_in/CP : 16225
/designs/gcm_aes_core/instances_hier/u_gcm_aes_ghash_fsm/instances_seq/timer_aad_reg[7]/pins_in/CP : 16224
/designs/gcm_aes_core/instances_hier/u_gcm_aes_ghash_fsm/instances_seq/timer_aad_reg[8]/pins_in/CP : 16223
/designs/gcm_aes_core/instances_hier/u_gcm_aes_ghash_fsm/instances_seq/timer_aad_reg[9]/pins_in/CP : 16222
/designs/gcm_aes_core/instances_hier/u_gcm_aes_ghash_fsm/instances_seq/extra_valid_reg/pins_in/CP : 16200
/designs/gcm_aes_core/instances_hier/u_gcm_aes_ghash_fsm/instances_seq/timer_reg[0]/pins_in/CP : 15709
/designs/gcm_aes_core/instances_hier/u_gcm_aes_ghash_fsm/instances_seq/timer_reg[1]/pins_in/CP : 15708
/designs/gcm_aes_core/instances_hier/u_gcm_aes_ghash_fsm/instances_seq/timer_reg[2]/pins_in/CP : 15707
/designs/gcm_aes_core/instances_hier/u_gcm_aes_ghash_fsm/instances_seq/timer_reg[3]/pins_in/CP : 15706
/designs/gcm_aes_core/instances_hier/u_gcm_aes_ghash_fsm/instances_seq/timer_reg[4]/pins_in/CP : 15705
/designs/gcm_aes_core/instances_hier/u_gcm_aes_ghash_fsm/instances_seq/timer_reg[5]/pins_in/CP : 15704
/designs/gcm_aes_core/instances_hier/u_gcm_aes_ghash_fsm/instances_seq/timer_reg[6]/pins_in/CP : 15703
/designs/gcm_aes_core/instances_hier/u_gcm_aes_ghash_fsm/instances_seq/timer_reg[7]/pins_in/CP : 15702
/designs/gcm_aes_core/instances_hier/u_gcm_aes_ghash_fsm/instances_seq/timer_reg[8]/pins_in/CP : 15701
/designs/gcm_aes_core/instances_hier/u_gcm_aes_ghash_fsm/instances_seq/timer_reg[9]/pins_in/CP : 15700
/designs/gcm_aes_core/instances_hier/u_gctr_function/instances_hier/genfor_gctr_base_0__u_aes_round_ladder_xor_data__ii/instances_hier/genfor_aes_rounds_14__u_round_block_and_pipe_ii/instances_hier/u_common_fix_delay_line_w_del_valid/instances_seq/genif_no_01_delay_delay_l_valid_reg[2]/pins_in/CP : 15700
/designs/gcm_aes_core/ports_in/i_enable : 11595
/designs/gcm_aes_core/instances_hier/u_ghash_wrapper/instances_hier/genif_new_pipelined_u_ghash_core/instances_seq/msg_count_reg[0]/pins_in/CP : 7908
/designs/gcm_aes_core/instances_hier/u_ghash_wrapper/instances_hier/genif_new_pipelined_u_ghash_core/instances_seq/msg_count_reg[1]/pins_in/CP : 7907
/designs/gcm_aes_core/instances_hier/u_ghash_wrapper/instances_hier/genif_new_pipelined_u_ghash_core/instances_seq/sop_counter_reg/pins_in/CP : 7651
/designs/gcm_aes_core/instances_hier/u_ghash_wrapper/instances_hier/genif_new_pipelined_u_ghash_core/instances_seq/msg_count_reg[2]/pins_in/CP : 7650
/designs/gcm_aes_core/instances_hier/u_ghash_wrapper/instances_hier/genif_new_pipelined_u_ghash_core/instances_seq/msg_count_reg[3]/pins_in/CP : 7649
/designs/gcm_aes_core/instances_hier/u_ghash_wrapper/instances_hier/genif_new_pipelined_u_ghash_core/instances_seq/msg_count_reg[4]/pins_in/CP : 7648
/designs/gcm_aes_core/instances_hier/u_ghash_wrapper/instances_hier/genif_new_pipelined_u_ghash_core/instances_seq/msg_count_reg[5]/pins_in/CP : 7647
/designs/gcm_aes_core/instances_hier/u_ghash_wrapper/instances_hier/genif_new_pipelined_u_ghash_core/instances_seq/msg_count_reg[6]/pins_in/CP : 7646
/designs/gcm_aes_core/instances_hier/u_ghash_wrapper/instances_hier/genif_new_pipelined_u_ghash_core/instances_seq/msg_count_reg[7]/pins_in/CP : 7645
/designs/gcm_aes_core/instances_hier/u_ghash_wrapper/instances_hier/genif_new_pipelined_u_ghash_core/instances_seq/msg_count_reg[8]/pins_in/CP : 7644
/designs/gcm_aes_core/instances_hier/u_ghash_wrapper/instances_hier/genif_new_pipelined_u_ghash_core/instances_seq/msg_count_reg[9]/pins_in/CP : 7643
/designs/gcm_aes_core/instances_hier/u_ghash_wrapper/instances_hier/genif_new_pipelined_u_ghash_core/instances_hier/u_ghash_control_signal_unit/instances_hier/u_common_fix_delay_line_w_valid__hash_done/instances_seq/genif_no_01_delay_delay_l_reg[10]/pins_in/CP : 7642
/designs/gcm_aes_core/instances_hier/u_key_scheduler_switcher/instances_seq/loading_enable_reg/pins_in/CP : 5762
/designs/gcm_aes_core/instances_hier/u_key_scheduler_switcher/instances_seq/muxing_enable_reg/pins_in/CP : 3842
/designs/gcm_aes_core/instances_hier/u_ghash_wrapper/instances_hier/genif_new_pipelined_u_ghash_core/instances_hier/u_ghash_control_signal_unit/instances_seq/o_last_cycle_reg/pins_in/CP : 3139
/designs/gcm_aes_core/ports_in/i_update_key : 2440
/designs/gcm_aes_core/instances_hier/u_key_scheduler_sequential_shifter/instances_seq/index_bus_reg[0]/pins_in/CP : 2059
/designs/gcm_aes_core/instances_hier/u_key_scheduler_sequential_shifter/instances_seq/index_bus_reg[1]/pins_in/CP : 1962
/designs/gcm_aes_core/instances_hier/u_key_scheduler_sequential_shifter/instances_seq/index_bus_reg[2]/pins_in/CP : 1961
/designs/gcm_aes_core/instances_hier/u_key_scheduler_sequential_shifter/instances_seq/index_bus_reg[3]/pins_in/CP : 1960
/designs/gcm_aes_core/instances_hier/u_ghash_wrapper/instances_hier/genif_new_pipelined_u_ghash_core/instances_hier/u_ghash_control_signal_unit/instances_hier/u_common_fix_delay_line_w_valid__hold_msg/instances_seq/genif_no_01_delay_delay_l_reg[3]/pins_in/CP : 1794
/designs/gcm_aes_core/instances_hier/u_subkey_h_powers_generator/instances_seq/genelse_null_power_count_reg[0]/pins_in/CP : 1694
/designs/gcm_aes_core/instances_hier/u_subkey_h_powers_generator/instances_seq/genelse_null_power_count_reg[1]/pins_in/CP : 1693
/designs/gcm_aes_core/instances_hier/u_subkey_h_powers_generator/instances_seq/genelse_null_power_count_reg[2]/pins_in/CP : 1692
/designs/gcm_aes_core/instances_hier/u_subkey_h_powers_generator/instances_seq/genelse_null_power_count_reg[3]/pins_in/CP : 1691
/designs/gcm_aes_core/instances_hier/u_subkey_h_powers_generator/instances_seq/genelse_null_power_count_reg[4]/pins_in/CP : 1690
/designs/gcm_aes_core/instances_hier/u_subkey_h_powers_generator/instances_seq/genelse_null_power_count_reg[5]/pins_in/CP : 1689
/designs/gcm_aes_core/instances_hier/u_subkey_h_powers_generator/instances_seq/genelse_null_power_count_reg[6]/pins_in/CP : 1688
/designs/gcm_aes_core/instances_hier/u_subkey_h_powers_generator/instances_seq/genelse_null_power_count_reg[7]/pins_in/CP : 1687
/designs/gcm_aes_core/instances_hier/u_subkey_h_powers_generator/instances_hier/genelse_null_power_u_gf_2to128_multiplier_sequential/instances_seq/count_reg[0]/pins_in/CP : 1437
/designs/gcm_aes_core/instances_hier/u_subkey_h_powers_generator/instances_hier/genelse_null_power_u_gf_2to128_multiplier_sequential/instances_seq/count_reg[1]/pins_in/CP : 1436
/designs/gcm_aes_core/instances_hier/u_subkey_h_powers_generator/instances_hier/genelse_null_power_u_gf_2to128_multiplier_sequential/instances_seq/count_reg[2]/pins_in/CP : 1435
/designs/gcm_aes_core/instances_hier/u_subkey_h_powers_generator/instances_hier/genelse_null_power_u_gf_2to128_multiplier_sequential/instances_seq/count_reg[3]/pins_in/CP : 1434
/designs/gcm_aes_core/instances_hier/u_subkey_h_powers_generator/instances_hier/genelse_null_power_u_gf_2to128_multiplier_sequential/instances_seq/count_reg[4]/pins_in/CP : 1433
/designs/gcm_aes_core/instances_hier/u_subkey_h_powers_generator/instances_hier/genelse_null_power_u_gf_2to128_multiplier_sequential/instances_seq/count_reg[5]/pins_in/CP : 1432
/designs/gcm_aes_core/instances_hier/u_subkey_h_powers_generator/instances_hier/genelse_null_power_u_gf_2to128_multiplier_sequential/instances_seq/count_reg[6]/pins_in/CP : 1431
/designs/gcm_aes_core/instances_hier/u_subkey_h_powers_generator/instances_hier/genelse_null_power_u_gf_2to128_multiplier_sequential/instances_seq/count_reg[7]/pins_in/CP : 1430
/designs/gcm_aes_core/instances_hier/u_subkey_h_powers_generator/instances_hier/genelse_null_power_u_gf_2to128_multiplier_sequential/instances_seq/prod_done_d_reg/pins_in/CP : 1034
/designs/gcm_aes_core/instances_hier/u_common_fix_delay_line_w_valid__gctr_o_sop_pre_decipher/instances_seq/genif_1_delay_delay_l_reg[0]/pins_in/CP : 1033
/designs/gcm_aes_core/ports_in/i_rf_static_length_plaintext[7] : 898
/designs/gcm_aes_core/instances_hier/u_ghash_wrapper/instances_hier/genif_new_pipelined_u_ghash_core/instances_seq/stage_reg[0]/pins_in/CP : 771
/designs/gcm_aes_core/instances_hier/u_ghash_wrapper/instances_hier/genif_new_pipelined_u_ghash_core/instances_seq/stage_reg[1]/pins_in/CP : 770
/designs/gcm_aes_core/instances_hier/u_subkey_h_powers_generator/instances_seq/genelse_null_power_trigger_d_reg/pins_in/CP : 651
/designs/gcm_aes_core/instances_hier/u_subkey_h_powers_generator/instances_seq/genelse_null_power_prod_ready_d_reg/pins_in/CP : 651
/designs/gcm_aes_core/instances_hier/u_ghash_wrapper/instances_hier/genif_new_pipelined_u_ghash_core/instances_seq/stall2_reg/pins_in/CP : 640
/designs/gcm_aes_core/instances_hier/u_ghash_wrapper/instances_hier/genif_new_pipelined_u_ghash_core/instances_hier/u_ghash_control_signal_unit/instances_seq/o_skip_msg_reg/pins_in/CP : 513
