============================================================
  Generated by:           Encounter(R) RTL Compiler RC14.28 - v14.20-s067_1
  Generated on:           Jul 03 2017  03:03:58 pm
  Module:                 gcm_aes_core
  Report:                 Input/Output Registers
============================================================

Clock Ports
-----------
i_clock

Input Ports
-----------
Total: 1130
Registered: 0
Clone Registered: 0
Unregistered: 1129
Unconnected: 1

Unregistered Inputs:
--------------------
i_plaintext[255] 	 Fanout: 2
i_plaintext[254] 	 Fanout: 2
i_plaintext[253] 	 Fanout: 2
i_plaintext[252] 	 Fanout: 2
i_plaintext[251] 	 Fanout: 2
i_plaintext[250] 	 Fanout: 2
i_plaintext[249] 	 Fanout: 2
i_plaintext[248] 	 Fanout: 2
i_plaintext[247] 	 Fanout: 2
i_plaintext[246] 	 Fanout: 2
i_plaintext[245] 	 Fanout: 2
i_plaintext[244] 	 Fanout: 2
i_plaintext[243] 	 Fanout: 2
i_plaintext[242] 	 Fanout: 2
i_plaintext[241] 	 Fanout: 2
i_plaintext[240] 	 Fanout: 2
i_plaintext[239] 	 Fanout: 2
i_plaintext[238] 	 Fanout: 2
i_plaintext[237] 	 Fanout: 2
i_plaintext[236] 	 Fanout: 2
i_plaintext[235] 	 Fanout: 2
i_plaintext[234] 	 Fanout: 2
i_plaintext[233] 	 Fanout: 2
i_plaintext[232] 	 Fanout: 2
i_plaintext[231] 	 Fanout: 2
i_plaintext[230] 	 Fanout: 2
i_plaintext[229] 	 Fanout: 2
i_plaintext[228] 	 Fanout: 2
i_plaintext[227] 	 Fanout: 2
i_plaintext[226] 	 Fanout: 2
i_plaintext[225] 	 Fanout: 2
i_plaintext[224] 	 Fanout: 2
i_plaintext[223] 	 Fanout: 2
i_plaintext[222] 	 Fanout: 2
i_plaintext[221] 	 Fanout: 2
i_plaintext[220] 	 Fanout: 2
i_plaintext[219] 	 Fanout: 2
i_plaintext[218] 	 Fanout: 2
i_plaintext[217] 	 Fanout: 2
i_plaintext[216] 	 Fanout: 2
i_plaintext[215] 	 Fanout: 2
i_plaintext[214] 	 Fanout: 2
i_plaintext[213] 	 Fanout: 2
i_plaintext[212] 	 Fanout: 2
i_plaintext[211] 	 Fanout: 2
i_plaintext[210] 	 Fanout: 2
i_plaintext[209] 	 Fanout: 2
i_plaintext[208] 	 Fanout: 2
i_plaintext[207] 	 Fanout: 2
i_plaintext[206] 	 Fanout: 2
i_plaintext[205] 	 Fanout: 2
i_plaintext[204] 	 Fanout: 2
i_plaintext[203] 	 Fanout: 2
i_plaintext[202] 	 Fanout: 2
i_plaintext[201] 	 Fanout: 2
i_plaintext[200] 	 Fanout: 2
i_plaintext[199] 	 Fanout: 2
i_plaintext[198] 	 Fanout: 2
i_plaintext[197] 	 Fanout: 2
i_plaintext[196] 	 Fanout: 2
i_plaintext[195] 	 Fanout: 2
i_plaintext[194] 	 Fanout: 2
i_plaintext[193] 	 Fanout: 2
i_plaintext[192] 	 Fanout: 2
i_plaintext[191] 	 Fanout: 2
i_plaintext[190] 	 Fanout: 2
i_plaintext[189] 	 Fanout: 2
i_plaintext[188] 	 Fanout: 2
i_plaintext[187] 	 Fanout: 2
i_plaintext[186] 	 Fanout: 2
i_plaintext[185] 	 Fanout: 2
i_plaintext[184] 	 Fanout: 2
i_plaintext[183] 	 Fanout: 2
i_plaintext[182] 	 Fanout: 2
i_plaintext[181] 	 Fanout: 2
i_plaintext[180] 	 Fanout: 2
i_plaintext[179] 	 Fanout: 2
i_plaintext[178] 	 Fanout: 2
i_plaintext[177] 	 Fanout: 2
i_plaintext[176] 	 Fanout: 2
i_plaintext[175] 	 Fanout: 2
i_plaintext[174] 	 Fanout: 2
i_plaintext[173] 	 Fanout: 2
i_plaintext[172] 	 Fanout: 2
i_plaintext[171] 	 Fanout: 2
i_plaintext[170] 	 Fanout: 2
i_plaintext[169] 	 Fanout: 2
i_plaintext[168] 	 Fanout: 2
i_plaintext[167] 	 Fanout: 2
i_plaintext[166] 	 Fanout: 2
i_plaintext[165] 	 Fanout: 2
i_plaintext[164] 	 Fanout: 2
i_plaintext[163] 	 Fanout: 2
i_plaintext[162] 	 Fanout: 2
i_plaintext[161] 	 Fanout: 2
i_plaintext[160] 	 Fanout: 2
i_plaintext[159] 	 Fanout: 2
i_plaintext[158] 	 Fanout: 2
i_plaintext[157] 	 Fanout: 2
i_plaintext[156] 	 Fanout: 2
i_plaintext[155] 	 Fanout: 2
i_plaintext[154] 	 Fanout: 2
i_plaintext[153] 	 Fanout: 2
i_plaintext[152] 	 Fanout: 2
i_plaintext[151] 	 Fanout: 2
i_plaintext[150] 	 Fanout: 2
i_plaintext[149] 	 Fanout: 2
i_plaintext[148] 	 Fanout: 2
i_plaintext[147] 	 Fanout: 2
i_plaintext[146] 	 Fanout: 2
i_plaintext[145] 	 Fanout: 2
i_plaintext[144] 	 Fanout: 2
i_plaintext[143] 	 Fanout: 2
i_plaintext[142] 	 Fanout: 2
i_plaintext[141] 	 Fanout: 2
i_plaintext[140] 	 Fanout: 2
i_plaintext[139] 	 Fanout: 2
i_plaintext[138] 	 Fanout: 2
i_plaintext[137] 	 Fanout: 2
i_plaintext[136] 	 Fanout: 2
i_plaintext[135] 	 Fanout: 2
i_plaintext[134] 	 Fanout: 2
i_plaintext[133] 	 Fanout: 2
i_plaintext[132] 	 Fanout: 2
i_plaintext[131] 	 Fanout: 2
i_plaintext[130] 	 Fanout: 2
i_plaintext[129] 	 Fanout: 2
i_plaintext[128] 	 Fanout: 2
i_plaintext[127] 	 Fanout: 2
i_plaintext[126] 	 Fanout: 2
i_plaintext[125] 	 Fanout: 2
i_plaintext[124] 	 Fanout: 2
i_plaintext[123] 	 Fanout: 2
i_plaintext[122] 	 Fanout: 2
i_plaintext[121] 	 Fanout: 2
i_plaintext[120] 	 Fanout: 2
i_plaintext[119] 	 Fanout: 2
i_plaintext[118] 	 Fanout: 2
i_plaintext[117] 	 Fanout: 2
i_plaintext[116] 	 Fanout: 2
i_plaintext[115] 	 Fanout: 2
i_plaintext[114] 	 Fanout: 2
i_plaintext[113] 	 Fanout: 2
i_plaintext[112] 	 Fanout: 2
i_plaintext[111] 	 Fanout: 2
i_plaintext[110] 	 Fanout: 2
i_plaintext[109] 	 Fanout: 2
i_plaintext[108] 	 Fanout: 2
i_plaintext[107] 	 Fanout: 2
i_plaintext[106] 	 Fanout: 2
i_plaintext[105] 	 Fanout: 2
i_plaintext[104] 	 Fanout: 2
i_plaintext[103] 	 Fanout: 2
i_plaintext[102] 	 Fanout: 2
i_plaintext[101] 	 Fanout: 2
i_plaintext[100] 	 Fanout: 2
i_plaintext[99] 	 Fanout: 2
i_plaintext[98] 	 Fanout: 2
i_plaintext[97] 	 Fanout: 2
i_plaintext[96] 	 Fanout: 2
i_plaintext[95] 	 Fanout: 2
i_plaintext[94] 	 Fanout: 2
i_plaintext[93] 	 Fanout: 2
i_plaintext[92] 	 Fanout: 2
i_plaintext[91] 	 Fanout: 2
i_plaintext[90] 	 Fanout: 2
i_plaintext[89] 	 Fanout: 2
i_plaintext[88] 	 Fanout: 2
i_plaintext[87] 	 Fanout: 2
i_plaintext[86] 	 Fanout: 2
i_plaintext[85] 	 Fanout: 2
i_plaintext[84] 	 Fanout: 2
i_plaintext[83] 	 Fanout: 2
i_plaintext[82] 	 Fanout: 2
i_plaintext[81] 	 Fanout: 2
i_plaintext[80] 	 Fanout: 2
i_plaintext[79] 	 Fanout: 2
i_plaintext[78] 	 Fanout: 2
i_plaintext[77] 	 Fanout: 2
i_plaintext[76] 	 Fanout: 2
i_plaintext[75] 	 Fanout: 2
i_plaintext[74] 	 Fanout: 2
i_plaintext[73] 	 Fanout: 2
i_plaintext[72] 	 Fanout: 2
i_plaintext[71] 	 Fanout: 2
i_plaintext[70] 	 Fanout: 2
i_plaintext[69] 	 Fanout: 2
i_plaintext[68] 	 Fanout: 2
i_plaintext[67] 	 Fanout: 2
i_plaintext[66] 	 Fanout: 2
i_plaintext[65] 	 Fanout: 2
i_plaintext[64] 	 Fanout: 2
i_plaintext[63] 	 Fanout: 2
i_plaintext[62] 	 Fanout: 2
i_plaintext[61] 	 Fanout: 2
i_plaintext[60] 	 Fanout: 2
i_plaintext[59] 	 Fanout: 2
i_plaintext[58] 	 Fanout: 2
i_plaintext[57] 	 Fanout: 2
i_plaintext[56] 	 Fanout: 2
i_plaintext[55] 	 Fanout: 2
i_plaintext[54] 	 Fanout: 2
i_plaintext[53] 	 Fanout: 2
i_plaintext[52] 	 Fanout: 2
i_plaintext[51] 	 Fanout: 2
i_plaintext[50] 	 Fanout: 2
i_plaintext[49] 	 Fanout: 2
i_plaintext[48] 	 Fanout: 2
i_plaintext[47] 	 Fanout: 2
i_plaintext[46] 	 Fanout: 2
i_plaintext[45] 	 Fanout: 2
i_plaintext[44] 	 Fanout: 2
i_plaintext[43] 	 Fanout: 2
i_plaintext[42] 	 Fanout: 2
i_plaintext[41] 	 Fanout: 2
i_plaintext[40] 	 Fanout: 2
i_plaintext[39] 	 Fanout: 2
i_plaintext[38] 	 Fanout: 2
i_plaintext[37] 	 Fanout: 2
i_plaintext[36] 	 Fanout: 2
i_plaintext[35] 	 Fanout: 2
i_plaintext[34] 	 Fanout: 2
i_plaintext[33] 	 Fanout: 2
i_plaintext[32] 	 Fanout: 2
i_plaintext[31] 	 Fanout: 2
i_plaintext[30] 	 Fanout: 2
i_plaintext[29] 	 Fanout: 2
i_plaintext[28] 	 Fanout: 2
i_plaintext[27] 	 Fanout: 2
i_plaintext[26] 	 Fanout: 2
i_plaintext[25] 	 Fanout: 2
i_plaintext[24] 	 Fanout: 2
i_plaintext[23] 	 Fanout: 2
i_plaintext[22] 	 Fanout: 2
i_plaintext[21] 	 Fanout: 2
i_plaintext[20] 	 Fanout: 2
i_plaintext[19] 	 Fanout: 2
i_plaintext[18] 	 Fanout: 2
i_plaintext[17] 	 Fanout: 2
i_plaintext[16] 	 Fanout: 2
i_plaintext[15] 	 Fanout: 2
i_plaintext[14] 	 Fanout: 2
i_plaintext[13] 	 Fanout: 2
i_plaintext[12] 	 Fanout: 2
i_plaintext[11] 	 Fanout: 2
i_plaintext[10] 	 Fanout: 2
i_plaintext[9] 	 Fanout: 2
i_plaintext[8] 	 Fanout: 2
i_plaintext[7] 	 Fanout: 2
i_plaintext[6] 	 Fanout: 2
i_plaintext[5] 	 Fanout: 2
i_plaintext[4] 	 Fanout: 2
i_plaintext[3] 	 Fanout: 2
i_plaintext[2] 	 Fanout: 2
i_plaintext[1] 	 Fanout: 2
i_plaintext[0] 	 Fanout: 2
i_tag[127] 	 Fanout: 1
i_tag[126] 	 Fanout: 1
i_tag[125] 	 Fanout: 1
i_tag[124] 	 Fanout: 1
i_tag[123] 	 Fanout: 1
i_tag[122] 	 Fanout: 1
i_tag[121] 	 Fanout: 1
i_tag[120] 	 Fanout: 1
i_tag[119] 	 Fanout: 1
i_tag[118] 	 Fanout: 1
i_tag[117] 	 Fanout: 1
i_tag[116] 	 Fanout: 1
i_tag[115] 	 Fanout: 1
i_tag[114] 	 Fanout: 1
i_tag[113] 	 Fanout: 1
i_tag[112] 	 Fanout: 1
i_tag[111] 	 Fanout: 1
i_tag[110] 	 Fanout: 1
i_tag[109] 	 Fanout: 1
i_tag[108] 	 Fanout: 1
i_tag[107] 	 Fanout: 1
i_tag[106] 	 Fanout: 1
i_tag[105] 	 Fanout: 1
i_tag[104] 	 Fanout: 1
i_tag[103] 	 Fanout: 1
i_tag[102] 	 Fanout: 1
i_tag[101] 	 Fanout: 1
i_tag[100] 	 Fanout: 1
i_tag[99] 	 Fanout: 1
i_tag[98] 	 Fanout: 2
i_tag[97] 	 Fanout: 1
i_tag[96] 	 Fanout: 1
i_tag[95] 	 Fanout: 2
i_tag[94] 	 Fanout: 1
i_tag[93] 	 Fanout: 1
i_tag[92] 	 Fanout: 1
i_tag[91] 	 Fanout: 2
i_tag[90] 	 Fanout: 1
i_tag[89] 	 Fanout: 1
i_tag[88] 	 Fanout: 1
i_tag[87] 	 Fanout: 2
i_tag[86] 	 Fanout: 1
i_tag[85] 	 Fanout: 1
i_tag[84] 	 Fanout: 1
i_tag[83] 	 Fanout: 1
i_tag[82] 	 Fanout: 1
i_tag[81] 	 Fanout: 1
i_tag[80] 	 Fanout: 1
i_tag[79] 	 Fanout: 2
i_tag[78] 	 Fanout: 2
i_tag[77] 	 Fanout: 1
i_tag[76] 	 Fanout: 1
i_tag[75] 	 Fanout: 1
i_tag[74] 	 Fanout: 1
i_tag[73] 	 Fanout: 1
i_tag[72] 	 Fanout: 1
i_tag[71] 	 Fanout: 2
i_tag[70] 	 Fanout: 1
i_tag[69] 	 Fanout: 1
i_tag[68] 	 Fanout: 2
i_tag[67] 	 Fanout: 2
i_tag[66] 	 Fanout: 2
i_tag[65] 	 Fanout: 1
i_tag[64] 	 Fanout: 2
i_tag[63] 	 Fanout: 1
i_tag[62] 	 Fanout: 2
i_tag[61] 	 Fanout: 1
i_tag[60] 	 Fanout: 1
i_tag[59] 	 Fanout: 1
i_tag[58] 	 Fanout: 1
i_tag[57] 	 Fanout: 1
i_tag[56] 	 Fanout: 1
i_tag[55] 	 Fanout: 2
i_tag[54] 	 Fanout: 1
i_tag[53] 	 Fanout: 1
i_tag[52] 	 Fanout: 2
i_tag[51] 	 Fanout: 2
i_tag[50] 	 Fanout: 1
i_tag[49] 	 Fanout: 1
i_tag[48] 	 Fanout: 1
i_tag[47] 	 Fanout: 1
i_tag[46] 	 Fanout: 1
i_tag[45] 	 Fanout: 1
i_tag[44] 	 Fanout: 1
i_tag[43] 	 Fanout: 2
i_tag[42] 	 Fanout: 2
i_tag[41] 	 Fanout: 1
i_tag[40] 	 Fanout: 1
i_tag[39] 	 Fanout: 2
i_tag[38] 	 Fanout: 1
i_tag[37] 	 Fanout: 2
i_tag[36] 	 Fanout: 1
i_tag[35] 	 Fanout: 2
i_tag[34] 	 Fanout: 1
i_tag[33] 	 Fanout: 1
i_tag[32] 	 Fanout: 1
i_tag[31] 	 Fanout: 2
i_tag[30] 	 Fanout: 2
i_tag[29] 	 Fanout: 1
i_tag[28] 	 Fanout: 1
i_tag[27] 	 Fanout: 1
i_tag[26] 	 Fanout: 1
i_tag[25] 	 Fanout: 2
i_tag[24] 	 Fanout: 1
i_tag[23] 	 Fanout: 2
i_tag[22] 	 Fanout: 1
i_tag[21] 	 Fanout: 2
i_tag[20] 	 Fanout: 1
i_tag[19] 	 Fanout: 2
i_tag[18] 	 Fanout: 1
i_tag[17] 	 Fanout: 1
i_tag[16] 	 Fanout: 1
i_tag[15] 	 Fanout: 1
i_tag[14] 	 Fanout: 2
i_tag[13] 	 Fanout: 2
i_tag[12] 	 Fanout: 1
i_tag[11] 	 Fanout: 2
i_tag[10] 	 Fanout: 1
i_tag[9] 	 Fanout: 1
i_tag[8] 	 Fanout: 1
i_tag[7] 	 Fanout: 2
i_tag[6] 	 Fanout: 1
i_tag[5] 	 Fanout: 1
i_tag[4] 	 Fanout: 1
i_tag[3] 	 Fanout: 1
i_tag[2] 	 Fanout: 1
i_tag[1] 	 Fanout: 1
i_tag[0] 	 Fanout: 1
i_rf_static_key[255] 	 Fanout: 2
i_rf_static_key[254] 	 Fanout: 2
i_rf_static_key[253] 	 Fanout: 2
i_rf_static_key[252] 	 Fanout: 2
i_rf_static_key[251] 	 Fanout: 2
i_rf_static_key[250] 	 Fanout: 2
i_rf_static_key[249] 	 Fanout: 2
i_rf_static_key[248] 	 Fanout: 2
i_rf_static_key[247] 	 Fanout: 2
i_rf_static_key[246] 	 Fanout: 2
i_rf_static_key[245] 	 Fanout: 2
i_rf_static_key[244] 	 Fanout: 2
i_rf_static_key[243] 	 Fanout: 2
i_rf_static_key[242] 	 Fanout: 2
i_rf_static_key[241] 	 Fanout: 2
i_rf_static_key[240] 	 Fanout: 2
i_rf_static_key[239] 	 Fanout: 2
i_rf_static_key[238] 	 Fanout: 2
i_rf_static_key[237] 	 Fanout: 2
i_rf_static_key[236] 	 Fanout: 2
i_rf_static_key[235] 	 Fanout: 2
i_rf_static_key[234] 	 Fanout: 2
i_rf_static_key[233] 	 Fanout: 2
i_rf_static_key[232] 	 Fanout: 2
i_rf_static_key[231] 	 Fanout: 2
i_rf_static_key[230] 	 Fanout: 2
i_rf_static_key[229] 	 Fanout: 2
i_rf_static_key[228] 	 Fanout: 2
i_rf_static_key[227] 	 Fanout: 2
i_rf_static_key[226] 	 Fanout: 2
i_rf_static_key[225] 	 Fanout: 2
i_rf_static_key[224] 	 Fanout: 2
i_rf_static_key[223] 	 Fanout: 2
i_rf_static_key[222] 	 Fanout: 2
i_rf_static_key[221] 	 Fanout: 2
i_rf_static_key[220] 	 Fanout: 2
i_rf_static_key[219] 	 Fanout: 2
i_rf_static_key[218] 	 Fanout: 2
i_rf_static_key[217] 	 Fanout: 2
i_rf_static_key[216] 	 Fanout: 2
i_rf_static_key[215] 	 Fanout: 2
i_rf_static_key[214] 	 Fanout: 2
i_rf_static_key[213] 	 Fanout: 2
i_rf_static_key[212] 	 Fanout: 2
i_rf_static_key[211] 	 Fanout: 2
i_rf_static_key[210] 	 Fanout: 2
i_rf_static_key[209] 	 Fanout: 2
i_rf_static_key[208] 	 Fanout: 2
i_rf_static_key[207] 	 Fanout: 2
i_rf_static_key[206] 	 Fanout: 2
i_rf_static_key[205] 	 Fanout: 2
i_rf_static_key[204] 	 Fanout: 2
i_rf_static_key[203] 	 Fanout: 2
i_rf_static_key[202] 	 Fanout: 2
i_rf_static_key[201] 	 Fanout: 2
i_rf_static_key[200] 	 Fanout: 2
i_rf_static_key[199] 	 Fanout: 2
i_rf_static_key[198] 	 Fanout: 2
i_rf_static_key[197] 	 Fanout: 2
i_rf_static_key[196] 	 Fanout: 2
i_rf_static_key[195] 	 Fanout: 2
i_rf_static_key[194] 	 Fanout: 2
i_rf_static_key[193] 	 Fanout: 2
i_rf_static_key[192] 	 Fanout: 2
i_rf_static_key[191] 	 Fanout: 2
i_rf_static_key[190] 	 Fanout: 2
i_rf_static_key[189] 	 Fanout: 2
i_rf_static_key[188] 	 Fanout: 2
i_rf_static_key[187] 	 Fanout: 2
i_rf_static_key[186] 	 Fanout: 2
i_rf_static_key[185] 	 Fanout: 2
i_rf_static_key[184] 	 Fanout: 2
i_rf_static_key[183] 	 Fanout: 2
i_rf_static_key[182] 	 Fanout: 2
i_rf_static_key[181] 	 Fanout: 2
i_rf_static_key[180] 	 Fanout: 2
i_rf_static_key[179] 	 Fanout: 2
i_rf_static_key[178] 	 Fanout: 2
i_rf_static_key[177] 	 Fanout: 2
i_rf_static_key[176] 	 Fanout: 2
i_rf_static_key[175] 	 Fanout: 2
i_rf_static_key[174] 	 Fanout: 2
i_rf_static_key[173] 	 Fanout: 2
i_rf_static_key[172] 	 Fanout: 2
i_rf_static_key[171] 	 Fanout: 2
i_rf_static_key[170] 	 Fanout: 2
i_rf_static_key[169] 	 Fanout: 2
i_rf_static_key[168] 	 Fanout: 2
i_rf_static_key[167] 	 Fanout: 2
i_rf_static_key[166] 	 Fanout: 2
i_rf_static_key[165] 	 Fanout: 2
i_rf_static_key[164] 	 Fanout: 2
i_rf_static_key[163] 	 Fanout: 2
i_rf_static_key[162] 	 Fanout: 2
i_rf_static_key[161] 	 Fanout: 2
i_rf_static_key[160] 	 Fanout: 2
i_rf_static_key[159] 	 Fanout: 2
i_rf_static_key[158] 	 Fanout: 2
i_rf_static_key[157] 	 Fanout: 2
i_rf_static_key[156] 	 Fanout: 2
i_rf_static_key[155] 	 Fanout: 2
i_rf_static_key[154] 	 Fanout: 2
i_rf_static_key[153] 	 Fanout: 2
i_rf_static_key[152] 	 Fanout: 2
i_rf_static_key[151] 	 Fanout: 2
i_rf_static_key[150] 	 Fanout: 2
i_rf_static_key[149] 	 Fanout: 2
i_rf_static_key[148] 	 Fanout: 2
i_rf_static_key[147] 	 Fanout: 2
i_rf_static_key[146] 	 Fanout: 2
i_rf_static_key[145] 	 Fanout: 2
i_rf_static_key[144] 	 Fanout: 2
i_rf_static_key[143] 	 Fanout: 2
i_rf_static_key[142] 	 Fanout: 2
i_rf_static_key[141] 	 Fanout: 2
i_rf_static_key[140] 	 Fanout: 2
i_rf_static_key[139] 	 Fanout: 2
i_rf_static_key[138] 	 Fanout: 2
i_rf_static_key[137] 	 Fanout: 2
i_rf_static_key[136] 	 Fanout: 2
i_rf_static_key[135] 	 Fanout: 2
i_rf_static_key[134] 	 Fanout: 2
i_rf_static_key[133] 	 Fanout: 2
i_rf_static_key[132] 	 Fanout: 2
i_rf_static_key[131] 	 Fanout: 2
i_rf_static_key[130] 	 Fanout: 2
i_rf_static_key[129] 	 Fanout: 2
i_rf_static_key[128] 	 Fanout: 2
i_rf_static_key[127] 	 Fanout: 2
i_rf_static_key[126] 	 Fanout: 2
i_rf_static_key[125] 	 Fanout: 2
i_rf_static_key[124] 	 Fanout: 2
i_rf_static_key[123] 	 Fanout: 2
i_rf_static_key[122] 	 Fanout: 2
i_rf_static_key[121] 	 Fanout: 2
i_rf_static_key[120] 	 Fanout: 2
i_rf_static_key[119] 	 Fanout: 2
i_rf_static_key[118] 	 Fanout: 2
i_rf_static_key[117] 	 Fanout: 2
i_rf_static_key[116] 	 Fanout: 2
i_rf_static_key[115] 	 Fanout: 2
i_rf_static_key[114] 	 Fanout: 2
i_rf_static_key[113] 	 Fanout: 2
i_rf_static_key[112] 	 Fanout: 2
i_rf_static_key[111] 	 Fanout: 2
i_rf_static_key[110] 	 Fanout: 2
i_rf_static_key[109] 	 Fanout: 2
i_rf_static_key[108] 	 Fanout: 2
i_rf_static_key[107] 	 Fanout: 2
i_rf_static_key[106] 	 Fanout: 2
i_rf_static_key[105] 	 Fanout: 2
i_rf_static_key[104] 	 Fanout: 2
i_rf_static_key[103] 	 Fanout: 2
i_rf_static_key[102] 	 Fanout: 2
i_rf_static_key[101] 	 Fanout: 2
i_rf_static_key[100] 	 Fanout: 2
i_rf_static_key[99] 	 Fanout: 2
i_rf_static_key[98] 	 Fanout: 2
i_rf_static_key[97] 	 Fanout: 2
i_rf_static_key[96] 	 Fanout: 2
i_rf_static_key[95] 	 Fanout: 2
i_rf_static_key[94] 	 Fanout: 2
i_rf_static_key[93] 	 Fanout: 2
i_rf_static_key[92] 	 Fanout: 2
i_rf_static_key[91] 	 Fanout: 2
i_rf_static_key[90] 	 Fanout: 2
i_rf_static_key[89] 	 Fanout: 2
i_rf_static_key[88] 	 Fanout: 2
i_rf_static_key[87] 	 Fanout: 2
i_rf_static_key[86] 	 Fanout: 2
i_rf_static_key[85] 	 Fanout: 2
i_rf_static_key[84] 	 Fanout: 2
i_rf_static_key[83] 	 Fanout: 2
i_rf_static_key[82] 	 Fanout: 2
i_rf_static_key[81] 	 Fanout: 2
i_rf_static_key[80] 	 Fanout: 2
i_rf_static_key[79] 	 Fanout: 2
i_rf_static_key[78] 	 Fanout: 2
i_rf_static_key[77] 	 Fanout: 2
i_rf_static_key[76] 	 Fanout: 2
i_rf_static_key[75] 	 Fanout: 2
i_rf_static_key[74] 	 Fanout: 2
i_rf_static_key[73] 	 Fanout: 2
i_rf_static_key[72] 	 Fanout: 2
i_rf_static_key[71] 	 Fanout: 2
i_rf_static_key[70] 	 Fanout: 2
i_rf_static_key[69] 	 Fanout: 2
i_rf_static_key[68] 	 Fanout: 2
i_rf_static_key[67] 	 Fanout: 2
i_rf_static_key[66] 	 Fanout: 2
i_rf_static_key[65] 	 Fanout: 2
i_rf_static_key[64] 	 Fanout: 2
i_rf_static_key[63] 	 Fanout: 2
i_rf_static_key[62] 	 Fanout: 2
i_rf_static_key[61] 	 Fanout: 2
i_rf_static_key[60] 	 Fanout: 2
i_rf_static_key[59] 	 Fanout: 2
i_rf_static_key[58] 	 Fanout: 2
i_rf_static_key[57] 	 Fanout: 2
i_rf_static_key[56] 	 Fanout: 2
i_rf_static_key[55] 	 Fanout: 2
i_rf_static_key[54] 	 Fanout: 2
i_rf_static_key[53] 	 Fanout: 2
i_rf_static_key[52] 	 Fanout: 2
i_rf_static_key[51] 	 Fanout: 2
i_rf_static_key[50] 	 Fanout: 2
i_rf_static_key[49] 	 Fanout: 2
i_rf_static_key[48] 	 Fanout: 2
i_rf_static_key[47] 	 Fanout: 2
i_rf_static_key[46] 	 Fanout: 2
i_rf_static_key[45] 	 Fanout: 2
i_rf_static_key[44] 	 Fanout: 2
i_rf_static_key[43] 	 Fanout: 2
i_rf_static_key[42] 	 Fanout: 2
i_rf_static_key[41] 	 Fanout: 2
i_rf_static_key[40] 	 Fanout: 2
i_rf_static_key[39] 	 Fanout: 2
i_rf_static_key[38] 	 Fanout: 2
i_rf_static_key[37] 	 Fanout: 2
i_rf_static_key[36] 	 Fanout: 2
i_rf_static_key[35] 	 Fanout: 2
i_rf_static_key[34] 	 Fanout: 2
i_rf_static_key[33] 	 Fanout: 2
i_rf_static_key[32] 	 Fanout: 2
i_rf_static_key[31] 	 Fanout: 2
i_rf_static_key[30] 	 Fanout: 2
i_rf_static_key[29] 	 Fanout: 2
i_rf_static_key[28] 	 Fanout: 2
i_rf_static_key[27] 	 Fanout: 2
i_rf_static_key[26] 	 Fanout: 2
i_rf_static_key[25] 	 Fanout: 2
i_rf_static_key[24] 	 Fanout: 2
i_rf_static_key[23] 	 Fanout: 2
i_rf_static_key[22] 	 Fanout: 2
i_rf_static_key[21] 	 Fanout: 2
i_rf_static_key[20] 	 Fanout: 2
i_rf_static_key[19] 	 Fanout: 2
i_rf_static_key[18] 	 Fanout: 2
i_rf_static_key[17] 	 Fanout: 2
i_rf_static_key[16] 	 Fanout: 2
i_rf_static_key[15] 	 Fanout: 2
i_rf_static_key[14] 	 Fanout: 2
i_rf_static_key[13] 	 Fanout: 2
i_rf_static_key[12] 	 Fanout: 2
i_rf_static_key[11] 	 Fanout: 2
i_rf_static_key[10] 	 Fanout: 2
i_rf_static_key[9] 	 Fanout: 2
i_rf_static_key[8] 	 Fanout: 2
i_rf_static_key[7] 	 Fanout: 2
i_rf_static_key[6] 	 Fanout: 2
i_rf_static_key[5] 	 Fanout: 2
i_rf_static_key[4] 	 Fanout: 2
i_rf_static_key[3] 	 Fanout: 2
i_rf_static_key[2] 	 Fanout: 2
i_rf_static_key[1] 	 Fanout: 2
i_rf_static_key[0] 	 Fanout: 2
i_rf_static_aad[255] 	 Fanout: 1
i_rf_static_aad[254] 	 Fanout: 1
i_rf_static_aad[253] 	 Fanout: 1
i_rf_static_aad[252] 	 Fanout: 1
i_rf_static_aad[251] 	 Fanout: 1
i_rf_static_aad[250] 	 Fanout: 1
i_rf_static_aad[249] 	 Fanout: 1
i_rf_static_aad[248] 	 Fanout: 1
i_rf_static_aad[247] 	 Fanout: 1
i_rf_static_aad[246] 	 Fanout: 1
i_rf_static_aad[245] 	 Fanout: 1
i_rf_static_aad[244] 	 Fanout: 1
i_rf_static_aad[243] 	 Fanout: 1
i_rf_static_aad[242] 	 Fanout: 1
i_rf_static_aad[241] 	 Fanout: 1
i_rf_static_aad[240] 	 Fanout: 1
i_rf_static_aad[239] 	 Fanout: 1
i_rf_static_aad[238] 	 Fanout: 1
i_rf_static_aad[237] 	 Fanout: 1
i_rf_static_aad[236] 	 Fanout: 1
i_rf_static_aad[235] 	 Fanout: 1
i_rf_static_aad[234] 	 Fanout: 1
i_rf_static_aad[233] 	 Fanout: 1
i_rf_static_aad[232] 	 Fanout: 1
i_rf_static_aad[231] 	 Fanout: 1
i_rf_static_aad[230] 	 Fanout: 1
i_rf_static_aad[229] 	 Fanout: 1
i_rf_static_aad[228] 	 Fanout: 1
i_rf_static_aad[227] 	 Fanout: 1
i_rf_static_aad[226] 	 Fanout: 1
i_rf_static_aad[225] 	 Fanout: 1
i_rf_static_aad[224] 	 Fanout: 1
i_rf_static_aad[223] 	 Fanout: 1
i_rf_static_aad[222] 	 Fanout: 1
i_rf_static_aad[221] 	 Fanout: 1
i_rf_static_aad[220] 	 Fanout: 1
i_rf_static_aad[219] 	 Fanout: 1
i_rf_static_aad[218] 	 Fanout: 1
i_rf_static_aad[217] 	 Fanout: 1
i_rf_static_aad[216] 	 Fanout: 1
i_rf_static_aad[215] 	 Fanout: 1
i_rf_static_aad[214] 	 Fanout: 1
i_rf_static_aad[213] 	 Fanout: 1
i_rf_static_aad[212] 	 Fanout: 1
i_rf_static_aad[211] 	 Fanout: 1
i_rf_static_aad[210] 	 Fanout: 1
i_rf_static_aad[209] 	 Fanout: 1
i_rf_static_aad[208] 	 Fanout: 1
i_rf_static_aad[207] 	 Fanout: 1
i_rf_static_aad[206] 	 Fanout: 1
i_rf_static_aad[205] 	 Fanout: 1
i_rf_static_aad[204] 	 Fanout: 1
i_rf_static_aad[203] 	 Fanout: 1
i_rf_static_aad[202] 	 Fanout: 1
i_rf_static_aad[201] 	 Fanout: 1
i_rf_static_aad[200] 	 Fanout: 1
i_rf_static_aad[199] 	 Fanout: 1
i_rf_static_aad[198] 	 Fanout: 1
i_rf_static_aad[197] 	 Fanout: 1
i_rf_static_aad[196] 	 Fanout: 1
i_rf_static_aad[195] 	 Fanout: 1
i_rf_static_aad[194] 	 Fanout: 1
i_rf_static_aad[193] 	 Fanout: 1
i_rf_static_aad[192] 	 Fanout: 1
i_rf_static_aad[191] 	 Fanout: 1
i_rf_static_aad[190] 	 Fanout: 1
i_rf_static_aad[189] 	 Fanout: 1
i_rf_static_aad[188] 	 Fanout: 1
i_rf_static_aad[187] 	 Fanout: 1
i_rf_static_aad[186] 	 Fanout: 1
i_rf_static_aad[185] 	 Fanout: 1
i_rf_static_aad[184] 	 Fanout: 1
i_rf_static_aad[183] 	 Fanout: 1
i_rf_static_aad[182] 	 Fanout: 1
i_rf_static_aad[181] 	 Fanout: 1
i_rf_static_aad[180] 	 Fanout: 1
i_rf_static_aad[179] 	 Fanout: 1
i_rf_static_aad[178] 	 Fanout: 1
i_rf_static_aad[177] 	 Fanout: 1
i_rf_static_aad[176] 	 Fanout: 1
i_rf_static_aad[175] 	 Fanout: 1
i_rf_static_aad[174] 	 Fanout: 1
i_rf_static_aad[173] 	 Fanout: 1
i_rf_static_aad[172] 	 Fanout: 1
i_rf_static_aad[171] 	 Fanout: 1
i_rf_static_aad[170] 	 Fanout: 1
i_rf_static_aad[169] 	 Fanout: 1
i_rf_static_aad[168] 	 Fanout: 1
i_rf_static_aad[167] 	 Fanout: 1
i_rf_static_aad[166] 	 Fanout: 1
i_rf_static_aad[165] 	 Fanout: 1
i_rf_static_aad[164] 	 Fanout: 1
i_rf_static_aad[163] 	 Fanout: 1
i_rf_static_aad[162] 	 Fanout: 1
i_rf_static_aad[161] 	 Fanout: 1
i_rf_static_aad[160] 	 Fanout: 1
i_rf_static_aad[159] 	 Fanout: 1
i_rf_static_aad[158] 	 Fanout: 1
i_rf_static_aad[157] 	 Fanout: 1
i_rf_static_aad[156] 	 Fanout: 1
i_rf_static_aad[155] 	 Fanout: 1
i_rf_static_aad[154] 	 Fanout: 1
i_rf_static_aad[153] 	 Fanout: 1
i_rf_static_aad[152] 	 Fanout: 1
i_rf_static_aad[151] 	 Fanout: 1
i_rf_static_aad[150] 	 Fanout: 1
i_rf_static_aad[149] 	 Fanout: 1
i_rf_static_aad[148] 	 Fanout: 1
i_rf_static_aad[147] 	 Fanout: 1
i_rf_static_aad[146] 	 Fanout: 1
i_rf_static_aad[145] 	 Fanout: 1
i_rf_static_aad[144] 	 Fanout: 1
i_rf_static_aad[143] 	 Fanout: 1
i_rf_static_aad[142] 	 Fanout: 1
i_rf_static_aad[141] 	 Fanout: 1
i_rf_static_aad[140] 	 Fanout: 1
i_rf_static_aad[139] 	 Fanout: 1
i_rf_static_aad[138] 	 Fanout: 1
i_rf_static_aad[137] 	 Fanout: 1
i_rf_static_aad[136] 	 Fanout: 1
i_rf_static_aad[135] 	 Fanout: 1
i_rf_static_aad[134] 	 Fanout: 1
i_rf_static_aad[133] 	 Fanout: 1
i_rf_static_aad[132] 	 Fanout: 1
i_rf_static_aad[131] 	 Fanout: 1
i_rf_static_aad[130] 	 Fanout: 1
i_rf_static_aad[129] 	 Fanout: 1
i_rf_static_aad[128] 	 Fanout: 1
i_rf_static_aad[127] 	 Fanout: 1
i_rf_static_aad[126] 	 Fanout: 1
i_rf_static_aad[125] 	 Fanout: 1
i_rf_static_aad[124] 	 Fanout: 1
i_rf_static_aad[123] 	 Fanout: 1
i_rf_static_aad[122] 	 Fanout: 1
i_rf_static_aad[121] 	 Fanout: 1
i_rf_static_aad[120] 	 Fanout: 1
i_rf_static_aad[119] 	 Fanout: 1
i_rf_static_aad[118] 	 Fanout: 1
i_rf_static_aad[117] 	 Fanout: 1
i_rf_static_aad[116] 	 Fanout: 1
i_rf_static_aad[115] 	 Fanout: 1
i_rf_static_aad[114] 	 Fanout: 1
i_rf_static_aad[113] 	 Fanout: 1
i_rf_static_aad[112] 	 Fanout: 1
i_rf_static_aad[111] 	 Fanout: 1
i_rf_static_aad[110] 	 Fanout: 1
i_rf_static_aad[109] 	 Fanout: 1
i_rf_static_aad[108] 	 Fanout: 1
i_rf_static_aad[107] 	 Fanout: 1
i_rf_static_aad[106] 	 Fanout: 1
i_rf_static_aad[105] 	 Fanout: 1
i_rf_static_aad[104] 	 Fanout: 1
i_rf_static_aad[103] 	 Fanout: 1
i_rf_static_aad[102] 	 Fanout: 1
i_rf_static_aad[101] 	 Fanout: 1
i_rf_static_aad[100] 	 Fanout: 1
i_rf_static_aad[99] 	 Fanout: 1
i_rf_static_aad[98] 	 Fanout: 1
i_rf_static_aad[97] 	 Fanout: 1
i_rf_static_aad[96] 	 Fanout: 1
i_rf_static_aad[95] 	 Fanout: 1
i_rf_static_aad[94] 	 Fanout: 1
i_rf_static_aad[93] 	 Fanout: 1
i_rf_static_aad[92] 	 Fanout: 1
i_rf_static_aad[91] 	 Fanout: 1
i_rf_static_aad[90] 	 Fanout: 1
i_rf_static_aad[89] 	 Fanout: 1
i_rf_static_aad[88] 	 Fanout: 1
i_rf_static_aad[87] 	 Fanout: 1
i_rf_static_aad[86] 	 Fanout: 1
i_rf_static_aad[85] 	 Fanout: 1
i_rf_static_aad[84] 	 Fanout: 1
i_rf_static_aad[83] 	 Fanout: 1
i_rf_static_aad[82] 	 Fanout: 1
i_rf_static_aad[81] 	 Fanout: 1
i_rf_static_aad[80] 	 Fanout: 1
i_rf_static_aad[79] 	 Fanout: 1
i_rf_static_aad[78] 	 Fanout: 1
i_rf_static_aad[77] 	 Fanout: 1
i_rf_static_aad[76] 	 Fanout: 1
i_rf_static_aad[75] 	 Fanout: 1
i_rf_static_aad[74] 	 Fanout: 1
i_rf_static_aad[73] 	 Fanout: 1
i_rf_static_aad[72] 	 Fanout: 1
i_rf_static_aad[71] 	 Fanout: 1
i_rf_static_aad[70] 	 Fanout: 1
i_rf_static_aad[69] 	 Fanout: 1
i_rf_static_aad[68] 	 Fanout: 1
i_rf_static_aad[67] 	 Fanout: 1
i_rf_static_aad[66] 	 Fanout: 1
i_rf_static_aad[65] 	 Fanout: 1
i_rf_static_aad[64] 	 Fanout: 1
i_rf_static_aad[63] 	 Fanout: 1
i_rf_static_aad[62] 	 Fanout: 1
i_rf_static_aad[61] 	 Fanout: 1
i_rf_static_aad[60] 	 Fanout: 1
i_rf_static_aad[59] 	 Fanout: 1
i_rf_static_aad[58] 	 Fanout: 1
i_rf_static_aad[57] 	 Fanout: 1
i_rf_static_aad[56] 	 Fanout: 1
i_rf_static_aad[55] 	 Fanout: 1
i_rf_static_aad[54] 	 Fanout: 1
i_rf_static_aad[53] 	 Fanout: 1
i_rf_static_aad[52] 	 Fanout: 1
i_rf_static_aad[51] 	 Fanout: 1
i_rf_static_aad[50] 	 Fanout: 1
i_rf_static_aad[49] 	 Fanout: 1
i_rf_static_aad[48] 	 Fanout: 1
i_rf_static_aad[47] 	 Fanout: 1
i_rf_static_aad[46] 	 Fanout: 1
i_rf_static_aad[45] 	 Fanout: 1
i_rf_static_aad[44] 	 Fanout: 1
i_rf_static_aad[43] 	 Fanout: 1
i_rf_static_aad[42] 	 Fanout: 1
i_rf_static_aad[41] 	 Fanout: 1
i_rf_static_aad[40] 	 Fanout: 1
i_rf_static_aad[39] 	 Fanout: 1
i_rf_static_aad[38] 	 Fanout: 1
i_rf_static_aad[37] 	 Fanout: 1
i_rf_static_aad[36] 	 Fanout: 1
i_rf_static_aad[35] 	 Fanout: 1
i_rf_static_aad[34] 	 Fanout: 1
i_rf_static_aad[33] 	 Fanout: 1
i_rf_static_aad[32] 	 Fanout: 1
i_rf_static_aad[31] 	 Fanout: 1
i_rf_static_aad[30] 	 Fanout: 1
i_rf_static_aad[29] 	 Fanout: 1
i_rf_static_aad[28] 	 Fanout: 1
i_rf_static_aad[27] 	 Fanout: 1
i_rf_static_aad[26] 	 Fanout: 1
i_rf_static_aad[25] 	 Fanout: 1
i_rf_static_aad[24] 	 Fanout: 1
i_rf_static_aad[23] 	 Fanout: 1
i_rf_static_aad[22] 	 Fanout: 1
i_rf_static_aad[21] 	 Fanout: 1
i_rf_static_aad[20] 	 Fanout: 1
i_rf_static_aad[19] 	 Fanout: 1
i_rf_static_aad[18] 	 Fanout: 1
i_rf_static_aad[17] 	 Fanout: 1
i_rf_static_aad[16] 	 Fanout: 1
i_rf_static_aad[15] 	 Fanout: 1
i_rf_static_aad[14] 	 Fanout: 1
i_rf_static_aad[13] 	 Fanout: 1
i_rf_static_aad[12] 	 Fanout: 1
i_rf_static_aad[11] 	 Fanout: 1
i_rf_static_aad[10] 	 Fanout: 1
i_rf_static_aad[9] 	 Fanout: 1
i_rf_static_aad[8] 	 Fanout: 1
i_rf_static_aad[7] 	 Fanout: 1
i_rf_static_aad[6] 	 Fanout: 1
i_rf_static_aad[5] 	 Fanout: 1
i_rf_static_aad[4] 	 Fanout: 1
i_rf_static_aad[3] 	 Fanout: 1
i_rf_static_aad[2] 	 Fanout: 1
i_rf_static_aad[1] 	 Fanout: 1
i_rf_static_aad[0] 	 Fanout: 1
i_rf_static_iv[95] 	 Fanout: 2
i_rf_static_iv[94] 	 Fanout: 2
i_rf_static_iv[93] 	 Fanout: 2
i_rf_static_iv[92] 	 Fanout: 2
i_rf_static_iv[91] 	 Fanout: 2
i_rf_static_iv[90] 	 Fanout: 2
i_rf_static_iv[89] 	 Fanout: 2
i_rf_static_iv[88] 	 Fanout: 2
i_rf_static_iv[87] 	 Fanout: 2
i_rf_static_iv[86] 	 Fanout: 2
i_rf_static_iv[85] 	 Fanout: 2
i_rf_static_iv[84] 	 Fanout: 2
i_rf_static_iv[83] 	 Fanout: 2
i_rf_static_iv[82] 	 Fanout: 2
i_rf_static_iv[81] 	 Fanout: 2
i_rf_static_iv[80] 	 Fanout: 2
i_rf_static_iv[79] 	 Fanout: 2
i_rf_static_iv[78] 	 Fanout: 2
i_rf_static_iv[77] 	 Fanout: 2
i_rf_static_iv[76] 	 Fanout: 2
i_rf_static_iv[75] 	 Fanout: 2
i_rf_static_iv[74] 	 Fanout: 2
i_rf_static_iv[73] 	 Fanout: 2
i_rf_static_iv[72] 	 Fanout: 2
i_rf_static_iv[71] 	 Fanout: 2
i_rf_static_iv[70] 	 Fanout: 2
i_rf_static_iv[69] 	 Fanout: 2
i_rf_static_iv[68] 	 Fanout: 2
i_rf_static_iv[67] 	 Fanout: 2
i_rf_static_iv[66] 	 Fanout: 2
i_rf_static_iv[65] 	 Fanout: 2
i_rf_static_iv[64] 	 Fanout: 2
i_rf_static_iv[63] 	 Fanout: 2
i_rf_static_iv[62] 	 Fanout: 2
i_rf_static_iv[61] 	 Fanout: 2
i_rf_static_iv[60] 	 Fanout: 2
i_rf_static_iv[59] 	 Fanout: 2
i_rf_static_iv[58] 	 Fanout: 2
i_rf_static_iv[57] 	 Fanout: 2
i_rf_static_iv[56] 	 Fanout: 2
i_rf_static_iv[55] 	 Fanout: 2
i_rf_static_iv[54] 	 Fanout: 2
i_rf_static_iv[53] 	 Fanout: 2
i_rf_static_iv[52] 	 Fanout: 2
i_rf_static_iv[51] 	 Fanout: 2
i_rf_static_iv[50] 	 Fanout: 2
i_rf_static_iv[49] 	 Fanout: 2
i_rf_static_iv[48] 	 Fanout: 2
i_rf_static_iv[47] 	 Fanout: 2
i_rf_static_iv[46] 	 Fanout: 2
i_rf_static_iv[45] 	 Fanout: 2
i_rf_static_iv[44] 	 Fanout: 2
i_rf_static_iv[43] 	 Fanout: 2
i_rf_static_iv[42] 	 Fanout: 2
i_rf_static_iv[41] 	 Fanout: 2
i_rf_static_iv[40] 	 Fanout: 2
i_rf_static_iv[39] 	 Fanout: 2
i_rf_static_iv[38] 	 Fanout: 2
i_rf_static_iv[37] 	 Fanout: 2
i_rf_static_iv[36] 	 Fanout: 2
i_rf_static_iv[35] 	 Fanout: 2
i_rf_static_iv[34] 	 Fanout: 2
i_rf_static_iv[33] 	 Fanout: 2
i_rf_static_iv[32] 	 Fanout: 2
i_rf_static_iv[31] 	 Fanout: 2
i_rf_static_iv[30] 	 Fanout: 2
i_rf_static_iv[29] 	 Fanout: 2
i_rf_static_iv[28] 	 Fanout: 2
i_rf_static_iv[27] 	 Fanout: 2
i_rf_static_iv[26] 	 Fanout: 2
i_rf_static_iv[25] 	 Fanout: 2
i_rf_static_iv[24] 	 Fanout: 2
i_rf_static_iv[23] 	 Fanout: 2
i_rf_static_iv[22] 	 Fanout: 2
i_rf_static_iv[21] 	 Fanout: 1
i_rf_static_iv[20] 	 Fanout: 1
i_rf_static_iv[19] 	 Fanout: 1
i_rf_static_iv[18] 	 Fanout: 1
i_rf_static_iv[17] 	 Fanout: 1
i_rf_static_iv[16] 	 Fanout: 1
i_rf_static_iv[15] 	 Fanout: 1
i_rf_static_iv[14] 	 Fanout: 1
i_rf_static_iv[13] 	 Fanout: 1
i_rf_static_iv[12] 	 Fanout: 1
i_rf_static_iv[11] 	 Fanout: 2
i_rf_static_iv[10] 	 Fanout: 2
i_rf_static_iv[9] 	 Fanout: 1
i_rf_static_iv[8] 	 Fanout: 1
i_rf_static_iv[7] 	 Fanout: 2
i_rf_static_iv[6] 	 Fanout: 1
i_rf_static_iv[5] 	 Fanout: 1
i_rf_static_iv[4] 	 Fanout: 1
i_rf_static_iv[3] 	 Fanout: 2
i_rf_static_iv[2] 	 Fanout: 2
i_rf_static_iv[1] 	 Fanout: 2
i_rf_static_iv[0] 	 Fanout: 2
i_rf_static_length_aad[63] 	 Fanout: 3
i_rf_static_length_aad[62] 	 Fanout: 3
i_rf_static_length_aad[61] 	 Fanout: 3
i_rf_static_length_aad[60] 	 Fanout: 3
i_rf_static_length_aad[59] 	 Fanout: 3
i_rf_static_length_aad[58] 	 Fanout: 3
i_rf_static_length_aad[57] 	 Fanout: 3
i_rf_static_length_aad[56] 	 Fanout: 3
i_rf_static_length_aad[55] 	 Fanout: 3
i_rf_static_length_aad[54] 	 Fanout: 3
i_rf_static_length_aad[53] 	 Fanout: 3
i_rf_static_length_aad[52] 	 Fanout: 3
i_rf_static_length_aad[51] 	 Fanout: 3
i_rf_static_length_aad[50] 	 Fanout: 3
i_rf_static_length_aad[49] 	 Fanout: 3
i_rf_static_length_aad[48] 	 Fanout: 3
i_rf_static_length_aad[47] 	 Fanout: 3
i_rf_static_length_aad[46] 	 Fanout: 3
i_rf_static_length_aad[45] 	 Fanout: 3
i_rf_static_length_aad[44] 	 Fanout: 3
i_rf_static_length_aad[43] 	 Fanout: 3
i_rf_static_length_aad[42] 	 Fanout: 3
i_rf_static_length_aad[41] 	 Fanout: 3
i_rf_static_length_aad[40] 	 Fanout: 3
i_rf_static_length_aad[39] 	 Fanout: 3
i_rf_static_length_aad[38] 	 Fanout: 3
i_rf_static_length_aad[37] 	 Fanout: 3
i_rf_static_length_aad[36] 	 Fanout: 3
i_rf_static_length_aad[35] 	 Fanout: 3
i_rf_static_length_aad[34] 	 Fanout: 3
i_rf_static_length_aad[33] 	 Fanout: 3
i_rf_static_length_aad[32] 	 Fanout: 3
i_rf_static_length_aad[31] 	 Fanout: 3
i_rf_static_length_aad[30] 	 Fanout: 3
i_rf_static_length_aad[29] 	 Fanout: 3
i_rf_static_length_aad[28] 	 Fanout: 3
i_rf_static_length_aad[27] 	 Fanout: 3
i_rf_static_length_aad[26] 	 Fanout: 3
i_rf_static_length_aad[25] 	 Fanout: 3
i_rf_static_length_aad[24] 	 Fanout: 3
i_rf_static_length_aad[23] 	 Fanout: 3
i_rf_static_length_aad[22] 	 Fanout: 3
i_rf_static_length_aad[21] 	 Fanout: 3
i_rf_static_length_aad[20] 	 Fanout: 3
i_rf_static_length_aad[19] 	 Fanout: 3
i_rf_static_length_aad[18] 	 Fanout: 3
i_rf_static_length_aad[17] 	 Fanout: 7
i_rf_static_length_aad[16] 	 Fanout: 7
i_rf_static_length_aad[15] 	 Fanout: 7
i_rf_static_length_aad[14] 	 Fanout: 8
i_rf_static_length_aad[13] 	 Fanout: 8
i_rf_static_length_aad[12] 	 Fanout: 6
i_rf_static_length_aad[11] 	 Fanout: 7
i_rf_static_length_aad[10] 	 Fanout: 7
i_rf_static_length_aad[9] 	 Fanout: 6
i_rf_static_length_aad[8] 	 Fanout: 8
i_rf_static_length_aad[7] 	 Fanout: 3
i_rf_static_length_aad[6] 	 Fanout: 3
i_rf_static_length_aad[5] 	 Fanout: 3
i_rf_static_length_aad[4] 	 Fanout: 3
i_rf_static_length_aad[3] 	 Fanout: 3
i_rf_static_length_aad[2] 	 Fanout: 3
i_rf_static_length_aad[1] 	 Fanout: 3
i_rf_static_length_aad[0] 	 Fanout: 3
i_rf_static_length_plaintext[63] 	 Fanout: 3
i_rf_static_length_plaintext[62] 	 Fanout: 3
i_rf_static_length_plaintext[61] 	 Fanout: 3
i_rf_static_length_plaintext[60] 	 Fanout: 3
i_rf_static_length_plaintext[59] 	 Fanout: 3
i_rf_static_length_plaintext[58] 	 Fanout: 3
i_rf_static_length_plaintext[57] 	 Fanout: 3
i_rf_static_length_plaintext[56] 	 Fanout: 3
i_rf_static_length_plaintext[55] 	 Fanout: 3
i_rf_static_length_plaintext[54] 	 Fanout: 3
i_rf_static_length_plaintext[53] 	 Fanout: 3
i_rf_static_length_plaintext[52] 	 Fanout: 3
i_rf_static_length_plaintext[51] 	 Fanout: 3
i_rf_static_length_plaintext[50] 	 Fanout: 3
i_rf_static_length_plaintext[49] 	 Fanout: 3
i_rf_static_length_plaintext[48] 	 Fanout: 3
i_rf_static_length_plaintext[47] 	 Fanout: 3
i_rf_static_length_plaintext[46] 	 Fanout: 3
i_rf_static_length_plaintext[45] 	 Fanout: 3
i_rf_static_length_plaintext[44] 	 Fanout: 3
i_rf_static_length_plaintext[43] 	 Fanout: 3
i_rf_static_length_plaintext[42] 	 Fanout: 3
i_rf_static_length_plaintext[41] 	 Fanout: 3
i_rf_static_length_plaintext[40] 	 Fanout: 3
i_rf_static_length_plaintext[39] 	 Fanout: 3
i_rf_static_length_plaintext[38] 	 Fanout: 3
i_rf_static_length_plaintext[37] 	 Fanout: 3
i_rf_static_length_plaintext[36] 	 Fanout: 3
i_rf_static_length_plaintext[35] 	 Fanout: 3
i_rf_static_length_plaintext[34] 	 Fanout: 3
i_rf_static_length_plaintext[33] 	 Fanout: 3
i_rf_static_length_plaintext[32] 	 Fanout: 3
i_rf_static_length_plaintext[31] 	 Fanout: 3
i_rf_static_length_plaintext[30] 	 Fanout: 3
i_rf_static_length_plaintext[29] 	 Fanout: 3
i_rf_static_length_plaintext[28] 	 Fanout: 3
i_rf_static_length_plaintext[27] 	 Fanout: 3
i_rf_static_length_plaintext[26] 	 Fanout: 3
i_rf_static_length_plaintext[25] 	 Fanout: 3
i_rf_static_length_plaintext[24] 	 Fanout: 3
i_rf_static_length_plaintext[23] 	 Fanout: 3
i_rf_static_length_plaintext[22] 	 Fanout: 3
i_rf_static_length_plaintext[21] 	 Fanout: 3
i_rf_static_length_plaintext[20] 	 Fanout: 3
i_rf_static_length_plaintext[19] 	 Fanout: 3
i_rf_static_length_plaintext[18] 	 Fanout: 3
i_rf_static_length_plaintext[17] 	 Fanout: 7
i_rf_static_length_plaintext[16] 	 Fanout: 6
i_rf_static_length_plaintext[15] 	 Fanout: 5
i_rf_static_length_plaintext[14] 	 Fanout: 9
i_rf_static_length_plaintext[13] 	 Fanout: 9
i_rf_static_length_plaintext[12] 	 Fanout: 9
i_rf_static_length_plaintext[11] 	 Fanout: 8
i_rf_static_length_plaintext[10] 	 Fanout: 9
i_rf_static_length_plaintext[9] 	 Fanout: 10
i_rf_static_length_plaintext[8] 	 Fanout: 8
i_rf_static_length_plaintext[7] 	 Fanout: 3
i_rf_static_length_plaintext[6] 	 Fanout: 3
i_rf_static_length_plaintext[5] 	 Fanout: 3
i_rf_static_length_plaintext[4] 	 Fanout: 3
i_rf_static_length_plaintext[3] 	 Fanout: 3
i_rf_static_length_plaintext[2] 	 Fanout: 3
i_rf_static_length_plaintext[1] 	 Fanout: 3
i_rf_static_length_plaintext[0] 	 Fanout: 3
i_sop 	 Fanout: 4
i_valid 	 Fanout: 3
i_enable 	 Fanout: 3
i_update_key 	 Fanout: 7
i_rf_static_inc_mode[1] 	 Fanout: 2
i_rf_static_inc_mode[0] 	 Fanout: 2
i_rf_mode_gmac 	 Fanout: 1
i_rf_static_encrypt 	 Fanout: 9
i_reset 	 Fanout: 11

Unconnected Inputs:
-------------------
i_clear_fault_flags

************************************************************************************

Output Ports
------------
Total: 389
Registered: 0
Unregistered: 388
Unconnected: 1

Unregistered Outputs:
---------------------
o_ciphertext[255]
o_ciphertext[254]
o_ciphertext[253]
o_ciphertext[252]
o_ciphertext[251]
o_ciphertext[250]
o_ciphertext[249]
o_ciphertext[248]
o_ciphertext[247]
o_ciphertext[246]
o_ciphertext[245]
o_ciphertext[244]
o_ciphertext[243]
o_ciphertext[242]
o_ciphertext[241]
o_ciphertext[240]
o_ciphertext[239]
o_ciphertext[238]
o_ciphertext[237]
o_ciphertext[236]
o_ciphertext[235]
o_ciphertext[234]
o_ciphertext[233]
o_ciphertext[232]
o_ciphertext[231]
o_ciphertext[230]
o_ciphertext[229]
o_ciphertext[228]
o_ciphertext[227]
o_ciphertext[226]
o_ciphertext[225]
o_ciphertext[224]
o_ciphertext[223]
o_ciphertext[222]
o_ciphertext[221]
o_ciphertext[220]
o_ciphertext[219]
o_ciphertext[218]
o_ciphertext[217]
o_ciphertext[216]
o_ciphertext[215]
o_ciphertext[214]
o_ciphertext[213]
o_ciphertext[212]
o_ciphertext[211]
o_ciphertext[210]
o_ciphertext[209]
o_ciphertext[208]
o_ciphertext[207]
o_ciphertext[206]
o_ciphertext[205]
o_ciphertext[204]
o_ciphertext[203]
o_ciphertext[202]
o_ciphertext[201]
o_ciphertext[200]
o_ciphertext[199]
o_ciphertext[198]
o_ciphertext[197]
o_ciphertext[196]
o_ciphertext[195]
o_ciphertext[194]
o_ciphertext[193]
o_ciphertext[192]
o_ciphertext[191]
o_ciphertext[190]
o_ciphertext[189]
o_ciphertext[188]
o_ciphertext[187]
o_ciphertext[186]
o_ciphertext[185]
o_ciphertext[184]
o_ciphertext[183]
o_ciphertext[182]
o_ciphertext[181]
o_ciphertext[180]
o_ciphertext[179]
o_ciphertext[178]
o_ciphertext[177]
o_ciphertext[176]
o_ciphertext[175]
o_ciphertext[174]
o_ciphertext[173]
o_ciphertext[172]
o_ciphertext[171]
o_ciphertext[170]
o_ciphertext[169]
o_ciphertext[168]
o_ciphertext[167]
o_ciphertext[166]
o_ciphertext[165]
o_ciphertext[164]
o_ciphertext[163]
o_ciphertext[162]
o_ciphertext[161]
o_ciphertext[160]
o_ciphertext[159]
o_ciphertext[158]
o_ciphertext[157]
o_ciphertext[156]
o_ciphertext[155]
o_ciphertext[154]
o_ciphertext[153]
o_ciphertext[152]
o_ciphertext[151]
o_ciphertext[150]
o_ciphertext[149]
o_ciphertext[148]
o_ciphertext[147]
o_ciphertext[146]
o_ciphertext[145]
o_ciphertext[144]
o_ciphertext[143]
o_ciphertext[142]
o_ciphertext[141]
o_ciphertext[140]
o_ciphertext[139]
o_ciphertext[138]
o_ciphertext[137]
o_ciphertext[136]
o_ciphertext[135]
o_ciphertext[134]
o_ciphertext[133]
o_ciphertext[132]
o_ciphertext[131]
o_ciphertext[130]
o_ciphertext[129]
o_ciphertext[128]
o_ciphertext[127]
o_ciphertext[126]
o_ciphertext[125]
o_ciphertext[124]
o_ciphertext[123]
o_ciphertext[122]
o_ciphertext[121]
o_ciphertext[120]
o_ciphertext[119]
o_ciphertext[118]
o_ciphertext[117]
o_ciphertext[116]
o_ciphertext[115]
o_ciphertext[114]
o_ciphertext[113]
o_ciphertext[112]
o_ciphertext[111]
o_ciphertext[110]
o_ciphertext[109]
o_ciphertext[108]
o_ciphertext[107]
o_ciphertext[106]
o_ciphertext[105]
o_ciphertext[104]
o_ciphertext[103]
o_ciphertext[102]
o_ciphertext[101]
o_ciphertext[100]
o_ciphertext[99]
o_ciphertext[98]
o_ciphertext[97]
o_ciphertext[96]
o_ciphertext[95]
o_ciphertext[94]
o_ciphertext[93]
o_ciphertext[92]
o_ciphertext[91]
o_ciphertext[90]
o_ciphertext[89]
o_ciphertext[88]
o_ciphertext[87]
o_ciphertext[86]
o_ciphertext[85]
o_ciphertext[84]
o_ciphertext[83]
o_ciphertext[82]
o_ciphertext[81]
o_ciphertext[80]
o_ciphertext[79]
o_ciphertext[78]
o_ciphertext[77]
o_ciphertext[76]
o_ciphertext[75]
o_ciphertext[74]
o_ciphertext[73]
o_ciphertext[72]
o_ciphertext[71]
o_ciphertext[70]
o_ciphertext[69]
o_ciphertext[68]
o_ciphertext[67]
o_ciphertext[66]
o_ciphertext[65]
o_ciphertext[64]
o_ciphertext[63]
o_ciphertext[62]
o_ciphertext[61]
o_ciphertext[60]
o_ciphertext[59]
o_ciphertext[58]
o_ciphertext[57]
o_ciphertext[56]
o_ciphertext[55]
o_ciphertext[54]
o_ciphertext[53]
o_ciphertext[52]
o_ciphertext[51]
o_ciphertext[50]
o_ciphertext[49]
o_ciphertext[48]
o_ciphertext[47]
o_ciphertext[46]
o_ciphertext[45]
o_ciphertext[44]
o_ciphertext[43]
o_ciphertext[42]
o_ciphertext[41]
o_ciphertext[40]
o_ciphertext[39]
o_ciphertext[38]
o_ciphertext[37]
o_ciphertext[36]
o_ciphertext[35]
o_ciphertext[34]
o_ciphertext[33]
o_ciphertext[32]
o_ciphertext[31]
o_ciphertext[30]
o_ciphertext[29]
o_ciphertext[28]
o_ciphertext[27]
o_ciphertext[26]
o_ciphertext[25]
o_ciphertext[24]
o_ciphertext[23]
o_ciphertext[22]
o_ciphertext[21]
o_ciphertext[20]
o_ciphertext[19]
o_ciphertext[18]
o_ciphertext[17]
o_ciphertext[16]
o_ciphertext[15]
o_ciphertext[14]
o_ciphertext[13]
o_ciphertext[12]
o_ciphertext[11]
o_ciphertext[10]
o_ciphertext[9]
o_ciphertext[8]
o_ciphertext[7]
o_ciphertext[6]
o_ciphertext[5]
o_ciphertext[4]
o_ciphertext[3]
o_ciphertext[2]
o_ciphertext[1]
o_ciphertext[0]
o_fail
o_sop
o_valid
o_tag[127]
o_tag[126]
o_tag[125]
o_tag[124]
o_tag[123]
o_tag[122]
o_tag[121]
o_tag[120]
o_tag[119]
o_tag[118]
o_tag[117]
o_tag[116]
o_tag[115]
o_tag[114]
o_tag[113]
o_tag[112]
o_tag[111]
o_tag[110]
o_tag[109]
o_tag[108]
o_tag[107]
o_tag[106]
o_tag[105]
o_tag[104]
o_tag[103]
o_tag[102]
o_tag[101]
o_tag[100]
o_tag[99]
o_tag[98]
o_tag[97]
o_tag[96]
o_tag[95]
o_tag[94]
o_tag[93]
o_tag[92]
o_tag[91]
o_tag[90]
o_tag[89]
o_tag[88]
o_tag[87]
o_tag[86]
o_tag[85]
o_tag[84]
o_tag[83]
o_tag[82]
o_tag[81]
o_tag[80]
o_tag[79]
o_tag[78]
o_tag[77]
o_tag[76]
o_tag[75]
o_tag[74]
o_tag[73]
o_tag[72]
o_tag[71]
o_tag[70]
o_tag[69]
o_tag[68]
o_tag[67]
o_tag[66]
o_tag[65]
o_tag[64]
o_tag[63]
o_tag[62]
o_tag[61]
o_tag[60]
o_tag[59]
o_tag[58]
o_tag[57]
o_tag[56]
o_tag[55]
o_tag[54]
o_tag[53]
o_tag[52]
o_tag[51]
o_tag[50]
o_tag[49]
o_tag[48]
o_tag[47]
o_tag[46]
o_tag[45]
o_tag[44]
o_tag[43]
o_tag[42]
o_tag[41]
o_tag[40]
o_tag[39]
o_tag[38]
o_tag[37]
o_tag[36]
o_tag[35]
o_tag[34]
o_tag[33]
o_tag[32]
o_tag[31]
o_tag[30]
o_tag[29]
o_tag[28]
o_tag[27]
o_tag[26]
o_tag[25]
o_tag[24]
o_tag[23]
o_tag[22]
o_tag[21]
o_tag[20]
o_tag[19]
o_tag[18]
o_tag[17]
o_tag[16]
o_tag[15]
o_tag[14]
o_tag[13]
o_tag[12]
o_tag[11]
o_tag[10]
o_tag[9]
o_tag[8]
o_tag[7]
o_tag[6]
o_tag[5]
o_tag[4]
o_tag[3]
o_tag[2]
o_tag[1]
o_tag[0]
o_tag_ready

Unconnected Outputs:
--------------------
o_fault_sop_and_keyupdate
