============================================================
  Generated by:           Encounter(R) RTL Compiler RC14.28 - v14.20-s067_1
  Generated on:           Jul 03 2017  02:02:12 pm
  Module:                 gcm_aes_core
  Technology libraries:   tcbn16ffplusglbwp7d5t16p96cpdssgnp0p63v0c_ccs 111
                          tcbn16ffplusglbwp7d5t16p96cpdmbssgnp0p63v0c_ccs 111
                          tcbn16ffplusllbwp7d5t16p96cpdlvtssgnp0p63v0c_ccs 111
                          tcbn16ffplusllbwp7d5t16p96cpdulvtssgnp0p63v0c_ccs 111
                          tcbn16ffplusglbwp7d5t16p96cpdmbulvtssgnp0p63v0c_ccs 111
                          tcbn16ffplusglbwp7d5t16p96cpdmblvtssgnp0p63v0c_ccs 111
  Operating conditions:   ssgnp0p63v0c 
  Interconnect mode:      global
  Area mode:              physical library
============================================================

                                  
   Type    Instances  Area Area % 
----------------------------------
sequential     43000 0.000    0.0 
inverter        7386 0.000    0.0 
logic         153875 0.000    0.0 
----------------------------------
total         204261 0.000    0.0 

