============================================================
  Generated by:           Encounter(R) RTL Compiler RC14.28 - v14.20-s067_1
  Generated on:           Jul 03 2017  02:59:12 pm
  Module:                 gcm_aes_core
  Technology library:     <suppressed>
  Operating conditions:   <suppressed>
  Interconnect mode:      global
  Area mode:              physical library
============================================================

                                                    Leakage   Internal  
           Gate             Instances     Area    Power (mW) Power (mW)                      Library                     
-------------------------------------------------------------------------------------------------------------------------
AN2D1BWP7D5T16P96CPD               29       6.682      0.000      0.004    tcbn16ffplusglbwp7d5t16p96cpdssgnp0p63v0c_ccs 
AN2D2BWP7D5T16P96CPD               11       2.534      0.000      0.002    tcbn16ffplusglbwp7d5t16p96cpdssgnp0p63v0c_ccs 
AN2D4BWP7D5T16P96CPD              146      67.277      0.000      0.033    tcbn16ffplusglbwp7d5t16p96cpdssgnp0p63v0c_ccs 
AN3D1BWP7D5T16P96CPD              231      63.867      0.000      0.015    tcbn16ffplusglbwp7d5t16p96cpdssgnp0p63v0c_ccs 
AN3D2BWP7D5T16P96CPD                1       0.276      0.000      0.000    tcbn16ffplusglbwp7d5t16p96cpdssgnp0p63v0c_ccs 
AN3D8BWP7D5T16P96CPD                1       0.876      0.000      0.000    tcbn16ffplusglbwp7d5t16p96cpdssgnp0p63v0c_ccs 
AN4D1BWP7D5T16P96CPD                3       0.968      0.000      0.000    tcbn16ffplusglbwp7d5t16p96cpdssgnp0p63v0c_ccs 
AN4D4BWP7D5T16P96CPD                2       1.198      0.000      0.000    tcbn16ffplusglbwp7d5t16p96cpdssgnp0p63v0c_ccs 
AO21D1BWP7D5T16P96CPD             976     269.844      0.000      0.212    tcbn16ffplusglbwp7d5t16p96cpdssgnp0p63v0c_ccs 
AO21D2BWP7D5T16P96CPD               1       0.323      0.000      0.000    tcbn16ffplusglbwp7d5t16p96cpdssgnp0p63v0c_ccs 
AO21D4BWP7D5T16P96CPD               1       0.415      0.000      0.000    tcbn16ffplusglbwp7d5t16p96cpdssgnp0p63v0c_ccs 
AO22D1BWP7D5T16P96CPD             659     212.567      0.000      0.123    tcbn16ffplusglbwp7d5t16p96cpdssgnp0p63v0c_ccs 
AO22D2BWP7D5T16P96CPD               1       0.369      0.000      0.000    tcbn16ffplusglbwp7d5t16p96cpdssgnp0p63v0c_ccs 
AOAI211D2BWP7D5T16P96CPD            7       3.226      0.000      0.001    tcbn16ffplusglbwp7d5t16p96cpdssgnp0p63v0c_ccs 
AOAI211D4BWP7D5T16P96CPD            1       0.829      0.000      0.000    tcbn16ffplusglbwp7d5t16p96cpdssgnp0p63v0c_ccs 
AOI211D1BWP7D5T16P96CPD             9       2.488      0.000      0.000    tcbn16ffplusglbwp7d5t16p96cpdssgnp0p63v0c_ccs 
AOI211D1P5BWP7D5T16P96CPD           2       0.829      0.000      0.000    tcbn16ffplusglbwp7d5t16p96cpdssgnp0p63v0c_ccs 
AOI211D2BWP7D5T16P96CPD             1       0.415      0.000      0.000    tcbn16ffplusglbwp7d5t16p96cpdssgnp0p63v0c_ccs 
AOI21D1BWP7D5T16P96CPD           1016     234.086      0.000      0.056    tcbn16ffplusglbwp7d5t16p96cpdssgnp0p63v0c_ccs 
AOI21D1P5BWP7D5T16P96CPD            6       1.935      0.000      0.000    tcbn16ffplusglbwp7d5t16p96cpdssgnp0p63v0c_ccs 
AOI21D2BWP7D5T16P96CPD             11       3.548      0.000      0.000    tcbn16ffplusglbwp7d5t16p96cpdssgnp0p63v0c_ccs 
AOI21D4BWP7D5T16P96CPD             81      48.522      0.000      0.018    tcbn16ffplusglbwp7d5t16p96cpdssgnp0p63v0c_ccs 
AOI21D8BWP7D5T16P96CPD              8       9.585      0.000      0.004    tcbn16ffplusglbwp7d5t16p96cpdssgnp0p63v0c_ccs 
AOI221D1BWP7D5T16P96CPD           709     261.366      0.000      0.049    tcbn16ffplusglbwp7d5t16p96cpdssgnp0p63v0c_ccs 
AOI221D2BWP7D5T16P96CPD             9       5.391      0.000      0.001    tcbn16ffplusglbwp7d5t16p96cpdssgnp0p63v0c_ccs 
AOI222D1BWP7D5T16P96CPD           484     223.027      0.000      0.055    tcbn16ffplusglbwp7d5t16p96cpdssgnp0p63v0c_ccs 
AOI222D2BWP7D5T16P96CPD            14      10.322      0.000      0.002    tcbn16ffplusglbwp7d5t16p96cpdssgnp0p63v0c_ccs 
AOI22D1BWP7D5T16P96CPD            131      36.219      0.000      0.002    tcbn16ffplusglbwp7d5t16p96cpdssgnp0p63v0c_ccs 
AOI22D1P5BWP7D5T16P96CPD            7       2.903      0.000      0.000    tcbn16ffplusglbwp7d5t16p96cpdssgnp0p63v0c_ccs 
AOI22D2BWP7D5T16P96CPD            226      93.727      0.000      0.020    tcbn16ffplusglbwp7d5t16p96cpdssgnp0p63v0c_ccs 
AOI22D4BWP7D5T16P96CPD            355     294.451      0.000      0.201    tcbn16ffplusglbwp7d5t16p96cpdssgnp0p63v0c_ccs 
AOI22D8BWP7D5T16P96CPD              2       3.133      0.000      0.001    tcbn16ffplusglbwp7d5t16p96cpdssgnp0p63v0c_ccs 
AOI31D1BWP7D5T16P96CPD              4       1.106      0.000      0.000    tcbn16ffplusglbwp7d5t16p96cpdssgnp0p63v0c_ccs 
AOI31D2BWP7D5T16P96CPD              7       3.226      0.000      0.000    tcbn16ffplusglbwp7d5t16p96cpdssgnp0p63v0c_ccs 
AOI31SKND1BWP7D5T16P96CPD           3       0.829      0.000      0.000    tcbn16ffplusglbwp7d5t16p96cpdssgnp0p63v0c_ccs 
AOI31SKPD1BWP7D5T16P96CPD         129      35.666      0.000      0.005    tcbn16ffplusglbwp7d5t16p96cpdssgnp0p63v0c_ccs 
AOI32D1BWP7D5T16P96CPD              4       1.290      0.000      0.000    tcbn16ffplusglbwp7d5t16p96cpdssgnp0p63v0c_ccs 
AOI32D2BWP7D5T16P96CPD              1       0.507      0.000      0.000    tcbn16ffplusglbwp7d5t16p96cpdssgnp0p63v0c_ccs 
BUFFD1BWP7D5T16P96CPD              58      10.691      0.000      0.010    tcbn16ffplusglbwp7d5t16p96cpdssgnp0p63v0c_ccs 
BUFFD2BWP7D5T16P96CPD             226      52.070      0.000      0.056    tcbn16ffplusglbwp7d5t16p96cpdssgnp0p63v0c_ccs 
BUFFD3BWP7D5T16P96CPD              12       3.318      0.000      0.005    tcbn16ffplusglbwp7d5t16p96cpdssgnp0p63v0c_ccs 
BUFFD6BWP7D5T16P96CPD             160      66.355      0.000      0.095    tcbn16ffplusglbwp7d5t16p96cpdssgnp0p63v0c_ccs 
BUFFD8BWP7D5T16P96CPD              87      48.108      0.000      0.057    tcbn16ffplusglbwp7d5t16p96cpdssgnp0p63v0c_ccs 
BUFFSKND1BWP7D5T16P96CPD            2       0.369      0.000      0.000    tcbn16ffplusglbwp7d5t16p96cpdssgnp0p63v0c_ccs 
BUFFSKND6BWP7D5T16P96CPD           57      23.639      0.000      0.033    tcbn16ffplusglbwp7d5t16p96cpdssgnp0p63v0c_ccs 
BUFFSKND8BWP7D5T16P96CPD            1       0.553      0.000      0.000    tcbn16ffplusglbwp7d5t16p96cpdssgnp0p63v0c_ccs 
BUFFSKPD1BWP7D5T16P96CPD            3       0.553      0.000      0.000    tcbn16ffplusglbwp7d5t16p96cpdssgnp0p63v0c_ccs 
BUFFSKPD2BWP7D5T16P96CPD            6       1.382      0.000      0.002    tcbn16ffplusglbwp7d5t16p96cpdssgnp0p63v0c_ccs 
BUFFSKPD4BWP7D5T16P96CPD           11       3.548      0.000      0.003    tcbn16ffplusglbwp7d5t16p96cpdssgnp0p63v0c_ccs 
BUFFSKPD6BWP7D5T16P96CPD            6       2.488      0.000      0.005    tcbn16ffplusglbwp7d5t16p96cpdssgnp0p63v0c_ccs 
BUFFSKPD8BWP7D5T16P96CPD            2       1.106      0.000      0.002    tcbn16ffplusglbwp7d5t16p96cpdssgnp0p63v0c_ccs 
CKAN2D1BWP7D5T16P96CPD           4091     942.566      0.000      0.578    tcbn16ffplusglbwp7d5t16p96cpdssgnp0p63v0c_ccs 
CKAN2D2BWP7D5T16P96CPD              8       2.212      0.000      0.001    tcbn16ffplusglbwp7d5t16p96cpdssgnp0p63v0c_ccs 
CKAN2D4BWP7D5T16P96CPD              2       0.922      0.000      0.000    tcbn16ffplusglbwp7d5t16p96cpdssgnp0p63v0c_ccs 
CKAN2D8BWP7D5T16P96CPD             23      16.957      0.000      0.009    tcbn16ffplusglbwp7d5t16p96cpdssgnp0p63v0c_ccs 
CKBD1BWP7D5T16P96CPD               82      15.114      0.000      0.012    tcbn16ffplusglbwp7d5t16p96cpdssgnp0p63v0c_ccs 
CKBD4BWP7D5T16P96CPD                1       0.323      0.000      0.000    tcbn16ffplusglbwp7d5t16p96cpdssgnp0p63v0c_ccs 
CKBD5BWP7D5T16P96CPD                7       2.903      0.000      0.004    tcbn16ffplusglbwp7d5t16p96cpdssgnp0p63v0c_ccs 
CKLNQD1BWP7D5T16P96CPD            634     409.006      0.000      0.396    tcbn16ffplusglbwp7d5t16p96cpdssgnp0p63v0c_ccs 
CKMUX2D1BWP7D5T16P96CPD          1303     540.380      0.000      0.242    tcbn16ffplusglbwp7d5t16p96cpdssgnp0p63v0c_ccs 
CKMUX2D2BWP7D5T16P96CPD           119      49.352      0.000      0.030    tcbn16ffplusglbwp7d5t16p96cpdssgnp0p63v0c_ccs 
CKMUX2D4BWP7D5T16P96CPD             1       0.783      0.000      0.001    tcbn16ffplusglbwp7d5t16p96cpdssgnp0p63v0c_ccs 
CKMUX2D8BWP7D5T16P96CPD             2       2.396      0.000      0.000    tcbn16ffplusglbwp7d5t16p96cpdssgnp0p63v0c_ccs 
CKND1BWP7D5T16P96CPD               37       5.115      0.000      0.002    tcbn16ffplusglbwp7d5t16p96cpdssgnp0p63v0c_ccs 
CKND2BWP7D5T16P96CPD              233      32.210      0.000      0.010    tcbn16ffplusglbwp7d5t16p96cpdssgnp0p63v0c_ccs 
CKND2D1BWP7D5T16P96CPD          14105    1949.875      0.000      0.631    tcbn16ffplusglbwp7d5t16p96cpdssgnp0p63v0c_ccs 
CKND2D2BWP7D5T16P96CPD            195      44.928      0.000      0.008    tcbn16ffplusglbwp7d5t16p96cpdssgnp0p63v0c_ccs 
CKND2D4BWP7D5T16P96CPD             26      10.783      0.000      0.003    tcbn16ffplusglbwp7d5t16p96cpdssgnp0p63v0c_ccs 
CKND2D8BWP7D5T16P96CPD             37      28.984      0.000      0.004    tcbn16ffplusglbwp7d5t16p96cpdssgnp0p63v0c_ccs 
CKND3BWP7D5T16P96CPD                2       0.369      0.000      0.000    tcbn16ffplusglbwp7d5t16p96cpdssgnp0p63v0c_ccs 
CKND4BWP7D5T16P96CPD                2       0.461      0.000      0.000    tcbn16ffplusglbwp7d5t16p96cpdssgnp0p63v0c_ccs 
CKND5BWP7D5T16P96CPD               66      18.248      0.000      0.010    tcbn16ffplusglbwp7d5t16p96cpdssgnp0p63v0c_ccs 
CKND6BWP7D5T16P96CPD              181      58.383      0.000      0.029    tcbn16ffplusglbwp7d5t16p96cpdssgnp0p63v0c_ccs 
CKND8BWP7D5T16P96CPD               91      37.740      0.000      0.018    tcbn16ffplusglbwp7d5t16p96cpdssgnp0p63v0c_ccs 
CKNR2D1BWP7D5T16P96CPD             50       9.216      0.000      0.002    tcbn16ffplusglbwp7d5t16p96cpdssgnp0p63v0c_ccs 
CKNR2D2BWP7D5T16P96CPD              5       1.382      0.000      0.000    tcbn16ffplusglbwp7d5t16p96cpdssgnp0p63v0c_ccs 
CKNR2D4BWP7D5T16P96CPD             12       4.977      0.000      0.001    tcbn16ffplusglbwp7d5t16p96cpdssgnp0p63v0c_ccs 
CKNR2D8BWP7D5T16P96CPD              6       4.700      0.000      0.001    tcbn16ffplusglbwp7d5t16p96cpdssgnp0p63v0c_ccs 
CKOR2D1BWP7D5T16P96CPD             19       4.378      0.000      0.002    tcbn16ffplusglbwp7d5t16p96cpdssgnp0p63v0c_ccs 
CKOR2D2BWP7D5T16P96CPD              3       0.829      0.000      0.001    tcbn16ffplusglbwp7d5t16p96cpdssgnp0p63v0c_ccs 
CKOR2D4BWP7D5T16P96CPD             12       5.530      0.000      0.004    tcbn16ffplusglbwp7d5t16p96cpdssgnp0p63v0c_ccs 
CKOR2D8BWP7D5T16P96CPD              2       1.475      0.000      0.000    tcbn16ffplusglbwp7d5t16p96cpdssgnp0p63v0c_ccs 
CKXOR2D1BWP7D5T16P96CPD         14875    6168.960      0.000      3.379    tcbn16ffplusglbwp7d5t16p96cpdssgnp0p63v0c_ccs 
CKXOR2D2BWP7D5T16P96CPD            25      12.672      0.000      0.015    tcbn16ffplusglbwp7d5t16p96cpdssgnp0p63v0c_ccs 
CKXOR2D4BWP7D5T16P96CPD           746     618.762      0.000      0.687    tcbn16ffplusglbwp7d5t16p96cpdssgnp0p63v0c_ccs 
CKXOR2D8BWP7D5T16P96CPD            40      47.923      0.000      0.058    tcbn16ffplusglbwp7d5t16p96cpdssgnp0p63v0c_ccs 
FA1D1BWP7D5T16P96CPD                9       7.880      0.000      0.006    tcbn16ffplusglbwp7d5t16p96cpdssgnp0p63v0c_ccs 
FCICOD1BWP7D5T16P96CPD              7       2.580      0.000      0.001    tcbn16ffplusglbwp7d5t16p96cpdssgnp0p63v0c_ccs 
FCICOND1BWP7D5T16P96CPD             2       0.645      0.000      0.000    tcbn16ffplusglbwp7d5t16p96cpdssgnp0p63v0c_ccs 
FIICOND1BWP7D5T16P96CPD            11      12.672      0.000      0.012    tcbn16ffplusglbwp7d5t16p96cpdssgnp0p63v0c_ccs 
HA1D1BWP7D5T16P96CPD              539     397.394      0.000      0.287    tcbn16ffplusglbwp7d5t16p96cpdssgnp0p63v0c_ccs 
HA1D2BWP7D5T16P96CPD                9       7.465      0.000      0.008    tcbn16ffplusglbwp7d5t16p96cpdssgnp0p63v0c_ccs 
HA1D4BWP7D5T16P96CPD                7       8.064      0.000      0.002    tcbn16ffplusglbwp7d5t16p96cpdssgnp0p63v0c_ccs 
IAO21D1BWP7D5T16P96CPD             83      22.948      0.000      0.011    tcbn16ffplusglbwp7d5t16p96cpdssgnp0p63v0c_ccs 
IAO21D2BWP7D5T16P96CPD             25       9.216      0.000      0.004    tcbn16ffplusglbwp7d5t16p96cpdssgnp0p63v0c_ccs 
IAO21D4BWP7D5T16P96CPD             15       9.677      0.000      0.006    tcbn16ffplusglbwp7d5t16p96cpdssgnp0p63v0c_ccs 
IAO22D1BWP7D5T16P96CPD            155      49.997      0.000      0.014    tcbn16ffplusglbwp7d5t16p96cpdssgnp0p63v0c_ccs 
IAO22D2BWP7D5T16P96CPD            170      78.336      0.000      0.027    tcbn16ffplusglbwp7d5t16p96cpdssgnp0p63v0c_ccs 
IAO22D4BWP7D5T16P96CPD            210     174.182      0.000      0.124    tcbn16ffplusglbwp7d5t16p96cpdssgnp0p63v0c_ccs 
IAOI21D1BWP7D5T16P96CPD            15       4.147      0.000      0.001    tcbn16ffplusglbwp7d5t16p96cpdssgnp0p63v0c_ccs 
IAOI21D2BWP7D5T16P96CPD            17       7.050      0.000      0.003    tcbn16ffplusglbwp7d5t16p96cpdssgnp0p63v0c_ccs 
IAOI21D4BWP7D5T16P96CPD            85      62.669      0.000      0.040    tcbn16ffplusglbwp7d5t16p96cpdssgnp0p63v0c_ccs 
IIND3D1BWP7D5T16P96CPD              1       0.323      0.000      0.000    tcbn16ffplusglbwp7d5t16p96cpdssgnp0p63v0c_ccs 
IIND3D2BWP7D5T16P96CPD             25      11.520      0.000      0.005    tcbn16ffplusglbwp7d5t16p96cpdssgnp0p63v0c_ccs 
IIND4D1BWP7D5T16P96CPD              1       0.369      0.000      0.000    tcbn16ffplusglbwp7d5t16p96cpdssgnp0p63v0c_ccs 
IIND4D2BWP7D5T16P96CPD              4       2.396      0.000      0.001    tcbn16ffplusglbwp7d5t16p96cpdssgnp0p63v0c_ccs 
IIND4D4BWP7D5T16P96CPD              1       1.060      0.000      0.000    tcbn16ffplusglbwp7d5t16p96cpdssgnp0p63v0c_ccs 
IINR3D1BWP7D5T16P96CPD            117      37.740      0.000      0.031    tcbn16ffplusglbwp7d5t16p96cpdssgnp0p63v0c_ccs 
IINR3D2BWP7D5T16P96CPD             62      28.570      0.000      0.009    tcbn16ffplusglbwp7d5t16p96cpdssgnp0p63v0c_ccs 
IINR3D4BWP7D5T16P96CPD              7       5.484      0.000      0.002    tcbn16ffplusglbwp7d5t16p96cpdssgnp0p63v0c_ccs 
IINR4D1BWP7D5T16P96CPD              1       0.369      0.000      0.000    tcbn16ffplusglbwp7d5t16p96cpdssgnp0p63v0c_ccs 
IINR4D2BWP7D5T16P96CPD              1       0.599      0.000      0.000    tcbn16ffplusglbwp7d5t16p96cpdssgnp0p63v0c_ccs 
IND2D1BWP7D5T16P96CPD             247      56.909      0.000      0.027    tcbn16ffplusglbwp7d5t16p96cpdssgnp0p63v0c_ccs 
IND2D2BWP7D5T16P96CPD              26       7.188      0.000      0.004    tcbn16ffplusglbwp7d5t16p96cpdssgnp0p63v0c_ccs 
IND2D4BWP7D5T16P96CPD             143      72.484      0.000      0.052    tcbn16ffplusglbwp7d5t16p96cpdssgnp0p63v0c_ccs 
IND2D8BWP7D5T16P96CPD               2       1.935      0.000      0.001    tcbn16ffplusglbwp7d5t16p96cpdssgnp0p63v0c_ccs 
IND3D1BWP7D5T16P96CPD               3       0.829      0.000      0.000    tcbn16ffplusglbwp7d5t16p96cpdssgnp0p63v0c_ccs 
IND3D2BWP7D5T16P96CPD              12       4.977      0.000      0.001    tcbn16ffplusglbwp7d5t16p96cpdssgnp0p63v0c_ccs 
IND3D4BWP7D5T16P96CPD               5       3.686      0.000      0.001    tcbn16ffplusglbwp7d5t16p96cpdssgnp0p63v0c_ccs 
IND3D8BWP7D5T16P96CPD               2       2.673      0.000      0.001    tcbn16ffplusglbwp7d5t16p96cpdssgnp0p63v0c_ccs 
IND4D1BWP7D5T16P96CPD               3       0.968      0.000      0.000    tcbn16ffplusglbwp7d5t16p96cpdssgnp0p63v0c_ccs 
IND4D2BWP7D5T16P96CPD               2       1.014      0.000      0.000    tcbn16ffplusglbwp7d5t16p96cpdssgnp0p63v0c_ccs 
IND4D4BWP7D5T16P96CPD               5       4.608      0.000      0.001    tcbn16ffplusglbwp7d5t16p96cpdssgnp0p63v0c_ccs 
INR2D1BWP7D5T16P96CPD            1725     397.440      0.000      0.252    tcbn16ffplusglbwp7d5t16p96cpdssgnp0p63v0c_ccs 
INR2D2BWP7D5T16P96CPD              81      22.395      0.000      0.013    tcbn16ffplusglbwp7d5t16p96cpdssgnp0p63v0c_ccs 
INR2D4BWP7D5T16P96CPD             265     134.323      0.000      0.112    tcbn16ffplusglbwp7d5t16p96cpdssgnp0p63v0c_ccs 
INR2D8BWP7D5T16P96CPD              11      10.644      0.000      0.002    tcbn16ffplusglbwp7d5t16p96cpdssgnp0p63v0c_ccs 
INR3D1BWP7D5T16P96CPD              21       5.806      0.000      0.003    tcbn16ffplusglbwp7d5t16p96cpdssgnp0p63v0c_ccs 
INR3D2BWP7D5T16P96CPD              12       4.977      0.000      0.002    tcbn16ffplusglbwp7d5t16p96cpdssgnp0p63v0c_ccs 
INR3D4BWP7D5T16P96CPD              14      10.322      0.000      0.002    tcbn16ffplusglbwp7d5t16p96cpdssgnp0p63v0c_ccs 
INR3D8BWP7D5T16P96CPD               2       2.673      0.000      0.001    tcbn16ffplusglbwp7d5t16p96cpdssgnp0p63v0c_ccs 
INR4D1BWP7D5T16P96CPD              46      14.838      0.000      0.001    tcbn16ffplusglbwp7d5t16p96cpdssgnp0p63v0c_ccs 
INR4D2BWP7D5T16P96CPD               1       0.507      0.000      0.000    tcbn16ffplusglbwp7d5t16p96cpdssgnp0p63v0c_ccs 
INR4D4BWP7D5T16P96CPD               2       1.843      0.000      0.001    tcbn16ffplusglbwp7d5t16p96cpdssgnp0p63v0c_ccs 
INVD1BWP7D5T16P96CPD             5682     523.653      0.000      0.203    tcbn16ffplusglbwp7d5t16p96cpdssgnp0p63v0c_ccs 
INVD2BWP7D5T16P96CPD              712      98.427      0.000      0.055    tcbn16ffplusglbwp7d5t16p96cpdssgnp0p63v0c_ccs 
INVD3BWP7D5T16P96CPD              512      94.372      0.000      0.049    tcbn16ffplusglbwp7d5t16p96cpdssgnp0p63v0c_ccs 
INVD4BWP7D5T16P96CPD              374      86.170      0.000      0.040    tcbn16ffplusglbwp7d5t16p96cpdssgnp0p63v0c_ccs 
INVD6BWP7D5T16P96CPD               40      12.902      0.000      0.007    tcbn16ffplusglbwp7d5t16p96cpdssgnp0p63v0c_ccs 
INVD8BWP7D5T16P96CPD               98      40.643      0.000      0.021    tcbn16ffplusglbwp7d5t16p96cpdssgnp0p63v0c_ccs 
INVSKND2BWP7D5T16P96CPD           231      31.933      0.000      0.010    tcbn16ffplusglbwp7d5t16p96cpdssgnp0p63v0c_ccs 
INVSKND3BWP7D5T16P96CPD            30       5.530      0.000      0.004    tcbn16ffplusglbwp7d5t16p96cpdssgnp0p63v0c_ccs 
INVSKND4BWP7D5T16P96CPD            31       7.142      0.000      0.003    tcbn16ffplusglbwp7d5t16p96cpdssgnp0p63v0c_ccs 
INVSKND6BWP7D5T16P96CPD            28       9.032      0.000      0.003    tcbn16ffplusglbwp7d5t16p96cpdssgnp0p63v0c_ccs 
INVSKND8BWP7D5T16P96CPD            54      22.395      0.000      0.008    tcbn16ffplusglbwp7d5t16p96cpdssgnp0p63v0c_ccs 
INVSKPD2BWP7D5T16P96CPD            28       3.871      0.000      0.002    tcbn16ffplusglbwp7d5t16p96cpdssgnp0p63v0c_ccs 
INVSKPD3BWP7D5T16P96CPD            19       3.502      0.000      0.002    tcbn16ffplusglbwp7d5t16p96cpdssgnp0p63v0c_ccs 
INVSKPD4BWP7D5T16P96CPD            20       4.608      0.000      0.003    tcbn16ffplusglbwp7d5t16p96cpdssgnp0p63v0c_ccs 
INVSKPD6BWP7D5T16P96CPD            24       7.741      0.000      0.004    tcbn16ffplusglbwp7d5t16p96cpdssgnp0p63v0c_ccs 
INVSKPD8BWP7D5T16P96CPD            99      41.057      0.000      0.017    tcbn16ffplusglbwp7d5t16p96cpdssgnp0p63v0c_ccs 
IOA21D1BWP7D5T16P96CPD            933     257.956      0.000      0.120    tcbn16ffplusglbwp7d5t16p96cpdssgnp0p63v0c_ccs 
IOA21D2BWP7D5T16P96CPD            153      56.402      0.000      0.021    tcbn16ffplusglbwp7d5t16p96cpdssgnp0p63v0c_ccs 
IOA21D4BWP7D5T16P96CPD             56      36.127      0.000      0.019    tcbn16ffplusglbwp7d5t16p96cpdssgnp0p63v0c_ccs 
IOA22D1BWP7D5T16P96CPD             59      21.750      0.000      0.007    tcbn16ffplusglbwp7d5t16p96cpdssgnp0p63v0c_ccs 
IOA22D2BWP7D5T16P96CPD             69      31.795      0.000      0.022    tcbn16ffplusglbwp7d5t16p96cpdssgnp0p63v0c_ccs 
IOA22D4BWP7D5T16P96CPD            763     632.863      0.000      0.575    tcbn16ffplusglbwp7d5t16p96cpdssgnp0p63v0c_ccs 
IOAI21D1BWP7D5T16P96CPD           198      54.743      0.000      0.019    tcbn16ffplusglbwp7d5t16p96cpdssgnp0p63v0c_ccs 
IOAI21D2BWP7D5T16P96CPD           472     217.498      0.000      0.122    tcbn16ffplusglbwp7d5t16p96cpdssgnp0p63v0c_ccs 
IOAI21D4BWP7D5T16P96CPD            62      45.711      0.000      0.037    tcbn16ffplusglbwp7d5t16p96cpdssgnp0p63v0c_ccs 
MAOI22D1BWP7D5T16P96CPD            82      30.228      0.000      0.009    tcbn16ffplusglbwp7d5t16p96cpdssgnp0p63v0c_ccs 
MAOI22D2BWP7D5T16P96CPD            88      52.716      0.000      0.015    tcbn16ffplusglbwp7d5t16p96cpdssgnp0p63v0c_ccs 
MAOI22D4BWP7D5T16P96CPD            10      10.598      0.000      0.006    tcbn16ffplusglbwp7d5t16p96cpdssgnp0p63v0c_ccs 
MOAI22D1BWP7D5T16P96CPD           125      46.080      0.000      0.017    tcbn16ffplusglbwp7d5t16p96cpdssgnp0p63v0c_ccs 
MOAI22D2BWP7D5T16P96CPD            69      41.334      0.000      0.024    tcbn16ffplusglbwp7d5t16p96cpdssgnp0p63v0c_ccs 
MOAI22D4BWP7D5T16P96CPD            88      93.266      0.000      0.078    tcbn16ffplusglbwp7d5t16p96cpdssgnp0p63v0c_ccs 
MUX2D1BWP7D5T16P96CPD            1282     531.671      0.000      0.237    tcbn16ffplusglbwp7d5t16p96cpdssgnp0p63v0c_ccs 
MUX2D2BWP7D5T16P96CPD              13       5.391      0.000      0.003    tcbn16ffplusglbwp7d5t16p96cpdssgnp0p63v0c_ccs 
MUX2D4BWP7D5T16P96CPD               7       5.484      0.000      0.003    tcbn16ffplusglbwp7d5t16p96cpdssgnp0p63v0c_ccs 
MUX2D8BWP7D5T16P96CPD              16      21.381      0.000      0.016    tcbn16ffplusglbwp7d5t16p96cpdssgnp0p63v0c_ccs 
MUX2ND1BWP7D5T16P96CPD            636     293.069      0.000      0.051    tcbn16ffplusglbwp7d5t16p96cpdssgnp0p63v0c_ccs 
MUX2ND8BWP7D5T16P96CPD              1       1.152      0.000      0.001    tcbn16ffplusglbwp7d5t16p96cpdssgnp0p63v0c_ccs 
MUX3D1BWP7D5T16P96CPD               1       0.691      0.000      0.000    tcbn16ffplusglbwp7d5t16p96cpdssgnp0p63v0c_ccs 
ND2D1BWP7D5T16P96CPD            15092    2086.318      0.000      0.832    tcbn16ffplusglbwp7d5t16p96cpdssgnp0p63v0c_ccs 
ND2D1P5BWP7D5T16P96CPD            249      57.370      0.000      0.018    tcbn16ffplusglbwp7d5t16p96cpdssgnp0p63v0c_ccs 
ND2D2BWP7D5T16P96CPD              303      69.811      0.000      0.017    tcbn16ffplusglbwp7d5t16p96cpdssgnp0p63v0c_ccs 
ND2D3BWP7D5T16P96CPD              111      35.804      0.000      0.013    tcbn16ffplusglbwp7d5t16p96cpdssgnp0p63v0c_ccs 
ND2D4BWP7D5T16P96CPD               56      23.224      0.000      0.009    tcbn16ffplusglbwp7d5t16p96cpdssgnp0p63v0c_ccs 
ND2D6BWP7D5T16P96CPD               38      22.764      0.000      0.011    tcbn16ffplusglbwp7d5t16p96cpdssgnp0p63v0c_ccs 
ND2D8BWP7D5T16P96CPD                4       3.133      0.000      0.001    tcbn16ffplusglbwp7d5t16p96cpdssgnp0p63v0c_ccs 
ND2SKND1BWP7D5T16P96CPD           902     124.692      0.000      0.025    tcbn16ffplusglbwp7d5t16p96cpdssgnp0p63v0c_ccs 
ND2SKND2BWP7D5T16P96CPD            11       2.534      0.000      0.001    tcbn16ffplusglbwp7d5t16p96cpdssgnp0p63v0c_ccs 
ND2SKND3BWP7D5T16P96CPD           113      36.449      0.000      0.011    tcbn16ffplusglbwp7d5t16p96cpdssgnp0p63v0c_ccs 
ND2SKND4BWP7D5T16P96CPD            45      18.662      0.000      0.006    tcbn16ffplusglbwp7d5t16p96cpdssgnp0p63v0c_ccs 
ND2SKND6BWP7D5T16P96CPD            83      49.720      0.000      0.010    tcbn16ffplusglbwp7d5t16p96cpdssgnp0p63v0c_ccs 
ND2SKND8BWP7D5T16P96CPD            21      16.451      0.000      0.002    tcbn16ffplusglbwp7d5t16p96cpdssgnp0p63v0c_ccs 
ND3D1BWP7D5T16P96CPD                9       1.659      0.000      0.000    tcbn16ffplusglbwp7d5t16p96cpdssgnp0p63v0c_ccs 
ND3D1P5BWP7D5T16P96CPD              1       0.323      0.000      0.000    tcbn16ffplusglbwp7d5t16p96cpdssgnp0p63v0c_ccs 
ND3D2BWP7D5T16P96CPD                1       0.323      0.000      0.000    tcbn16ffplusglbwp7d5t16p96cpdssgnp0p63v0c_ccs 
ND3D4BWP7D5T16P96CPD                3       1.797      0.000      0.000    tcbn16ffplusglbwp7d5t16p96cpdssgnp0p63v0c_ccs 
ND3SKND1BWP7D5T16P96CPD             9       1.659      0.000      0.000    tcbn16ffplusglbwp7d5t16p96cpdssgnp0p63v0c_ccs 
ND3SKND4BWP7D5T16P96CPD            37      22.164      0.000      0.006    tcbn16ffplusglbwp7d5t16p96cpdssgnp0p63v0c_ccs 
ND3SKND8BWP7D5T16P96CPD            10      11.981      0.000      0.001    tcbn16ffplusglbwp7d5t16p96cpdssgnp0p63v0c_ccs 
ND4D1BWP7D5T16P96CPD                2       0.461      0.000      0.000    tcbn16ffplusglbwp7d5t16p96cpdssgnp0p63v0c_ccs 
ND4SKND1BWP7D5T16P96CPD             8       1.843      0.000      0.000    tcbn16ffplusglbwp7d5t16p96cpdssgnp0p63v0c_ccs 
ND4SKND2BWP7D5T16P96CPD             1       0.461      0.000      0.000    tcbn16ffplusglbwp7d5t16p96cpdssgnp0p63v0c_ccs 
ND4SKND4BWP7D5T16P96CPD             2       1.659      0.000      0.000    tcbn16ffplusglbwp7d5t16p96cpdssgnp0p63v0c_ccs 
NR2D1BWP7D5T16P96CPD              288      39.813      0.000      0.013    tcbn16ffplusglbwp7d5t16p96cpdssgnp0p63v0c_ccs 
NR2D1P5BWP7D5T16P96CPD             13       2.995      0.000      0.001    tcbn16ffplusglbwp7d5t16p96cpdssgnp0p63v0c_ccs 
NR2D2BWP7D5T16P96CPD              262      60.365      0.000      0.016    tcbn16ffplusglbwp7d5t16p96cpdssgnp0p63v0c_ccs 
NR2D3BWP7D5T16P96CPD               86      27.740      0.000      0.007    tcbn16ffplusglbwp7d5t16p96cpdssgnp0p63v0c_ccs 
NR2D4BWP7D5T16P96CPD               73      30.275      0.000      0.010    tcbn16ffplusglbwp7d5t16p96cpdssgnp0p63v0c_ccs 
NR2D6BWP7D5T16P96CPD               36      21.565      0.000      0.007    tcbn16ffplusglbwp7d5t16p96cpdssgnp0p63v0c_ccs 
NR2D8BWP7D5T16P96CPD                6       4.700      0.000      0.001    tcbn16ffplusglbwp7d5t16p96cpdssgnp0p63v0c_ccs 
NR2SKPD1BWP7D5T16P96CPD          5327     736.404      0.000      0.216    tcbn16ffplusglbwp7d5t16p96cpdssgnp0p63v0c_ccs 
NR2SKPD2BWP7D5T16P96CPD           104      23.962      0.000      0.006    tcbn16ffplusglbwp7d5t16p96cpdssgnp0p63v0c_ccs 
NR2SKPD3BWP7D5T16P96CPD            63      20.321      0.000      0.006    tcbn16ffplusglbwp7d5t16p96cpdssgnp0p63v0c_ccs 
NR2SKPD4BWP7D5T16P96CPD            98      40.643      0.000      0.011    tcbn16ffplusglbwp7d5t16p96cpdssgnp0p63v0c_ccs 
NR2SKPD6BWP7D5T16P96CPD            69      41.334      0.000      0.010    tcbn16ffplusglbwp7d5t16p96cpdssgnp0p63v0c_ccs 
NR2SKPD8BWP7D5T16P96CPD            59      46.218      0.000      0.004    tcbn16ffplusglbwp7d5t16p96cpdssgnp0p63v0c_ccs 
NR3D1BWP7D5T16P96CPD                8       1.475      0.000      0.000    tcbn16ffplusglbwp7d5t16p96cpdssgnp0p63v0c_ccs 
NR3D1P5BWP7D5T16P96CPD              4       1.290      0.000      0.000    tcbn16ffplusglbwp7d5t16p96cpdssgnp0p63v0c_ccs 
NR3D2BWP7D5T16P96CPD                4       1.290      0.000      0.000    tcbn16ffplusglbwp7d5t16p96cpdssgnp0p63v0c_ccs 
NR3D4BWP7D5T16P96CPD               11       6.589      0.000      0.001    tcbn16ffplusglbwp7d5t16p96cpdssgnp0p63v0c_ccs 
NR3SKPD1BWP7D5T16P96CPD           604     111.329      0.000      0.014    tcbn16ffplusglbwp7d5t16p96cpdssgnp0p63v0c_ccs 
NR3SKPD4BWP7D5T16P96CPD            59      35.343      0.000      0.004    tcbn16ffplusglbwp7d5t16p96cpdssgnp0p63v0c_ccs 
NR3SKPD8BWP7D5T16P96CPD            14      16.773      0.000      0.001    tcbn16ffplusglbwp7d5t16p96cpdssgnp0p63v0c_ccs 
NR4D4BWP7D5T16P96CPD                1       0.829      0.000      0.000    tcbn16ffplusglbwp7d5t16p96cpdssgnp0p63v0c_ccs 
NR4SKPD1BWP7D5T16P96CPD             7       1.613      0.000      0.000    tcbn16ffplusglbwp7d5t16p96cpdssgnp0p63v0c_ccs 
OA21D1BWP7D5T16P96CPD             477     131.881      0.000      0.096    tcbn16ffplusglbwp7d5t16p96cpdssgnp0p63v0c_ccs 
OA22D1BWP7D5T16P96CPD              16       5.161      0.000      0.001    tcbn16ffplusglbwp7d5t16p96cpdssgnp0p63v0c_ccs 
OA22D2BWP7D5T16P96CPD               1       0.369      0.000      0.000    tcbn16ffplusglbwp7d5t16p96cpdssgnp0p63v0c_ccs 
OAI211D1BWP7D5T16P96CPD             7       1.935      0.000      0.000    tcbn16ffplusglbwp7d5t16p96cpdssgnp0p63v0c_ccs 
OAI211D2BWP7D5T16P96CPD             3       1.382      0.000      0.000    tcbn16ffplusglbwp7d5t16p96cpdssgnp0p63v0c_ccs 
OAI211D4BWP7D5T16P96CPD             2       1.659      0.000      0.001    tcbn16ffplusglbwp7d5t16p96cpdssgnp0p63v0c_ccs 
OAI21D1BWP7D5T16P96CPD            696     160.358      0.000      0.047    tcbn16ffplusglbwp7d5t16p96cpdssgnp0p63v0c_ccs 
OAI21D1P5BWP7D5T16P96CPD            6       2.212      0.000      0.000    tcbn16ffplusglbwp7d5t16p96cpdssgnp0p63v0c_ccs 
OAI21D2BWP7D5T16P96CPD             64      23.593      0.000      0.003    tcbn16ffplusglbwp7d5t16p96cpdssgnp0p63v0c_ccs 
OAI21D4BWP7D5T16P96CPD            125      74.880      0.000      0.033    tcbn16ffplusglbwp7d5t16p96cpdssgnp0p63v0c_ccs 
OAI21D8BWP7D5T16P96CPD             14      16.773      0.000      0.007    tcbn16ffplusglbwp7d5t16p96cpdssgnp0p63v0c_ccs 
OAI221D1BWP7D5T16P96CPD           134      49.398      0.000      0.007    tcbn16ffplusglbwp7d5t16p96cpdssgnp0p63v0c_ccs 
OAI221D2BWP7D5T16P96CPD             5       2.995      0.000      0.000    tcbn16ffplusglbwp7d5t16p96cpdssgnp0p63v0c_ccs 
OAI221D4BWP7D5T16P96CPD             1       1.014      0.000      0.000    tcbn16ffplusglbwp7d5t16p96cpdssgnp0p63v0c_ccs 
OAI222D1BWP7D5T16P96CPD            73      33.638      0.000      0.006    tcbn16ffplusglbwp7d5t16p96cpdssgnp0p63v0c_ccs 
OAI22D1BWP7D5T16P96CPD             92      25.436      0.000      0.004    tcbn16ffplusglbwp7d5t16p96cpdssgnp0p63v0c_ccs 
OAI22D1P5BWP7D5T16P96CPD            1       0.461      0.000      0.000    tcbn16ffplusglbwp7d5t16p96cpdssgnp0p63v0c_ccs 
OAI22D2BWP7D5T16P96CPD             89      41.011      0.000      0.014    tcbn16ffplusglbwp7d5t16p96cpdssgnp0p63v0c_ccs 
OAI22D4BWP7D5T16P96CPD            113      93.727      0.000      0.074    tcbn16ffplusglbwp7d5t16p96cpdssgnp0p63v0c_ccs 
OAI22D8BWP7D5T16P96CPD             11      17.234      0.000      0.013    tcbn16ffplusglbwp7d5t16p96cpdssgnp0p63v0c_ccs 
OAI31D1BWP7D5T16P96CPD              1       0.276      0.000      0.000    tcbn16ffplusglbwp7d5t16p96cpdssgnp0p63v0c_ccs 
OAI31SKPD1BWP7D5T16P96CPD           2       0.553      0.000      0.000    tcbn16ffplusglbwp7d5t16p96cpdssgnp0p63v0c_ccs 
OAI32D1BWP7D5T16P96CPD            450     145.152      0.000      0.042    tcbn16ffplusglbwp7d5t16p96cpdssgnp0p63v0c_ccs 
OAI33D1BWP7D5T16P96CPD              2       0.737      0.000      0.000    tcbn16ffplusglbwp7d5t16p96cpdssgnp0p63v0c_ccs 
OAOI211D1BWP7D5T16P96CPD          136      43.868      0.000      0.005    tcbn16ffplusglbwp7d5t16p96cpdssgnp0p63v0c_ccs 
OAOI211D2BWP7D5T16P96CPD           12       5.530      0.000      0.000    tcbn16ffplusglbwp7d5t16p96cpdssgnp0p63v0c_ccs 
OR2D1BWP7D5T16P96CPD              190      43.776      0.000      0.018    tcbn16ffplusglbwp7d5t16p96cpdssgnp0p63v0c_ccs 
OR2D2BWP7D5T16P96CPD                8       1.843      0.000      0.001    tcbn16ffplusglbwp7d5t16p96cpdssgnp0p63v0c_ccs 
OR2D4BWP7D5T16P96CPD               37      17.050      0.000      0.014    tcbn16ffplusglbwp7d5t16p96cpdssgnp0p63v0c_ccs 
OR2D8BWP7D5T16P96CPD               10       6.912      0.000      0.004    tcbn16ffplusglbwp7d5t16p96cpdssgnp0p63v0c_ccs 
OR3D1BWP7D5T16P96CPD                4       1.106      0.000      0.000    tcbn16ffplusglbwp7d5t16p96cpdssgnp0p63v0c_ccs 
OR3D4BWP7D5T16P96CPD                1       0.553      0.000      0.000    tcbn16ffplusglbwp7d5t16p96cpdssgnp0p63v0c_ccs 
OR3D8BWP7D5T16P96CPD                2       1.751      0.000      0.001    tcbn16ffplusglbwp7d5t16p96cpdssgnp0p63v0c_ccs 
OR4D2BWP7D5T16P96CPD                1       0.323      0.000      0.000    tcbn16ffplusglbwp7d5t16p96cpdssgnp0p63v0c_ccs 
OR4D4BWP7D5T16P96CPD                2       1.198      0.000      0.001    tcbn16ffplusglbwp7d5t16p96cpdssgnp0p63v0c_ccs 
SDFCNQD1BWP7D5T16P96CPD          1963    2351.831      0.000      2.677    tcbn16ffplusglbwp7d5t16p96cpdssgnp0p63v0c_ccs 
SDFCNQD2BWP7D5T16P96CPD          1922    2391.276      0.000      2.765    tcbn16ffplusglbwp7d5t16p96cpdssgnp0p63v0c_ccs 
SDFCNQD4BWP7D5T16P96CPD          1127    1817.626      0.000      1.965    tcbn16ffplusglbwp7d5t16p96cpdssgnp0p63v0c_ccs 
SDFKCNQD1BWP7D5T16P96CPD        29350   36516.096      0.000     31.658    tcbn16ffplusglbwp7d5t16p96cpdssgnp0p63v0c_ccs 
SDFKCNQD2BWP7D5T16P96CPD          104     134.185      0.000      0.132    tcbn16ffplusglbwp7d5t16p96cpdssgnp0p63v0c_ccs 
SDFKCNQD4BWP7D5T16P96CPD           24      36.495      0.000      0.032    tcbn16ffplusglbwp7d5t16p96cpdssgnp0p63v0c_ccs 
SDFKSNQD1BWP7D5T16P96CPD            3       3.732      0.000      0.003    tcbn16ffplusglbwp7d5t16p96cpdssgnp0p63v0c_ccs 
SDFMQD1BWP7D5T16P96CPD            510     799.027      0.000      0.698    tcbn16ffplusglbwp7d5t16p96cpdssgnp0p63v0c_ccs 
SDFMQD2BWP7D5T16P96CPD             32      51.610      0.000      0.061    tcbn16ffplusglbwp7d5t16p96cpdssgnp0p63v0c_ccs 
SDFQD1BWP7D5T16P96CPD            5034    5335.235      0.000      4.603    tcbn16ffplusglbwp7d5t16p96cpdssgnp0p63v0c_ccs 
SDFQD2BWP7D5T16P96CPD              50      55.296      0.000      0.077    tcbn16ffplusglbwp7d5t16p96cpdssgnp0p63v0c_ccs 
SDFQD4BWP7D5T16P96CPD               2       2.488      0.000      0.003    tcbn16ffplusglbwp7d5t16p96cpdssgnp0p63v0c_ccs 
SDFQND1BWP7D5T16P96CPD           1944    2060.329      0.000      2.593    tcbn16ffplusglbwp7d5t16p96cpdssgnp0p63v0c_ccs 
SDFQND4BWP7D5T16P96CPD              1       1.382      0.000      0.002    tcbn16ffplusglbwp7d5t16p96cpdssgnp0p63v0c_ccs 
SDFSNQD2BWP7D5T16P96CPD             2       2.673      0.000      0.003    tcbn16ffplusglbwp7d5t16p96cpdssgnp0p63v0c_ccs 
SDFSNQD4BWP7D5T16P96CPD             1       1.475      0.000      0.002    tcbn16ffplusglbwp7d5t16p96cpdssgnp0p63v0c_ccs 
SDFSYNCNQD1BWP7D5T16P96CPD         42      69.673      0.000      0.070    tcbn16ffplusglbwp7d5t16p96cpdssgnp0p63v0c_ccs 
SDFSYNCNQD2BWP7D5T16P96CPD         16      27.279      0.000      0.026    tcbn16ffplusglbwp7d5t16p96cpdssgnp0p63v0c_ccs 
SDFSYNQD2BWP7D5T16P96CPD            1       1.475      0.000      0.002    tcbn16ffplusglbwp7d5t16p96cpdssgnp0p63v0c_ccs 
SEDFQD1BWP7D5T16P96CPD              2       3.041      0.000      0.003    tcbn16ffplusglbwp7d5t16p96cpdssgnp0p63v0c_ccs 
XNR2D1BWP7D5T16P96CPD            9754    4045.179      0.000      2.116    tcbn16ffplusglbwp7d5t16p96cpdssgnp0p63v0c_ccs 
XNR2D2BWP7D5T16P96CPD             506     233.165      0.000      0.198    tcbn16ffplusglbwp7d5t16p96cpdssgnp0p63v0c_ccs 
XNR2D4BWP7D5T16P96CPD             996     826.122      0.000      0.881    tcbn16ffplusglbwp7d5t16p96cpdssgnp0p63v0c_ccs 
XNR2D8BWP7D5T16P96CPD             112     134.185      0.000      0.171    tcbn16ffplusglbwp7d5t16p96cpdssgnp0p63v0c_ccs 
XNR3D1BWP7D5T16P96CPD            6502    5393.019      0.000      3.157    tcbn16ffplusglbwp7d5t16p96cpdssgnp0p63v0c_ccs 
XNR3D2BWP7D5T16P96CPD             511     447.391      0.000      0.321    tcbn16ffplusglbwp7d5t16p96cpdssgnp0p63v0c_ccs 
XNR3D4BWP7D5T16P96CPD             117     161.741      0.000      0.178    tcbn16ffplusglbwp7d5t16p96cpdssgnp0p63v0c_ccs 
XNR4D1BWP7D5T16P96CPD             784     939.295      0.000      0.737    tcbn16ffplusglbwp7d5t16p96cpdssgnp0p63v0c_ccs 
XNR4D2BWP7D5T16P96CPD              38      47.278      0.000      0.042    tcbn16ffplusglbwp7d5t16p96cpdssgnp0p63v0c_ccs 
XOR2D1BWP7D5T16P96CPD           15569    6456.776      0.000      3.623    tcbn16ffplusglbwp7d5t16p96cpdssgnp0p63v0c_ccs 
XOR2D2BWP7D5T16P96CPD            1517     699.034      0.000      0.583    tcbn16ffplusglbwp7d5t16p96cpdssgnp0p63v0c_ccs 
XOR2D4BWP7D5T16P96CPD             541     448.727      0.000      0.486    tcbn16ffplusglbwp7d5t16p96cpdssgnp0p63v0c_ccs 
XOR2D8BWP7D5T16P96CPD             174     208.466      0.000      0.284    tcbn16ffplusglbwp7d5t16p96cpdssgnp0p63v0c_ccs 
XOR3D1BWP7D5T16P96CPD            4163    3452.959      0.000      2.295    tcbn16ffplusglbwp7d5t16p96cpdssgnp0p63v0c_ccs 
XOR3D2BWP7D5T16P96CPD              31      27.141      0.000      0.024    tcbn16ffplusglbwp7d5t16p96cpdssgnp0p63v0c_ccs 
XOR3D4BWP7D5T16P96CPD              39      53.914      0.000      0.057    tcbn16ffplusglbwp7d5t16p96cpdssgnp0p63v0c_ccs 
XOR4D1BWP7D5T16P96CPD            4785    5732.813      0.000      1.920    tcbn16ffplusglbwp7d5t16p96cpdssgnp0p63v0c_ccs 
XOR4D2BWP7D5T16P96CPD              47      58.476      0.000      0.050    tcbn16ffplusglbwp7d5t16p96cpdssgnp0p63v0c_ccs 
-------------------------------------------------------------------------------------------------------------------------
total                          175748  104205.865      0.000     76.302                                                  


                                                           Leakage  Leakage  Internal  Internal 
            Type             Instances    Area    Area % Power (mW) Power % Power (mW)  Power % 
------------------------------------------------------------------------------------------------
sequential                       42130  51662.223   49.6      0.000     0.0     47.373     62.1 
inverter                          8594   1145.503    1.1      0.000     0.0      0.500      0.7 
buffer                             721    232.520    0.2      0.000     0.0      0.285      0.4 
clock_gating_integrated_cell       634    409.006    0.4      0.000     0.0      0.396      0.5 
logic                           123669  50756.613   48.7      0.000     0.0     27.748     36.4 
------------------------------------------------------------------------------------------------
total                           175748 104205.865  100.0      0.000     0.0     76.302    100.0 

