============================================================
  Generated by:           Encounter(R) RTL Compiler RC14.28 - v14.20-s067_1
  Generated on:           Jul 03 2017  01:58:27 pm
  Module:                 gcm_aes_core
  Technology libraries:   tcbn16ffplusglbwp7d5t16p96cpdssgnp0p63v0c_ccs 111
                          tcbn16ffplusglbwp7d5t16p96cpdmbssgnp0p63v0c_ccs 111
                          tcbn16ffplusllbwp7d5t16p96cpdlvtssgnp0p63v0c_ccs 111
                          tcbn16ffplusllbwp7d5t16p96cpdulvtssgnp0p63v0c_ccs 111
                          tcbn16ffplusglbwp7d5t16p96cpdmbulvtssgnp0p63v0c_ccs 111
                          tcbn16ffplusglbwp7d5t16p96cpdmblvtssgnp0p63v0c_ccs 111
  Operating conditions:   ssgnp0p63v0c 
  Interconnect mode:      global
  Area mode:              physical library
============================================================

               Pin                          Type         Fanout  Load Slew Delay Arrival   
                                                                 (fF) (ps)  (ps)   (ps)    
-------------------------------------------------------------------------------------------
(clock vir_CORE_CLOCK)                  launch                                         0 R 
(iodelay.tcl_line_13_1124_1)            ext delay                           +100     100 F 
i_rf_static_inc_mode[1]            (u)  in port               3  15.0   45   +28     128 F 
u_inc32_block/i_rf_static_mode[1] 
  g3/in_0                                                                     +0     128   
  g3/z                             (u)  unmapped_not          1   5.0    0   +21     149 R 
  g4/in_1                                                                     +0     149   
  g4/z                             (u)  unmapped_nand2        1   5.0    0   +27     176 F 
  g5/in_0                                                                     +0     176   
  g5/z                             (u)  unmapped_not         64 320.0    0  +112     288 R 
  mux_o_block_62_27/ctl 
    g64/sel0                                                                  +0     288   
    g64/z                          (u)  unmapped_bmux3        1   5.0    0   +53     341 R 
  mux_o_block_62_27/z[0] 
u_inc32_block/o_block[0] 
u_gctr_function/i_initial_counter_block[0] 
  mux_97_39/in_1[0] 
    g128/data1                                                                +0     341   
    g128/z                         (u)  unmapped_bmux3        1   5.0    0   +53     394 R 
  mux_97_39/z[0] 
  mux_112_43/in_0[0] 
    g128/data0                                                                +0     394   
    g128/z                         (u)  unmapped_bmux3        5  25.0    0   +86     480 R 
  mux_112_43/z[0] 
  genfor_gctr_base_0__u_inc32_block_ii/i_block[0] 
    add_56_42/A[0] 
      g2/in_0                                                                 +0     480   
      g2/z                         (u)  unmapped_nand2        1   5.0    0   +27     507 F 
      g1099/in_0                                                              +0     507   
      g1099/z                      (u)  unmapped_not          2  10.0    0   +32     539 R 
      g133/in_0                                                               +0     539   
      g133/z                       (u)  unmapped_nand2        1   5.0    0   +27     566 F 
      g1102/in_0                                                              +0     566   
      g1102/z                      (u)  unmapped_not          3  15.0    0   +41     608 R 
      g262/in_1                                                               +0     608   
      g262/z                       (u)  unmapped_nand2        1   5.0    0   +27     635 F 
      g1104/in_0                                                              +0     635   
      g1104/z                      (u)  unmapped_not          5  25.0    0   +54     688 R 
      g423/in_0                                                               +0     688   
      g423/z                       (u)  unmapped_nand2        1   5.0    0   +27     716 F 
      g1108/in_0                                                              +0     716   
      g1108/z                      (u)  unmapped_not          9  45.0    0   +65     781 R 
      g561/in_1                                                               +0     781   
      g561/z                       (u)  unmapped_nand2        1   5.0    0   +27     808 F 
      g1116/in_0                                                              +0     808   
      g1116/z                      (u)  unmapped_not         17  85.0    0   +80     888 R 
      g724/in_0                                                               +0     888   
      g724/z                       (u)  unmapped_nand2        1   5.0    0   +27     915 F 
      g1132/in_0                                                              +0     915   
      g1132/z                      (u)  unmapped_not         32 160.0    0   +95    1010 R 
      g796/in_0                                                               +0    1010   
      g796/z                       (u)  unmapped_nand2        1   5.0    0   +27    1037 F 
      g1133/in_0                                                              +0    1037   
      g1133/z                      (u)  unmapped_not          1   5.0    0   +21    1058 R 
      g954/in_0                                                               +0    1058   
      g954/z                       (u)  unmapped_xnor2        1   5.0    0   +53    1111 R 
    add_56_42/Z[33] 
    mux_o_block_62_27/in_0[33] 
      g31/data0                                                               +0    1111   
      g31/z                        (u)  unmapped_bmux3        1   5.0    0   +53    1164 R 
    mux_o_block_62_27/z[33] 
  genfor_gctr_base_0__u_inc32_block_ii/o_block[33] 
  mux_112_8/in_0[33] 
    g95/data0                                                                 +0    1164   
    g95/z                          (u)  unmapped_bmux3        3  15.0    0   +74    1238 R 
  mux_112_8/z[33] 
  genfor_gctr_base_1__u_inc32_block_ii/i_block[33] 
    add_56_42/A[33] 
      g1068/in_0                                                              +0    1238   
      g1068/z                      (u)  unmapped_not          2  10.0    0   +32    1270 F 
      g198/in_1                                                               +0    1270   
      g198/z                       (u)  unmapped_nor2         3  15.0    0   +48    1318 R 
      g343/in_0                                                               +0    1318   
      g343/z                       (u)  unmapped_nand2        5  25.0    0   +60    1378 F 
      g492/in_0                                                               +0    1378   
      g492/z                       (u)  unmapped_nor2         9  45.0    0   +72    1449 R 
      g642/in_0                                                               +0    1449   
      g642/z                       (u)  unmapped_nand2       16  80.0    0   +86    1535 F 
      g790/in_0                                                               +0    1535   
      g790/z                       (u)  unmapped_nor2         1   5.0    0   +27    1562 R 
      g866/in_0                                                               +0    1562   
      g866/z                       (u)  unmapped_nand2        1   5.0    0   +27    1589 F 
      g1163/in_0                                                              +0    1589   
      g1163/z                      (u)  unmapped_not          1   5.0    0   +21    1610 R 
      g1034/in_0                                                              +0    1610   
      g1034/z                      (u)  unmapped_xnor2        1   5.0    0   +53    1663 R 
    add_56_42/Z[63] 
    mux_o_block_62_27/in_0[63] 
      g1/data0                                                                +0    1663   
      g1/z                         (u)  unmapped_bmux3        1   5.0    0   +53    1716 R 
    mux_o_block_62_27/z[63] 
  genfor_gctr_base_1__u_inc32_block_ii/o_block[63] 
  counter_block_final_d_reg[63]/D       unmapped_d_flop                       +0    1716   
  counter_block_final_d_reg[63]/CP      setup                          100  +152    1868 R 
- - - - - - - - - - - - - - - - - - - - - - - - - - - - - - - - - - - - - - - - - - - - - -
(clock CORE_CLOCK)                      capture                                          R 
-------------------------------------------------------------------------------------------
Exception    : 'path_disables/timing.tcl_line_20'
Timing slack :  UNCONSTRAINED
Start-point  : i_rf_static_inc_mode[1]
End-point    : u_gctr_function/counter_block_final_d_reg[63]/D

(u) : Net has unmapped pin(s).
============================================================
  Generated by:           Encounter(R) RTL Compiler RC14.28 - v14.20-s067_1
  Generated on:           Jul 03 2017  01:58:28 pm
  Module:                 gcm_aes_core
  Technology libraries:   tcbn16ffplusglbwp7d5t16p96cpdssgnp0p63v0c_ccs 111
                          tcbn16ffplusglbwp7d5t16p96cpdmbssgnp0p63v0c_ccs 111
                          tcbn16ffplusllbwp7d5t16p96cpdlvtssgnp0p63v0c_ccs 111
                          tcbn16ffplusllbwp7d5t16p96cpdulvtssgnp0p63v0c_ccs 111
                          tcbn16ffplusglbwp7d5t16p96cpdmbulvtssgnp0p63v0c_ccs 111
                          tcbn16ffplusglbwp7d5t16p96cpdmblvtssgnp0p63v0c_ccs 111
  Operating conditions:   ssgnp0p63v0c 
  Interconnect mode:      global
  Area mode:              physical library
============================================================

               Pin                          Type         Fanout  Load  Slew Delay Arrival   
                                                                 (fF)  (ps)  (ps)   (ps)    
--------------------------------------------------------------------------------------------
(clock vir_CORE_CLOCK)                  launch                                          0 R 
(iodelay.tcl_line_13_1122_1)            ext delay                            +100     100 F 
i_enable                           (u)  in port             136 1250.0   23  +157     257 F 
g1/in_0                                                                        +0     257   
g1/z                               (u)  unmapped_and2       192 1440.0    0  +160     417 F 
mux_365_28/ctl 
  g96/sel0                                                                     +0     417   
  g96/z                            (u)  unmapped_bmux3        4   20.0    0   +82     498 R 
mux_365_28/z[0] 
u_j0_generator/i_iv[0] 
u_j0_generator/o_j0[32] 
u_inc32_block/i_block[32] 
  add_56_42/A[32] 
    g1067/in_0                                                                 +0     498   
    g1067/z                        (u)  unmapped_not          2   10.0    0   +32     530 F 
    g951/in_1                                                                  +0     530   
    g951/z                         (u)  unmapped_xnor2        1    5.0    0   +53     584 R 
  add_56_42/Z[32] 
  mux_o_block_62_27/in_0[32] 
    g32/data0                                                                  +0     584   
    g32/z                          (u)  unmapped_bmux3        1    5.0    0   +53     637 R 
  mux_o_block_62_27/z[32] 
u_inc32_block/o_block[32] 
u_gctr_function/i_initial_counter_block[32] 
  mux_97_39/in_1[32] 
    g96/data1                                                                  +0     637   
    g96/z                          (u)  unmapped_bmux3        1    5.0    0   +53     690 R 
  mux_97_39/z[32] 
  mux_112_43/in_0[32] 
    g96/data0                                                                  +0     690   
    g96/z                          (u)  unmapped_bmux3        4   20.0    0   +82     771 R 
  mux_112_43/z[32] 
  genfor_gctr_base_0__u_inc32_block_ii/i_block[32] 
    add_56_42/A[32] 
      g1067/in_0                                                               +0     771   
      g1067/z                      (u)  unmapped_not          2   10.0    0   +32     804 F 
      g198/in_0                                                                +0     804   
      g198/z                       (u)  unmapped_nor2         3   15.0    0   +48     851 R 
      g343/in_0                                                                +0     851   
      g343/z                       (u)  unmapped_nand2        5   25.0    0   +60     911 F 
      g492/in_0                                                                +0     911   
      g492/z                       (u)  unmapped_nor2         9   45.0    0   +72     983 R 
      g642/in_0                                                                +0     983   
      g642/z                       (u)  unmapped_nand2       16   80.0    0   +86    1069 F 
      g835/in_0                                                                +0    1069   
      g835/z                       (u)  unmapped_not          1    5.0    0   +21    1089 R 
      g836/in_1                                                                +0    1089   
      g836/z                       (u)  unmapped_nand2        1    5.0    0   +27    1116 F 
      g1148/in_0                                                               +0    1116   
      g1148/z                      (u)  unmapped_not          1    5.0    0   +21    1137 R 
      g994/in_0                                                                +0    1137   
      g994/z                       (u)  unmapped_xnor2        1    5.0    0   +53    1190 R 
    add_56_42/Z[48] 
    mux_o_block_62_27/in_0[48] 
      g16/data0                                                                +0    1190   
      g16/z                        (u)  unmapped_bmux3        1    5.0    0   +53    1243 R 
    mux_o_block_62_27/z[48] 
  genfor_gctr_base_0__u_inc32_block_ii/o_block[48] 
  mux_112_8/in_0[48] 
    g80/data0                                                                  +0    1243   
    g80/z                          (u)  unmapped_bmux3        3   15.0    0   +74    1317 R 
  mux_112_8/z[48] 
  genfor_gctr_base_1__u_inc32_block_ii/i_block[48] 
    add_56_42/A[48] 
      g1083/in_0                                                               +0    1317   
      g1083/z                      (u)  unmapped_not          3   15.0    0   +41    1358 F 
      g230/in_0                                                                +0    1358   
      g230/z                       (u)  unmapped_nor2         3   15.0    0   +48    1406 R 
      g383/in_0                                                                +0    1406   
      g383/z                       (u)  unmapped_nand2        5   25.0    0   +60    1466 F 
      g526/in_0                                                                +0    1466   
      g526/z                       (u)  unmapped_nor2         8   40.0    0   +70    1536 R 
      g677/in_0                                                                +0    1536   
      g677/z                       (u)  unmapped_nand2        1    5.0    0   +27    1563 F 
      g790/in_1                                                                +0    1563   
      g790/z                       (u)  unmapped_nor2         1    5.0    0   +27    1590 R 
      g866/in_0                                                                +0    1590   
      g866/z                       (u)  unmapped_nand2        1    5.0    0   +27    1617 F 
      g1163/in_0                                                               +0    1617   
      g1163/z                      (u)  unmapped_not          1    5.0    0   +21    1638 R 
      g1034/in_0                                                               +0    1638   
      g1034/z                      (u)  unmapped_xnor2        1    5.0    0   +53    1691 R 
    add_56_42/Z[63] 
    mux_o_block_62_27/in_0[63] 
      g1/data0                                                                 +0    1691   
      g1/z                         (u)  unmapped_bmux3        1    5.0    0   +53    1744 R 
    mux_o_block_62_27/z[63] 
  genfor_gctr_base_1__u_inc32_block_ii/o_block[63] 
  counter_block_final_d_reg[63]/D       unmapped_d_flop                        +0    1744   
  counter_block_final_d_reg[63]/CP      setup                           100  +152    1896 R 
- - - - - - - - - - - - - - - - - - - - - - - - - - - - - - - - - - - - - - - - - - - - - - 
(clock CORE_CLOCK)                      capture                                      1300 R 
                                        adjustments                          -330     970   
--------------------------------------------------------------------------------------------
Exception    : 'path_adjusts/from_vir_CORE_CLOCK_to_CORE_CLOCK_setup_uncertainty' path adjust    -330ps
Cost Group   : 'CORE_CLOCK' (path_group 'CORE_CLOCK')
Timing slack :    -926ps (TIMING VIOLATION)
Start-point  : i_enable
End-point    : u_gctr_function/counter_block_final_d_reg[63]/D

(u) : Net has unmapped pin(s).
============================================================
  Generated by:           Encounter(R) RTL Compiler RC14.28 - v14.20-s067_1
  Generated on:           Jul 03 2017  01:58:28 pm
  Module:                 gcm_aes_core
  Technology libraries:   tcbn16ffplusglbwp7d5t16p96cpdssgnp0p63v0c_ccs 111
                          tcbn16ffplusglbwp7d5t16p96cpdmbssgnp0p63v0c_ccs 111
                          tcbn16ffplusllbwp7d5t16p96cpdlvtssgnp0p63v0c_ccs 111
                          tcbn16ffplusllbwp7d5t16p96cpdulvtssgnp0p63v0c_ccs 111
                          tcbn16ffplusglbwp7d5t16p96cpdmbulvtssgnp0p63v0c_ccs 111
                          tcbn16ffplusglbwp7d5t16p96cpdmblvtssgnp0p63v0c_ccs 111
  Operating conditions:   ssgnp0p63v0c 
  Interconnect mode:      global
  Area mode:              physical library
============================================================

            Pin                       Type         Fanout  Load  Slew Delay Arrival   
                                                           (fF)  (ps)  (ps)   (ps)    
--------------------------------------------------------------------------------------
(clock CORE_CLOCK)                launch                                          0 R 
u_key_update_fsm
  state_reg[3]/CP                                                 100             0 R 
  state_reg[3]/Q             (u)  unmapped_d_flop       4   20.0    0  +162     162 F 
  ctl_state_140_12/in_0[3] 
    g33/in_0                                                             +0     162   
    g33/z                    (u)  unmapped_not          2   10.0    0   +32     194 R 
    g8/in_1                                                              +0     194   
    g8/z                     (u)  unmapped_nand2        4   20.0    0   +56     250 F 
    g11/in_1                                                             +0     250   
    g11/z                    (u)  unmapped_nor2         7   35.0    0   +66     316 R 
  ctl_state_140_12/out_0[5] 
  mux_o_trigger_h_powers_calc_140_12/ctl[1] 
    g1/sel0                                                              +0     316   
    g1/z                     (u)  unmapped_mux4       261 1945.0    0  +181     497 R 
  mux_o_trigger_h_powers_calc_140_12/z 
u_key_update_fsm/o_trigger_h_powers_calc 
g1284/in_1                                                               +0     497   
g1284/z                      (u)  unmapped_and2       513 3845.0    0  +182     679 R 
g1285/in_0                                                               +0     679   
g1285/z                      (u)  unmapped_or2        512 3840.0    0  +182     861 R 
mux_665_86/ctl 
  g193/sel0                                                              +0     861   
  g193/z                     (u)  unmapped_bmux3        8   40.0    0   +96     956 R 
mux_665_86/z[63] 
mux_811_36/in_1[63] 
  g65/data1                                                              +0     956   
  g65/z                      (u)  unmapped_bmux3        1    5.0    0   +53    1009 R 
mux_811_36/z[63] 
mux_j0_tag_locked_reg_842_11/in_4[63] 
  g65/data4                                                              +0    1009   
  g65/z                      (u)  unmapped_bmux11       3   15.0    0  +154    1163 R 
mux_j0_tag_locked_reg_842_11/z[63] 
g4206/in_0                                                               +0    1163   
g4206/z                      (u)  unmapped_xor2         2   10.0    0   +65    1228 R 
mux_929_39/in_1[63] 
  g65/data1                                                              +0    1228   
  g65/z                      (u)  unmapped_bmux3        1    5.0    0   +53    1281 R 
mux_929_39/z[63] 
mux_928_23/in_0[63] 
  g65/data0                                                              +0    1281   
  g65/z                      (u)  unmapped_bmux3        2   35.6    0   +92    1373 R 
mux_928_23/z[63] 
neq_943_37/A[63] 
  g64/in_0                                                               +0    1373   
  g64/z                      (u)  unmapped_xnor2        1    5.0    0   +53    1426 F 
  g144/in_3                                                              +0    1426   
  g144/z                     (u)  unmapped_nand4        1    5.0    0   +61    1488 R 
  g164/in_3                                                              +0    1488   
  g164/z                     (u)  unmapped_nor4         1    5.0    0   +61    1548 F 
  g169/in_3                                                              +0    1548   
  g169/z                     (u)  unmapped_nand4        1    5.0    0   +61    1610 R 
  g171/in_1                                                              +0    1610   
  g171/z                     (u)  unmapped_nor2         1    5.0    0   +27    1637 F 
  g172/in_0                                                              +0    1637   
  g172/z                     (u)  unmapped_not          1    5.0    0   +21    1657 R 
neq_943_37/Z 
mux_942_52/in_1 
  g1/data1                                                               +0    1657   
  g1/z                            unmapped_bmux3        1   30.6    0   +89    1746 R 
mux_942_52/z 
o_fail                            out port                               +1    1747 R 
(iodelay.tcl_line_19_1386_1)      ext delay                            +100    1847 R 
- - - - - - - - - - - - - - - - - - - - - - - - - - - - - - - - - - - - - - - - - - - 
(clock vir_CORE_CLOCK)            capture                                      1300 R 
                                  adjustments                          -330     970   
--------------------------------------------------------------------------------------
Exception    : 'path_adjusts/from_CORE_CLOCK_to_vir_CORE_CLOCK_setup_uncertainty' path adjust    -330ps
Cost Group   : 'vir_CORE_CLOCK' (path_group 'vir_CORE_CLOCK')
Timing slack :    -877ps (TIMING VIOLATION)
Start-point  : u_key_update_fsm/state_reg[3]/CP
End-point    : o_fail

(u) : Net has unmapped pin(s).
