============================================================
  Generated by:           Encounter(R) RTL Compiler RC14.28 - v14.20-s067_1
  Generated on:           Jul 03 2017  02:44:53 pm
  Module:                 gcm_aes_core
  Technology library:     <suppressed>
  Operating conditions:   <suppressed>
  Interconnect mode:      global
  Area mode:              physical library
============================================================

                                                  
           Gate             Instances     Area                         Library                     
---------------------------------------------------------------------------------------------------
AN2D1BWP7D5T16P96CPD               29       6.682    tcbn16ffplusglbwp7d5t16p96cpdssgnp0p63v0c_ccs 
AN2D2BWP7D5T16P96CPD               11       2.534    tcbn16ffplusglbwp7d5t16p96cpdssgnp0p63v0c_ccs 
AN2D4BWP7D5T16P96CPD              135      62.208    tcbn16ffplusglbwp7d5t16p96cpdssgnp0p63v0c_ccs 
AN2D8BWP7D5T16P96CPD                2       1.475    tcbn16ffplusglbwp7d5t16p96cpdssgnp0p63v0c_ccs 
AN3D1BWP7D5T16P96CPD              230      63.590    tcbn16ffplusglbwp7d5t16p96cpdssgnp0p63v0c_ccs 
AN3D2BWP7D5T16P96CPD                1       0.276    tcbn16ffplusglbwp7d5t16p96cpdssgnp0p63v0c_ccs 
AN3D8BWP7D5T16P96CPD                1       0.876    tcbn16ffplusglbwp7d5t16p96cpdssgnp0p63v0c_ccs 
AN4D1BWP7D5T16P96CPD                3       0.968    tcbn16ffplusglbwp7d5t16p96cpdssgnp0p63v0c_ccs 
AO21D1BWP7D5T16P96CPD             979     270.674    tcbn16ffplusglbwp7d5t16p96cpdssgnp0p63v0c_ccs 
AO21D2BWP7D5T16P96CPD               1       0.323    tcbn16ffplusglbwp7d5t16p96cpdssgnp0p63v0c_ccs 
AO21D4BWP7D5T16P96CPD               1       0.415    tcbn16ffplusglbwp7d5t16p96cpdssgnp0p63v0c_ccs 
AO22D1BWP7D5T16P96CPD             656     211.599    tcbn16ffplusglbwp7d5t16p96cpdssgnp0p63v0c_ccs 
AO22D2BWP7D5T16P96CPD               1       0.369    tcbn16ffplusglbwp7d5t16p96cpdssgnp0p63v0c_ccs 
AOAI211D2BWP7D5T16P96CPD            6       2.765    tcbn16ffplusglbwp7d5t16p96cpdssgnp0p63v0c_ccs 
AOAI211D4BWP7D5T16P96CPD            1       0.829    tcbn16ffplusglbwp7d5t16p96cpdssgnp0p63v0c_ccs 
AOI211D1BWP7D5T16P96CPD             9       2.488    tcbn16ffplusglbwp7d5t16p96cpdssgnp0p63v0c_ccs 
AOI211D1P5BWP7D5T16P96CPD           2       0.829    tcbn16ffplusglbwp7d5t16p96cpdssgnp0p63v0c_ccs 
AOI211D2BWP7D5T16P96CPD             1       0.415    tcbn16ffplusglbwp7d5t16p96cpdssgnp0p63v0c_ccs 
AOI21D1BWP7D5T16P96CPD           1023     235.699    tcbn16ffplusglbwp7d5t16p96cpdssgnp0p63v0c_ccs 
AOI21D1P5BWP7D5T16P96CPD            4       1.290    tcbn16ffplusglbwp7d5t16p96cpdssgnp0p63v0c_ccs 
AOI21D2BWP7D5T16P96CPD             11       3.548    tcbn16ffplusglbwp7d5t16p96cpdssgnp0p63v0c_ccs 
AOI21D4BWP7D5T16P96CPD            120      71.885    tcbn16ffplusglbwp7d5t16p96cpdssgnp0p63v0c_ccs 
AOI21D8BWP7D5T16P96CPD             11      13.179    tcbn16ffplusglbwp7d5t16p96cpdssgnp0p63v0c_ccs 
AOI221D1BWP7D5T16P96CPD           709     261.366    tcbn16ffplusglbwp7d5t16p96cpdssgnp0p63v0c_ccs 
AOI221D2BWP7D5T16P96CPD             9       5.391    tcbn16ffplusglbwp7d5t16p96cpdssgnp0p63v0c_ccs 
AOI222D1BWP7D5T16P96CPD           485     223.488    tcbn16ffplusglbwp7d5t16p96cpdssgnp0p63v0c_ccs 
AOI222D2BWP7D5T16P96CPD            13       9.585    tcbn16ffplusglbwp7d5t16p96cpdssgnp0p63v0c_ccs 
AOI22D1BWP7D5T16P96CPD            130      35.942    tcbn16ffplusglbwp7d5t16p96cpdssgnp0p63v0c_ccs 
AOI22D1P5BWP7D5T16P96CPD            7       2.903    tcbn16ffplusglbwp7d5t16p96cpdssgnp0p63v0c_ccs 
AOI22D2BWP7D5T16P96CPD            231      95.800    tcbn16ffplusglbwp7d5t16p96cpdssgnp0p63v0c_ccs 
AOI22D4BWP7D5T16P96CPD            324     268.739    tcbn16ffplusglbwp7d5t16p96cpdssgnp0p63v0c_ccs 
AOI22D8BWP7D5T16P96CPD              2       3.133    tcbn16ffplusglbwp7d5t16p96cpdssgnp0p63v0c_ccs 
AOI31D1BWP7D5T16P96CPD              4       1.106    tcbn16ffplusglbwp7d5t16p96cpdssgnp0p63v0c_ccs 
AOI31D2BWP7D5T16P96CPD              7       3.226    tcbn16ffplusglbwp7d5t16p96cpdssgnp0p63v0c_ccs 
AOI31SKND1BWP7D5T16P96CPD           3       0.829    tcbn16ffplusglbwp7d5t16p96cpdssgnp0p63v0c_ccs 
AOI31SKPD1BWP7D5T16P96CPD         129      35.666    tcbn16ffplusglbwp7d5t16p96cpdssgnp0p63v0c_ccs 
AOI32D1BWP7D5T16P96CPD              4       1.290    tcbn16ffplusglbwp7d5t16p96cpdssgnp0p63v0c_ccs 
AOI32D2BWP7D5T16P96CPD              1       0.507    tcbn16ffplusglbwp7d5t16p96cpdssgnp0p63v0c_ccs 
BUFFD1BWP7D5T16P96CPD              87      16.036    tcbn16ffplusglbwp7d5t16p96cpdssgnp0p63v0c_ccs 
BUFFD2BWP7D5T16P96CPD             243      55.987    tcbn16ffplusglbwp7d5t16p96cpdssgnp0p63v0c_ccs 
BUFFD3BWP7D5T16P96CPD              13       3.594    tcbn16ffplusglbwp7d5t16p96cpdssgnp0p63v0c_ccs 
BUFFD6BWP7D5T16P96CPD             238      98.703    tcbn16ffplusglbwp7d5t16p96cpdssgnp0p63v0c_ccs 
BUFFD8BWP7D5T16P96CPD              88      48.660    tcbn16ffplusglbwp7d5t16p96cpdssgnp0p63v0c_ccs 
BUFFSKND1BWP7D5T16P96CPD            8       1.475    tcbn16ffplusglbwp7d5t16p96cpdssgnp0p63v0c_ccs 
BUFFSKND2BWP7D5T16P96CPD            3       0.691    tcbn16ffplusglbwp7d5t16p96cpdssgnp0p63v0c_ccs 
BUFFSKND6BWP7D5T16P96CPD           59      24.468    tcbn16ffplusglbwp7d5t16p96cpdssgnp0p63v0c_ccs 
BUFFSKND8BWP7D5T16P96CPD            1       0.553    tcbn16ffplusglbwp7d5t16p96cpdssgnp0p63v0c_ccs 
BUFFSKPD1BWP7D5T16P96CPD            3       0.553    tcbn16ffplusglbwp7d5t16p96cpdssgnp0p63v0c_ccs 
BUFFSKPD2BWP7D5T16P96CPD            6       1.382    tcbn16ffplusglbwp7d5t16p96cpdssgnp0p63v0c_ccs 
BUFFSKPD4BWP7D5T16P96CPD           11       3.548    tcbn16ffplusglbwp7d5t16p96cpdssgnp0p63v0c_ccs 
BUFFSKPD6BWP7D5T16P96CPD            6       2.488    tcbn16ffplusglbwp7d5t16p96cpdssgnp0p63v0c_ccs 
BUFFSKPD8BWP7D5T16P96CPD            2       1.106    tcbn16ffplusglbwp7d5t16p96cpdssgnp0p63v0c_ccs 
CKAN2D1BWP7D5T16P96CPD           4138     953.395    tcbn16ffplusglbwp7d5t16p96cpdssgnp0p63v0c_ccs 
CKAN2D2BWP7D5T16P96CPD              7       1.935    tcbn16ffplusglbwp7d5t16p96cpdssgnp0p63v0c_ccs 
CKAN2D8BWP7D5T16P96CPD             23      16.957    tcbn16ffplusglbwp7d5t16p96cpdssgnp0p63v0c_ccs 
CKBD1BWP7D5T16P96CPD               87      16.036    tcbn16ffplusglbwp7d5t16p96cpdssgnp0p63v0c_ccs 
CKBD4BWP7D5T16P96CPD                2       0.645    tcbn16ffplusglbwp7d5t16p96cpdssgnp0p63v0c_ccs 
CKBD5BWP7D5T16P96CPD                9       3.732    tcbn16ffplusglbwp7d5t16p96cpdssgnp0p63v0c_ccs 
CKLNQD1BWP7D5T16P96CPD            635     409.651    tcbn16ffplusglbwp7d5t16p96cpdssgnp0p63v0c_ccs 
CKMUX2D1BWP7D5T16P96CPD          1302     539.965    tcbn16ffplusglbwp7d5t16p96cpdssgnp0p63v0c_ccs 
CKMUX2D2BWP7D5T16P96CPD           119      49.352    tcbn16ffplusglbwp7d5t16p96cpdssgnp0p63v0c_ccs 
CKMUX2D8BWP7D5T16P96CPD             1       1.198    tcbn16ffplusglbwp7d5t16p96cpdssgnp0p63v0c_ccs 
CKND1BWP7D5T16P96CPD               29       4.009    tcbn16ffplusglbwp7d5t16p96cpdssgnp0p63v0c_ccs 
CKND2BWP7D5T16P96CPD              224      30.966    tcbn16ffplusglbwp7d5t16p96cpdssgnp0p63v0c_ccs 
CKND2D1BWP7D5T16P96CPD          14103    1949.599    tcbn16ffplusglbwp7d5t16p96cpdssgnp0p63v0c_ccs 
CKND2D2BWP7D5T16P96CPD            201      46.310    tcbn16ffplusglbwp7d5t16p96cpdssgnp0p63v0c_ccs 
CKND2D4BWP7D5T16P96CPD             28      11.612    tcbn16ffplusglbwp7d5t16p96cpdssgnp0p63v0c_ccs 
CKND2D8BWP7D5T16P96CPD             39      30.551    tcbn16ffplusglbwp7d5t16p96cpdssgnp0p63v0c_ccs 
CKND5BWP7D5T16P96CPD               86      23.777    tcbn16ffplusglbwp7d5t16p96cpdssgnp0p63v0c_ccs 
CKND6BWP7D5T16P96CPD              269      86.769    tcbn16ffplusglbwp7d5t16p96cpdssgnp0p63v0c_ccs 
CKND8BWP7D5T16P96CPD               73      30.275    tcbn16ffplusglbwp7d5t16p96cpdssgnp0p63v0c_ccs 
CKNR2D1BWP7D5T16P96CPD             53       9.769    tcbn16ffplusglbwp7d5t16p96cpdssgnp0p63v0c_ccs 
CKNR2D2BWP7D5T16P96CPD              6       1.659    tcbn16ffplusglbwp7d5t16p96cpdssgnp0p63v0c_ccs 
CKNR2D4BWP7D5T16P96CPD             10       4.147    tcbn16ffplusglbwp7d5t16p96cpdssgnp0p63v0c_ccs 
CKNR2D8BWP7D5T16P96CPD             11       8.617    tcbn16ffplusglbwp7d5t16p96cpdssgnp0p63v0c_ccs 
CKOR2D1BWP7D5T16P96CPD             19       4.378    tcbn16ffplusglbwp7d5t16p96cpdssgnp0p63v0c_ccs 
CKOR2D2BWP7D5T16P96CPD              1       0.276    tcbn16ffplusglbwp7d5t16p96cpdssgnp0p63v0c_ccs 
CKOR2D4BWP7D5T16P96CPD             10       4.608    tcbn16ffplusglbwp7d5t16p96cpdssgnp0p63v0c_ccs 
CKOR2D8BWP7D5T16P96CPD              2       1.475    tcbn16ffplusglbwp7d5t16p96cpdssgnp0p63v0c_ccs 
CKXOR2D1BWP7D5T16P96CPD         14875    6168.960    tcbn16ffplusglbwp7d5t16p96cpdssgnp0p63v0c_ccs 
CKXOR2D2BWP7D5T16P96CPD            17       8.617    tcbn16ffplusglbwp7d5t16p96cpdssgnp0p63v0c_ccs 
CKXOR2D4BWP7D5T16P96CPD           731     606.321    tcbn16ffplusglbwp7d5t16p96cpdssgnp0p63v0c_ccs 
CKXOR2D8BWP7D5T16P96CPD            36      43.131    tcbn16ffplusglbwp7d5t16p96cpdssgnp0p63v0c_ccs 
FA1D1BWP7D5T16P96CPD                9       7.880    tcbn16ffplusglbwp7d5t16p96cpdssgnp0p63v0c_ccs 
FCICOD1BWP7D5T16P96CPD              7       2.580    tcbn16ffplusglbwp7d5t16p96cpdssgnp0p63v0c_ccs 
FCICOND1BWP7D5T16P96CPD             2       0.645    tcbn16ffplusglbwp7d5t16p96cpdssgnp0p63v0c_ccs 
FIICOND1BWP7D5T16P96CPD            11      12.672    tcbn16ffplusglbwp7d5t16p96cpdssgnp0p63v0c_ccs 
HA1D1BWP7D5T16P96CPD              539     397.394    tcbn16ffplusglbwp7d5t16p96cpdssgnp0p63v0c_ccs 
HA1D2BWP7D5T16P96CPD                9       7.465    tcbn16ffplusglbwp7d5t16p96cpdssgnp0p63v0c_ccs 
HA1D4BWP7D5T16P96CPD                7       8.064    tcbn16ffplusglbwp7d5t16p96cpdssgnp0p63v0c_ccs 
IAO21D1BWP7D5T16P96CPD             89      24.607    tcbn16ffplusglbwp7d5t16p96cpdssgnp0p63v0c_ccs 
IAO21D2BWP7D5T16P96CPD             22       8.110    tcbn16ffplusglbwp7d5t16p96cpdssgnp0p63v0c_ccs 
IAO21D4BWP7D5T16P96CPD             15       9.677    tcbn16ffplusglbwp7d5t16p96cpdssgnp0p63v0c_ccs 
IAO22D1BWP7D5T16P96CPD            156      50.319    tcbn16ffplusglbwp7d5t16p96cpdssgnp0p63v0c_ccs 
IAO22D2BWP7D5T16P96CPD            178      82.022    tcbn16ffplusglbwp7d5t16p96cpdssgnp0p63v0c_ccs 
IAO22D4BWP7D5T16P96CPD            214     177.500    tcbn16ffplusglbwp7d5t16p96cpdssgnp0p63v0c_ccs 
IAOI21D1BWP7D5T16P96CPD            15       4.147    tcbn16ffplusglbwp7d5t16p96cpdssgnp0p63v0c_ccs 
IAOI21D2BWP7D5T16P96CPD            20       8.294    tcbn16ffplusglbwp7d5t16p96cpdssgnp0p63v0c_ccs 
IAOI21D4BWP7D5T16P96CPD            82      60.457    tcbn16ffplusglbwp7d5t16p96cpdssgnp0p63v0c_ccs 
IIND3D1BWP7D5T16P96CPD              1       0.323    tcbn16ffplusglbwp7d5t16p96cpdssgnp0p63v0c_ccs 
IIND3D2BWP7D5T16P96CPD             23      10.598    tcbn16ffplusglbwp7d5t16p96cpdssgnp0p63v0c_ccs 
IIND3D4BWP7D5T16P96CPD              1       0.783    tcbn16ffplusglbwp7d5t16p96cpdssgnp0p63v0c_ccs 
IIND4D1BWP7D5T16P96CPD              1       0.369    tcbn16ffplusglbwp7d5t16p96cpdssgnp0p63v0c_ccs 
IIND4D2BWP7D5T16P96CPD              3       1.797    tcbn16ffplusglbwp7d5t16p96cpdssgnp0p63v0c_ccs 
IINR3D1BWP7D5T16P96CPD            117      37.740    tcbn16ffplusglbwp7d5t16p96cpdssgnp0p63v0c_ccs 
IINR3D2BWP7D5T16P96CPD             61      28.109    tcbn16ffplusglbwp7d5t16p96cpdssgnp0p63v0c_ccs 
IINR3D4BWP7D5T16P96CPD              3       2.350    tcbn16ffplusglbwp7d5t16p96cpdssgnp0p63v0c_ccs 
IINR4D1BWP7D5T16P96CPD              1       0.369    tcbn16ffplusglbwp7d5t16p96cpdssgnp0p63v0c_ccs 
IINR4D2BWP7D5T16P96CPD              1       0.599    tcbn16ffplusglbwp7d5t16p96cpdssgnp0p63v0c_ccs 
IND2D1BWP7D5T16P96CPD             238      54.835    tcbn16ffplusglbwp7d5t16p96cpdssgnp0p63v0c_ccs 
IND2D2BWP7D5T16P96CPD              34       9.400    tcbn16ffplusglbwp7d5t16p96cpdssgnp0p63v0c_ccs 
IND2D4BWP7D5T16P96CPD             172      87.183    tcbn16ffplusglbwp7d5t16p96cpdssgnp0p63v0c_ccs 
IND2D8BWP7D5T16P96CPD               3       2.903    tcbn16ffplusglbwp7d5t16p96cpdssgnp0p63v0c_ccs 
IND3D1BWP7D5T16P96CPD               4       1.106    tcbn16ffplusglbwp7d5t16p96cpdssgnp0p63v0c_ccs 
IND3D2BWP7D5T16P96CPD              12       4.977    tcbn16ffplusglbwp7d5t16p96cpdssgnp0p63v0c_ccs 
IND3D4BWP7D5T16P96CPD               3       2.212    tcbn16ffplusglbwp7d5t16p96cpdssgnp0p63v0c_ccs 
IND3D8BWP7D5T16P96CPD               2       2.673    tcbn16ffplusglbwp7d5t16p96cpdssgnp0p63v0c_ccs 
IND4D1BWP7D5T16P96CPD               3       0.968    tcbn16ffplusglbwp7d5t16p96cpdssgnp0p63v0c_ccs 
IND4D2BWP7D5T16P96CPD               1       0.507    tcbn16ffplusglbwp7d5t16p96cpdssgnp0p63v0c_ccs 
IND4D4BWP7D5T16P96CPD               5       4.608    tcbn16ffplusglbwp7d5t16p96cpdssgnp0p63v0c_ccs 
INR2D1BWP7D5T16P96CPD            1728     398.131    tcbn16ffplusglbwp7d5t16p96cpdssgnp0p63v0c_ccs 
INR2D2BWP7D5T16P96CPD              74      20.460    tcbn16ffplusglbwp7d5t16p96cpdssgnp0p63v0c_ccs 
INR2D4BWP7D5T16P96CPD             270     136.858    tcbn16ffplusglbwp7d5t16p96cpdssgnp0p63v0c_ccs 
INR2D8BWP7D5T16P96CPD               9       8.709    tcbn16ffplusglbwp7d5t16p96cpdssgnp0p63v0c_ccs 
INR3D1BWP7D5T16P96CPD              21       5.806    tcbn16ffplusglbwp7d5t16p96cpdssgnp0p63v0c_ccs 
INR3D2BWP7D5T16P96CPD              13       5.391    tcbn16ffplusglbwp7d5t16p96cpdssgnp0p63v0c_ccs 
INR3D4BWP7D5T16P96CPD              11       8.110    tcbn16ffplusglbwp7d5t16p96cpdssgnp0p63v0c_ccs 
INR3D8BWP7D5T16P96CPD               2       2.673    tcbn16ffplusglbwp7d5t16p96cpdssgnp0p63v0c_ccs 
INR4D1BWP7D5T16P96CPD              46      14.838    tcbn16ffplusglbwp7d5t16p96cpdssgnp0p63v0c_ccs 
INR4D2BWP7D5T16P96CPD               1       0.507    tcbn16ffplusglbwp7d5t16p96cpdssgnp0p63v0c_ccs 
INR4D4BWP7D5T16P96CPD               2       1.843    tcbn16ffplusglbwp7d5t16p96cpdssgnp0p63v0c_ccs 
INVD1BWP7D5T16P96CPD             5771     531.855    tcbn16ffplusglbwp7d5t16p96cpdssgnp0p63v0c_ccs 
INVD2BWP7D5T16P96CPD              770     106.445    tcbn16ffplusglbwp7d5t16p96cpdssgnp0p63v0c_ccs 
INVD3BWP7D5T16P96CPD              557     102.666    tcbn16ffplusglbwp7d5t16p96cpdssgnp0p63v0c_ccs 
INVD4BWP7D5T16P96CPD              430      99.072    tcbn16ffplusglbwp7d5t16p96cpdssgnp0p63v0c_ccs 
INVD6BWP7D5T16P96CPD               52      16.773    tcbn16ffplusglbwp7d5t16p96cpdssgnp0p63v0c_ccs 
INVD8BWP7D5T16P96CPD               99      41.057    tcbn16ffplusglbwp7d5t16p96cpdssgnp0p63v0c_ccs 
INVSKND2BWP7D5T16P96CPD           233      32.210    tcbn16ffplusglbwp7d5t16p96cpdssgnp0p63v0c_ccs 
INVSKND3BWP7D5T16P96CPD            29       5.345    tcbn16ffplusglbwp7d5t16p96cpdssgnp0p63v0c_ccs 
INVSKND4BWP7D5T16P96CPD            45      10.368    tcbn16ffplusglbwp7d5t16p96cpdssgnp0p63v0c_ccs 
INVSKND6BWP7D5T16P96CPD            34      10.967    tcbn16ffplusglbwp7d5t16p96cpdssgnp0p63v0c_ccs 
INVSKND8BWP7D5T16P96CPD            64      26.542    tcbn16ffplusglbwp7d5t16p96cpdssgnp0p63v0c_ccs 
INVSKPD2BWP7D5T16P96CPD            34       4.700    tcbn16ffplusglbwp7d5t16p96cpdssgnp0p63v0c_ccs 
INVSKPD3BWP7D5T16P96CPD            14       2.580    tcbn16ffplusglbwp7d5t16p96cpdssgnp0p63v0c_ccs 
INVSKPD4BWP7D5T16P96CPD            33       7.603    tcbn16ffplusglbwp7d5t16p96cpdssgnp0p63v0c_ccs 
INVSKPD6BWP7D5T16P96CPD            28       9.032    tcbn16ffplusglbwp7d5t16p96cpdssgnp0p63v0c_ccs 
INVSKPD8BWP7D5T16P96CPD           100      41.472    tcbn16ffplusglbwp7d5t16p96cpdssgnp0p63v0c_ccs 
IOA21D1BWP7D5T16P96CPD            961     265.697    tcbn16ffplusglbwp7d5t16p96cpdssgnp0p63v0c_ccs 
IOA21D2BWP7D5T16P96CPD            124      45.711    tcbn16ffplusglbwp7d5t16p96cpdssgnp0p63v0c_ccs 
IOA21D4BWP7D5T16P96CPD             55      35.482    tcbn16ffplusglbwp7d5t16p96cpdssgnp0p63v0c_ccs 
IOA22D1BWP7D5T16P96CPD             59      21.750    tcbn16ffplusglbwp7d5t16p96cpdssgnp0p63v0c_ccs 
IOA22D2BWP7D5T16P96CPD             72      33.178    tcbn16ffplusglbwp7d5t16p96cpdssgnp0p63v0c_ccs 
IOA22D4BWP7D5T16P96CPD            797     661.064    tcbn16ffplusglbwp7d5t16p96cpdssgnp0p63v0c_ccs 
IOAI21D1BWP7D5T16P96CPD           200      55.296    tcbn16ffplusglbwp7d5t16p96cpdssgnp0p63v0c_ccs 
IOAI21D2BWP7D5T16P96CPD           479     220.723    tcbn16ffplusglbwp7d5t16p96cpdssgnp0p63v0c_ccs 
IOAI21D4BWP7D5T16P96CPD            61      44.974    tcbn16ffplusglbwp7d5t16p96cpdssgnp0p63v0c_ccs 
MAOI22D1BWP7D5T16P96CPD           110      40.550    tcbn16ffplusglbwp7d5t16p96cpdssgnp0p63v0c_ccs 
MAOI22D2BWP7D5T16P96CPD            86      51.517    tcbn16ffplusglbwp7d5t16p96cpdssgnp0p63v0c_ccs 
MAOI22D4BWP7D5T16P96CPD            10      10.598    tcbn16ffplusglbwp7d5t16p96cpdssgnp0p63v0c_ccs 
MOAI22D1BWP7D5T16P96CPD           133      49.029    tcbn16ffplusglbwp7d5t16p96cpdssgnp0p63v0c_ccs 
MOAI22D2BWP7D5T16P96CPD            72      43.131    tcbn16ffplusglbwp7d5t16p96cpdssgnp0p63v0c_ccs 
MOAI22D4BWP7D5T16P96CPD            88      93.266    tcbn16ffplusglbwp7d5t16p96cpdssgnp0p63v0c_ccs 
MUX2D1BWP7D5T16P96CPD            1283     532.086    tcbn16ffplusglbwp7d5t16p96cpdssgnp0p63v0c_ccs 
MUX2D2BWP7D5T16P96CPD              12       4.977    tcbn16ffplusglbwp7d5t16p96cpdssgnp0p63v0c_ccs 
MUX2D4BWP7D5T16P96CPD               6       4.700    tcbn16ffplusglbwp7d5t16p96cpdssgnp0p63v0c_ccs 
MUX2D8BWP7D5T16P96CPD               9      12.027    tcbn16ffplusglbwp7d5t16p96cpdssgnp0p63v0c_ccs 
MUX2ND1BWP7D5T16P96CPD            636     293.069    tcbn16ffplusglbwp7d5t16p96cpdssgnp0p63v0c_ccs 
MUX2ND8BWP7D5T16P96CPD              1       1.152    tcbn16ffplusglbwp7d5t16p96cpdssgnp0p63v0c_ccs 
MUX3D1BWP7D5T16P96CPD               1       0.691    tcbn16ffplusglbwp7d5t16p96cpdssgnp0p63v0c_ccs 
ND2D1BWP7D5T16P96CPD            15110    2088.806    tcbn16ffplusglbwp7d5t16p96cpdssgnp0p63v0c_ccs 
ND2D1P5BWP7D5T16P96CPD            246      56.678    tcbn16ffplusglbwp7d5t16p96cpdssgnp0p63v0c_ccs 
ND2D2BWP7D5T16P96CPD              321      73.958    tcbn16ffplusglbwp7d5t16p96cpdssgnp0p63v0c_ccs 
ND2D3BWP7D5T16P96CPD              120      38.707    tcbn16ffplusglbwp7d5t16p96cpdssgnp0p63v0c_ccs 
ND2D4BWP7D5T16P96CPD               65      26.957    tcbn16ffplusglbwp7d5t16p96cpdssgnp0p63v0c_ccs 
ND2D6BWP7D5T16P96CPD               42      25.160    tcbn16ffplusglbwp7d5t16p96cpdssgnp0p63v0c_ccs 
ND2D8BWP7D5T16P96CPD                4       3.133    tcbn16ffplusglbwp7d5t16p96cpdssgnp0p63v0c_ccs 
ND2SKND1BWP7D5T16P96CPD           901     124.554    tcbn16ffplusglbwp7d5t16p96cpdssgnp0p63v0c_ccs 
ND2SKND2BWP7D5T16P96CPD            11       2.534    tcbn16ffplusglbwp7d5t16p96cpdssgnp0p63v0c_ccs 
ND2SKND3BWP7D5T16P96CPD           115      37.094    tcbn16ffplusglbwp7d5t16p96cpdssgnp0p63v0c_ccs 
ND2SKND4BWP7D5T16P96CPD            49      20.321    tcbn16ffplusglbwp7d5t16p96cpdssgnp0p63v0c_ccs 
ND2SKND6BWP7D5T16P96CPD            91      54.513    tcbn16ffplusglbwp7d5t16p96cpdssgnp0p63v0c_ccs 
ND2SKND8BWP7D5T16P96CPD            25      19.584    tcbn16ffplusglbwp7d5t16p96cpdssgnp0p63v0c_ccs 
ND3D1BWP7D5T16P96CPD                9       1.659    tcbn16ffplusglbwp7d5t16p96cpdssgnp0p63v0c_ccs 
ND3D1P5BWP7D5T16P96CPD              1       0.323    tcbn16ffplusglbwp7d5t16p96cpdssgnp0p63v0c_ccs 
ND3D2BWP7D5T16P96CPD                1       0.323    tcbn16ffplusglbwp7d5t16p96cpdssgnp0p63v0c_ccs 
ND3D4BWP7D5T16P96CPD                4       2.396    tcbn16ffplusglbwp7d5t16p96cpdssgnp0p63v0c_ccs 
ND3SKND1BWP7D5T16P96CPD             9       1.659    tcbn16ffplusglbwp7d5t16p96cpdssgnp0p63v0c_ccs 
ND3SKND4BWP7D5T16P96CPD            37      22.164    tcbn16ffplusglbwp7d5t16p96cpdssgnp0p63v0c_ccs 
ND3SKND8BWP7D5T16P96CPD             9      10.783    tcbn16ffplusglbwp7d5t16p96cpdssgnp0p63v0c_ccs 
ND4D1BWP7D5T16P96CPD                2       0.461    tcbn16ffplusglbwp7d5t16p96cpdssgnp0p63v0c_ccs 
ND4SKND1BWP7D5T16P96CPD             8       1.843    tcbn16ffplusglbwp7d5t16p96cpdssgnp0p63v0c_ccs 
ND4SKND2BWP7D5T16P96CPD             1       0.461    tcbn16ffplusglbwp7d5t16p96cpdssgnp0p63v0c_ccs 
ND4SKND4BWP7D5T16P96CPD             2       1.659    tcbn16ffplusglbwp7d5t16p96cpdssgnp0p63v0c_ccs 
NR2D1BWP7D5T16P96CPD              296      40.919    tcbn16ffplusglbwp7d5t16p96cpdssgnp0p63v0c_ccs 
NR2D1P5BWP7D5T16P96CPD             12       2.765    tcbn16ffplusglbwp7d5t16p96cpdssgnp0p63v0c_ccs 
NR2D2BWP7D5T16P96CPD              270      62.208    tcbn16ffplusglbwp7d5t16p96cpdssgnp0p63v0c_ccs 
NR2D3BWP7D5T16P96CPD               95      30.643    tcbn16ffplusglbwp7d5t16p96cpdssgnp0p63v0c_ccs 
NR2D4BWP7D5T16P96CPD               86      35.666    tcbn16ffplusglbwp7d5t16p96cpdssgnp0p63v0c_ccs 
NR2D6BWP7D5T16P96CPD               41      24.561    tcbn16ffplusglbwp7d5t16p96cpdssgnp0p63v0c_ccs 
NR2D8BWP7D5T16P96CPD                7       5.484    tcbn16ffplusglbwp7d5t16p96cpdssgnp0p63v0c_ccs 
NR2SKPD1BWP7D5T16P96CPD          5329     736.681    tcbn16ffplusglbwp7d5t16p96cpdssgnp0p63v0c_ccs 
NR2SKPD2BWP7D5T16P96CPD           105      24.192    tcbn16ffplusglbwp7d5t16p96cpdssgnp0p63v0c_ccs 
NR2SKPD3BWP7D5T16P96CPD            67      21.612    tcbn16ffplusglbwp7d5t16p96cpdssgnp0p63v0c_ccs 
NR2SKPD4BWP7D5T16P96CPD           104      43.131    tcbn16ffplusglbwp7d5t16p96cpdssgnp0p63v0c_ccs 
NR2SKPD6BWP7D5T16P96CPD            70      41.933    tcbn16ffplusglbwp7d5t16p96cpdssgnp0p63v0c_ccs 
NR2SKPD8BWP7D5T16P96CPD            60      47.002    tcbn16ffplusglbwp7d5t16p96cpdssgnp0p63v0c_ccs 
NR3D1BWP7D5T16P96CPD                8       1.475    tcbn16ffplusglbwp7d5t16p96cpdssgnp0p63v0c_ccs 
NR3D1P5BWP7D5T16P96CPD              3       0.968    tcbn16ffplusglbwp7d5t16p96cpdssgnp0p63v0c_ccs 
NR3D2BWP7D5T16P96CPD                6       1.935    tcbn16ffplusglbwp7d5t16p96cpdssgnp0p63v0c_ccs 
NR3D4BWP7D5T16P96CPD               10       5.990    tcbn16ffplusglbwp7d5t16p96cpdssgnp0p63v0c_ccs 
NR3SKPD1BWP7D5T16P96CPD           605     111.514    tcbn16ffplusglbwp7d5t16p96cpdssgnp0p63v0c_ccs 
NR3SKPD4BWP7D5T16P96CPD            62      37.140    tcbn16ffplusglbwp7d5t16p96cpdssgnp0p63v0c_ccs 
NR3SKPD8BWP7D5T16P96CPD            12      14.377    tcbn16ffplusglbwp7d5t16p96cpdssgnp0p63v0c_ccs 
NR4D4BWP7D5T16P96CPD                1       0.829    tcbn16ffplusglbwp7d5t16p96cpdssgnp0p63v0c_ccs 
NR4SKPD1BWP7D5T16P96CPD             7       1.613    tcbn16ffplusglbwp7d5t16p96cpdssgnp0p63v0c_ccs 
OA21D1BWP7D5T16P96CPD             477     131.881    tcbn16ffplusglbwp7d5t16p96cpdssgnp0p63v0c_ccs 
OA22D1BWP7D5T16P96CPD              12       3.871    tcbn16ffplusglbwp7d5t16p96cpdssgnp0p63v0c_ccs 
OAI211D1BWP7D5T16P96CPD             7       1.935    tcbn16ffplusglbwp7d5t16p96cpdssgnp0p63v0c_ccs 
OAI211D2BWP7D5T16P96CPD             3       1.382    tcbn16ffplusglbwp7d5t16p96cpdssgnp0p63v0c_ccs 
OAI211D4BWP7D5T16P96CPD             2       1.659    tcbn16ffplusglbwp7d5t16p96cpdssgnp0p63v0c_ccs 
OAI21D1BWP7D5T16P96CPD            701     161.510    tcbn16ffplusglbwp7d5t16p96cpdssgnp0p63v0c_ccs 
OAI21D1P5BWP7D5T16P96CPD            7       2.580    tcbn16ffplusglbwp7d5t16p96cpdssgnp0p63v0c_ccs 
OAI21D2BWP7D5T16P96CPD             56      20.644    tcbn16ffplusglbwp7d5t16p96cpdssgnp0p63v0c_ccs 
OAI21D4BWP7D5T16P96CPD            119      71.286    tcbn16ffplusglbwp7d5t16p96cpdssgnp0p63v0c_ccs 
OAI21D8BWP7D5T16P96CPD             14      16.773    tcbn16ffplusglbwp7d5t16p96cpdssgnp0p63v0c_ccs 
OAI221D1BWP7D5T16P96CPD           134      49.398    tcbn16ffplusglbwp7d5t16p96cpdssgnp0p63v0c_ccs 
OAI221D2BWP7D5T16P96CPD             4       2.396    tcbn16ffplusglbwp7d5t16p96cpdssgnp0p63v0c_ccs 
OAI221D4BWP7D5T16P96CPD             1       1.014    tcbn16ffplusglbwp7d5t16p96cpdssgnp0p63v0c_ccs 
OAI222D1BWP7D5T16P96CPD            73      33.638    tcbn16ffplusglbwp7d5t16p96cpdssgnp0p63v0c_ccs 
OAI22D1BWP7D5T16P96CPD             92      25.436    tcbn16ffplusglbwp7d5t16p96cpdssgnp0p63v0c_ccs 
OAI22D1P5BWP7D5T16P96CPD            1       0.461    tcbn16ffplusglbwp7d5t16p96cpdssgnp0p63v0c_ccs 
OAI22D2BWP7D5T16P96CPD             99      45.619    tcbn16ffplusglbwp7d5t16p96cpdssgnp0p63v0c_ccs 
OAI22D4BWP7D5T16P96CPD            114      94.556    tcbn16ffplusglbwp7d5t16p96cpdssgnp0p63v0c_ccs 
OAI22D8BWP7D5T16P96CPD             11      17.234    tcbn16ffplusglbwp7d5t16p96cpdssgnp0p63v0c_ccs 
OAI31D1BWP7D5T16P96CPD              1       0.276    tcbn16ffplusglbwp7d5t16p96cpdssgnp0p63v0c_ccs 
OAI31SKPD1BWP7D5T16P96CPD           2       0.553    tcbn16ffplusglbwp7d5t16p96cpdssgnp0p63v0c_ccs 
OAI32D1BWP7D5T16P96CPD            450     145.152    tcbn16ffplusglbwp7d5t16p96cpdssgnp0p63v0c_ccs 
OAI33D1BWP7D5T16P96CPD              2       0.737    tcbn16ffplusglbwp7d5t16p96cpdssgnp0p63v0c_ccs 
OAOI211D1BWP7D5T16P96CPD          138      44.513    tcbn16ffplusglbwp7d5t16p96cpdssgnp0p63v0c_ccs 
OAOI211D2BWP7D5T16P96CPD           11       5.069    tcbn16ffplusglbwp7d5t16p96cpdssgnp0p63v0c_ccs 
OR2D1BWP7D5T16P96CPD              206      47.462    tcbn16ffplusglbwp7d5t16p96cpdssgnp0p63v0c_ccs 
OR2D2BWP7D5T16P96CPD                8       1.843    tcbn16ffplusglbwp7d5t16p96cpdssgnp0p63v0c_ccs 
OR2D4BWP7D5T16P96CPD               38      17.510    tcbn16ffplusglbwp7d5t16p96cpdssgnp0p63v0c_ccs 
OR2D8BWP7D5T16P96CPD               10       6.912    tcbn16ffplusglbwp7d5t16p96cpdssgnp0p63v0c_ccs 
OR3D1BWP7D5T16P96CPD                4       1.106    tcbn16ffplusglbwp7d5t16p96cpdssgnp0p63v0c_ccs 
OR3D8BWP7D5T16P96CPD                2       1.751    tcbn16ffplusglbwp7d5t16p96cpdssgnp0p63v0c_ccs 
OR4D2BWP7D5T16P96CPD                1       0.323    tcbn16ffplusglbwp7d5t16p96cpdssgnp0p63v0c_ccs 
OR4D4BWP7D5T16P96CPD                1       0.599    tcbn16ffplusglbwp7d5t16p96cpdssgnp0p63v0c_ccs 
SDFCNQD1BWP7D5T16P96CPD          1942    2326.671    tcbn16ffplusglbwp7d5t16p96cpdssgnp0p63v0c_ccs 
SDFCNQD2BWP7D5T16P96CPD          1945    2419.891    tcbn16ffplusglbwp7d5t16p96cpdssgnp0p63v0c_ccs 
SDFCNQD4BWP7D5T16P96CPD          1124    1812.787    tcbn16ffplusglbwp7d5t16p96cpdssgnp0p63v0c_ccs 
SDFKCNQD1BWP7D5T16P96CPD        29349   36514.852    tcbn16ffplusglbwp7d5t16p96cpdssgnp0p63v0c_ccs 
SDFKCNQD2BWP7D5T16P96CPD          107     138.056    tcbn16ffplusglbwp7d5t16p96cpdssgnp0p63v0c_ccs 
SDFKCNQD4BWP7D5T16P96CPD           22      33.454    tcbn16ffplusglbwp7d5t16p96cpdssgnp0p63v0c_ccs 
SDFKSNQD1BWP7D5T16P96CPD            3       3.732    tcbn16ffplusglbwp7d5t16p96cpdssgnp0p63v0c_ccs 
SDFMQD1BWP7D5T16P96CPD            510     799.027    tcbn16ffplusglbwp7d5t16p96cpdssgnp0p63v0c_ccs 
SDFMQD2BWP7D5T16P96CPD             32      51.610    tcbn16ffplusglbwp7d5t16p96cpdssgnp0p63v0c_ccs 
SDFQD1BWP7D5T16P96CPD            5034    5335.235    tcbn16ffplusglbwp7d5t16p96cpdssgnp0p63v0c_ccs 
SDFQD2BWP7D5T16P96CPD              50      55.296    tcbn16ffplusglbwp7d5t16p96cpdssgnp0p63v0c_ccs 
SDFQD4BWP7D5T16P96CPD               2       2.488    tcbn16ffplusglbwp7d5t16p96cpdssgnp0p63v0c_ccs 
SDFQND1BWP7D5T16P96CPD           1944    2060.329    tcbn16ffplusglbwp7d5t16p96cpdssgnp0p63v0c_ccs 
SDFQND4BWP7D5T16P96CPD              1       1.382    tcbn16ffplusglbwp7d5t16p96cpdssgnp0p63v0c_ccs 
SDFSNQD2BWP7D5T16P96CPD             2       2.673    tcbn16ffplusglbwp7d5t16p96cpdssgnp0p63v0c_ccs 
SDFSNQD4BWP7D5T16P96CPD             1       1.475    tcbn16ffplusglbwp7d5t16p96cpdssgnp0p63v0c_ccs 
SDFSYNCNQD1BWP7D5T16P96CPD         42      69.673    tcbn16ffplusglbwp7d5t16p96cpdssgnp0p63v0c_ccs 
SDFSYNCNQD2BWP7D5T16P96CPD         17      28.984    tcbn16ffplusglbwp7d5t16p96cpdssgnp0p63v0c_ccs 
SDFSYNQD2BWP7D5T16P96CPD            1       1.475    tcbn16ffplusglbwp7d5t16p96cpdssgnp0p63v0c_ccs 
SEDFQD1BWP7D5T16P96CPD              2       3.041    tcbn16ffplusglbwp7d5t16p96cpdssgnp0p63v0c_ccs 
XNR2D1BWP7D5T16P96CPD            9761    4048.082    tcbn16ffplusglbwp7d5t16p96cpdssgnp0p63v0c_ccs 
XNR2D2BWP7D5T16P96CPD             494     227.635    tcbn16ffplusglbwp7d5t16p96cpdssgnp0p63v0c_ccs 
XNR2D4BWP7D5T16P96CPD             985     816.998    tcbn16ffplusglbwp7d5t16p96cpdssgnp0p63v0c_ccs 
XNR2D8BWP7D5T16P96CPD             106     126.996    tcbn16ffplusglbwp7d5t16p96cpdssgnp0p63v0c_ccs 
XNR3D1BWP7D5T16P96CPD            6499    5390.531    tcbn16ffplusglbwp7d5t16p96cpdssgnp0p63v0c_ccs 
XNR3D2BWP7D5T16P96CPD             508     444.764    tcbn16ffplusglbwp7d5t16p96cpdssgnp0p63v0c_ccs 
XNR3D4BWP7D5T16P96CPD             113     156.211    tcbn16ffplusglbwp7d5t16p96cpdssgnp0p63v0c_ccs 
XNR4D1BWP7D5T16P96CPD             784     939.295    tcbn16ffplusglbwp7d5t16p96cpdssgnp0p63v0c_ccs 
XNR4D2BWP7D5T16P96CPD              37      46.034    tcbn16ffplusglbwp7d5t16p96cpdssgnp0p63v0c_ccs 
XOR2D1BWP7D5T16P96CPD           15577    6460.093    tcbn16ffplusglbwp7d5t16p96cpdssgnp0p63v0c_ccs 
XOR2D2BWP7D5T16P96CPD            1476     680.141    tcbn16ffplusglbwp7d5t16p96cpdssgnp0p63v0c_ccs 
XOR2D4BWP7D5T16P96CPD             529     438.774    tcbn16ffplusglbwp7d5t16p96cpdssgnp0p63v0c_ccs 
XOR2D8BWP7D5T16P96CPD             159     190.495    tcbn16ffplusglbwp7d5t16p96cpdssgnp0p63v0c_ccs 
XOR3D1BWP7D5T16P96CPD            4163    3452.959    tcbn16ffplusglbwp7d5t16p96cpdssgnp0p63v0c_ccs 
XOR3D2BWP7D5T16P96CPD              27      23.639    tcbn16ffplusglbwp7d5t16p96cpdssgnp0p63v0c_ccs 
XOR3D4BWP7D5T16P96CPD              37      51.149    tcbn16ffplusglbwp7d5t16p96cpdssgnp0p63v0c_ccs 
XOR4D1BWP7D5T16P96CPD            4785    5732.813    tcbn16ffplusglbwp7d5t16p96cpdssgnp0p63v0c_ccs 
XOR4D2BWP7D5T16P96CPD              47      58.476    tcbn16ffplusglbwp7d5t16p96cpdssgnp0p63v0c_ccs 
---------------------------------------------------------------------------------------------------
total                          176456  104333.414                                                  


                                                         
            Type             Instances    Area    Area % 
---------------------------------------------------------
sequential                       42130  51662.131   49.5 
inverter                          8974   1224.484    1.2 
buffer                             866    279.660    0.3 
clock_gating_integrated_cell       635    409.651    0.4 
logic                           123851  50757.489   48.6 
---------------------------------------------------------
total                           176456 104333.414  100.0 

