============================================================
  Generated by:           Encounter(R) RTL Compiler RC14.28 - v14.20-s067_1
  Generated on:           Jul 03 2017  02:31:49 pm
  Module:                 gcm_aes_core
  Technology library:     <suppressed>
  Operating conditions:   <suppressed>
  Interconnect mode:      global
  Area mode:              physical library
============================================================

                                                  
           Gate             Instances     Area                         Library                     
---------------------------------------------------------------------------------------------------
AN2D1BWP7D5T16P96CPD               12       2.765    tcbn16ffplusglbwp7d5t16p96cpdssgnp0p63v0c_ccs 
AN2D2BWP7D5T16P96CPD                5       1.152    tcbn16ffplusglbwp7d5t16p96cpdssgnp0p63v0c_ccs 
AN2D4BWP7D5T16P96CPD              130      59.904    tcbn16ffplusglbwp7d5t16p96cpdssgnp0p63v0c_ccs 
AN3D1BWP7D5T16P96CPD              226      62.484    tcbn16ffplusglbwp7d5t16p96cpdssgnp0p63v0c_ccs 
AN3D2BWP7D5T16P96CPD                1       0.276    tcbn16ffplusglbwp7d5t16p96cpdssgnp0p63v0c_ccs 
AN4D1BWP7D5T16P96CPD                1       0.323    tcbn16ffplusglbwp7d5t16p96cpdssgnp0p63v0c_ccs 
AO21D1BWP7D5T16P96CPD             978     270.397    tcbn16ffplusglbwp7d5t16p96cpdssgnp0p63v0c_ccs 
AO21D4BWP7D5T16P96CPD               1       0.415    tcbn16ffplusglbwp7d5t16p96cpdssgnp0p63v0c_ccs 
AO22D1BWP7D5T16P96CPD             201      64.835    tcbn16ffplusglbwp7d5t16p96cpdssgnp0p63v0c_ccs 
AO22D2BWP7D5T16P96CPD             449     165.519    tcbn16ffplusglbwp7d5t16p96cpdssgnp0p63v0c_ccs 
AOAI211D4BWP7D5T16P96CPD            1       0.829    tcbn16ffplusglbwp7d5t16p96cpdssgnp0p63v0c_ccs 
AOI211D1BWP7D5T16P96CPD             8       2.212    tcbn16ffplusglbwp7d5t16p96cpdssgnp0p63v0c_ccs 
AOI211D2BWP7D5T16P96CPD             4       1.659    tcbn16ffplusglbwp7d5t16p96cpdssgnp0p63v0c_ccs 
AOI21D1BWP7D5T16P96CPD           1010     232.704    tcbn16ffplusglbwp7d5t16p96cpdssgnp0p63v0c_ccs 
AOI21D1P5BWP7D5T16P96CPD            4       1.290    tcbn16ffplusglbwp7d5t16p96cpdssgnp0p63v0c_ccs 
AOI21D2BWP7D5T16P96CPD              9       2.903    tcbn16ffplusglbwp7d5t16p96cpdssgnp0p63v0c_ccs 
AOI21D4BWP7D5T16P96CPD            169     101.238    tcbn16ffplusglbwp7d5t16p96cpdssgnp0p63v0c_ccs 
AOI21D8BWP7D5T16P96CPD              1       1.198    tcbn16ffplusglbwp7d5t16p96cpdssgnp0p63v0c_ccs 
AOI221D1BWP7D5T16P96CPD           714     263.209    tcbn16ffplusglbwp7d5t16p96cpdssgnp0p63v0c_ccs 
AOI221D2BWP7D5T16P96CPD             4       2.396    tcbn16ffplusglbwp7d5t16p96cpdssgnp0p63v0c_ccs 
AOI222D1BWP7D5T16P96CPD           481     221.645    tcbn16ffplusglbwp7d5t16p96cpdssgnp0p63v0c_ccs 
AOI222D2BWP7D5T16P96CPD            18      13.271    tcbn16ffplusglbwp7d5t16p96cpdssgnp0p63v0c_ccs 
AOI22D1BWP7D5T16P96CPD             95      26.266    tcbn16ffplusglbwp7d5t16p96cpdssgnp0p63v0c_ccs 
AOI22D1P5BWP7D5T16P96CPD            9       3.732    tcbn16ffplusglbwp7d5t16p96cpdssgnp0p63v0c_ccs 
AOI22D2BWP7D5T16P96CPD            297     123.172    tcbn16ffplusglbwp7d5t16p96cpdssgnp0p63v0c_ccs 
AOI22D4BWP7D5T16P96CPD            442     366.612    tcbn16ffplusglbwp7d5t16p96cpdssgnp0p63v0c_ccs 
AOI22D8BWP7D5T16P96CPD             15      23.501    tcbn16ffplusglbwp7d5t16p96cpdssgnp0p63v0c_ccs 
AOI31D2BWP7D5T16P96CPD             12       5.530    tcbn16ffplusglbwp7d5t16p96cpdssgnp0p63v0c_ccs 
AOI31SKND1BWP7D5T16P96CPD           1       0.276    tcbn16ffplusglbwp7d5t16p96cpdssgnp0p63v0c_ccs 
AOI31SKPD1BWP7D5T16P96CPD         129      35.666    tcbn16ffplusglbwp7d5t16p96cpdssgnp0p63v0c_ccs 
AOI32D1BWP7D5T16P96CPD              4       1.290    tcbn16ffplusglbwp7d5t16p96cpdssgnp0p63v0c_ccs 
BUFFD1BWP7D5T16P96CPD              83      15.299    tcbn16ffplusglbwp7d5t16p96cpdssgnp0p63v0c_ccs 
BUFFD2BWP7D5T16P96CPD             891     205.286    tcbn16ffplusglbwp7d5t16p96cpdssgnp0p63v0c_ccs 
BUFFD3BWP7D5T16P96CPD               5       1.382    tcbn16ffplusglbwp7d5t16p96cpdssgnp0p63v0c_ccs 
BUFFD6BWP7D5T16P96CPD             446     184.965    tcbn16ffplusglbwp7d5t16p96cpdssgnp0p63v0c_ccs 
BUFFD8BWP7D5T16P96CPD              80      44.237    tcbn16ffplusglbwp7d5t16p96cpdssgnp0p63v0c_ccs 
BUFFSKND6BWP7D5T16P96CPD            7       2.903    tcbn16ffplusglbwp7d5t16p96cpdssgnp0p63v0c_ccs 
CKAN2D1BWP7D5T16P96CPD           4190     965.376    tcbn16ffplusglbwp7d5t16p96cpdssgnp0p63v0c_ccs 
CKAN2D2BWP7D5T16P96CPD              5       1.382    tcbn16ffplusglbwp7d5t16p96cpdssgnp0p63v0c_ccs 
CKAN2D8BWP7D5T16P96CPD             25      18.432    tcbn16ffplusglbwp7d5t16p96cpdssgnp0p63v0c_ccs 
CKBD1BWP7D5T16P96CPD             1078     198.697    tcbn16ffplusglbwp7d5t16p96cpdssgnp0p63v0c_ccs 
CKBD5BWP7D5T16P96CPD                7       2.903    tcbn16ffplusglbwp7d5t16p96cpdssgnp0p63v0c_ccs 
CKBD6BWP7D5T16P96CPD                1       0.415    tcbn16ffplusglbwp7d5t16p96cpdssgnp0p63v0c_ccs 
CKLNQD1BWP7D5T16P96CPD           1758    1134.121    tcbn16ffplusglbwp7d5t16p96cpdssgnp0p63v0c_ccs 
CKMUX2D1BWP7D5T16P96CPD          1305     541.210    tcbn16ffplusglbwp7d5t16p96cpdssgnp0p63v0c_ccs 
CKMUX2D2BWP7D5T16P96CPD           119      49.352    tcbn16ffplusglbwp7d5t16p96cpdssgnp0p63v0c_ccs 
CKMUX2D8BWP7D5T16P96CPD             1       1.198    tcbn16ffplusglbwp7d5t16p96cpdssgnp0p63v0c_ccs 
CKND1BWP7D5T16P96CPD                2       0.276    tcbn16ffplusglbwp7d5t16p96cpdssgnp0p63v0c_ccs 
CKND2D1BWP7D5T16P96CPD          14122    1952.225    tcbn16ffplusglbwp7d5t16p96cpdssgnp0p63v0c_ccs 
CKND2D2BWP7D5T16P96CPD            286      65.894    tcbn16ffplusglbwp7d5t16p96cpdssgnp0p63v0c_ccs 
CKND2D4BWP7D5T16P96CPD             18       7.465    tcbn16ffplusglbwp7d5t16p96cpdssgnp0p63v0c_ccs 
CKND2D8BWP7D5T16P96CPD             36      28.201    tcbn16ffplusglbwp7d5t16p96cpdssgnp0p63v0c_ccs 
CKND5BWP7D5T16P96CPD               69      19.077    tcbn16ffplusglbwp7d5t16p96cpdssgnp0p63v0c_ccs 
CKND6BWP7D5T16P96CPD              229      73.866    tcbn16ffplusglbwp7d5t16p96cpdssgnp0p63v0c_ccs 
CKND8BWP7D5T16P96CPD               65      26.957    tcbn16ffplusglbwp7d5t16p96cpdssgnp0p63v0c_ccs 
CKNR2D1BWP7D5T16P96CPD             82      15.114    tcbn16ffplusglbwp7d5t16p96cpdssgnp0p63v0c_ccs 
CKNR2D2BWP7D5T16P96CPD             22       6.083    tcbn16ffplusglbwp7d5t16p96cpdssgnp0p63v0c_ccs 
CKNR2D4BWP7D5T16P96CPD             35      14.515    tcbn16ffplusglbwp7d5t16p96cpdssgnp0p63v0c_ccs 
CKNR2D8BWP7D5T16P96CPD             26      20.367    tcbn16ffplusglbwp7d5t16p96cpdssgnp0p63v0c_ccs 
CKOR2D1BWP7D5T16P96CPD            287      66.125    tcbn16ffplusglbwp7d5t16p96cpdssgnp0p63v0c_ccs 
CKOR2D2BWP7D5T16P96CPD             13       3.594    tcbn16ffplusglbwp7d5t16p96cpdssgnp0p63v0c_ccs 
CKOR2D4BWP7D5T16P96CPD             16       7.373    tcbn16ffplusglbwp7d5t16p96cpdssgnp0p63v0c_ccs 
CKOR2D8BWP7D5T16P96CPD              2       1.475    tcbn16ffplusglbwp7d5t16p96cpdssgnp0p63v0c_ccs 
CKXOR2D1BWP7D5T16P96CPD         14940    6195.917    tcbn16ffplusglbwp7d5t16p96cpdssgnp0p63v0c_ccs 
CKXOR2D4BWP7D5T16P96CPD           407     337.582    tcbn16ffplusglbwp7d5t16p96cpdssgnp0p63v0c_ccs 
CKXOR2D8BWP7D5T16P96CPD            10      11.981    tcbn16ffplusglbwp7d5t16p96cpdssgnp0p63v0c_ccs 
FA1D1BWP7D5T16P96CPD                9       7.880    tcbn16ffplusglbwp7d5t16p96cpdssgnp0p63v0c_ccs 
FCICOD1BWP7D5T16P96CPD              3       1.106    tcbn16ffplusglbwp7d5t16p96cpdssgnp0p63v0c_ccs 
FCICOND1BWP7D5T16P96CPD             3       0.968    tcbn16ffplusglbwp7d5t16p96cpdssgnp0p63v0c_ccs 
FIICOND1BWP7D5T16P96CPD            11      12.672    tcbn16ffplusglbwp7d5t16p96cpdssgnp0p63v0c_ccs 
HA1D1BWP7D5T16P96CPD              542     399.606    tcbn16ffplusglbwp7d5t16p96cpdssgnp0p63v0c_ccs 
HA1D2BWP7D5T16P96CPD               12       9.953    tcbn16ffplusglbwp7d5t16p96cpdssgnp0p63v0c_ccs 
HA1D4BWP7D5T16P96CPD               39      44.928    tcbn16ffplusglbwp7d5t16p96cpdssgnp0p63v0c_ccs 
IAO21D1BWP7D5T16P96CPD             71      19.630    tcbn16ffplusglbwp7d5t16p96cpdssgnp0p63v0c_ccs 
IAO21D2BWP7D5T16P96CPD             21       7.741    tcbn16ffplusglbwp7d5t16p96cpdssgnp0p63v0c_ccs 
IAO21D4BWP7D5T16P96CPD             10       6.451    tcbn16ffplusglbwp7d5t16p96cpdssgnp0p63v0c_ccs 
IAO22D1BWP7D5T16P96CPD            170      54.835    tcbn16ffplusglbwp7d5t16p96cpdssgnp0p63v0c_ccs 
IAO22D2BWP7D5T16P96CPD            249     114.739    tcbn16ffplusglbwp7d5t16p96cpdssgnp0p63v0c_ccs 
IAO22D4BWP7D5T16P96CPD            263     218.143    tcbn16ffplusglbwp7d5t16p96cpdssgnp0p63v0c_ccs 
IAOI21D1BWP7D5T16P96CPD             9       2.488    tcbn16ffplusglbwp7d5t16p96cpdssgnp0p63v0c_ccs 
IAOI21D2BWP7D5T16P96CPD            24       9.953    tcbn16ffplusglbwp7d5t16p96cpdssgnp0p63v0c_ccs 
IAOI21D4BWP7D5T16P96CPD            66      48.660    tcbn16ffplusglbwp7d5t16p96cpdssgnp0p63v0c_ccs 
IIND3D1BWP7D5T16P96CPD              1       0.323    tcbn16ffplusglbwp7d5t16p96cpdssgnp0p63v0c_ccs 
IIND3D2BWP7D5T16P96CPD              1       0.461    tcbn16ffplusglbwp7d5t16p96cpdssgnp0p63v0c_ccs 
IIND4D1BWP7D5T16P96CPD              1       0.369    tcbn16ffplusglbwp7d5t16p96cpdssgnp0p63v0c_ccs 
IINR3D1BWP7D5T16P96CPD            113      36.449    tcbn16ffplusglbwp7d5t16p96cpdssgnp0p63v0c_ccs 
IINR3D2BWP7D5T16P96CPD              6       2.765    tcbn16ffplusglbwp7d5t16p96cpdssgnp0p63v0c_ccs 
IINR3D4BWP7D5T16P96CPD              1       0.783    tcbn16ffplusglbwp7d5t16p96cpdssgnp0p63v0c_ccs 
IINR4D1BWP7D5T16P96CPD              1       0.369    tcbn16ffplusglbwp7d5t16p96cpdssgnp0p63v0c_ccs 
IND2D1BWP7D5T16P96CPD             953     219.571    tcbn16ffplusglbwp7d5t16p96cpdssgnp0p63v0c_ccs 
IND2D2BWP7D5T16P96CPD             153      42.301    tcbn16ffplusglbwp7d5t16p96cpdssgnp0p63v0c_ccs 
IND2D4BWP7D5T16P96CPD             533     270.167    tcbn16ffplusglbwp7d5t16p96cpdssgnp0p63v0c_ccs 
IND2D8BWP7D5T16P96CPD               1       0.968    tcbn16ffplusglbwp7d5t16p96cpdssgnp0p63v0c_ccs 
IND3D1BWP7D5T16P96CPD               5       1.382    tcbn16ffplusglbwp7d5t16p96cpdssgnp0p63v0c_ccs 
IND3D2BWP7D5T16P96CPD               7       2.903    tcbn16ffplusglbwp7d5t16p96cpdssgnp0p63v0c_ccs 
IND4D1BWP7D5T16P96CPD               3       0.968    tcbn16ffplusglbwp7d5t16p96cpdssgnp0p63v0c_ccs 
IND4D4BWP7D5T16P96CPD               1       0.922    tcbn16ffplusglbwp7d5t16p96cpdssgnp0p63v0c_ccs 
INR2D1BWP7D5T16P96CPD            1735     399.744    tcbn16ffplusglbwp7d5t16p96cpdssgnp0p63v0c_ccs 
INR2D2BWP7D5T16P96CPD              43      11.889    tcbn16ffplusglbwp7d5t16p96cpdssgnp0p63v0c_ccs 
INR2D4BWP7D5T16P96CPD             279     141.420    tcbn16ffplusglbwp7d5t16p96cpdssgnp0p63v0c_ccs 
INR2D8BWP7D5T16P96CPD               3       2.903    tcbn16ffplusglbwp7d5t16p96cpdssgnp0p63v0c_ccs 
INR3D1BWP7D5T16P96CPD              18       4.977    tcbn16ffplusglbwp7d5t16p96cpdssgnp0p63v0c_ccs 
INR3D2BWP7D5T16P96CPD              18       7.465    tcbn16ffplusglbwp7d5t16p96cpdssgnp0p63v0c_ccs 
INR3D4BWP7D5T16P96CPD               8       5.898    tcbn16ffplusglbwp7d5t16p96cpdssgnp0p63v0c_ccs 
INR4D1BWP7D5T16P96CPD              46      14.838    tcbn16ffplusglbwp7d5t16p96cpdssgnp0p63v0c_ccs 
INR4D2BWP7D5T16P96CPD               1       0.507    tcbn16ffplusglbwp7d5t16p96cpdssgnp0p63v0c_ccs 
INVD1BWP7D5T16P96CPD             9398     866.120    tcbn16ffplusglbwp7d5t16p96cpdssgnp0p63v0c_ccs 
INVD2BWP7D5T16P96CPD             3226     445.962    tcbn16ffplusglbwp7d5t16p96cpdssgnp0p63v0c_ccs 
INVD3BWP7D5T16P96CPD              626     115.384    tcbn16ffplusglbwp7d5t16p96cpdssgnp0p63v0c_ccs 
INVD4BWP7D5T16P96CPD             1032     237.773    tcbn16ffplusglbwp7d5t16p96cpdssgnp0p63v0c_ccs 
INVD6BWP7D5T16P96CPD               33      10.644    tcbn16ffplusglbwp7d5t16p96cpdssgnp0p63v0c_ccs 
INVD8BWP7D5T16P96CPD               96      39.813    tcbn16ffplusglbwp7d5t16p96cpdssgnp0p63v0c_ccs 
INVSKND2BWP7D5T16P96CPD           515      71.194    tcbn16ffplusglbwp7d5t16p96cpdssgnp0p63v0c_ccs 
INVSKND3BWP7D5T16P96CPD            80      14.746    tcbn16ffplusglbwp7d5t16p96cpdssgnp0p63v0c_ccs 
INVSKND4BWP7D5T16P96CPD           281      64.742    tcbn16ffplusglbwp7d5t16p96cpdssgnp0p63v0c_ccs 
INVSKND6BWP7D5T16P96CPD            89      28.708    tcbn16ffplusglbwp7d5t16p96cpdssgnp0p63v0c_ccs 
INVSKND8BWP7D5T16P96CPD            19       7.880    tcbn16ffplusglbwp7d5t16p96cpdssgnp0p63v0c_ccs 
INVSKPD2BWP7D5T16P96CPD            66       9.124    tcbn16ffplusglbwp7d5t16p96cpdssgnp0p63v0c_ccs 
INVSKPD3BWP7D5T16P96CPD            23       4.239    tcbn16ffplusglbwp7d5t16p96cpdssgnp0p63v0c_ccs 
INVSKPD4BWP7D5T16P96CPD            60      13.824    tcbn16ffplusglbwp7d5t16p96cpdssgnp0p63v0c_ccs 
INVSKPD6BWP7D5T16P96CPD            40      12.902    tcbn16ffplusglbwp7d5t16p96cpdssgnp0p63v0c_ccs 
INVSKPD8BWP7D5T16P96CPD            44      18.248    tcbn16ffplusglbwp7d5t16p96cpdssgnp0p63v0c_ccs 
IOA21D1BWP7D5T16P96CPD            894     247.173    tcbn16ffplusglbwp7d5t16p96cpdssgnp0p63v0c_ccs 
IOA21D2BWP7D5T16P96CPD            141      51.978    tcbn16ffplusglbwp7d5t16p96cpdssgnp0p63v0c_ccs 
IOA21D4BWP7D5T16P96CPD             64      41.288    tcbn16ffplusglbwp7d5t16p96cpdssgnp0p63v0c_ccs 
IOA22D1BWP7D5T16P96CPD            115      42.394    tcbn16ffplusglbwp7d5t16p96cpdssgnp0p63v0c_ccs 
IOA22D2BWP7D5T16P96CPD            821     378.317    tcbn16ffplusglbwp7d5t16p96cpdssgnp0p63v0c_ccs 
IOA22D4BWP7D5T16P96CPD           2029    1682.934    tcbn16ffplusglbwp7d5t16p96cpdssgnp0p63v0c_ccs 
IOAI21D1BWP7D5T16P96CPD           201      55.572    tcbn16ffplusglbwp7d5t16p96cpdssgnp0p63v0c_ccs 
IOAI21D2BWP7D5T16P96CPD           513     236.390    tcbn16ffplusglbwp7d5t16p96cpdssgnp0p63v0c_ccs 
IOAI21D4BWP7D5T16P96CPD            35      25.805    tcbn16ffplusglbwp7d5t16p96cpdssgnp0p63v0c_ccs 
MAOI22D1BWP7D5T16P96CPD           607     223.764    tcbn16ffplusglbwp7d5t16p96cpdssgnp0p63v0c_ccs 
MAOI22D2BWP7D5T16P96CPD            85      50.918    tcbn16ffplusglbwp7d5t16p96cpdssgnp0p63v0c_ccs 
MAOI22D4BWP7D5T16P96CPD             1       1.060    tcbn16ffplusglbwp7d5t16p96cpdssgnp0p63v0c_ccs 
MOAI22D1BWP7D5T16P96CPD          6975    2571.264    tcbn16ffplusglbwp7d5t16p96cpdssgnp0p63v0c_ccs 
MOAI22D2BWP7D5T16P96CPD           814     487.619    tcbn16ffplusglbwp7d5t16p96cpdssgnp0p63v0c_ccs 
MOAI22D4BWP7D5T16P96CPD            94      99.625    tcbn16ffplusglbwp7d5t16p96cpdssgnp0p63v0c_ccs 
MUX2D1BWP7D5T16P96CPD            1286     533.330    tcbn16ffplusglbwp7d5t16p96cpdssgnp0p63v0c_ccs 
MUX2D2BWP7D5T16P96CPD               6       2.488    tcbn16ffplusglbwp7d5t16p96cpdssgnp0p63v0c_ccs 
MUX2D8BWP7D5T16P96CPD               3       4.009    tcbn16ffplusglbwp7d5t16p96cpdssgnp0p63v0c_ccs 
MUX2ND1BWP7D5T16P96CPD            635     292.608    tcbn16ffplusglbwp7d5t16p96cpdssgnp0p63v0c_ccs 
MUX3D1BWP7D5T16P96CPD               1       0.691    tcbn16ffplusglbwp7d5t16p96cpdssgnp0p63v0c_ccs 
ND2D1BWP7D5T16P96CPD            14813    2047.749    tcbn16ffplusglbwp7d5t16p96cpdssgnp0p63v0c_ccs 
ND2D1P5BWP7D5T16P96CPD            454     104.602    tcbn16ffplusglbwp7d5t16p96cpdssgnp0p63v0c_ccs 
ND2D2BWP7D5T16P96CPD              509     117.274    tcbn16ffplusglbwp7d5t16p96cpdssgnp0p63v0c_ccs 
ND2D3BWP7D5T16P96CPD              297      95.800    tcbn16ffplusglbwp7d5t16p96cpdssgnp0p63v0c_ccs 
ND2D4BWP7D5T16P96CPD              309     128.148    tcbn16ffplusglbwp7d5t16p96cpdssgnp0p63v0c_ccs 
ND2D6BWP7D5T16P96CPD               70      41.933    tcbn16ffplusglbwp7d5t16p96cpdssgnp0p63v0c_ccs 
ND2D8BWP7D5T16P96CPD                6       4.700    tcbn16ffplusglbwp7d5t16p96cpdssgnp0p63v0c_ccs 
ND2SKND1BWP7D5T16P96CPD           896     123.863    tcbn16ffplusglbwp7d5t16p96cpdssgnp0p63v0c_ccs 
ND2SKND2BWP7D5T16P96CPD            22       5.069    tcbn16ffplusglbwp7d5t16p96cpdssgnp0p63v0c_ccs 
ND2SKND3BWP7D5T16P96CPD           169      54.513    tcbn16ffplusglbwp7d5t16p96cpdssgnp0p63v0c_ccs 
ND2SKND4BWP7D5T16P96CPD           121      50.181    tcbn16ffplusglbwp7d5t16p96cpdssgnp0p63v0c_ccs 
ND2SKND6BWP7D5T16P96CPD           149      89.257    tcbn16ffplusglbwp7d5t16p96cpdssgnp0p63v0c_ccs 
ND2SKND8BWP7D5T16P96CPD            37      28.984    tcbn16ffplusglbwp7d5t16p96cpdssgnp0p63v0c_ccs 
ND3D1BWP7D5T16P96CPD                7       1.290    tcbn16ffplusglbwp7d5t16p96cpdssgnp0p63v0c_ccs 
ND3D4BWP7D5T16P96CPD                5       2.995    tcbn16ffplusglbwp7d5t16p96cpdssgnp0p63v0c_ccs 
ND3SKND1BWP7D5T16P96CPD             9       1.659    tcbn16ffplusglbwp7d5t16p96cpdssgnp0p63v0c_ccs 
ND3SKND4BWP7D5T16P96CPD            50      29.952    tcbn16ffplusglbwp7d5t16p96cpdssgnp0p63v0c_ccs 
ND3SKND8BWP7D5T16P96CPD             3       3.594    tcbn16ffplusglbwp7d5t16p96cpdssgnp0p63v0c_ccs 
ND4D1BWP7D5T16P96CPD                2       0.461    tcbn16ffplusglbwp7d5t16p96cpdssgnp0p63v0c_ccs 
ND4D2BWP7D5T16P96CPD                1       0.461    tcbn16ffplusglbwp7d5t16p96cpdssgnp0p63v0c_ccs 
ND4SKND1BWP7D5T16P96CPD             8       1.843    tcbn16ffplusglbwp7d5t16p96cpdssgnp0p63v0c_ccs 
NR2D1BWP7D5T16P96CPD              310      42.854    tcbn16ffplusglbwp7d5t16p96cpdssgnp0p63v0c_ccs 
NR2D2BWP7D5T16P96CPD              290      66.816    tcbn16ffplusglbwp7d5t16p96cpdssgnp0p63v0c_ccs 
NR2D3BWP7D5T16P96CPD              198      63.867    tcbn16ffplusglbwp7d5t16p96cpdssgnp0p63v0c_ccs 
NR2D4BWP7D5T16P96CPD              127      52.669    tcbn16ffplusglbwp7d5t16p96cpdssgnp0p63v0c_ccs 
NR2D6BWP7D5T16P96CPD               63      37.740    tcbn16ffplusglbwp7d5t16p96cpdssgnp0p63v0c_ccs 
NR2D8BWP7D5T16P96CPD               23      18.017    tcbn16ffplusglbwp7d5t16p96cpdssgnp0p63v0c_ccs 
NR2SKPD1BWP7D5T16P96CPD          5399     746.358    tcbn16ffplusglbwp7d5t16p96cpdssgnp0p63v0c_ccs 
NR2SKPD2BWP7D5T16P96CPD           119      27.418    tcbn16ffplusglbwp7d5t16p96cpdssgnp0p63v0c_ccs 
NR2SKPD3BWP7D5T16P96CPD           104      33.546    tcbn16ffplusglbwp7d5t16p96cpdssgnp0p63v0c_ccs 
NR2SKPD4BWP7D5T16P96CPD           128      53.084    tcbn16ffplusglbwp7d5t16p96cpdssgnp0p63v0c_ccs 
NR2SKPD6BWP7D5T16P96CPD           153      91.653    tcbn16ffplusglbwp7d5t16p96cpdssgnp0p63v0c_ccs 
NR2SKPD8BWP7D5T16P96CPD            52      40.735    tcbn16ffplusglbwp7d5t16p96cpdssgnp0p63v0c_ccs 
NR3D1BWP7D5T16P96CPD                4       0.737    tcbn16ffplusglbwp7d5t16p96cpdssgnp0p63v0c_ccs 
NR3D4BWP7D5T16P96CPD                5       2.995    tcbn16ffplusglbwp7d5t16p96cpdssgnp0p63v0c_ccs 
NR3SKPD1BWP7D5T16P96CPD           609     112.251    tcbn16ffplusglbwp7d5t16p96cpdssgnp0p63v0c_ccs 
NR3SKPD4BWP7D5T16P96CPD            95      56.909    tcbn16ffplusglbwp7d5t16p96cpdssgnp0p63v0c_ccs 
NR3SKPD8BWP7D5T16P96CPD             1       1.198    tcbn16ffplusglbwp7d5t16p96cpdssgnp0p63v0c_ccs 
NR4SKPD1BWP7D5T16P96CPD             7       1.613    tcbn16ffplusglbwp7d5t16p96cpdssgnp0p63v0c_ccs 
OA21D1BWP7D5T16P96CPD             461     127.457    tcbn16ffplusglbwp7d5t16p96cpdssgnp0p63v0c_ccs 
OA22D1BWP7D5T16P96CPD               3       0.968    tcbn16ffplusglbwp7d5t16p96cpdssgnp0p63v0c_ccs 
OAI211D1BWP7D5T16P96CPD             4       1.106    tcbn16ffplusglbwp7d5t16p96cpdssgnp0p63v0c_ccs 
OAI211D2BWP7D5T16P96CPD             5       2.304    tcbn16ffplusglbwp7d5t16p96cpdssgnp0p63v0c_ccs 
OAI21D1BWP7D5T16P96CPD            677     155.981    tcbn16ffplusglbwp7d5t16p96cpdssgnp0p63v0c_ccs 
OAI21D2BWP7D5T16P96CPD             62      22.856    tcbn16ffplusglbwp7d5t16p96cpdssgnp0p63v0c_ccs 
OAI21D4BWP7D5T16P96CPD            131      78.474    tcbn16ffplusglbwp7d5t16p96cpdssgnp0p63v0c_ccs 
OAI21D8BWP7D5T16P96CPD              1       1.198    tcbn16ffplusglbwp7d5t16p96cpdssgnp0p63v0c_ccs 
OAI221D1BWP7D5T16P96CPD           135      49.766    tcbn16ffplusglbwp7d5t16p96cpdssgnp0p63v0c_ccs 
OAI221D2BWP7D5T16P96CPD             4       2.396    tcbn16ffplusglbwp7d5t16p96cpdssgnp0p63v0c_ccs 
OAI222D1BWP7D5T16P96CPD            74      34.099    tcbn16ffplusglbwp7d5t16p96cpdssgnp0p63v0c_ccs 
OAI22D1BWP7D5T16P96CPD             85      23.501    tcbn16ffplusglbwp7d5t16p96cpdssgnp0p63v0c_ccs 
OAI22D1P5BWP7D5T16P96CPD            3       1.382    tcbn16ffplusglbwp7d5t16p96cpdssgnp0p63v0c_ccs 
OAI22D2BWP7D5T16P96CPD            132      60.826    tcbn16ffplusglbwp7d5t16p96cpdssgnp0p63v0c_ccs 
OAI22D4BWP7D5T16P96CPD            284     235.561    tcbn16ffplusglbwp7d5t16p96cpdssgnp0p63v0c_ccs 
OAI22D8BWP7D5T16P96CPD             26      40.735    tcbn16ffplusglbwp7d5t16p96cpdssgnp0p63v0c_ccs 
OAI31SKPD1BWP7D5T16P96CPD           2       0.553    tcbn16ffplusglbwp7d5t16p96cpdssgnp0p63v0c_ccs 
OAI32D1BWP7D5T16P96CPD            450     145.152    tcbn16ffplusglbwp7d5t16p96cpdssgnp0p63v0c_ccs 
OAI32D4BWP7D5T16P96CPD              2       2.120    tcbn16ffplusglbwp7d5t16p96cpdssgnp0p63v0c_ccs 
OAI33D1BWP7D5T16P96CPD              2       0.737    tcbn16ffplusglbwp7d5t16p96cpdssgnp0p63v0c_ccs 
OAOI211D1BWP7D5T16P96CPD          132      42.578    tcbn16ffplusglbwp7d5t16p96cpdssgnp0p63v0c_ccs 
OAOI211D2BWP7D5T16P96CPD           16       7.373    tcbn16ffplusglbwp7d5t16p96cpdssgnp0p63v0c_ccs 
OR2D1BWP7D5T16P96CPD              249      57.370    tcbn16ffplusglbwp7d5t16p96cpdssgnp0p63v0c_ccs 
OR2D2BWP7D5T16P96CPD                2       0.461    tcbn16ffplusglbwp7d5t16p96cpdssgnp0p63v0c_ccs 
OR2D4BWP7D5T16P96CPD               36      16.589    tcbn16ffplusglbwp7d5t16p96cpdssgnp0p63v0c_ccs 
OR2D8BWP7D5T16P96CPD               10       6.912    tcbn16ffplusglbwp7d5t16p96cpdssgnp0p63v0c_ccs 
OR3D1BWP7D5T16P96CPD                1       0.276    tcbn16ffplusglbwp7d5t16p96cpdssgnp0p63v0c_ccs 
OR3D8BWP7D5T16P96CPD                2       1.751    tcbn16ffplusglbwp7d5t16p96cpdssgnp0p63v0c_ccs 
OR4D2BWP7D5T16P96CPD                1       0.323    tcbn16ffplusglbwp7d5t16p96cpdssgnp0p63v0c_ccs 
SDFCNQD1BWP7D5T16P96CPD          1654    1981.624    tcbn16ffplusglbwp7d5t16p96cpdssgnp0p63v0c_ccs 
SDFCNQD2BWP7D5T16P96CPD          2277    2832.952    tcbn16ffplusglbwp7d5t16p96cpdssgnp0p63v0c_ccs 
SDFCNQD4BWP7D5T16P96CPD          1077    1736.986    tcbn16ffplusglbwp7d5t16p96cpdssgnp0p63v0c_ccs 
SDFKCNQD1BWP7D5T16P96CPD        29349   36514.852    tcbn16ffplusglbwp7d5t16p96cpdssgnp0p63v0c_ccs 
SDFKCNQD2BWP7D5T16P96CPD          104     134.185    tcbn16ffplusglbwp7d5t16p96cpdssgnp0p63v0c_ccs 
SDFKCNQD4BWP7D5T16P96CPD           25      38.016    tcbn16ffplusglbwp7d5t16p96cpdssgnp0p63v0c_ccs 
SDFKSNQD1BWP7D5T16P96CPD            3       3.732    tcbn16ffplusglbwp7d5t16p96cpdssgnp0p63v0c_ccs 
SDFMQD1BWP7D5T16P96CPD            508     795.894    tcbn16ffplusglbwp7d5t16p96cpdssgnp0p63v0c_ccs 
SDFMQD2BWP7D5T16P96CPD             34      54.835    tcbn16ffplusglbwp7d5t16p96cpdssgnp0p63v0c_ccs 
SDFQD1BWP7D5T16P96CPD            5011    5310.858    tcbn16ffplusglbwp7d5t16p96cpdssgnp0p63v0c_ccs 
SDFQD2BWP7D5T16P96CPD              72      79.626    tcbn16ffplusglbwp7d5t16p96cpdssgnp0p63v0c_ccs 
SDFQD4BWP7D5T16P96CPD               2       2.488    tcbn16ffplusglbwp7d5t16p96cpdssgnp0p63v0c_ccs 
SDFQND1BWP7D5T16P96CPD           1944    2060.329    tcbn16ffplusglbwp7d5t16p96cpdssgnp0p63v0c_ccs 
SDFQND4BWP7D5T16P96CPD              1       1.382    tcbn16ffplusglbwp7d5t16p96cpdssgnp0p63v0c_ccs 
SDFSNQD2BWP7D5T16P96CPD             2       2.673    tcbn16ffplusglbwp7d5t16p96cpdssgnp0p63v0c_ccs 
SDFSNQD4BWP7D5T16P96CPD             1       1.475    tcbn16ffplusglbwp7d5t16p96cpdssgnp0p63v0c_ccs 
SDFSYNCNQD1BWP7D5T16P96CPD         13      21.565    tcbn16ffplusglbwp7d5t16p96cpdssgnp0p63v0c_ccs 
SDFSYNCNQD2BWP7D5T16P96CPD         49      83.543    tcbn16ffplusglbwp7d5t16p96cpdssgnp0p63v0c_ccs 
SDFSYNQD2BWP7D5T16P96CPD            2       2.949    tcbn16ffplusglbwp7d5t16p96cpdssgnp0p63v0c_ccs 
SEDFQD1BWP7D5T16P96CPD              1       1.521    tcbn16ffplusglbwp7d5t16p96cpdssgnp0p63v0c_ccs 
SEDFQD2BWP7D5T16P96CPD              1       1.567    tcbn16ffplusglbwp7d5t16p96cpdssgnp0p63v0c_ccs 
XNR2D1BWP7D5T16P96CPD            5740    2380.493    tcbn16ffplusglbwp7d5t16p96cpdssgnp0p63v0c_ccs 
XNR2D2BWP7D5T16P96CPD             477     219.802    tcbn16ffplusglbwp7d5t16p96cpdssgnp0p63v0c_ccs 
XNR2D4BWP7D5T16P96CPD             119      98.703    tcbn16ffplusglbwp7d5t16p96cpdssgnp0p63v0c_ccs 
XNR2D8BWP7D5T16P96CPD             169     202.476    tcbn16ffplusglbwp7d5t16p96cpdssgnp0p63v0c_ccs 
XNR3D1BWP7D5T16P96CPD            6444    5344.911    tcbn16ffplusglbwp7d5t16p96cpdssgnp0p63v0c_ccs 
XNR3D2BWP7D5T16P96CPD             483     422.876    tcbn16ffplusglbwp7d5t16p96cpdssgnp0p63v0c_ccs 
XNR3D4BWP7D5T16P96CPD              51      70.502    tcbn16ffplusglbwp7d5t16p96cpdssgnp0p63v0c_ccs 
XNR4D1BWP7D5T16P96CPD             772     924.918    tcbn16ffplusglbwp7d5t16p96cpdssgnp0p63v0c_ccs 
XNR4D2BWP7D5T16P96CPD              25      31.104    tcbn16ffplusglbwp7d5t16p96cpdssgnp0p63v0c_ccs 
XOR2D1BWP7D5T16P96CPD           10802    4479.805    tcbn16ffplusglbwp7d5t16p96cpdssgnp0p63v0c_ccs 
XOR2D2BWP7D5T16P96CPD             937     431.770    tcbn16ffplusglbwp7d5t16p96cpdssgnp0p63v0c_ccs 
XOR2D4BWP7D5T16P96CPD             645     534.989    tcbn16ffplusglbwp7d5t16p96cpdssgnp0p63v0c_ccs 
XOR2D8BWP7D5T16P96CPD              63      75.479    tcbn16ffplusglbwp7d5t16p96cpdssgnp0p63v0c_ccs 
XOR3D1BWP7D5T16P96CPD            3587    2975.201    tcbn16ffplusglbwp7d5t16p96cpdssgnp0p63v0c_ccs 
XOR3D2BWP7D5T16P96CPD             479     419.374    tcbn16ffplusglbwp7d5t16p96cpdssgnp0p63v0c_ccs 
XOR3D4BWP7D5T16P96CPD               6       8.294    tcbn16ffplusglbwp7d5t16p96cpdssgnp0p63v0c_ccs 
XOR4D1BWP7D5T16P96CPD            4746    5686.088    tcbn16ffplusglbwp7d5t16p96cpdssgnp0p63v0c_ccs 
XOR4D2BWP7D5T16P96CPD              68      84.603    tcbn16ffplusglbwp7d5t16p96cpdssgnp0p63v0c_ccs 
---------------------------------------------------------------------------------------------------
total                          188839  106960.573                                                  


                                                         
            Type             Instances    Area    Area % 
---------------------------------------------------------
sequential                       42130  51663.053   48.3 
inverter                         15993   2081.480    1.9 
buffer                            2598    656.087    0.6 
clock_gating_integrated_cell      1758   1134.121    1.1 
logic                           126360  51425.833   48.1 
---------------------------------------------------------
total                           188839 106960.573  100.0 

