============================================================
  Generated by:           Encounter(R) RTL Compiler RC14.27 - v14.20-s064_1
  Generated on:           Sep 24 2016  11:01:39 am
  Module:                 GCM3LP_256
  Technology library:     <suppressed>
  Operating conditions:   <suppressed>
  Interconnect mode:      global
  Area mode:              physical library
============================================================


Summary
-------
-----------------------------------------------------------------------
            Category            Number   %   Average Toggle Saving %   
-----------------------------------------------------------------------
 RC Clock Gating Instances           5  100            73.84           
 Non-RC Clock Gating Instances       0    0            0.00            
-----------------------------------------------------------------------
 RC Gated Flip-flops              9382  100            50.68           
 Non-RC Gated Flip-flops             0    0            0.00            
-----------------------------------------------------------------------
 Total Ungated Flip-flops            0    0              -             
-----------------------------------------------------------------------
 Total Flip-flops                 9382  100              -             
-----------------------------------------------------------------------

