============================================================
  Generated by:           Encounter(R) RTL Compiler RC14.27 - v14.20-s064_1
  Generated on:           Sep 24 2016  10:43:17 am
  Module:                 GCM3LP_256
  Technology libraries:   tcbn16ffplusglbwp7d5t16p96cpdssgnp0p63v0c_ccs 111
                          tcbn16ffplusglbwp7d5t16p96cpdmbssgnp0p63v0c_ccs 111
                          tcbn16ffplusllbwp7d5t16p96cpdlvtssgnp0p63v0c_ccs 111
                          tcbn16ffplusllbwp7d5t16p96cpdulvtssgnp0p63v0c_ccs 111
                          tcbn16ffplusglbwp7d5t16p96cpdmbulvtssgnp0p63v0c_ccs 111
                          tcbn16ffplusglbwp7d5t16p96cpdmblvtssgnp0p63v0c_ccs 111
  Operating conditions:   ssgnp0p63v0c 
  Interconnect mode:      global
  Area mode:              physical library
============================================================

Timing
--------

 Clock  Period 
---------------
CLK     1350.0 
vir_CLK 1350.0 


  Cost    Critical              Violating 
 Group   Path Slack     TNS       Paths   
------------------------------------------
CLK          -393.6   -2245039      10213 
default    No paths          0            
vir_CLK       -59.9     -20205        387 
------------------------------------------
Total                 -2265245      10600 

Instance Count
--------------
Leaf Instance Count             208829 
Sequential Instance Count         9610 
Combinational Instance Count    199219 
Hierarchical Instance Count       1529 

Area
----
Cell Area                          85996.211
Physical Cell Area                 0.000
Total Cell Area (Cell+Physical)    85996.211
Net Area                           51.633
Total Area (Cell+Physical+Net)     86047.844

Max Fanout                         9610 (clk)
Min Fanout                         0 (aes1/eL0/Dout[0])
Average Fanout                     1.8
Terms to net ratio                 2.6
Terms to instance ratio            3.1
Runtime                            122.968 seconds
Elapsed Runtime                    181 seconds
RC peak memory usage:              2108.00 
EDI peak memory usage:             no_value 
Hostname                           node120.clariphy.local
