============================================================
  Generated by:           Encounter(R) RTL Compiler RC14.27 - v14.20-s064_1
  Generated on:           Sep 24 2016  10:58:32 am
  Module:                 GCM3LP_256
  Technology library:     <suppressed>
  Operating conditions:   <suppressed>
  Interconnect mode:      global
  Area mode:              physical library
============================================================

Timing
--------

 Clock  Period 
---------------
CLK     1350.0 
vir_CLK 1350.0 


        Cost          Critical            Violating 
       Group         Path Slack    TNS      Paths   
----------------------------------------------------
cg_enable_group_CLK       -47.8     -238          5 
CLK                       -50.6    -1341        456 
default                No paths        0            
vir_CLK                   -64.0   -24768        387 
----------------------------------------------------
Total                             -26347        848 

Instance Count
--------------
Leaf Instance Count             107034 
Sequential Instance Count         9387 
Combinational Instance Count     97647 
Hierarchical Instance Count       1520 

Area
----
Cell Area                          54684.841
Physical Cell Area                 0.000
Total Cell Area (Cell+Physical)    54684.841
Net Area                           23593.889
Total Area (Cell+Physical+Net)     78278.730

Max Fanout                         8390 (rc_gclk_7437)
Min Fanout                         0 (n_3721)
Average Fanout                     2.3
Terms to net ratio                 3.2
Terms to instance ratio            3.6
Runtime                            882.912 seconds
Elapsed Runtime                    1094 seconds
RC peak memory usage:              2325.00 
EDI peak memory usage:             no_value 
Hostname                           node120.clariphy.local
