============================================================
  Generated by:           Encounter(R) RTL Compiler RC14.27 - v14.20-s064_1
  Generated on:           Sep 24 2016  11:00:35 am
  Module:                 GCM3LP_256
  Technology library:     <suppressed>
  Operating conditions:   <suppressed>
  Interconnect mode:      global
  Area mode:              physical library
============================================================

                                                     
             Gate               Instances    Area                           Library                       
----------------------------------------------------------------------------------------------------------
AN2D1BWP7D5T16P96CPDULVT              192     44.237    tcbn16ffplusllbwp7d5t16p96cpdulvtssgnp0p63v0c_ccs 
AN2D2BWP7D5T16P96CPDULVT               92     21.197    tcbn16ffplusllbwp7d5t16p96cpdulvtssgnp0p63v0c_ccs 
AN2D4BWP7D5T16P96CPDULVT                1      0.461    tcbn16ffplusllbwp7d5t16p96cpdulvtssgnp0p63v0c_ccs 
AOAI211D1BWP7D5T16P96CPDULVT            5      1.613    tcbn16ffplusllbwp7d5t16p96cpdulvtssgnp0p63v0c_ccs 
AOI21D1BWP7D5T16P96CPDULVT             87     20.045    tcbn16ffplusllbwp7d5t16p96cpdulvtssgnp0p63v0c_ccs 
AOI221D1BWP7D5T16P96CPDULVT           816    300.810    tcbn16ffplusllbwp7d5t16p96cpdulvtssgnp0p63v0c_ccs 
AOI22D1BWP7D5T16P96CPDULVT            102     28.201    tcbn16ffplusllbwp7d5t16p96cpdulvtssgnp0p63v0c_ccs 
AOI32D1BWP7D5T16P96CPDULVT             40     12.902    tcbn16ffplusllbwp7d5t16p96cpdulvtssgnp0p63v0c_ccs 
BUFFSKND1BWP7D5T16P96CPD              387     71.332    tcbn16ffplusglbwp7d5t16p96cpdssgnp0p63v0c_ccs     
CKAN2D1BWP7D5T16P96CPDULVT           1837    423.245    tcbn16ffplusllbwp7d5t16p96cpdulvtssgnp0p63v0c_ccs 
CKBD6BWP7D5T16P96CPDULVT                1      0.415    tcbn16ffplusllbwp7d5t16p96cpdulvtssgnp0p63v0c_ccs 
CKLNQD2BWP7D5T16P96CPDULVT              5      3.456    tcbn16ffplusllbwp7d5t16p96cpdulvtssgnp0p63v0c_ccs 
CKMUX2D1BWP7D5T16P96CPDULVT           377    156.349    tcbn16ffplusllbwp7d5t16p96cpdulvtssgnp0p63v0c_ccs 
CKND2D1BWP7D5T16P96CPDULVT           5506    761.149    tcbn16ffplusllbwp7d5t16p96cpdulvtssgnp0p63v0c_ccs 
CKND5BWP7D5T16P96CPDULVT                4      1.106    tcbn16ffplusllbwp7d5t16p96cpdulvtssgnp0p63v0c_ccs 
CKND6BWP7D5T16P96CPDULVT                3      0.968    tcbn16ffplusllbwp7d5t16p96cpdulvtssgnp0p63v0c_ccs 
CKOR2D1BWP7D5T16P96CPDULVT            139     32.026    tcbn16ffplusllbwp7d5t16p96cpdulvtssgnp0p63v0c_ccs 
CKXOR2D1BWP7D5T16P96CPDULVT          5510   2285.107    tcbn16ffplusllbwp7d5t16p96cpdulvtssgnp0p63v0c_ccs 
CKXOR2D2BWP7D5T16P96CPDULVT             1      0.507    tcbn16ffplusllbwp7d5t16p96cpdulvtssgnp0p63v0c_ccs 
CKXOR2D4BWP7D5T16P96CPDULVT             6      4.977    tcbn16ffplusllbwp7d5t16p96cpdulvtssgnp0p63v0c_ccs 
HA1D1BWP7D5T16P96CPDULVT             2016   1486.356    tcbn16ffplusllbwp7d5t16p96cpdulvtssgnp0p63v0c_ccs 
IAOI21D1BWP7D5T16P96CPDULVT            80     22.118    tcbn16ffplusllbwp7d5t16p96cpdulvtssgnp0p63v0c_ccs 
IND2D1BWP7D5T16P96CPDULVT            1736    399.974    tcbn16ffplusllbwp7d5t16p96cpdulvtssgnp0p63v0c_ccs 
INR2D1BWP7D5T16P96CPDULVT            3084    710.554    tcbn16ffplusllbwp7d5t16p96cpdulvtssgnp0p63v0c_ccs 
INR2D2BWP7D5T16P96CPDULVT               3      0.829    tcbn16ffplusllbwp7d5t16p96cpdulvtssgnp0p63v0c_ccs 
INVD1BWP7D5T16P96CPD                 1467    135.199    tcbn16ffplusglbwp7d5t16p96cpdssgnp0p63v0c_ccs     
INVD1BWP7D5T16P96CPDULVT             2341    215.747    tcbn16ffplusllbwp7d5t16p96cpdulvtssgnp0p63v0c_ccs 
INVD8BWP7D5T16P96CPDULVT                1      0.415    tcbn16ffplusllbwp7d5t16p96cpdulvtssgnp0p63v0c_ccs 
IOA21D1BWP7D5T16P96CPDULVT             35      9.677    tcbn16ffplusllbwp7d5t16p96cpdulvtssgnp0p63v0c_ccs 
IOAI21D1BWP7D5T16P96CPDULVT           868    239.985    tcbn16ffplusllbwp7d5t16p96cpdulvtssgnp0p63v0c_ccs 
MOAI22D1BWP7D5T16P96CPDULVT             8      2.949    tcbn16ffplusllbwp7d5t16p96cpdulvtssgnp0p63v0c_ccs 
MUX2ND1BWP7D5T16P96CPDULVT             28     12.902    tcbn16ffplusllbwp7d5t16p96cpdulvtssgnp0p63v0c_ccs 
ND2D1BWP7D5T16P96CPDULVT            13066   1806.244    tcbn16ffplusllbwp7d5t16p96cpdulvtssgnp0p63v0c_ccs 
ND3SKND1BWP7D5T16P96CPDULVT            52      9.585    tcbn16ffplusllbwp7d5t16p96cpdulvtssgnp0p63v0c_ccs 
NR2D1BWP7D5T16P96CPDULVT             2747    379.745    tcbn16ffplusllbwp7d5t16p96cpdulvtssgnp0p63v0c_ccs 
NR2D1P5BWP7D5T16P96CPDULVT              1      0.230    tcbn16ffplusllbwp7d5t16p96cpdulvtssgnp0p63v0c_ccs 
NR2D6BWP7D5T16P96CPDULVT                1      0.599    tcbn16ffplusllbwp7d5t16p96cpdulvtssgnp0p63v0c_ccs 
NR2SKPD1BWP7D5T16P96CPDULVT          2263    312.837    tcbn16ffplusllbwp7d5t16p96cpdulvtssgnp0p63v0c_ccs 
NR2SKPD6BWP7D5T16P96CPDULVT             1      0.599    tcbn16ffplusllbwp7d5t16p96cpdulvtssgnp0p63v0c_ccs 
NR2SKPD8BWP7D5T16P96CPDULVT             1      0.783    tcbn16ffplusllbwp7d5t16p96cpdulvtssgnp0p63v0c_ccs 
OA21D1BWP7D5T16P96CPDULVT               2      0.553    tcbn16ffplusllbwp7d5t16p96cpdulvtssgnp0p63v0c_ccs 
OAI221D1BWP7D5T16P96CPDULVT            97     35.758    tcbn16ffplusllbwp7d5t16p96cpdulvtssgnp0p63v0c_ccs 
OAI222D1BWP7D5T16P96CPDULVT            52     23.962    tcbn16ffplusllbwp7d5t16p96cpdulvtssgnp0p63v0c_ccs 
OAI22D1BWP7D5T16P96CPDULVT            408    112.804    tcbn16ffplusllbwp7d5t16p96cpdulvtssgnp0p63v0c_ccs 
OAI32D1BWP7D5T16P96CPDULVT            408    131.604    tcbn16ffplusllbwp7d5t16p96cpdulvtssgnp0p63v0c_ccs 
OAOI211D1BWP7D5T16P96CPDULVT          443    142.894    tcbn16ffplusllbwp7d5t16p96cpdulvtssgnp0p63v0c_ccs 
OR2D1BWP7D5T16P96CPDULVT              199     45.850    tcbn16ffplusllbwp7d5t16p96cpdulvtssgnp0p63v0c_ccs 
OR3D1BWP7D5T16P96CPDULVT               52     14.377    tcbn16ffplusllbwp7d5t16p96cpdulvtssgnp0p63v0c_ccs 
SDFCNQD1BWP7D5T16P96CPDULVT          5129   6144.952    tcbn16ffplusllbwp7d5t16p96cpdulvtssgnp0p63v0c_ccs 
SDFCNQD2BWP7D5T16P96CPDULVT            67     83.359    tcbn16ffplusllbwp7d5t16p96cpdulvtssgnp0p63v0c_ccs 
SDFCNQD4BWP7D5T16P96CPDULVT           387    624.154    tcbn16ffplusllbwp7d5t16p96cpdulvtssgnp0p63v0c_ccs 
SDFCSNQD1BWP7D5T16P96CPDULVT          445    656.179    tcbn16ffplusllbwp7d5t16p96cpdulvtssgnp0p63v0c_ccs 
SDFCSNQD2BWP7D5T16P96CPDULVT           50     76.032    tcbn16ffplusllbwp7d5t16p96cpdulvtssgnp0p63v0c_ccs 
SDFCSNQD4BWP7D5T16P96CPDULVT            1      1.751    tcbn16ffplusllbwp7d5t16p96cpdulvtssgnp0p63v0c_ccs 
SDFQD1BWP7D5T16P96CPDULVT            3296   3493.233    tcbn16ffplusllbwp7d5t16p96cpdulvtssgnp0p63v0c_ccs 
SDFSYNCNQD2BWP7D5T16P96CPDULVT          7     11.935    tcbn16ffplusllbwp7d5t16p96cpdulvtssgnp0p63v0c_ccs 
XNR2D1BWP7D5T16P96CPDULVT           12645   5244.134    tcbn16ffplusllbwp7d5t16p96cpdulvtssgnp0p63v0c_ccs 
XNR2D2BWP7D5T16P96CPDULVT              27     12.442    tcbn16ffplusllbwp7d5t16p96cpdulvtssgnp0p63v0c_ccs 
XNR3D1BWP7D5T16P96CPDULVT           11641   9655.511    tcbn16ffplusllbwp7d5t16p96cpdulvtssgnp0p63v0c_ccs 
XNR4D1BWP7D5T16P96CPDULVT            4528   5424.906    tcbn16ffplusllbwp7d5t16p96cpdulvtssgnp0p63v0c_ccs 
XNR4D2BWP7D5T16P96CPDULVT              14     17.418    tcbn16ffplusllbwp7d5t16p96cpdulvtssgnp0p63v0c_ccs 
XOR2D1BWP7D5T16P96CPDULVT           14954   6201.723    tcbn16ffplusllbwp7d5t16p96cpdulvtssgnp0p63v0c_ccs 
XOR2D2BWP7D5T16P96CPDLVT                5      2.304    tcbn16ffplusllbwp7d5t16p96cpdlvtssgnp0p63v0c_ccs  
XOR2D2BWP7D5T16P96CPDULVT             281    129.485    tcbn16ffplusllbwp7d5t16p96cpdulvtssgnp0p63v0c_ccs 
XOR2D4BWP7D5T16P96CPDULVT              11      9.124    tcbn16ffplusllbwp7d5t16p96cpdulvtssgnp0p63v0c_ccs 
XOR3D1BWP7D5T16P96CPDULVT            4986   4135.588    tcbn16ffplusllbwp7d5t16p96cpdulvtssgnp0p63v0c_ccs 
XOR3D2BWP7D5T16P96CPDULVT             153    133.955    tcbn16ffplusllbwp7d5t16p96cpdulvtssgnp0p63v0c_ccs 
XOR4D1BWP7D5T16P96CPDULVT            1798   2154.148    tcbn16ffplusllbwp7d5t16p96cpdulvtssgnp0p63v0c_ccs 
XOR4D2BWP7D5T16P96CPDULVT              38     47.278    tcbn16ffplusllbwp7d5t16p96cpdulvtssgnp0p63v0c_ccs 
----------------------------------------------------------------------------------------------------------
total                              107034  54684.841                                                      


                     Library                      Instances    Area   Instances % 
----------------------------------------------------------------------------------
tcbn16ffplusglbwp7d5t16p96cpdssgnp0p63v0c_ccs          1854   206.531         1.7 
tcbn16ffplusllbwp7d5t16p96cpdlvtssgnp0p63v0c_ccs          5     2.304         0.0 
tcbn16ffplusllbwp7d5t16p96cpdulvtssgnp0p63v0c_ccs    105175 54476.006        98.3 

                                                        
            Type             Instances    Area   Area % 
--------------------------------------------------------
sequential                        9382 11091.594   20.3 
inverter                          3816   353.434    0.6 
buffer                             388    71.747    0.1 
clock_gating_integrated_cell         5     3.456    0.0 
logic                            93443 43164.611   78.9 
--------------------------------------------------------
total                           107034 54684.841  100.0 

