============================================================
  Generated by:           Encounter(R) RTL Compiler RC14.27 - v14.20-s064_1
  Generated on:           Sep 24 2016  10:55:52 am
  Module:                 GCM3LP_256
  Technology library:     <suppressed>
  Operating conditions:   <suppressed>
  Interconnect mode:      global
  Area mode:              physical library
============================================================

                                                   
            Gate              Instances    Area                           Library                       
--------------------------------------------------------------------------------------------------------
AN2D1BWP7D5T16P96CPDULVT            192     44.237    tcbn16ffplusllbwp7d5t16p96cpdulvtssgnp0p63v0c_ccs 
AN2D2BWP7D5T16P96CPDULVT             92     21.197    tcbn16ffplusllbwp7d5t16p96cpdulvtssgnp0p63v0c_ccs 
AOAI211D1BWP7D5T16P96CPDULVT          5      1.613    tcbn16ffplusllbwp7d5t16p96cpdulvtssgnp0p63v0c_ccs 
AOI21D1BWP7D5T16P96CPDULVT           87     20.045    tcbn16ffplusllbwp7d5t16p96cpdulvtssgnp0p63v0c_ccs 
AOI221D1BWP7D5T16P96CPDULVT         816    300.810    tcbn16ffplusllbwp7d5t16p96cpdulvtssgnp0p63v0c_ccs 
AOI22D1BWP7D5T16P96CPDULVT          102     28.201    tcbn16ffplusllbwp7d5t16p96cpdulvtssgnp0p63v0c_ccs 
AOI32D1BWP7D5T16P96CPDULVT           40     12.902    tcbn16ffplusllbwp7d5t16p96cpdulvtssgnp0p63v0c_ccs 
CKAN2D1BWP7D5T16P96CPDULVT         1838    423.475    tcbn16ffplusllbwp7d5t16p96cpdulvtssgnp0p63v0c_ccs 
CKBD1BWP7D5T16P96CPDULVT            105     19.354    tcbn16ffplusllbwp7d5t16p96cpdulvtssgnp0p63v0c_ccs 
CKBD2BWP7D5T16P96CPDULVT              1      0.230    tcbn16ffplusllbwp7d5t16p96cpdulvtssgnp0p63v0c_ccs 
CKBD6BWP7D5T16P96CPDULVT              1      0.415    tcbn16ffplusllbwp7d5t16p96cpdulvtssgnp0p63v0c_ccs 
CKLNQD1BWP7D5T16P96CPD              243    156.764    tcbn16ffplusglbwp7d5t16p96cpdssgnp0p63v0c_ccs     
CKMUX2D1BWP7D5T16P96CPDULVT         374    155.105    tcbn16ffplusllbwp7d5t16p96cpdulvtssgnp0p63v0c_ccs 
CKMUX2D2BWP7D5T16P96CPDULVT           3      1.244    tcbn16ffplusllbwp7d5t16p96cpdulvtssgnp0p63v0c_ccs 
CKND2D1BWP7D5T16P96CPDULVT         5506    761.149    tcbn16ffplusllbwp7d5t16p96cpdulvtssgnp0p63v0c_ccs 
CKND5BWP7D5T16P96CPDULVT              5      1.382    tcbn16ffplusllbwp7d5t16p96cpdulvtssgnp0p63v0c_ccs 
CKND6BWP7D5T16P96CPDULVT              7      2.258    tcbn16ffplusllbwp7d5t16p96cpdulvtssgnp0p63v0c_ccs 
CKOR2D1BWP7D5T16P96CPDULVT          139     32.026    tcbn16ffplusllbwp7d5t16p96cpdulvtssgnp0p63v0c_ccs 
CKXOR2D1BWP7D5T16P96CPDULVT        5513   2286.351    tcbn16ffplusllbwp7d5t16p96cpdulvtssgnp0p63v0c_ccs 
CKXOR2D2BWP7D5T16P96CPDULVT           1      0.507    tcbn16ffplusllbwp7d5t16p96cpdulvtssgnp0p63v0c_ccs 
CKXOR2D4BWP7D5T16P96CPDULVT           6      4.977    tcbn16ffplusllbwp7d5t16p96cpdulvtssgnp0p63v0c_ccs 
HA1D1BWP7D5T16P96CPDULVT           2016   1486.356    tcbn16ffplusllbwp7d5t16p96cpdulvtssgnp0p63v0c_ccs 
IAOI21D1BWP7D5T16P96CPDULVT          80     22.118    tcbn16ffplusllbwp7d5t16p96cpdulvtssgnp0p63v0c_ccs 
IND2D1BWP7D5T16P96CPDULVT          1742    401.357    tcbn16ffplusllbwp7d5t16p96cpdulvtssgnp0p63v0c_ccs 
INR2D1BWP7D5T16P96CPDULVT          3084    710.554    tcbn16ffplusllbwp7d5t16p96cpdulvtssgnp0p63v0c_ccs 
INVD1BWP7D5T16P96CPD               1742    160.543    tcbn16ffplusglbwp7d5t16p96cpdssgnp0p63v0c_ccs     
INVD1BWP7D5T16P96CPDULVT           2382    219.525    tcbn16ffplusllbwp7d5t16p96cpdulvtssgnp0p63v0c_ccs 
INVD8BWP7D5T16P96CPDULVT              2      0.829    tcbn16ffplusllbwp7d5t16p96cpdulvtssgnp0p63v0c_ccs 
INVSKND8BWP7D5T16P96CPDULVT          17      7.050    tcbn16ffplusllbwp7d5t16p96cpdulvtssgnp0p63v0c_ccs 
INVSKPD6BWP7D5T16P96CPDULVT           7      2.258    tcbn16ffplusllbwp7d5t16p96cpdulvtssgnp0p63v0c_ccs 
INVSKPD8BWP7D5T16P96CPDULVT           1      0.415    tcbn16ffplusllbwp7d5t16p96cpdulvtssgnp0p63v0c_ccs 
IOA21D1BWP7D5T16P96CPDULVT           35      9.677    tcbn16ffplusllbwp7d5t16p96cpdulvtssgnp0p63v0c_ccs 
IOA22D1BWP7D5T16P96CPDULVT          103     37.970    tcbn16ffplusllbwp7d5t16p96cpdulvtssgnp0p63v0c_ccs 
IOA22D2BWP7D5T16P96CPDULVT           47     21.658    tcbn16ffplusllbwp7d5t16p96cpdulvtssgnp0p63v0c_ccs 
IOA22D4BWP7D5T16P96CPDULVT            3      2.488    tcbn16ffplusllbwp7d5t16p96cpdulvtssgnp0p63v0c_ccs 
IOAI21D1BWP7D5T16P96CPDULVT         868    239.985    tcbn16ffplusllbwp7d5t16p96cpdulvtssgnp0p63v0c_ccs 
IOAI21D2BWP7D5T16P96CPDULVT           6      2.765    tcbn16ffplusllbwp7d5t16p96cpdulvtssgnp0p63v0c_ccs 
MOAI22D1BWP7D5T16P96CPDULVT         116     42.762    tcbn16ffplusllbwp7d5t16p96cpdulvtssgnp0p63v0c_ccs 
MOAI22D2BWP7D5T16P96CPDULVT           2      1.198    tcbn16ffplusllbwp7d5t16p96cpdulvtssgnp0p63v0c_ccs 
MUX2D2BWP7D5T16P96CPDULVT             8      3.318    tcbn16ffplusllbwp7d5t16p96cpdulvtssgnp0p63v0c_ccs 
MUX2ND1BWP7D5T16P96CPDULVT           28     12.902    tcbn16ffplusllbwp7d5t16p96cpdulvtssgnp0p63v0c_ccs 
ND2D1BWP7D5T16P96CPDULVT          13066   1806.244    tcbn16ffplusllbwp7d5t16p96cpdulvtssgnp0p63v0c_ccs 
ND3SKND1BWP7D5T16P96CPDULVT          52      9.585    tcbn16ffplusllbwp7d5t16p96cpdulvtssgnp0p63v0c_ccs 
NR2D1BWP7D5T16P96CPDULVT           2747    379.745    tcbn16ffplusllbwp7d5t16p96cpdulvtssgnp0p63v0c_ccs 
NR2D2BWP7D5T16P96CPDULVT              3      0.691    tcbn16ffplusllbwp7d5t16p96cpdulvtssgnp0p63v0c_ccs 
NR2D3BWP7D5T16P96CPDULVT              1      0.323    tcbn16ffplusllbwp7d5t16p96cpdulvtssgnp0p63v0c_ccs 
NR2D6BWP7D5T16P96CPDULVT              1      0.599    tcbn16ffplusllbwp7d5t16p96cpdulvtssgnp0p63v0c_ccs 
NR2SKPD1BWP7D5T16P96CPDULVT        2263    312.837    tcbn16ffplusllbwp7d5t16p96cpdulvtssgnp0p63v0c_ccs 
NR2SKPD8BWP7D5T16P96CPDULVT           1      0.783    tcbn16ffplusllbwp7d5t16p96cpdulvtssgnp0p63v0c_ccs 
OA21D1BWP7D5T16P96CPDULVT             2      0.553    tcbn16ffplusllbwp7d5t16p96cpdulvtssgnp0p63v0c_ccs 
OAI221D1BWP7D5T16P96CPDULVT          97     35.758    tcbn16ffplusllbwp7d5t16p96cpdulvtssgnp0p63v0c_ccs 
OAI222D1BWP7D5T16P96CPDULVT          52     23.962    tcbn16ffplusllbwp7d5t16p96cpdulvtssgnp0p63v0c_ccs 
OAI22D1BWP7D5T16P96CPDULVT          408    112.804    tcbn16ffplusllbwp7d5t16p96cpdulvtssgnp0p63v0c_ccs 
OAI32D1BWP7D5T16P96CPDULVT          408    131.604    tcbn16ffplusllbwp7d5t16p96cpdulvtssgnp0p63v0c_ccs 
OAOI211D1BWP7D5T16P96CPDULVT        443    142.894    tcbn16ffplusllbwp7d5t16p96cpdulvtssgnp0p63v0c_ccs 
OR2D1BWP7D5T16P96CPDULVT            199     45.850    tcbn16ffplusllbwp7d5t16p96cpdulvtssgnp0p63v0c_ccs 
OR3D1BWP7D5T16P96CPDULVT             52     14.377    tcbn16ffplusllbwp7d5t16p96cpdulvtssgnp0p63v0c_ccs 
SDFCNQD1BWP7D5T16P96CPDULVT        4716   5650.145    tcbn16ffplusllbwp7d5t16p96cpdulvtssgnp0p63v0c_ccs 
SDFCNQD2BWP7D5T16P96CPDULVT         487    605.906    tcbn16ffplusllbwp7d5t16p96cpdulvtssgnp0p63v0c_ccs 
SDFCNQD4BWP7D5T16P96CPDULVT         387    624.154    tcbn16ffplusllbwp7d5t16p96cpdulvtssgnp0p63v0c_ccs 
SDFCSNQD1BWP7D5T16P96CPDULVT        446    657.654    tcbn16ffplusllbwp7d5t16p96cpdulvtssgnp0p63v0c_ccs 
SDFCSNQD2BWP7D5T16P96CPDULVT         50     76.032    tcbn16ffplusllbwp7d5t16p96cpdulvtssgnp0p63v0c_ccs 
SDFQD1BWP7D5T16P96CPDULVT          3296   3493.233    tcbn16ffplusllbwp7d5t16p96cpdulvtssgnp0p63v0c_ccs 
XNR2D1BWP7D5T16P96CPDULVT         12690   5262.797    tcbn16ffplusllbwp7d5t16p96cpdulvtssgnp0p63v0c_ccs 
XNR2D2BWP7D5T16P96CPDULVT            16      7.373    tcbn16ffplusllbwp7d5t16p96cpdulvtssgnp0p63v0c_ccs 
XNR3D1BWP7D5T16P96CPDULVT         11677   9685.371    tcbn16ffplusllbwp7d5t16p96cpdulvtssgnp0p63v0c_ccs 
XNR4D1BWP7D5T16P96CPDULVT          4514   5408.133    tcbn16ffplusllbwp7d5t16p96cpdulvtssgnp0p63v0c_ccs 
XOR2D1BWP7D5T16P96CPDULVT         14972   6209.188    tcbn16ffplusllbwp7d5t16p96cpdulvtssgnp0p63v0c_ccs 
XOR2D2BWP7D5T16P96CPDLVT              5      2.304    tcbn16ffplusllbwp7d5t16p96cpdlvtssgnp0p63v0c_ccs  
XOR2D2BWP7D5T16P96CPDULVT            26     11.981    tcbn16ffplusllbwp7d5t16p96cpdulvtssgnp0p63v0c_ccs 
XOR3D1BWP7D5T16P96CPDULVT          5016   4160.471    tcbn16ffplusllbwp7d5t16p96cpdulvtssgnp0p63v0c_ccs 
XOR3D2BWP7D5T16P96CPDULVT           153    133.955    tcbn16ffplusllbwp7d5t16p96cpdulvtssgnp0p63v0c_ccs 
XOR4D1BWP7D5T16P96CPDULVT          1798   2154.148    tcbn16ffplusllbwp7d5t16p96cpdulvtssgnp0p63v0c_ccs 
--------------------------------------------------------------------------------------------------------
total                            107409  54821.422                                                      


                     Library                      Instances    Area   Instances % 
----------------------------------------------------------------------------------
tcbn16ffplusglbwp7d5t16p96cpdssgnp0p63v0c_ccs          1985   317.307         1.8 
tcbn16ffplusllbwp7d5t16p96cpdlvtssgnp0p63v0c_ccs          5     2.304         0.0 
tcbn16ffplusllbwp7d5t16p96cpdulvtssgnp0p63v0c_ccs    105419 54501.811        98.1 

                                                        
            Type             Instances    Area   Area % 
--------------------------------------------------------
sequential                        9382 11107.123   20.3 
inverter                          4163   394.260    0.7 
buffer                             107    19.999    0.0 
clock_gating_integrated_cell       243   156.764    0.3 
logic                            93514 43143.276   78.7 
--------------------------------------------------------
total                           107409 54821.422  100.0 

