Beginning report datapath command
Command: report datapath -print_inferred
============================================================
  Generated by:           Encounter(R) RTL Compiler RC14.28 - v14.20-s067_1
  Generated on:           Jul 03 2017  02:33:50 pm
  Module:                 gcm_aes_core
  Technology library:     <suppressed>
  Operating conditions:   <suppressed>
  Interconnect mode:      global
  Area mode:              physical library
============================================================


Inferred components

                   Operator Signedness Inputs Outputs CellArea Line Col    Filename   
======================================================================================
gcm_aes_core
 u_gctr_function
  genfor_gctr_base_0__u_inc32_block_ii
   inc_add_53_42_11
   module:increment_unsigned_168_169_34571
    timing_driven increment unsigned   32x1   32         63.77                        
--------------------------------------------------------------------------------------
    add_53_42         +     unsigned   32x1   32                 53  42 inc32_block.v 
======================================================================================
gcm_aes_core
 u_gctr_function
  genfor_gctr_base_0__u_inc32_block_ii
   inc_add_56_42_12
   module:increment_unsigned_170_171_34573
    timing_driven increment unsigned   64x1   64        128.89                        
--------------------------------------------------------------------------------------
    add_56_42         +     unsigned   64x1   64                 56  42 inc32_block.v 
======================================================================================
gcm_aes_core
 u_gctr_function
  genfor_gctr_base_1__u_inc32_block_ii
   inc_add_53_42_11
   module:increment_unsigned_168_169_34572
    timing_driven increment unsigned   32x1   32         41.47   53  42 inc32_block.v 
======================================================================================
gcm_aes_core
 u_gctr_function
  genfor_gctr_base_1__u_inc32_block_ii
   inc_add_56_42_12
   module:increment_unsigned_170_171_34574
    timing_driven increment unsigned   64x1   64         99.58   56  42 inc32_block.v 
======================================================================================

      Type        CellArea Percentage 
--------------------------------------
datapath modules    333.71       0.31 
external muxes        0.00       0.00 
others           106626.86      99.69 
--------------------------------------
total            106960.57     100.00 

