============================================================
  Generated by:           Encounter(R) RTL Compiler RC14.28 - v14.20-s067_1
  Generated on:           Jul 03 2017  02:33:50 pm
  Module:                 gcm_aes_core
  Technology library:     <suppressed>
  Operating conditions:   <suppressed>
  Interconnect mode:      global
  Area mode:              physical library
============================================================

Max_transition design rule (violation total = 503)
Pin                                       Slew (ps)           Max     Violation
---------------------------------------------------------------------------------
u_key_scheduler_switcher/g39389/ZN              200           200             0
  --> Other violations on net                           38
u_key_scheduler_switcher/g39235/ZN              200           200             0
  --> Other violations on net                           38
u_key_scheduler_switcher/g39081/ZN              200           200             0
  --> Other violations on net                           38
u_key_scheduler_switcher/g38927/ZN              200           200             0
  --> Other violations on net                           38
u_key_scheduler_switcher/g38773/ZN              200           200             0
  --> Other violations on net                           38
u_key_scheduler_switcher/g38619/ZN              200           200             0
  --> Other violations on net                           38
u_key_scheduler_switcher/g38465/ZN              200           200             0
  --> Other violations on net                           38
u_key_scheduler_switcher/g38311/ZN              200           200             0
  --> Other violations on net                           38
u_key_scheduler_switcher/g38157/ZN              200           200             0
  --> Other violations on net                           38
u_key_scheduler_switcher/g38003/ZN              200           200             0
  --> Other violations on net                           38
u_key_scheduler_switcher/g37849/ZN              200           200             0
  --> Other violations on net                           38
u_key_scheduler_switcher/g37695/ZN              200           200             0
  --> Other violations on net                           38
u_key_scheduler_switcher/g37541/ZN              200           200             0
  --> Other violations on net                           38


Max_capacitance design rule: no violations.


Max_fanout design rule: no violations.


