  Checking the design.

 	 Check Design Report
	 -------------------- 

Libcells with no corresponding LEF
----------------------------------
No libcell(s) found.

LEF cells with no corresponding libcell
---------------------------------------

No physical (LEF) cells found.

  Done Checking the design.
============================================================
  Generated by:           Encounter(R) RTL Compiler RC14.28 - v14.20-s067_1
  Generated on:           Jul 03 2017  02:57:17 pm
  Technology library:     <suppressed>
  Operating conditions:   <suppressed>
  Interconnect mode:      global
  Area mode:              physical library
============================================================

 Library : No Combinational Multibit libcell present

 Library : Sequential Multibit Libcells info
======================================================================================================================================================================== 

         Seq_Mbit libcell           Avoid    Multibit_Usable  Bitwidth   Leakage Power    Area                         Library                          Library Domain  
------------------------------------------------------------------------------------------------------------------------------------------------------------------------
MB2SRLSDFCNQD1BWP7D5T16P96CPD       false               true         2            0.00    2.49   tcbn16ffplusglbwp7d5t16p96cpdmbssgnp0p63v0c_ccs       NA               
MB2SRLSDFCNQD2BWP7D5T16P96CPD       false               true         2            0.00    2.58   tcbn16ffplusglbwp7d5t16p96cpdmbssgnp0p63v0c_ccs       NA               
MB2SRLSDFKCNQD1BWP7D5T16P96CPD      false               true         2            0.00    2.49   tcbn16ffplusglbwp7d5t16p96cpdmbssgnp0p63v0c_ccs       NA               
MB2SRLSDFKCNQD2BWP7D5T16P96CPD      false               true         2            0.00    2.58   tcbn16ffplusglbwp7d5t16p96cpdmbssgnp0p63v0c_ccs       NA               
MB2SRLSDFQD1BWP7D5T16P96CPD         false               true         2            0.00    2.12   tcbn16ffplusglbwp7d5t16p96cpdmbssgnp0p63v0c_ccs       NA               
MB2SRLSDFQD2BWP7D5T16P96CPD         false               true         2            0.00    2.21   tcbn16ffplusglbwp7d5t16p96cpdmbssgnp0p63v0c_ccs       NA               
MB2SRLSDFSNQD1BWP7D5T16P96CPD       false               true         2            0.00    2.49   tcbn16ffplusglbwp7d5t16p96cpdmbssgnp0p63v0c_ccs       NA               
MB2SRLSDFSNQD2BWP7D5T16P96CPD       false               true         2            0.00    2.58   tcbn16ffplusglbwp7d5t16p96cpdmbssgnp0p63v0c_ccs       NA               
MB4SRLSDFCNQD1BWP7D5T16P96CPD       false               true         4            0.00    4.79   tcbn16ffplusglbwp7d5t16p96cpdmbssgnp0p63v0c_ccs       NA               
MB4SRLSDFCNQD2BWP7D5T16P96CPD       false               true         4            0.00    4.98   tcbn16ffplusglbwp7d5t16p96cpdmbssgnp0p63v0c_ccs       NA               
MB4SRLSDFKCNQD1BWP7D5T16P96CPD      false               true         4            0.00    4.70   tcbn16ffplusglbwp7d5t16p96cpdmbssgnp0p63v0c_ccs       NA               
MB4SRLSDFKCNQD2BWP7D5T16P96CPD      false               true         4            0.00    4.88   tcbn16ffplusglbwp7d5t16p96cpdmbssgnp0p63v0c_ccs       NA               
MB4SRLSDFQD1BWP7D5T16P96CPD         false               true         4            0.00    4.24   tcbn16ffplusglbwp7d5t16p96cpdmbssgnp0p63v0c_ccs       NA               
MB4SRLSDFQD2BWP7D5T16P96CPD         false               true         4            0.00    4.42   tcbn16ffplusglbwp7d5t16p96cpdmbssgnp0p63v0c_ccs       NA               
MB4SRLSDFSNQD1BWP7D5T16P96CPD       false               true         4            0.00    4.98   tcbn16ffplusglbwp7d5t16p96cpdmbssgnp0p63v0c_ccs       NA               
MB4SRLSDFSNQD2BWP7D5T16P96CPD       false               true         4            0.00    5.16   tcbn16ffplusglbwp7d5t16p96cpdmbssgnp0p63v0c_ccs       NA               
MB6SRLSDFCNQD1BWP7D5T16P96CPD       false               true         6            0.00    7.19   tcbn16ffplusglbwp7d5t16p96cpdmbssgnp0p63v0c_ccs       NA               
MB6SRLSDFCNQD2BWP7D5T16P96CPD       false               true         6            0.00    7.46   tcbn16ffplusglbwp7d5t16p96cpdmbssgnp0p63v0c_ccs       NA               
MB6SRLSDFKCNQD1BWP7D5T16P96CPD      false               true         6            0.00    7.05   tcbn16ffplusglbwp7d5t16p96cpdmbssgnp0p63v0c_ccs       NA               
MB6SRLSDFKCNQD2BWP7D5T16P96CPD      false               true         6            0.00    7.33   tcbn16ffplusglbwp7d5t16p96cpdmbssgnp0p63v0c_ccs       NA               
MB6SRLSDFQD1BWP7D5T16P96CPD         false               true         6            0.00    6.36   tcbn16ffplusglbwp7d5t16p96cpdmbssgnp0p63v0c_ccs       NA               
MB6SRLSDFQD2BWP7D5T16P96CPD         false               true         6            0.00    6.64   tcbn16ffplusglbwp7d5t16p96cpdmbssgnp0p63v0c_ccs       NA               
MB6SRLSDFSNQD1BWP7D5T16P96CPD       false               true         6            0.00    7.46   tcbn16ffplusglbwp7d5t16p96cpdmbssgnp0p63v0c_ccs       NA               
MB6SRLSDFSNQD2BWP7D5T16P96CPD       false               true         6            0.00    7.74   tcbn16ffplusglbwp7d5t16p96cpdmbssgnp0p63v0c_ccs       NA               
MB8SRLSDFCNQD1BWP7D5T16P96CPD       false               true         8            0.00    9.58   tcbn16ffplusglbwp7d5t16p96cpdmbssgnp0p63v0c_ccs       NA               
MB8SRLSDFCNQD2BWP7D5T16P96CPD       false               true         8            0.00    9.95   tcbn16ffplusglbwp7d5t16p96cpdmbssgnp0p63v0c_ccs       NA               
MB8SRLSDFKCNQD1BWP7D5T16P96CPD      false               true         8            0.00    9.40   tcbn16ffplusglbwp7d5t16p96cpdmbssgnp0p63v0c_ccs       NA               
MB8SRLSDFKCNQD2BWP7D5T16P96CPD      false               true         8            0.00    9.77   tcbn16ffplusglbwp7d5t16p96cpdmbssgnp0p63v0c_ccs       NA               
MB8SRLSDFQD1BWP7D5T16P96CPD         false               true         8            0.00    8.48   tcbn16ffplusglbwp7d5t16p96cpdmbssgnp0p63v0c_ccs       NA               
MB8SRLSDFQD2BWP7D5T16P96CPD         false               true         8            0.00    8.85   tcbn16ffplusglbwp7d5t16p96cpdmbssgnp0p63v0c_ccs       NA               
MB8SRLSDFSNQD1BWP7D5T16P96CPD       false               true         8            0.00    9.95   tcbn16ffplusglbwp7d5t16p96cpdmbssgnp0p63v0c_ccs       NA               
MB8SRLSDFSNQD2BWP7D5T16P96CPD       false               true         8            0.00   10.32   tcbn16ffplusglbwp7d5t16p96cpdmbssgnp0p63v0c_ccs       NA               
MB2SRLSDFCNQD1BWP7D5T16P96CPDULVT    true               true         2            0.00    2.49   tcbn16ffplusglbwp7d5t16p96cpdmbulvtssgnp0p63v0c_ccs   NA               
MB2SRLSDFCNQD2BWP7D5T16P96CPDULVT    true               true         2            0.00    2.58   tcbn16ffplusglbwp7d5t16p96cpdmbulvtssgnp0p63v0c_ccs   NA               
MB2SRLSDFKCNQD1BWP7D5T16P96CPDULVT   true               true         2            0.00    2.49   tcbn16ffplusglbwp7d5t16p96cpdmbulvtssgnp0p63v0c_ccs   NA               
MB2SRLSDFKCNQD2BWP7D5T16P96CPDULVT   true               true         2            0.00    2.58   tcbn16ffplusglbwp7d5t16p96cpdmbulvtssgnp0p63v0c_ccs   NA               
MB2SRLSDFQD1BWP7D5T16P96CPDULVT      true               true         2            0.00    2.12   tcbn16ffplusglbwp7d5t16p96cpdmbulvtssgnp0p63v0c_ccs   NA               
MB2SRLSDFQD2BWP7D5T16P96CPDULVT      true               true         2            0.00    2.21   tcbn16ffplusglbwp7d5t16p96cpdmbulvtssgnp0p63v0c_ccs   NA               
MB2SRLSDFSNQD1BWP7D5T16P96CPDULVT    true               true         2            0.00    2.49   tcbn16ffplusglbwp7d5t16p96cpdmbulvtssgnp0p63v0c_ccs   NA               
MB2SRLSDFSNQD2BWP7D5T16P96CPDULVT    true               true         2            0.00    2.58   tcbn16ffplusglbwp7d5t16p96cpdmbulvtssgnp0p63v0c_ccs   NA               
MB4SRLSDFCNQD1BWP7D5T16P96CPDULVT    true               true         4            0.00    4.79   tcbn16ffplusglbwp7d5t16p96cpdmbulvtssgnp0p63v0c_ccs   NA               
MB4SRLSDFCNQD2BWP7D5T16P96CPDULVT    true               true         4            0.00    4.98   tcbn16ffplusglbwp7d5t16p96cpdmbulvtssgnp0p63v0c_ccs   NA               
MB4SRLSDFKCNQD1BWP7D5T16P96CPDULVT   true               true         4            0.00    4.70   tcbn16ffplusglbwp7d5t16p96cpdmbulvtssgnp0p63v0c_ccs   NA               
MB4SRLSDFKCNQD2BWP7D5T16P96CPDULVT   true               true         4            0.00    4.88   tcbn16ffplusglbwp7d5t16p96cpdmbulvtssgnp0p63v0c_ccs   NA               
MB4SRLSDFQD1BWP7D5T16P96CPDULVT      true               true         4            0.00    4.24   tcbn16ffplusglbwp7d5t16p96cpdmbulvtssgnp0p63v0c_ccs   NA               
MB4SRLSDFQD2BWP7D5T16P96CPDULVT      true               true         4            0.00    4.42   tcbn16ffplusglbwp7d5t16p96cpdmbulvtssgnp0p63v0c_ccs   NA               
MB4SRLSDFSNQD1BWP7D5T16P96CPDULVT    true               true         4            0.00    4.98   tcbn16ffplusglbwp7d5t16p96cpdmbulvtssgnp0p63v0c_ccs   NA               
MB4SRLSDFSNQD2BWP7D5T16P96CPDULVT    true               true         4            0.00    5.16   tcbn16ffplusglbwp7d5t16p96cpdmbulvtssgnp0p63v0c_ccs   NA               
MB6SRLSDFCNQD1BWP7D5T16P96CPDULVT    true               true         6            0.00    7.19   tcbn16ffplusglbwp7d5t16p96cpdmbulvtssgnp0p63v0c_ccs   NA               
MB6SRLSDFCNQD2BWP7D5T16P96CPDULVT    true               true         6            0.00    7.46   tcbn16ffplusglbwp7d5t16p96cpdmbulvtssgnp0p63v0c_ccs   NA               
MB6SRLSDFKCNQD1BWP7D5T16P96CPDULVT   true               true         6            0.00    7.05   tcbn16ffplusglbwp7d5t16p96cpdmbulvtssgnp0p63v0c_ccs   NA               
MB6SRLSDFKCNQD2BWP7D5T16P96CPDULVT   true               true         6            0.00    7.33   tcbn16ffplusglbwp7d5t16p96cpdmbulvtssgnp0p63v0c_ccs   NA               
MB6SRLSDFQD1BWP7D5T16P96CPDULVT      true               true         6            0.00    6.36   tcbn16ffplusglbwp7d5t16p96cpdmbulvtssgnp0p63v0c_ccs   NA               
MB6SRLSDFQD2BWP7D5T16P96CPDULVT      true               true         6            0.00    6.64   tcbn16ffplusglbwp7d5t16p96cpdmbulvtssgnp0p63v0c_ccs   NA               
MB6SRLSDFSNQD1BWP7D5T16P96CPDULVT    true               true         6            0.00    7.46   tcbn16ffplusglbwp7d5t16p96cpdmbulvtssgnp0p63v0c_ccs   NA               
MB6SRLSDFSNQD2BWP7D5T16P96CPDULVT    true               true         6            0.00    7.74   tcbn16ffplusglbwp7d5t16p96cpdmbulvtssgnp0p63v0c_ccs   NA               
MB8SRLSDFCNQD1BWP7D5T16P96CPDULVT    true               true         8            0.00    9.58   tcbn16ffplusglbwp7d5t16p96cpdmbulvtssgnp0p63v0c_ccs   NA               
MB8SRLSDFCNQD2BWP7D5T16P96CPDULVT    true               true         8            0.00    9.95   tcbn16ffplusglbwp7d5t16p96cpdmbulvtssgnp0p63v0c_ccs   NA               
MB8SRLSDFKCNQD1BWP7D5T16P96CPDULVT   true               true         8            0.00    9.40   tcbn16ffplusglbwp7d5t16p96cpdmbulvtssgnp0p63v0c_ccs   NA               
MB8SRLSDFKCNQD2BWP7D5T16P96CPDULVT   true               true         8            0.00    9.77   tcbn16ffplusglbwp7d5t16p96cpdmbulvtssgnp0p63v0c_ccs   NA               
MB8SRLSDFQD1BWP7D5T16P96CPDULVT      true               true         8            0.00    8.48   tcbn16ffplusglbwp7d5t16p96cpdmbulvtssgnp0p63v0c_ccs   NA               
MB8SRLSDFQD2BWP7D5T16P96CPDULVT      true               true         8            0.00    8.85   tcbn16ffplusglbwp7d5t16p96cpdmbulvtssgnp0p63v0c_ccs   NA               
MB8SRLSDFSNQD1BWP7D5T16P96CPDULVT    true               true         8            0.00    9.95   tcbn16ffplusglbwp7d5t16p96cpdmbulvtssgnp0p63v0c_ccs   NA               
MB8SRLSDFSNQD2BWP7D5T16P96CPDULVT    true               true         8            0.00   10.32   tcbn16ffplusglbwp7d5t16p96cpdmbulvtssgnp0p63v0c_ccs   NA               
MB2SRLSDFCNQD1BWP7D5T16P96CPDLVT     true               true         2            0.00    2.49   tcbn16ffplusglbwp7d5t16p96cpdmblvtssgnp0p63v0c_ccs    NA               
MB2SRLSDFCNQD2BWP7D5T16P96CPDLVT     true               true         2            0.00    2.58   tcbn16ffplusglbwp7d5t16p96cpdmblvtssgnp0p63v0c_ccs    NA               
MB2SRLSDFKCNQD1BWP7D5T16P96CPDLVT    true               true         2            0.00    2.49   tcbn16ffplusglbwp7d5t16p96cpdmblvtssgnp0p63v0c_ccs    NA               
MB2SRLSDFKCNQD2BWP7D5T16P96CPDLVT    true               true         2            0.00    2.58   tcbn16ffplusglbwp7d5t16p96cpdmblvtssgnp0p63v0c_ccs    NA               
MB2SRLSDFQD1BWP7D5T16P96CPDLVT       true               true         2            0.00    2.12   tcbn16ffplusglbwp7d5t16p96cpdmblvtssgnp0p63v0c_ccs    NA               
MB2SRLSDFQD2BWP7D5T16P96CPDLVT       true               true         2            0.00    2.21   tcbn16ffplusglbwp7d5t16p96cpdmblvtssgnp0p63v0c_ccs    NA               
MB2SRLSDFSNQD1BWP7D5T16P96CPDLVT     true               true         2            0.00    2.49   tcbn16ffplusglbwp7d5t16p96cpdmblvtssgnp0p63v0c_ccs    NA               
MB2SRLSDFSNQD2BWP7D5T16P96CPDLVT     true               true         2            0.00    2.58   tcbn16ffplusglbwp7d5t16p96cpdmblvtssgnp0p63v0c_ccs    NA               
MB4SRLSDFCNQD1BWP7D5T16P96CPDLVT     true               true         4            0.00    4.79   tcbn16ffplusglbwp7d5t16p96cpdmblvtssgnp0p63v0c_ccs    NA               
MB4SRLSDFCNQD2BWP7D5T16P96CPDLVT     true               true         4            0.00    4.98   tcbn16ffplusglbwp7d5t16p96cpdmblvtssgnp0p63v0c_ccs    NA               
MB4SRLSDFKCNQD1BWP7D5T16P96CPDLVT    true               true         4            0.00    4.70   tcbn16ffplusglbwp7d5t16p96cpdmblvtssgnp0p63v0c_ccs    NA               
MB4SRLSDFKCNQD2BWP7D5T16P96CPDLVT    true               true         4            0.00    4.88   tcbn16ffplusglbwp7d5t16p96cpdmblvtssgnp0p63v0c_ccs    NA               
MB4SRLSDFQD1BWP7D5T16P96CPDLVT       true               true         4            0.00    4.24   tcbn16ffplusglbwp7d5t16p96cpdmblvtssgnp0p63v0c_ccs    NA               
MB4SRLSDFQD2BWP7D5T16P96CPDLVT       true               true         4            0.00    4.42   tcbn16ffplusglbwp7d5t16p96cpdmblvtssgnp0p63v0c_ccs    NA               
MB4SRLSDFSNQD1BWP7D5T16P96CPDLVT     true               true         4            0.00    4.98   tcbn16ffplusglbwp7d5t16p96cpdmblvtssgnp0p63v0c_ccs    NA               
MB4SRLSDFSNQD2BWP7D5T16P96CPDLVT     true               true         4            0.00    5.16   tcbn16ffplusglbwp7d5t16p96cpdmblvtssgnp0p63v0c_ccs    NA               
MB6SRLSDFCNQD1BWP7D5T16P96CPDLVT     true               true         6            0.00    7.19   tcbn16ffplusglbwp7d5t16p96cpdmblvtssgnp0p63v0c_ccs    NA               
MB6SRLSDFCNQD2BWP7D5T16P96CPDLVT     true               true         6            0.00    7.46   tcbn16ffplusglbwp7d5t16p96cpdmblvtssgnp0p63v0c_ccs    NA               
MB6SRLSDFKCNQD1BWP7D5T16P96CPDLVT    true               true         6            0.00    7.05   tcbn16ffplusglbwp7d5t16p96cpdmblvtssgnp0p63v0c_ccs    NA               
MB6SRLSDFKCNQD2BWP7D5T16P96CPDLVT    true               true         6            0.00    7.33   tcbn16ffplusglbwp7d5t16p96cpdmblvtssgnp0p63v0c_ccs    NA               
MB6SRLSDFQD1BWP7D5T16P96CPDLVT       true               true         6            0.00    6.36   tcbn16ffplusglbwp7d5t16p96cpdmblvtssgnp0p63v0c_ccs    NA               
MB6SRLSDFQD2BWP7D5T16P96CPDLVT       true               true         6            0.00    6.64   tcbn16ffplusglbwp7d5t16p96cpdmblvtssgnp0p63v0c_ccs    NA               
MB6SRLSDFSNQD1BWP7D5T16P96CPDLVT     true               true         6            0.00    7.46   tcbn16ffplusglbwp7d5t16p96cpdmblvtssgnp0p63v0c_ccs    NA               
MB6SRLSDFSNQD2BWP7D5T16P96CPDLVT     true               true         6            0.00    7.74   tcbn16ffplusglbwp7d5t16p96cpdmblvtssgnp0p63v0c_ccs    NA               
MB8SRLSDFCNQD1BWP7D5T16P96CPDLVT     true               true         8            0.00    9.58   tcbn16ffplusglbwp7d5t16p96cpdmblvtssgnp0p63v0c_ccs    NA               
MB8SRLSDFCNQD2BWP7D5T16P96CPDLVT     true               true         8            0.00    9.95   tcbn16ffplusglbwp7d5t16p96cpdmblvtssgnp0p63v0c_ccs    NA               
MB8SRLSDFKCNQD1BWP7D5T16P96CPDLVT    true               true         8            0.00    9.40   tcbn16ffplusglbwp7d5t16p96cpdmblvtssgnp0p63v0c_ccs    NA               
MB8SRLSDFKCNQD2BWP7D5T16P96CPDLVT    true               true         8            0.00    9.77   tcbn16ffplusglbwp7d5t16p96cpdmblvtssgnp0p63v0c_ccs    NA               
MB8SRLSDFQD1BWP7D5T16P96CPDLVT       true               true         8            0.00    8.48   tcbn16ffplusglbwp7d5t16p96cpdmblvtssgnp0p63v0c_ccs    NA               
MB8SRLSDFQD2BWP7D5T16P96CPDLVT       true               true         8            0.00    8.85   tcbn16ffplusglbwp7d5t16p96cpdmblvtssgnp0p63v0c_ccs    NA               
MB8SRLSDFSNQD1BWP7D5T16P96CPDLVT     true               true         8            0.00    9.95   tcbn16ffplusglbwp7d5t16p96cpdmblvtssgnp0p63v0c_ccs    NA               
MB8SRLSDFSNQD2BWP7D5T16P96CPDLVT     true               true         8            0.00   10.32   tcbn16ffplusglbwp7d5t16p96cpdmblvtssgnp0p63v0c_ccs    NA               


