============================================================
  Generated by:           Encounter(R) RTL Compiler RC14.27 - v14.20-s064_1
  Generated on:           Sep 24 2016  10:58:22 am
  Module:                 GCM3LP_256
  Technology library:     <suppressed>
  Operating conditions:   <suppressed>
  Interconnect mode:      global
  Area mode:              physical library
============================================================

                                  Leakage   Dynamic    Total   
         Instance          Cells Power(mW) Power(mW) Power(mW) 
---------------------------------------------------------------
GCM3LP_256                107034     0.258    49.048    49.306 
  aes1                     74478     0.184    42.484    42.668 
    eM1                     2299     0.006     2.163     2.169 
      sb2                    236     0.001     0.239     0.240 
      sb4                    238     0.001     0.241     0.242 
      sb7                    238     0.001     0.241     0.242 
      sb1                    236     0.001     0.239     0.239 
      sb6                    239     0.001     0.241     0.242 
      sb0                    239     0.001     0.240     0.240 
      sb3                    239     0.001     0.243     0.243 
      sb5                    239     0.001     0.241     0.242 
      mcc3                    66     0.000     0.040     0.040 
      mcc0                    67     0.000     0.040     0.040 
      mcc2                    66     0.000     0.040     0.040 
      mcc1                    68     0.000     0.039     0.040 
    eL0                     2256     0.006     1.438     1.444 
      sb2                    234     0.001     0.142     0.142 
      sb0                    234     0.001     0.142     0.143 
      sb1                    234     0.001     0.132     0.133 
      sb3                    234     0.001     0.131     0.131 
      sb4                    234     0.001     0.135     0.136 
      sb5                    234     0.001     0.142     0.143 
      sb7                    234     0.001     0.143     0.144 
      sb6                    234     0.001     0.140     0.140 
      mcc3                    64     0.000     0.051     0.051 
      mcc2                    64     0.000     0.055     0.056 
      mcc1                    64     0.000     0.053     0.053 
      mcc0                    64     0.000     0.044     0.044 
    eM0                     2268     0.006     1.449     1.455 
      sb1                    234     0.001     0.128     0.128 
      sb4                    234     0.001     0.130     0.131 
      sb3                    234     0.001     0.127     0.127 
      sb0                    234     0.001     0.135     0.135 
      sb2                    234     0.001     0.136     0.137 
      sb5                    234     0.001     0.135     0.136 
      sb7                    238     0.001     0.136     0.137 
      sb6                    238     0.001     0.136     0.137 
      mcc3                    64     0.000     0.067     0.067 
      mcc1                    65     0.000     0.061     0.061 
      mcc2                    64     0.000     0.063     0.064 
      mcc0                    67     0.000     0.060     0.060 
    eL1                     2308     0.006     2.057     2.063 
      sb6                    239     0.001     0.228     0.228 
      sb0                    239     0.001     0.230     0.231 
      sb3                    239     0.001     0.223     0.223 
      sb5                    239     0.001     0.235     0.236 
      sb1                    239     0.001     0.225     0.226 
      sb2                    239     0.001     0.232     0.233 
      sb4                    239     0.001     0.220     0.220 
      sb7                    239     0.001     0.227     0.228 
      mcc0                    67     0.000     0.041     0.041 
      mcc1                    67     0.000     0.041     0.041 
      mcc2                    67     0.000     0.041     0.041 
      mcc3                    67     0.000     0.041     0.041 
    eM2                     2305     0.006     1.185     1.190 
      sb7                    240     0.001     0.157     0.157 
      sb5                    240     0.001     0.141     0.141 
      sb2                    237     0.001     0.128     0.129 
      sb4                    237     0.001     0.129     0.130 
      sb1                    238     0.001     0.129     0.129 
      sb0                    236     0.001     0.115     0.115 
      sb3                    240     0.001     0.077     0.077 
      sb6                    241     0.001     0.077     0.077 
      mcc0                    67     0.000     0.041     0.041 
      mcc1                    67     0.000     0.041     0.041 
      mcc2                    67     0.000     0.041     0.041 
      mcc3                    67     0.000     0.041     0.041 
    eL12                    2268     0.005     1.147     1.153 
      sb2                    234     0.001     0.165     0.166 
      sb7                    234     0.001     0.148     0.149 
      sb1                    234     0.001     0.126     0.126 
      sb4                    234     0.001     0.127     0.127 
      sb0                    234     0.001     0.096     0.096 
      sb3                    234     0.001     0.076     0.077 
      sb5                    234     0.001     0.100     0.100 
      sb6                    234     0.001     0.076     0.077 
      mcc0                    67     0.000     0.041     0.041 
      mcc1                    67     0.000     0.041     0.041 
      mcc2                    67     0.000     0.041     0.041 
      mcc3                    67     0.000     0.041     0.041 
    eL5                     2268     0.005     1.144     1.150 
      sb2                    234     0.001     0.149     0.150 
      sb1                    234     0.001     0.129     0.129 
      sb4                    234     0.001     0.128     0.128 
      sb7                    234     0.001     0.161     0.161 
      sb0                    234     0.001     0.115     0.116 
      sb3                    234     0.001     0.076     0.077 
      sb5                    234     0.001     0.076     0.077 
      sb6                    234     0.001     0.076     0.077 
      mcc0                    67     0.000     0.041     0.041 
      mcc1                    67     0.000     0.041     0.041 
      mcc2                    67     0.000     0.041     0.041 
      mcc3                    67     0.000     0.041     0.041 
    eM12                    2268     0.005     1.147     1.153 
      sb2                    234     0.001     0.165     0.166 
      sb7                    234     0.001     0.148     0.149 
      sb1                    234     0.001     0.126     0.126 
      sb4                    234     0.001     0.127     0.127 
      sb0                    234     0.001     0.096     0.096 
      sb3                    234     0.001     0.076     0.077 
      sb5                    234     0.001     0.100     0.100 
      sb6                    234     0.001     0.076     0.077 
      mcc0                    67     0.000     0.041     0.041 
      mcc1                    67     0.000     0.041     0.041 
      mcc2                    67     0.000     0.041     0.041 
      mcc3                    67     0.000     0.041     0.041 
    eM5                     2268     0.005     1.144     1.150 
      sb2                    234     0.001     0.149     0.150 
      sb1                    234     0.001     0.129     0.129 
      sb4                    234     0.001     0.128     0.128 
      sb7                    234     0.001     0.161     0.161 
      sb0                    234     0.001     0.115     0.116 
      sb3                    234     0.001     0.076     0.077 
      sb5                    234     0.001     0.076     0.077 
      sb6                    234     0.001     0.076     0.077 
      mcc0                    67     0.000     0.041     0.041 
      mcc1                    67     0.000     0.041     0.041 
      mcc2                    67     0.000     0.041     0.041 
      mcc3                    67     0.000     0.041     0.041 
    eL2                     2268     0.005     1.172     1.178 
      sb7                    234     0.001     0.153     0.154 
      sb1                    234     0.001     0.127     0.127 
      sb4                    234     0.001     0.128     0.128 
      sb5                    234     0.001     0.137     0.138 
      sb2                    234     0.001     0.127     0.128 
      sb0                    234     0.001     0.115     0.115 
      sb3                    234     0.001     0.076     0.077 
      sb6                    234     0.001     0.076     0.077 
      mcc0                    67     0.000     0.041     0.041 
      mcc1                    67     0.000     0.041     0.041 
      mcc2                    67     0.000     0.041     0.041 
      mcc3                    67     0.000     0.041     0.041 
    eL4                     2268     0.005     1.105     1.110 
      sb2                    234     0.001     0.157     0.158 
      sb0                    234     0.001     0.113     0.113 
      sb4                    234     0.001     0.122     0.123 
      sb1                    234     0.001     0.121     0.122 
      sb7                    234     0.001     0.126     0.126 
      sb3                    234     0.001     0.076     0.077 
      sb5                    234     0.001     0.076     0.077 
      sb6                    234     0.001     0.076     0.077 
      mcc0                    67     0.000     0.041     0.041 
      mcc1                    67     0.000     0.041     0.041 
      mcc2                    67     0.000     0.041     0.041 
      mcc3                    67     0.000     0.041     0.041 
    eL6                     2268     0.005     1.144     1.150 
      sb4                    234     0.001     0.124     0.125 
      sb1                    234     0.001     0.129     0.129 
      sb2                    234     0.001     0.145     0.146 
      sb5                    234     0.001     0.116     0.117 
      sb7                    234     0.001     0.126     0.126 
      sb0                    234     0.001     0.117     0.118 
      sb3                    234     0.001     0.076     0.077 
      sb6                    234     0.001     0.076     0.077 
      mcc0                    67     0.000     0.041     0.041 
      mcc1                    67     0.000     0.041     0.041 
      mcc2                    67     0.000     0.041     0.041 
      mcc3                    67     0.000     0.041     0.041 
    eM4                     2268     0.005     1.105     1.110 
      sb2                    234     0.001     0.157     0.158 
      sb0                    234     0.001     0.113     0.113 
      sb4                    234     0.001     0.122     0.123 
      sb1                    234     0.001     0.121     0.122 
      sb7                    234     0.001     0.126     0.126 
      sb3                    234     0.001     0.076     0.077 
      sb5                    234     0.001     0.076     0.077 
      sb6                    234     0.001     0.076     0.077 
      mcc0                    67     0.000     0.041     0.041 
      mcc1                    67     0.000     0.041     0.041 
      mcc2                    67     0.000     0.041     0.041 
      mcc3                    67     0.000     0.041     0.041 
    eM6                     2268     0.005     1.144     1.150 
      sb4                    234     0.001     0.124     0.125 
      sb1                    234     0.001     0.129     0.129 
      sb2                    234     0.001     0.145     0.146 
      sb5                    234     0.001     0.116     0.117 
      sb7                    234     0.001     0.126     0.126 
      sb0                    234     0.001     0.117     0.118 
      sb3                    234     0.001     0.076     0.077 
      sb6                    234     0.001     0.076     0.077 
      mcc0                    67     0.000     0.041     0.041 
      mcc1                    67     0.000     0.041     0.041 
      mcc2                    67     0.000     0.041     0.041 
      mcc3                    67     0.000     0.041     0.041 
    eL10                    2268     0.005     1.114     1.119 
      sb7                    234     0.001     0.134     0.135 
      sb1                    234     0.001     0.127     0.128 
      sb4                    234     0.001     0.129     0.129 
      sb0                    234     0.001     0.136     0.136 
      sb2                    234     0.001     0.127     0.127 
      sb3                    234     0.001     0.076     0.077 
      sb5                    234     0.001     0.076     0.077 
      sb6                    234     0.001     0.076     0.077 
      mcc0                    67     0.000     0.041     0.041 
      mcc1                    67     0.000     0.041     0.041 
      mcc2                    67     0.000     0.041     0.041 
      mcc3                    67     0.000     0.041     0.041 
    eL7                     2268     0.005     1.098     1.104 
      sb7                    234     0.001     0.165     0.166 
      sb1                    234     0.001     0.124     0.124 
      sb4                    234     0.001     0.119     0.120 
      sb5                    234     0.001     0.114     0.115 
      sb0                    234     0.001     0.076     0.077 
      sb2                    234     0.001     0.115     0.116 
      sb3                    234     0.001     0.076     0.077 
      sb6                    234     0.001     0.076     0.077 
      mcc0                    67     0.000     0.041     0.041 
      mcc1                    67     0.000     0.041     0.041 
      mcc2                    67     0.000     0.041     0.041 
      mcc3                    67     0.000     0.041     0.041 
    eL9                     2268     0.005     1.036     1.042 
      sb7                    234     0.001     0.129     0.130 
      sb4                    234     0.001     0.124     0.124 
      sb1                    234     0.001     0.125     0.125 
      sb2                    234     0.001     0.117     0.118 
      sb0                    234     0.001     0.076     0.077 
      sb3                    234     0.001     0.076     0.077 
      sb5                    234     0.001     0.076     0.077 
      sb6                    234     0.001     0.076     0.077 
      mcc0                    67     0.000     0.041     0.041 
      mcc1                    67     0.000     0.041     0.041 
      mcc2                    67     0.000     0.041     0.041 
      mcc3                    67     0.000     0.041     0.041 
    eM10                    2268     0.005     1.114     1.119 
      sb7                    234     0.001     0.134     0.135 
      sb1                    234     0.001     0.127     0.128 
      sb4                    234     0.001     0.129     0.129 
      sb0                    234     0.001     0.136     0.136 
      sb2                    234     0.001     0.127     0.127 
      sb3                    234     0.001     0.076     0.077 
      sb5                    234     0.001     0.076     0.077 
      sb6                    234     0.001     0.076     0.077 
      mcc0                    67     0.000     0.041     0.041 
      mcc1                    67     0.000     0.041     0.041 
      mcc2                    67     0.000     0.041     0.041 
      mcc3                    67     0.000     0.041     0.041 
    eM7                     2268     0.005     1.098     1.104 
      sb7                    234     0.001     0.165     0.166 
      sb1                    234     0.001     0.124     0.124 
      sb4                    234     0.001     0.119     0.120 
      sb5                    234     0.001     0.114     0.115 
      sb0                    234     0.001     0.076     0.077 
      sb2                    234     0.001     0.115     0.116 
      sb3                    234     0.001     0.076     0.077 
      sb6                    234     0.001     0.076     0.077 
      mcc0                    67     0.000     0.041     0.041 
      mcc1                    67     0.000     0.041     0.041 
      mcc2                    67     0.000     0.041     0.041 
      mcc3                    67     0.000     0.041     0.041 
    eM9                     2268     0.005     1.036     1.042 
      sb7                    234     0.001     0.129     0.130 
      sb4                    234     0.001     0.124     0.124 
      sb1                    234     0.001     0.125     0.125 
      sb2                    234     0.001     0.117     0.118 
      sb0                    234     0.001     0.076     0.077 
      sb3                    234     0.001     0.076     0.077 
      sb5                    234     0.001     0.076     0.077 
      sb6                    234     0.001     0.076     0.077 
      mcc0                    67     0.000     0.041     0.041 
      mcc1                    67     0.000     0.041     0.041 
      mcc2                    67     0.000     0.041     0.041 
      mcc3                    67     0.000     0.041     0.041 
    eL11                    2268     0.005     1.078     1.084 
      sb7                    234     0.001     0.163     0.163 
      sb4                    234     0.001     0.122     0.123 
      sb1                    234     0.001     0.124     0.125 
      sb2                    234     0.001     0.126     0.127 
      sb0                    234     0.001     0.076     0.077 
      sb3                    234     0.001     0.076     0.077 
      sb5                    234     0.001     0.076     0.077 
      sb6                    234     0.001     0.076     0.077 
      mcc0                    67     0.000     0.041     0.041 
      mcc1                    67     0.000     0.041     0.041 
      mcc2                    67     0.000     0.041     0.041 
      mcc3                    67     0.000     0.041     0.041 
    eM11                    2268     0.005     1.078     1.084 
      sb7                    234     0.001     0.163     0.163 
      sb4                    234     0.001     0.122     0.123 
      sb1                    234     0.001     0.124     0.125 
      sb2                    234     0.001     0.126     0.127 
      sb0                    234     0.001     0.076     0.077 
      sb3                    234     0.001     0.076     0.077 
      sb5                    234     0.001     0.076     0.077 
      sb6                    234     0.001     0.076     0.077 
      mcc0                    67     0.000     0.041     0.041 
      mcc1                    67     0.000     0.041     0.041 
      mcc2                    67     0.000     0.041     0.041 
      mcc3                    67     0.000     0.041     0.041 
    eL3                     2268     0.005     1.105     1.111 
      sb2                    234     0.001     0.150     0.150 
      sb1                    234     0.001     0.127     0.128 
      sb4                    234     0.001     0.117     0.118 
      sb0                    234     0.001     0.076     0.077 
      sb3                    234     0.001     0.076     0.077 
      sb6                    234     0.001     0.076     0.077 
      sb5                    234     0.001     0.124     0.124 
      sb7                    234     0.001     0.124     0.125 
      mcc0                    67     0.000     0.041     0.041 
      mcc1                    67     0.000     0.041     0.041 
      mcc2                    67     0.000     0.041     0.041 
      mcc3                    67     0.000     0.041     0.041 
    eM3                     2268     0.005     1.105     1.111 
      sb2                    234     0.001     0.150     0.150 
      sb1                    234     0.001     0.127     0.128 
      sb4                    234     0.001     0.117     0.118 
      sb0                    234     0.001     0.076     0.077 
      sb3                    234     0.001     0.076     0.077 
      sb6                    234     0.001     0.076     0.077 
      sb5                    234     0.001     0.124     0.124 
      sb7                    234     0.001     0.124     0.125 
      mcc0                    67     0.000     0.041     0.041 
      mcc1                    67     0.000     0.041     0.041 
      mcc2                    67     0.000     0.041     0.041 
      mcc3                    67     0.000     0.041     0.041 
    eL8                     2268     0.005     1.061     1.067 
      sb2                    234     0.001     0.149     0.150 
      sb1                    234     0.001     0.127     0.127 
      sb4                    234     0.001     0.128     0.129 
      sb0                    234     0.001     0.076     0.077 
      sb3                    234     0.001     0.076     0.077 
      sb5                    234     0.001     0.076     0.077 
      sb6                    234     0.001     0.076     0.077 
      sb7                    234     0.001     0.121     0.122 
      mcc0                    67     0.000     0.041     0.041 
      mcc1                    67     0.000     0.041     0.041 
      mcc2                    67     0.000     0.041     0.041 
      mcc3                    67     0.000     0.041     0.041 
    eM8                     2268     0.005     1.061     1.067 
      sb2                    234     0.001     0.149     0.150 
      sb1                    234     0.001     0.127     0.127 
      sb4                    234     0.001     0.128     0.129 
      sb0                    234     0.001     0.076     0.077 
      sb3                    234     0.001     0.076     0.077 
      sb5                    234     0.001     0.076     0.077 
      sb6                    234     0.001     0.076     0.077 
      sb7                    234     0.001     0.121     0.122 
      mcc0                    67     0.000     0.041     0.041 
      mcc1                    67     0.000     0.041     0.041 
      mcc2                    67     0.000     0.041     0.041 
      mcc3                    67     0.000     0.041     0.041 
    eL13                    2000     0.005     0.893     0.897 
      sb2                    234     0.001     0.164     0.164 
      sb0                    234     0.001     0.096     0.096 
      sb1                    234     0.001     0.120     0.121 
      sb4                    234     0.001     0.124     0.125 
      sb7                    234     0.001     0.115     0.116 
      sb3                    234     0.001     0.072     0.072 
      sb5                    234     0.001     0.072     0.072 
      sb6                    234     0.001     0.072     0.072 
    eM13                    2000     0.005     0.925     0.929 
      sb2                    234     0.001     0.164     0.164 
      sb0                    234     0.001     0.096     0.096 
      sb1                    234     0.001     0.120     0.121 
      sb4                    234     0.001     0.124     0.125 
      sb7                    234     0.001     0.115     0.116 
      sb3                    234     0.001     0.072     0.072 
      sb5                    234     0.001     0.072     0.072 
      sb6                    234     0.001     0.072     0.072 
    k0                       854     0.002     0.606     0.608 
      sb0                    109     0.000     0.046     0.047 
      sb1                    109     0.000     0.048     0.048 
      sb2                    109     0.000     0.046     0.046 
      sb3                    109     0.000     0.047     0.047 
    k1                       850     0.002     0.690     0.692 
      sb2                    108     0.000     0.058     0.058 
      sb0                    108     0.000     0.058     0.058 
      sb1                    108     0.000     0.058     0.058 
      sb3                    108     0.000     0.058     0.058 
    k10                      850     0.002     0.689     0.692 
      sb1                    108     0.000     0.058     0.058 
      sb2                    108     0.000     0.058     0.058 
      sb3                    108     0.000     0.057     0.057 
      sb0                    108     0.000     0.058     0.058 
    k4                       850     0.002     0.690     0.692 
      sb1                    108     0.000     0.058     0.058 
      sb2                    108     0.000     0.059     0.059 
      sb3                    108     0.000     0.057     0.058 
      sb0                    108     0.000     0.058     0.058 
    k2                       850     0.002     0.690     0.692 
      sb0                    108     0.000     0.058     0.058 
      sb1                    108     0.000     0.058     0.058 
      sb2                    108     0.000     0.058     0.058 
      sb3                    108     0.000     0.058     0.058 
    k6                       850     0.002     0.688     0.690 
      sb1                    108     0.000     0.058     0.058 
      sb3                    108     0.000     0.058     0.058 
      sb0                    108     0.000     0.058     0.058 
      sb2                    108     0.000     0.056     0.057 
    k8                       850     0.002     0.686     0.689 
      sb1                    108     0.000     0.057     0.058 
      sb3                    108     0.000     0.058     0.058 
      sb0                    108     0.000     0.058     0.058 
      sb2                    108     0.000     0.056     0.057 
    k3                       850     0.002     0.690     0.692 
      sb1                    108     0.000     0.058     0.058 
      sb3                    108     0.000     0.057     0.058 
      sb0                    108     0.000     0.057     0.058 
      sb2                    108     0.000     0.057     0.057 
    k5                       850     0.002     0.690     0.692 
      sb0                    108     0.000     0.057     0.057 
      sb1                    108     0.000     0.058     0.058 
      sb2                    108     0.000     0.058     0.058 
      sb3                    108     0.000     0.057     0.058 
    k7                       850     0.002     0.689     0.691 
      sb1                    108     0.000     0.057     0.057 
      sb2                    108     0.000     0.058     0.059 
      sb3                    108     0.000     0.058     0.058 
      sb0                    108     0.000     0.058     0.058 
    k9                       850     0.002     0.688     0.690 
      sb1                    108     0.000     0.057     0.058 
      sb2                    108     0.000     0.058     0.058 
      sb0                    108     0.000     0.058     0.058 
      sb3                    108     0.000     0.058     0.058 
    k11                      850     0.002     0.692     0.694 
      sb0                    108     0.000     0.058     0.058 
      sb3                    108     0.000     0.058     0.058 
      sb1                    108     0.000     0.058     0.058 
      sb2                    108     0.000     0.058     0.059 
    k12                      849     0.002     0.670     0.672 
      sb1                    108     0.000     0.057     0.058 
      sb2                    108     0.000     0.057     0.057 
      sb3                    108     0.000     0.057     0.058 
      sb0                    108     0.000     0.058     0.058 
    k13                      129     0.000     0.185     0.185 
  gmL                       9283     0.020     0.718     0.739 
    PL                      2921     0.006     0.220     0.226 
      PL                     921     0.002     0.068     0.070 
        PL                   281     0.001     0.021     0.021 
          PL                  81     0.000     0.006     0.006 
            PL                21     0.000     0.001     0.001 
            PH                21     0.000     0.001     0.001 
            PM                21     0.000     0.000     0.000 
          PM                  81     0.000     0.002     0.002 
            PH                21     0.000     0.000     0.000 
            PL                21     0.000     0.000     0.000 
            PM                21     0.000     0.000     0.000 
          PH                  81     0.000     0.006     0.006 
            PH                21     0.000     0.001     0.001 
            PL                21     0.000     0.001     0.001 
            PM                21     0.000     0.000     0.000 
        PM                   281     0.001     0.012     0.013 
          PL                  81     0.000     0.002     0.002 
            PH                21     0.000     0.000     0.000 
            PL                21     0.000     0.000     0.000 
            PM                21     0.000     0.000     0.000 
          PH                  81     0.000     0.002     0.002 
            PH                21     0.000     0.000     0.000 
            PL                21     0.000     0.000     0.000 
            PM                21     0.000     0.000     0.000 
          PM                  81     0.000     0.003     0.003 
            PH                21     0.000     0.000     0.000 
            PL                21     0.000     0.000     0.000 
            PM                21     0.000     0.000     0.000 
        PH                   281     0.001     0.020     0.020 
          PM                  81     0.000     0.002     0.002 
            PH                21     0.000     0.000     0.000 
            PL                21     0.000     0.000     0.000 
            PM                21     0.000     0.000     0.000 
          PH                  81     0.000     0.005     0.006 
            PH                21     0.000     0.001     0.001 
            PL                21     0.000     0.001     0.001 
            PM                21     0.000     0.000     0.000 
          PL                  81     0.000     0.005     0.005 
            PL                21     0.000     0.001     0.001 
            PM                21     0.000     0.000     0.000 
            PH                21     0.000     0.001     0.001 
      PH                     921     0.002     0.067     0.069 
        PL                   281     0.001     0.020     0.020 
          PM                  81     0.000     0.002     0.002 
            PH                21     0.000     0.000     0.000 
            PL                21     0.000     0.000     0.000 
            PM                21     0.000     0.000     0.000 
          PH                  81     0.000     0.005     0.005 
            PH                21     0.000     0.001     0.001 
            PL                21     0.000     0.001     0.001 
            PM                21     0.000     0.000     0.000 
          PL                  81     0.000     0.005     0.006 
            PH                21     0.000     0.001     0.001 
            PL                21     0.000     0.001     0.001 
            PM                21     0.000     0.000     0.000 
        PM                   281     0.001     0.012     0.013 
          PL                  81     0.000     0.002     0.002 
            PH                21     0.000     0.000     0.000 
            PL                21     0.000     0.000     0.000 
            PM                21     0.000     0.000     0.000 
          PH                  81     0.000     0.002     0.002 
            PH                21     0.000     0.000     0.000 
            PL                21     0.000     0.000     0.000 
            PM                21     0.000     0.000     0.000 
          PM                  81     0.000     0.003     0.003 
            PH                21     0.000     0.000     0.000 
            PL                21     0.000     0.000     0.000 
            PM                21     0.000     0.000     0.000 
        PH                   281     0.001     0.020     0.021 
          PM                  81     0.000     0.002     0.002 
            PH                21     0.000     0.000     0.000 
            PL                21     0.000     0.000     0.000 
            PM                21     0.000     0.000     0.000 
          PH                  81     0.000     0.006     0.006 
            PH                21     0.000     0.001     0.001 
            PL                21     0.000     0.001     0.001 
            PM                21     0.000     0.000     0.000 
          PL                  81     0.000     0.005     0.006 
            PH                21     0.000     0.001     0.001 
            PL                21     0.000     0.001     0.001 
            PM                21     0.000     0.000     0.000 
      PM                     921     0.002     0.050     0.052 
        PL                   281     0.001     0.012     0.013 
          PL                  81     0.000     0.002     0.002 
            PL                21     0.000     0.000     0.000 
            PH                21     0.000     0.000     0.000 
            PM                21     0.000     0.000     0.000 
          PH                  81     0.000     0.002     0.002 
            PH                21     0.000     0.000     0.000 
            PL                21     0.000     0.000     0.000 
            PM                21     0.000     0.000     0.000 
          PM                  81     0.000     0.002     0.003 
            PH                21     0.000     0.000     0.000 
            PL                21     0.000     0.000     0.000 
            PM                21     0.000     0.000     0.000 
        PH                   281     0.001     0.012     0.013 
          PL                  81     0.000     0.002     0.002 
            PH                21     0.000     0.000     0.000 
            PL                21     0.000     0.000     0.000 
            PM                21     0.000     0.000     0.000 
          PM                  81     0.000     0.002     0.003 
            PH                21     0.000     0.000     0.000 
            PL                21     0.000     0.000     0.000 
            PM                21     0.000     0.000     0.000 
          PH                  81     0.000     0.002     0.002 
            PH                21     0.000     0.000     0.000 
            PL                21     0.000     0.000     0.000 
            PM                21     0.000     0.000     0.000 
        PM                   281     0.001     0.013     0.014 
          PM                  81     0.000     0.003     0.003 
            PH                21     0.000     0.000     0.000 
            PL                21     0.000     0.000     0.000 
            PM                21     0.000     0.000     0.000 
          PH                  81     0.000     0.003     0.003 
            PH                21     0.000     0.000     0.000 
            PL                21     0.000     0.000     0.000 
            PM                21     0.000     0.000     0.000 
          PL                  81     0.000     0.002     0.003 
            PH                21     0.000     0.000     0.000 
            PL                21     0.000     0.000     0.000 
            PM                21     0.000     0.000     0.000 
    PH                      2921     0.006     0.221     0.227 
      PH                     921     0.002     0.070     0.072 
        PH                   281     0.001     0.022     0.022 
          PH                  81     0.000     0.006     0.006 
            PH                21     0.000     0.002     0.002 
            PL                21     0.000     0.001     0.001 
            PM                21     0.000     0.000     0.000 
          PM                  81     0.000     0.002     0.003 
            PH                21     0.000     0.000     0.000 
            PL                21     0.000     0.000     0.000 
            PM                21     0.000     0.000     0.000 
          PL                  81     0.000     0.005     0.006 
            PH                21     0.000     0.001     0.001 
            PL                21     0.000     0.001     0.001 
            PM                21     0.000     0.000     0.000 
        PL                   281     0.001     0.020     0.020 
          PH                  81     0.000     0.005     0.005 
            PH                21     0.000     0.001     0.001 
            PL                21     0.000     0.001     0.001 
            PM                21     0.000     0.000     0.000 
          PM                  81     0.000     0.002     0.002 
            PH                21     0.000     0.000     0.000 
            PL                21     0.000     0.000     0.000 
            PM                21     0.000     0.000     0.000 
          PL                  81     0.000     0.006     0.006 
            PH                21     0.000     0.001     0.001 
            PL                21     0.000     0.001     0.001 
            PM                21     0.000     0.000     0.000 
        PM                   281     0.001     0.013     0.013 
          PL                  81     0.000     0.002     0.003 
            PH                21     0.000     0.000     0.000 
            PL                21     0.000     0.000     0.000 
            PM                21     0.000     0.000     0.000 
          PM                  81     0.000     0.003     0.003 
            PH                21     0.000     0.000     0.000 
            PL                21     0.000     0.000     0.000 
            PM                21     0.000     0.000     0.000 
          PH                  81     0.000     0.002     0.002 
            PH                21     0.000     0.000     0.000 
            PL                21     0.000     0.000     0.000 
            PM                21     0.000     0.000     0.000 
      PL                     921     0.002     0.067     0.068 
        PL                   281     0.001     0.020     0.020 
          PL                  81     0.000     0.005     0.005 
            PL                21     0.000     0.001     0.001 
            PH                21     0.000     0.001     0.001 
            PM                21     0.000     0.000     0.000 
          PM                  81     0.000     0.002     0.002 
            PH                21     0.000     0.000     0.000 
            PL                21     0.000     0.000     0.000 
            PM                21     0.000     0.000     0.000 
          PH                  81     0.000     0.005     0.006 
            PH                21     0.000     0.001     0.001 
            PL                21     0.000     0.001     0.001 
            PM                21     0.000     0.000     0.000 
        PH                   281     0.001     0.019     0.020 
          PH                  81     0.000     0.005     0.005 
            PH                21     0.000     0.001     0.001 
            PL                21     0.000     0.001     0.001 
            PM                21     0.000     0.000     0.000 
          PM                  81     0.000     0.002     0.002 
            PH                21     0.000     0.000     0.000 
            PL                21     0.000     0.000     0.000 
            PM                21     0.000     0.000     0.000 
          PL                  81     0.000     0.005     0.005 
            PH                21     0.000     0.001     0.001 
            PL                21     0.000     0.001     0.001 
            PM                21     0.000     0.000     0.000 
        PM                   281     0.001     0.012     0.013 
          PL                  81     0.000     0.002     0.002 
            PL                21     0.000     0.000     0.000 
            PH                21     0.000     0.000     0.000 
            PM                21     0.000     0.000     0.000 
          PH                  81     0.000     0.002     0.002 
            PH                21     0.000     0.000     0.000 
            PL                21     0.000     0.000     0.000 
            PM                21     0.000     0.000     0.000 
          PM                  81     0.000     0.003     0.003 
            PH                21     0.000     0.000     0.000 
            PL                21     0.000     0.000     0.000 
            PM                21     0.000     0.000     0.000 
      PM                     921     0.002     0.050     0.052 
        PL                   281     0.001     0.012     0.013 
          PL                  81     0.000     0.002     0.002 
            PL                21     0.000     0.000     0.000 
            PH                21     0.000     0.000     0.000 
            PM                21     0.000     0.000     0.000 
          PH                  81     0.000     0.002     0.002 
            PH                21     0.000     0.000     0.000 
            PL                21     0.000     0.000     0.000 
            PM                21     0.000     0.000     0.000 
          PM                  81     0.000     0.002     0.003 
            PH                21     0.000     0.000     0.000 
            PL                21     0.000     0.000     0.000 
            PM                21     0.000     0.000     0.000 
        PH                   281     0.001     0.012     0.013 
          PL                  81     0.000     0.002     0.002 
            PH                21     0.000     0.000     0.000 
            PL                21     0.000     0.000     0.000 
            PM                21     0.000     0.000     0.000 
          PH                  81     0.000     0.002     0.002 
            PH                21     0.000     0.000     0.000 
            PL                21     0.000     0.000     0.000 
            PM                21     0.000     0.000     0.000 
          PM                  81     0.000     0.003     0.003 
            PH                21     0.000     0.000     0.000 
            PL                21     0.000     0.000     0.000 
            PM                21     0.000     0.000     0.000 
        PM                   281     0.001     0.013     0.014 
          PH                  81     0.000     0.002     0.003 
            PH                21     0.000     0.000     0.000 
            PL                21     0.000     0.000     0.000 
            PM                21     0.000     0.000     0.000 
          PL                  81     0.000     0.003     0.003 
            PH                21     0.000     0.000     0.000 
            PL                21     0.000     0.000     0.000 
            PM                21     0.000     0.000     0.000 
          PM                  81     0.000     0.003     0.003 
            PH                21     0.000     0.000     0.000 
            PL                21     0.000     0.000     0.000 
            PM                21     0.000     0.000     0.000 
    PM                      2921     0.006     0.182     0.188 
      PL                     921     0.002     0.051     0.053 
        PL                   281     0.001     0.012     0.013 
          PH                  81     0.000     0.002     0.002 
            PH                21     0.000     0.000     0.000 
            PL                21     0.000     0.000     0.000 
            PM                21     0.000     0.000     0.000 
          PM                  81     0.000     0.003     0.003 
            PH                21     0.000     0.000     0.000 
            PM                21     0.000     0.000     0.000 
            PL                21     0.000     0.000     0.000 
          PL                  81     0.000     0.002     0.002 
            PL                21     0.000     0.000     0.000 
            PH                21     0.000     0.000     0.000 
            PM                21     0.000     0.000     0.000 
        PH                   281     0.001     0.012     0.013 
          PL                  81     0.000     0.002     0.002 
            PL                21     0.000     0.000     0.000 
            PH                21     0.000     0.000     0.000 
            PM                21     0.000     0.000     0.000 
          PH                  81     0.000     0.002     0.003 
            PH                21     0.000     0.000     0.000 
            PL                21     0.000     0.000     0.000 
            PM                21     0.000     0.000     0.000 
          PM                  81     0.000     0.002     0.003 
            PH                21     0.000     0.000     0.000 
            PL                21     0.000     0.000     0.000 
            PM                21     0.000     0.000     0.000 
        PM                   281     0.001     0.014     0.014 
          PL                  81     0.000     0.002     0.003 
            PH                21     0.000     0.000     0.000 
            PM                21     0.000     0.000     0.000 
            PL                21     0.000     0.000     0.000 
          PH                  81     0.000     0.003     0.003 
            PH                21     0.000     0.000     0.000 
            PM                21     0.000     0.000     0.000 
            PL                21     0.000     0.000     0.000 
          PM                  81     0.000     0.003     0.003 
            PH                21     0.000     0.000     0.000 
            PL                21     0.000     0.000     0.000 
            PM                21     0.000     0.000     0.000 
      PH                     921     0.002     0.050     0.052 
        PH                   281     0.001     0.012     0.013 
          PH                  81     0.000     0.002     0.002 
            PH                21     0.000     0.000     0.000 
            PL                21     0.000     0.000     0.000 
            PM                21     0.000     0.000     0.000 
          PL                  81     0.000     0.002     0.002 
            PL                21     0.000     0.000     0.000 
            PH                21     0.000     0.000     0.000 
            PM                21     0.000     0.000     0.000 
          PM                  81     0.000     0.002     0.003 
            PH                21     0.000     0.000     0.000 
            PL                21     0.000     0.000     0.000 
            PM                21     0.000     0.000     0.000 
        PL                   281     0.001     0.012     0.013 
          PH                  81     0.000     0.002     0.002 
            PH                21     0.000     0.000     0.000 
            PL                21     0.000     0.000     0.000 
            PM                21     0.000     0.000     0.000 
          PL                  81     0.000     0.002     0.002 
            PL                21     0.000     0.000     0.000 
            PM                21     0.000     0.000     0.000 
            PH                21     0.000     0.000     0.000 
          PM                  81     0.000     0.003     0.003 
            PH                21     0.000     0.000     0.000 
            PL                21     0.000     0.000     0.000 
            PM                21     0.000     0.000     0.000 
        PM                   281     0.001     0.013     0.014 
          PH                  81     0.000     0.002     0.003 
            PH                21     0.000     0.000     0.000 
            PM                21     0.000     0.000     0.000 
            PL                21     0.000     0.000     0.000 
          PL                  81     0.000     0.002     0.003 
            PH                21     0.000     0.000     0.000 
            PL                21     0.000     0.000     0.000 
            PM                21     0.000     0.000     0.000 
          PM                  81     0.000     0.002     0.003 
            PH                21     0.000     0.000     0.000 
            PL                21     0.000     0.000     0.000 
            PM                21     0.000     0.000     0.000 
      PM                     921     0.002     0.054     0.056 
        PH                   281     0.001     0.013     0.014 
          PH                  81     0.000     0.002     0.003 
            PH                21     0.000     0.000     0.000 
            PM                21     0.000     0.000     0.000 
            PL                21     0.000     0.000     0.000 
          PL                  81     0.000     0.002     0.003 
            PH                21     0.000     0.000     0.000 
            PL                21     0.000     0.000     0.000 
            PM                21     0.000     0.000     0.000 
          PM                  81     0.000     0.003     0.003 
            PH                21     0.000     0.000     0.000 
            PL                21     0.000     0.000     0.000 
            PM                21     0.000     0.000     0.000 
        PL                   281     0.001     0.013     0.014 
          PL                  81     0.000     0.003     0.003 
            PL                21     0.000     0.000     0.000 
            PH                21     0.000     0.000     0.000 
            PM                21     0.000     0.000     0.000 
          PH                  81     0.000     0.003     0.003 
            PH                21     0.000     0.000     0.000 
            PL                21     0.000     0.000     0.000 
            PM                21     0.000     0.000     0.000 
          PM                  81     0.000     0.003     0.003 
            PH                21     0.000     0.000     0.000 
            PL                21     0.000     0.000     0.000 
            PM                21     0.000     0.000     0.000 
        PM                   281     0.001     0.014     0.014 
          PL                  81     0.000     0.003     0.003 
            PH                21     0.000     0.000     0.000 
            PL                21     0.000     0.000     0.000 
            PM                21     0.000     0.000     0.000 
          PM                  81     0.000     0.003     0.003 
            PH                21     0.000     0.000     0.000 
            PL                21     0.000     0.000     0.000 
            PM                21     0.000     0.000     0.000 
          PH                  81     0.000     0.002     0.003 
            PH                21     0.000     0.000     0.000 
            PL                21     0.000     0.000     0.000 
            PM                21     0.000     0.000     0.000 
  gmM                       9278     0.020     0.719     0.740 
    PL                      2921     0.006     0.220     0.227 
      PL                     921     0.002     0.069     0.071 
        PL                   281     0.001     0.021     0.021 
          PL                  81     0.000     0.005     0.006 
            PL                21     0.000     0.001     0.001 
            PH                21     0.000     0.001     0.001 
            PM                21     0.000     0.000     0.000 
          PM                  81     0.000     0.002     0.002 
            PH                21     0.000     0.000     0.000 
            PL                21     0.000     0.000     0.000 
            PM                21     0.000     0.000     0.000 
          PH                  81     0.000     0.006     0.006 
            PL                21     0.000     0.001     0.001 
            PM                21     0.000     0.000     0.000 
            PH                21     0.000     0.001     0.001 
        PM                   281     0.001     0.012     0.013 
          PH                  81     0.000     0.002     0.002 
            PH                21     0.000     0.000     0.000 
            PL                21     0.000     0.000     0.000 
            PM                21     0.000     0.000     0.000 
          PL                  81     0.000     0.002     0.002 
            PH                21     0.000     0.000     0.000 
            PL                21     0.000     0.000     0.000 
            PM                21     0.000     0.000     0.000 
          PM                  81     0.000     0.003     0.003 
            PH                21     0.000     0.000     0.000 
            PL                21     0.000     0.000     0.000 
            PM                21     0.000     0.000     0.000 
        PH                   281     0.001     0.020     0.021 
          PH                  81     0.000     0.005     0.006 
            PH                21     0.000     0.001     0.001 
            PL                21     0.000     0.001     0.001 
            PM                21     0.000     0.000     0.000 
          PL                  81     0.000     0.006     0.006 
            PL                21     0.000     0.001     0.001 
            PM                21     0.000     0.000     0.000 
            PH                21     0.000     0.001     0.001 
          PM                  81     0.000     0.002     0.002 
            PH                21     0.000     0.000     0.000 
            PL                21     0.000     0.000     0.000 
            PM                21     0.000     0.000     0.000 
      PM                     921     0.002     0.050     0.052 
        PL                   281     0.001     0.012     0.013 
          PL                  81     0.000     0.002     0.002 
            PH                21     0.000     0.000     0.000 
            PL                21     0.000     0.000     0.000 
            PM                21     0.000     0.000     0.000 
          PH                  81     0.000     0.002     0.002 
            PH                21     0.000     0.000     0.000 
            PL                21     0.000     0.000     0.000 
            PM                21     0.000     0.000     0.000 
          PM                  81     0.000     0.003     0.003 
            PH                21     0.000     0.000     0.000 
            PL                21     0.000     0.000     0.000 
            PM                21     0.000     0.000     0.000 
        PH                   281     0.001     0.012     0.013 
          PL                  81     0.000     0.002     0.002 
            PH                21     0.000     0.000     0.000 
            PL                21     0.000     0.000     0.000 
            PM                21     0.000     0.000     0.000 
          PH                  81     0.000     0.002     0.002 
            PH                21     0.000     0.000     0.000 
            PL                21     0.000     0.000     0.000 
            PM                21     0.000     0.000     0.000 
          PM                  81     0.000     0.003     0.003 
            PH                21     0.000     0.000     0.000 
            PL                21     0.000     0.000     0.000 
            PM                21     0.000     0.000     0.000 
        PM                   281     0.001     0.013     0.014 
          PH                  81     0.000     0.003     0.003 
            PH                21     0.000     0.000     0.000 
            PL                21     0.000     0.000     0.000 
            PM                21     0.000     0.000     0.000 
          PL                  81     0.000     0.003     0.003 
            PH                21     0.000     0.000     0.000 
            PL                21     0.000     0.000     0.000 
            PM                21     0.000     0.000     0.000 
          PM                  81     0.000     0.003     0.003 
            PH                21     0.000     0.000     0.000 
            PL                21     0.000     0.000     0.000 
            PM                21     0.000     0.000     0.000 
      PH                     921     0.002     0.068     0.070 
        PM                   281     0.001     0.012     0.013 
          PH                  81     0.000     0.002     0.002 
            PH                21     0.000     0.000     0.000 
            PL                21     0.000     0.000     0.000 
            PM                21     0.000     0.000     0.000 
          PL                  81     0.000     0.002     0.002 
            PH                21     0.000     0.000     0.000 
            PL                21     0.000     0.000     0.000 
            PM                21     0.000     0.000     0.000 
          PM                  81     0.000     0.002     0.003 
            PH                21     0.000     0.000     0.000 
            PL                21     0.000     0.000     0.000 
            PM                21     0.000     0.000     0.000 
        PL                   281     0.001     0.020     0.020 
          PL                  81     0.000     0.006     0.006 
            PL                21     0.000     0.001     0.001 
            PM                21     0.000     0.000     0.000 
            PH                21     0.000     0.001     0.001 
          PM                  81     0.000     0.002     0.002 
            PH                21     0.000     0.000     0.000 
            PL                21     0.000     0.000     0.000 
            PM                21     0.000     0.000     0.000 
          PH                  81     0.000     0.005     0.006 
            PL                21     0.000     0.001     0.001 
            PM                21     0.000     0.000     0.000 
            PH                21     0.000     0.001     0.001 
        PH                   281     0.001     0.020     0.021 
          PH                  81     0.000     0.006     0.006 
            PH                21     0.000     0.001     0.001 
            PL                21     0.000     0.001     0.001 
            PM                21     0.000     0.000     0.000 
          PL                  81     0.000     0.005     0.006 
            PL                21     0.000     0.001     0.001 
            PM                21     0.000     0.000     0.000 
            PH                21     0.000     0.001     0.001 
          PM                  81     0.000     0.002     0.002 
            PH                21     0.000     0.000     0.000 
            PL                21     0.000     0.000     0.000 
            PM                21     0.000     0.000     0.000 
    PH                      2921     0.006     0.223     0.229 
      PL                     921     0.002     0.068     0.070 
        PL                   281     0.001     0.021     0.021 
          PL                  81     0.000     0.006     0.006 
            PL                21     0.000     0.001     0.001 
            PM                21     0.000     0.000     0.000 
            PH                21     0.000     0.001     0.001 
          PM                  81     0.000     0.002     0.002 
            PH                21     0.000     0.000     0.000 
            PL                21     0.000     0.000     0.000 
            PM                21     0.000     0.000     0.000 
          PH                  81     0.000     0.005     0.006 
            PL                21     0.000     0.001     0.001 
            PM                21     0.000     0.000     0.000 
            PH                21     0.000     0.001     0.001 
        PM                   281     0.001     0.012     0.013 
          PH                  81     0.000     0.002     0.002 
            PH                21     0.000     0.000     0.000 
            PL                21     0.000     0.000     0.000 
            PM                21     0.000     0.000     0.000 
          PL                  81     0.000     0.002     0.002 
            PH                21     0.000     0.000     0.000 
            PL                21     0.000     0.000     0.000 
            PM                21     0.000     0.000     0.000 
          PM                  81     0.000     0.002     0.003 
            PH                21     0.000     0.000     0.000 
            PL                21     0.000     0.000     0.000 
            PM                21     0.000     0.000     0.000 
        PH                   281     0.001     0.020     0.021 
          PL                  81     0.000     0.005     0.006 
            PL                21     0.000     0.001     0.001 
            PM                21     0.000     0.000     0.000 
            PH                21     0.000     0.001     0.001 
          PH                  81     0.000     0.006     0.006 
            PH                21     0.000     0.001     0.001 
            PL                21     0.000     0.001     0.001 
            PM                21     0.000     0.000     0.000 
          PM                  81     0.000     0.002     0.002 
            PH                21     0.000     0.000     0.000 
            PL                21     0.000     0.000     0.000 
            PM                21     0.000     0.000     0.000 
      PH                     921     0.002     0.069     0.071 
        PH                   281     0.001     0.021     0.021 
          PH                  81     0.000     0.006     0.006 
            PH                21     0.000     0.001     0.002 
            PL                21     0.000     0.001     0.001 
            PM                21     0.000     0.000     0.000 
          PM                  81     0.000     0.002     0.002 
            PH                21     0.000     0.000     0.000 
            PL                21     0.000     0.000     0.000 
            PM                21     0.000     0.000     0.000 
          PL                  81     0.000     0.005     0.005 
            PL                21     0.000     0.001     0.001 
            PM                21     0.000     0.000     0.000 
            PH                21     0.000     0.001     0.001 
        PM                   281     0.001     0.012     0.013 
          PM                  81     0.000     0.003     0.003 
            PH                21     0.000     0.000     0.000 
            PL                21     0.000     0.000     0.000 
            PM                21     0.000     0.000     0.000 
          PL                  81     0.000     0.002     0.002 
            PH                21     0.000     0.000     0.000 
            PL                21     0.000     0.000     0.000 
            PM                21     0.000     0.000     0.000 
          PH                  81     0.000     0.002     0.002 
            PH                21     0.000     0.000     0.000 
            PL                21     0.000     0.000     0.000 
            PM                21     0.000     0.000     0.000 
        PL                   281     0.001     0.020     0.020 
          PM                  81     0.000     0.002     0.002 
            PH                21     0.000     0.000     0.000 
            PL                21     0.000     0.000     0.000 
            PM                21     0.000     0.000     0.000 
          PL                  81     0.000     0.005     0.006 
            PL                21     0.000     0.001     0.001 
            PM                21     0.000     0.000     0.000 
            PH                21     0.000     0.001     0.001 
          PH                  81     0.000     0.005     0.006 
            PL                21     0.000     0.001     0.001 
            PH                21     0.000     0.001     0.001 
            PM                21     0.000     0.000     0.000 
      PM                     921     0.002     0.051     0.053 
        PH                   281     0.001     0.013     0.013 
          PL                  81     0.000     0.002     0.002 
            PH                21     0.000     0.000     0.000 
            PL                21     0.000     0.000     0.000 
            PM                21     0.000     0.000     0.000 
          PH                  81     0.000     0.002     0.002 
            PH                21     0.000     0.000     0.000 
            PL                21     0.000     0.000     0.000 
            PM                21     0.000     0.000     0.000 
          PM                  81     0.000     0.003     0.003 
            PH                21     0.000     0.000     0.000 
            PL                21     0.000     0.000     0.000 
            PM                21     0.000     0.000     0.000 
        PL                   281     0.001     0.012     0.013 
          PL                  81     0.000     0.002     0.003 
            PL                21     0.000     0.000     0.000 
            PH                21     0.000     0.000     0.000 
            PM                21     0.000     0.000     0.000 
          PH                  81     0.000     0.002     0.002 
            PH                21     0.000     0.000     0.000 
            PL                21     0.000     0.000     0.000 
            PM                21     0.000     0.000     0.000 
          PM                  81     0.000     0.003     0.003 
            PH                21     0.000     0.000     0.000 
            PL                21     0.000     0.000     0.000 
            PM                21     0.000     0.000     0.000 
        PM                   281     0.001     0.014     0.014 
          PH                  81     0.000     0.003     0.003 
            PH                21     0.000     0.000     0.000 
            PL                21     0.000     0.000     0.000 
            PM                21     0.000     0.000     0.000 
          PM                  81     0.000     0.003     0.003 
            PH                21     0.000     0.000     0.000 
            PL                21     0.000     0.000     0.000 
            PM                21     0.000     0.000     0.000 
          PL                  81     0.000     0.003     0.003 
            PH                21     0.000     0.000     0.000 
            PL                21     0.000     0.000     0.000 
            PM                21     0.000     0.000     0.000 
    PM                      2921     0.006     0.183     0.189 
      PL                     921     0.002     0.050     0.052 
        PH                   281     0.001     0.013     0.013 
          PH                  81     0.000     0.002     0.002 
            PH                21     0.000     0.000     0.000 
            PL                21     0.000     0.000     0.000 
            PM                21     0.000     0.000     0.000 
          PL                  81     0.000     0.002     0.003 
            PH                21     0.000     0.000     0.000 
            PL                21     0.000     0.000     0.000 
            PM                21     0.000     0.000     0.000 
          PM                  81     0.000     0.003     0.003 
            PH                21     0.000     0.000     0.000 
            PL                21     0.000     0.000     0.000 
            PM                21     0.000     0.000     0.000 
        PL                   281     0.001     0.012     0.013 
          PM                  81     0.000     0.002     0.003 
            PH                21     0.000     0.000     0.000 
            PM                21     0.000     0.000     0.000 
            PL                21     0.000     0.000     0.000 
          PL                  81     0.000     0.002     0.002 
            PL                21     0.000     0.000     0.000 
            PH                21     0.000     0.000     0.000 
            PM                21     0.000     0.000     0.000 
          PH                  81     0.000     0.002     0.002 
            PH                21     0.000     0.000     0.000 
            PM                21     0.000     0.000     0.000 
            PL                21     0.000     0.000     0.000 
        PM                   281     0.001     0.013     0.014 
          PL                  81     0.000     0.003     0.003 
            PH                21     0.000     0.000     0.000 
            PL                21     0.000     0.000     0.000 
            PM                21     0.000     0.000     0.000 
          PH                  81     0.000     0.003     0.003 
            PH                21     0.000     0.000     0.000 
            PL                21     0.000     0.000     0.000 
            PM                21     0.000     0.000     0.000 
          PM                  81     0.000     0.002     0.003 
            PH                21     0.000     0.000     0.000 
            PL                21     0.000     0.000     0.000 
            PM                21     0.000     0.000     0.000 
      PH                     921     0.002     0.050     0.052 
        PH                   281     0.001     0.012     0.013 
          PM                  81     0.000     0.002     0.003 
            PH                21     0.000     0.000     0.000 
            PL                21     0.000     0.000     0.000 
            PM                21     0.000     0.000     0.000 
          PH                  81     0.000     0.002     0.002 
            PH                21     0.000     0.000     0.000 
            PL                21     0.000     0.000     0.000 
            PM                21     0.000     0.000     0.000 
          PL                  81     0.000     0.002     0.003 
            PH                21     0.000     0.000     0.000 
            PL                21     0.000     0.000     0.000 
            PM                21     0.000     0.000     0.000 
        PM                   281     0.001     0.013     0.014 
          PL                  81     0.000     0.002     0.003 
            PH                21     0.000     0.000     0.000 
            PL                21     0.000     0.000     0.000 
            PM                21     0.000     0.000     0.000 
          PH                  81     0.000     0.002     0.003 
            PH                21     0.000     0.000     0.000 
            PM                21     0.000     0.000     0.000 
            PL                21     0.000     0.000     0.000 
          PM                  81     0.000     0.003     0.003 
            PH                21     0.000     0.000     0.000 
            PL                21     0.000     0.000     0.000 
            PM                21     0.000     0.000     0.000 
        PL                   281     0.001     0.012     0.013 
          PL                  81     0.000     0.002     0.002 
            PL                21     0.000     0.000     0.000 
            PH                21     0.000     0.000     0.000 
            PM                21     0.000     0.000     0.000 
          PM                  81     0.000     0.002     0.003 
            PH                21     0.000     0.000     0.000 
            PL                21     0.000     0.000     0.000 
            PM                21     0.000     0.000     0.000 
          PH                  81     0.000     0.002     0.002 
            PH                21     0.000     0.000     0.000 
            PL                21     0.000     0.000     0.000 
            PM                21     0.000     0.000     0.000 
      PM                     921     0.002     0.054     0.056 
        PH                   281     0.001     0.014     0.014 
          PH                  81     0.000     0.003     0.003 
            PH                21     0.000     0.000     0.000 
            PL                21     0.000     0.000     0.000 
            PM                21     0.000     0.000     0.000 
          PM                  81     0.000     0.002     0.003 
            PH                21     0.000     0.000     0.000 
            PL                21     0.000     0.000     0.000 
            PM                21     0.000     0.000     0.000 
          PL                  81     0.000     0.002     0.003 
            PH                21     0.000     0.000     0.000 
            PL                21     0.000     0.000     0.000 
            PM                21     0.000     0.000     0.000 
        PL                   281     0.001     0.013     0.014 
          PL                  81     0.000     0.002     0.003 
            PH                21     0.000     0.000     0.000 
            PL                21     0.000     0.000     0.000 
            PM                21     0.000     0.000     0.000 
          PM                  81     0.000     0.003     0.003 
            PH                21     0.000     0.000     0.000 
            PL                21     0.000     0.000     0.000 
            PM                21     0.000     0.000     0.000 
          PH                  81     0.000     0.002     0.003 
            PL                21     0.000     0.000     0.000 
            PH                21     0.000     0.000     0.000 
            PM                21     0.000     0.000     0.000 
        PM                   281     0.001     0.014     0.014 
          PL                  81     0.000     0.003     0.003 
            PH                21     0.000     0.000     0.000 
            PL                21     0.000     0.000     0.000 
            PM                21     0.000     0.000     0.000 
          PM                  81     0.000     0.003     0.003 
            PH                21     0.000     0.000     0.000 
            PL                21     0.000     0.000     0.000 
            PM                21     0.000     0.000     0.000 
          PH                  81     0.000     0.003     0.003 
            PH                21     0.000     0.000     0.000 
            PL                21     0.000     0.000     0.000 
            PM                21     0.000     0.000     0.000 
  gmQ                       9277     0.020     0.373     0.393 
    PH                      2921     0.006     0.151     0.157 
      PH                     921     0.002     0.067     0.069 
        PH                   281     0.001     0.025     0.026 
          PM                  81     0.000     0.002     0.002 
            PH                21     0.000     0.000     0.000 
            PL                21     0.000     0.000     0.000 
            PM                21     0.000     0.000     0.000 
          PH                  81     0.000     0.008     0.008 
            PH                21     0.000     0.003     0.003 
            PL                21     0.000     0.002     0.002 
            PM                21     0.000     0.000     0.000 
          PL                  81     0.000     0.008     0.008 
            PH                21     0.000     0.002     0.002 
            PL                21     0.000     0.002     0.002 
            PM                21     0.000     0.000     0.000 
        PM                   281     0.001     0.007     0.008 
          PH                  81     0.000     0.001     0.001 
            PH                21     0.000     0.000     0.000 
            PL                21     0.000     0.000     0.000 
            PM                21     0.000     0.000     0.000 
          PL                  81     0.000     0.002     0.002 
            PH                21     0.000     0.000     0.000 
            PL                21     0.000     0.000     0.000 
            PM                21     0.000     0.000     0.000 
          PM                  81     0.000     0.002     0.002 
            PH                21     0.000     0.000     0.000 
            PL                21     0.000     0.000     0.000 
            PM                21     0.000     0.000     0.000 
        PL                   281     0.001     0.020     0.021 
          PH                  81     0.000     0.008     0.008 
            PM                21     0.000     0.000     0.000 
            PH                21     0.000     0.002     0.002 
            PL                21     0.000     0.002     0.003 
          PL                  81     0.000     0.007     0.007 
            PL                21     0.000     0.003     0.003 
            PH                21     0.000     0.002     0.002 
            PM                21     0.000     0.000     0.000 
          PM                  81     0.000     0.001     0.001 
            PH                21     0.000     0.000     0.000 
            PL                21     0.000     0.000     0.000 
            PM                21     0.000     0.000     0.000 
      PL                     921     0.002     0.041     0.043 
        PL                   281     0.001     0.018     0.018 
          PL                  81     0.000     0.007     0.007 
            PL                21     0.000     0.003     0.003 
            PH                21     0.000     0.002     0.003 
            PM                21     0.000     0.000     0.000 
          PM                  81     0.000     0.000     0.000 
            PH                21     0.000     0.000     0.000 
            PL                21     0.000     0.000     0.000 
            PM                21     0.000     0.000     0.000 
          PH                  81     0.000     0.007     0.007 
            PH                21     0.000     0.003     0.003 
            PL                21     0.000     0.002     0.003 
            PM                21     0.000     0.000     0.000 
        PH                   281     0.001     0.017     0.017 
          PH                  81     0.000     0.007     0.007 
            PH                21     0.000     0.003     0.003 
            PL                21     0.000     0.002     0.003 
            PM                21     0.000     0.000     0.000 
          PM                  81     0.000     0.000     0.000 
            PH                21     0.000     0.000     0.000 
            PL                21     0.000     0.000     0.000 
            PM                21     0.000     0.000     0.000 
          PL                  81     0.000     0.007     0.007 
            PH                21     0.000     0.003     0.003 
            PL                21     0.000     0.003     0.003 
            PM                21     0.000     0.000     0.000 
        PM                   281     0.001     0.000     0.001 
          PL                  81     0.000     0.000     0.000 
            PH                21     0.000     0.000     0.000 
            PL                21     0.000     0.000     0.000 
            PM                21     0.000     0.000     0.000 
          PH                  81     0.000     0.000     0.000 
            PH                21     0.000     0.000     0.000 
            PL                21     0.000     0.000     0.000 
            PM                21     0.000     0.000     0.000 
          PM                  81     0.000     0.000     0.000 
            PH                21     0.000     0.000     0.000 
            PL                21     0.000     0.000     0.000 
            PM                21     0.000     0.000     0.000 
      PM                     921     0.002     0.021     0.023 
        PL                   281     0.001     0.003     0.003 
          PL                  81     0.000     0.000     0.000 
            PL                21     0.000     0.000     0.000 
            PH                21     0.000     0.000     0.000 
            PM                21     0.000     0.000     0.000 
          PH                  81     0.000     0.001     0.001 
            PH                21     0.000     0.000     0.000 
            PM                21     0.000     0.000     0.000 
            PL                21     0.000     0.000     0.000 
          PM                  81     0.000     0.001     0.001 
            PH                21     0.000     0.000     0.000 
            PM                21     0.000     0.000     0.000 
            PL                21     0.000     0.000     0.000 
        PH                   281     0.001     0.006     0.007 
          PL                  81     0.000     0.002     0.002 
            PL                21     0.000     0.000     0.000 
            PH                21     0.000     0.000     0.000 
            PM                21     0.000     0.000     0.000 
          PM                  81     0.000     0.002     0.002 
            PH                21     0.000     0.000     0.000 
            PL                21     0.000     0.000     0.000 
            PM                21     0.000     0.000     0.000 
          PH                  81     0.000     0.000     0.000 
            PH                21     0.000     0.000     0.000 
            PL                21     0.000     0.000     0.000 
            PM                21     0.000     0.000     0.000 
        PM                   281     0.001     0.007     0.008 
          PH                  81     0.000     0.001     0.001 
            PH                21     0.000     0.000     0.000 
            PM                21     0.000     0.000     0.000 
            PL                21     0.000     0.000     0.000 
          PL                  81     0.000     0.002     0.002 
            PH                21     0.000     0.000     0.000 
            PL                21     0.000     0.000     0.000 
            PM                21     0.000     0.000     0.000 
          PM                  81     0.000     0.002     0.002 
            PH                21     0.000     0.000     0.000 
            PL                21     0.000     0.000     0.000 
            PM                21     0.000     0.000     0.000 
    PL                      2921     0.006     0.098     0.104 
      PH                     921     0.002     0.043     0.045 
        PH                   281     0.001     0.018     0.018 
          PL                  81     0.000     0.006     0.006 
            PH                21     0.000     0.002     0.002 
            PM                21     0.000     0.000     0.000 
            PL                21     0.000     0.003     0.003 
          PM                  81     0.000     0.000     0.000 
            PH                21     0.000     0.000     0.000 
            PM                21     0.000     0.000     0.000 
            PL                21     0.000     0.000     0.000 
          PH                  81     0.000     0.007     0.007 
            PH                21     0.000     0.003     0.003 
            PL                21     0.000     0.002     0.003 
            PM                21     0.000     0.000     0.000 
        PL                   281     0.001     0.017     0.018 
          PL                  81     0.000     0.007     0.007 
            PL                21     0.000     0.003     0.003 
            PH                21     0.000     0.002     0.002 
            PM                21     0.000     0.000     0.000 
          PH                  81     0.000     0.007     0.007 
            PH                21     0.000     0.003     0.003 
            PL                21     0.000     0.003     0.003 
            PM                21     0.000     0.000     0.000 
          PM                  81     0.000     0.000     0.000 
            PH                21     0.000     0.000     0.000 
            PL                21     0.000     0.000     0.000 
            PM                21     0.000     0.000     0.000 
        PM                   281     0.001     0.000     0.001 
          PL                  81     0.000     0.000     0.000 
            PH                21     0.000     0.000     0.000 
            PM                21     0.000     0.000     0.000 
            PL                21     0.000     0.000     0.000 
          PH                  81     0.000     0.000     0.000 
            PH                21     0.000     0.000     0.000 
            PL                21     0.000     0.000     0.000 
            PM                21     0.000     0.000     0.000 
          PM                  81     0.000     0.000     0.000 
            PH                21     0.000     0.000     0.000 
            PM                21     0.000     0.000     0.000 
            PL                21     0.000     0.000     0.000 
      PL                     921     0.002     0.042     0.044 
        PH                   281     0.001     0.017     0.017 
          PL                  81     0.000     0.007     0.007 
            PH                21     0.000     0.002     0.002 
            PL                21     0.000     0.003     0.003 
            PM                21     0.000     0.000     0.000 
          PH                  81     0.000     0.007     0.007 
            PH                21     0.000     0.003     0.003 
            PL                21     0.000     0.002     0.003 
            PM                21     0.000     0.000     0.000 
          PM                  81     0.000     0.000     0.000 
            PH                21     0.000     0.000     0.000 
            PL                21     0.000     0.000     0.000 
            PM                21     0.000     0.000     0.000 
        PL                   281     0.001     0.018     0.019 
          PL                  81     0.000     0.007     0.008 
            PL                21     0.000     0.003     0.003 
            PH                21     0.000     0.003     0.003 
            PM                21     0.000     0.000     0.000 
          PH                  81     0.000     0.007     0.007 
            PH                21     0.000     0.003     0.003 
            PL                21     0.000     0.003     0.003 
            PM                21     0.000     0.000     0.000 
          PM                  81     0.000     0.000     0.000 
            PL                21     0.000     0.000     0.000 
            PM                21     0.000     0.000     0.000 
            PH                21     0.000     0.000     0.000 
        PM                   281     0.001     0.000     0.001 
          PH                  81     0.000     0.000     0.000 
            PH                21     0.000     0.000     0.000 
            PL                21     0.000     0.000     0.000 
            PM                21     0.000     0.000     0.000 
          PL                  81     0.000     0.000     0.000 
            PL                21     0.000     0.000     0.000 
            PH                21     0.000     0.000     0.000 
            PM                21     0.000     0.000     0.000 
          PM                  81     0.000     0.000     0.000 
            PH                21     0.000     0.000     0.000 
            PL                21     0.000     0.000     0.000 
            PM                21     0.000     0.000     0.000 
      PM                     921     0.002     0.000     0.002 
        PH                   281     0.001     0.000     0.001 
          PL                  81     0.000     0.000     0.000 
            PH                21     0.000     0.000     0.000 
            PM                21     0.000     0.000     0.000 
            PL                21     0.000     0.000     0.000 
          PH                  81     0.000     0.000     0.000 
            PH                21     0.000     0.000     0.000 
            PL                21     0.000     0.000     0.000 
            PM                21     0.000     0.000     0.000 
          PM                  81     0.000     0.000     0.000 
            PH                21     0.000     0.000     0.000 
            PM                21     0.000     0.000     0.000 
            PL                21     0.000     0.000     0.000 
        PL                   281     0.001     0.000     0.001 
          PH                  81     0.000     0.000     0.000 
            PH                21     0.000     0.000     0.000 
            PL                21     0.000     0.000     0.000 
            PM                21     0.000     0.000     0.000 
          PL                  81     0.000     0.000     0.000 
            PL                21     0.000     0.000     0.000 
            PH                21     0.000     0.000     0.000 
            PM                21     0.000     0.000     0.000 
          PM                  81     0.000     0.000     0.000 
            PH                21     0.000     0.000     0.000 
            PL                21     0.000     0.000     0.000 
            PM                21     0.000     0.000     0.000 
        PM                   281     0.001     0.000     0.001 
          PL                  81     0.000     0.000     0.000 
            PH                21     0.000     0.000     0.000 
            PM                21     0.000     0.000     0.000 
            PL                21     0.000     0.000     0.000 
          PM                  81     0.000     0.000     0.000 
            PH                21     0.000     0.000     0.000 
            PM                21     0.000     0.000     0.000 
            PL                21     0.000     0.000     0.000 
          PH                  81     0.000     0.000     0.000 
            PH                21     0.000     0.000     0.000 
            PL                21     0.000     0.000     0.000 
            PM                21     0.000     0.000     0.000 
    PM                      2921     0.006     0.047     0.053 
      PH                     921     0.002     0.021     0.023 
        PH                   281     0.001     0.006     0.007 
          PM                  81     0.000     0.002     0.002 
            PH                21     0.000     0.000     0.000 
            PL                21     0.000     0.000     0.000 
            PM                21     0.000     0.000     0.000 
          PL                  81     0.000     0.002     0.002 
            PH                21     0.000     0.000     0.000 
            PL                21     0.000     0.000     0.000 
            PM                21     0.000     0.000     0.000 
          PH                  81     0.000     0.000     0.000 
            PH                21     0.000     0.000     0.000 
            PL                21     0.000     0.000     0.000 
            PM                21     0.000     0.000     0.000 
        PM                   281     0.001     0.007     0.008 
          PL                  81     0.000     0.002     0.002 
            PH                21     0.000     0.000     0.000 
            PL                21     0.000     0.000     0.000 
            PM                21     0.000     0.000     0.000 
          PH                  81     0.000     0.001     0.001 
            PH                21     0.000     0.000     0.000 
            PM                21     0.000     0.000     0.000 
            PL                21     0.000     0.000     0.000 
          PM                  81     0.000     0.002     0.002 
            PH                21     0.000     0.000     0.000 
            PL                21     0.000     0.000     0.000 
            PM                21     0.000     0.000     0.000 
        PL                   281     0.001     0.003     0.003 
          PM                  81     0.000     0.001     0.001 
            PH                21     0.000     0.000     0.000 
            PM                21     0.000     0.000     0.000 
            PL                21     0.000     0.000     0.000 
          PH                  81     0.000     0.001     0.001 
            PH                21     0.000     0.000     0.000 
            PM                21     0.000     0.000     0.000 
            PL                21     0.000     0.000     0.000 
          PL                  81     0.000     0.000     0.000 
            PL                21     0.000     0.000     0.000 
            PH                21     0.000     0.000     0.000 
            PM                21     0.000     0.000     0.000 
      PM                     921     0.002     0.021     0.023 
        PH                   281     0.001     0.006     0.007 
          PL                  81     0.000     0.002     0.002 
            PH                21     0.000     0.000     0.000 
            PL                21     0.000     0.000     0.000 
            PM                21     0.000     0.000     0.000 
          PH                  81     0.000     0.000     0.000 
            PH                21     0.000     0.000     0.000 
            PL                21     0.000     0.000     0.000 
            PM                21     0.000     0.000     0.000 
          PM                  81     0.000     0.002     0.002 
            PH                21     0.000     0.000     0.000 
            PL                21     0.000     0.000     0.000 
            PM                21     0.000     0.000     0.000 
        PL                   281     0.001     0.003     0.003 
          PH                  81     0.000     0.001     0.001 
            PH                21     0.000     0.000     0.000 
            PM                21     0.000     0.000     0.000 
            PL                21     0.000     0.000     0.000 
          PL                  81     0.000     0.000     0.000 
            PL                21     0.000     0.000     0.000 
            PH                21     0.000     0.000     0.000 
            PM                21     0.000     0.000     0.000 
          PM                  81     0.000     0.001     0.001 
            PH                21     0.000     0.000     0.000 
            PM                21     0.000     0.000     0.000 
            PL                21     0.000     0.000     0.000 
        PM                   281     0.001     0.007     0.008 
          PL                  81     0.000     0.002     0.002 
            PH                21     0.000     0.000     0.000 
            PL                21     0.000     0.000     0.000 
            PM                21     0.000     0.000     0.000 
          PM                  81     0.000     0.002     0.002 
            PH                21     0.000     0.000     0.000 
            PL                21     0.000     0.000     0.000 
            PM                21     0.000     0.000     0.000 
          PH                  81     0.000     0.001     0.001 
            PH                21     0.000     0.000     0.000 
            PM                21     0.000     0.000     0.000 
            PL                21     0.000     0.000     0.000 
      PL                     921     0.002     0.000     0.002 
        PH                   281     0.001     0.000     0.001 
          PM                  81     0.000     0.000     0.000 
            PH                21     0.000     0.000     0.000 
            PL                21     0.000     0.000     0.000 
            PM                21     0.000     0.000     0.000 
          PH                  81     0.000     0.000     0.000 
            PH                21     0.000     0.000     0.000 
            PL                21     0.000     0.000     0.000 
            PM                21     0.000     0.000     0.000 
          PL                  81     0.000     0.000     0.000 
            PH                21     0.000     0.000     0.000 
            PL                21     0.000     0.000     0.000 
            PM                21     0.000     0.000     0.000 
        PM                   281     0.001     0.000     0.001 
          PH                  81     0.000     0.000     0.000 
            PH                21     0.000     0.000     0.000 
            PL                21     0.000     0.000     0.000 
            PM                21     0.000     0.000     0.000 
          PL                  81     0.000     0.000     0.000 
            PL                21     0.000     0.000     0.000 
            PH                21     0.000     0.000     0.000 
            PM                21     0.000     0.000     0.000 
          PM                  81     0.000     0.000     0.000 
            PH                21     0.000     0.000     0.000 
            PL                21     0.000     0.000     0.000 
            PM                21     0.000     0.000     0.000 
        PL                   281     0.001     0.000     0.001 
          PM                  81     0.000     0.000     0.000 
            PH                21     0.000     0.000     0.000 
            PL                21     0.000     0.000     0.000 
            PM                21     0.000     0.000     0.000 
          PL                  81     0.000     0.000     0.000 
            PL                21     0.000     0.000     0.000 
            PH                21     0.000     0.000     0.000 
            PM                21     0.000     0.000     0.000 
          PH                  81     0.000     0.000     0.000 
            PH                21     0.000     0.000     0.000 
            PL                21     0.000     0.000     0.000 
            PM                21     0.000     0.000     0.000 
  RC_CG_HIER_INST0             1     0.000     0.008     0.008 
  RC_CG_HIER_INST1             1     0.000     0.016     0.016 
  RC_CG_HIER_INST2             1     0.000     0.004     0.004 
  RC_CG_HIER_INST3             1     0.000     0.003     0.003 
  RC_CG_DECLONE_HIER_INST      1     0.000     0.651     0.651 

