============================================================
  Generated by:           Encounter(R) RTL Compiler RC14.27 - v14.20-s064_1
  Generated on:           Sep 24 2016  10:56:03 am
  Module:                 GCM3LP_256
  Technology library:     <suppressed>
  Operating conditions:   <suppressed>
  Interconnect mode:      global
  Area mode:              physical library
============================================================

Timing
--------

 Clock  Period 
---------------
CLK     1350.0 
vir_CLK 1350.0 


        Cost          Critical            Violating 
       Group         Path Slack    TNS      Paths   
----------------------------------------------------
cg_enable_group_CLK      -109.3   -25858        243 
CLK                       -78.2    -1625        456 
default                No paths        0            
vir_CLK                   -69.1   -24963        387 
----------------------------------------------------
Total                             -52446       1086 

Instance Count
--------------
Leaf Instance Count             107409 
Sequential Instance Count         9625 
Combinational Instance Count     97784 
Hierarchical Instance Count       1758 

Area
----
Cell Area                          54821.422
Physical Cell Area                 0.000
Total Cell Area (Cell+Physical)    54821.422
Net Area                           23662.796
Total Area (Cell+Physical+Net)     78484.218

Max Fanout                         1338 (rc_gclk_62564)
Min Fanout                         0 (n_3721)
Average Fanout                     2.3
Terms to net ratio                 3.2
Terms to instance ratio            3.6
Runtime                            740.912 seconds
Elapsed Runtime                    945 seconds
RC peak memory usage:              2325.00 
EDI peak memory usage:             no_value 
Hostname                           node120.clariphy.local
