============================================================
  Generated by:           Encounter(R) RTL Compiler RC14.27 - v14.20-s064_1
  Generated on:           Sep 24 2016  11:01:46 am
  Module:                 GCM3LP_256
  Technology library:     <suppressed>
  Operating conditions:   <suppressed>
  Interconnect mode:      global
  Area mode:              physical library
============================================================

path   1:

Timing slack :     -64ps (TIMING VIOLATION)
Start-point  : T_reg[0]/CP
End-point    : T[0]

path   2:

Timing slack :     -64ps (TIMING VIOLATION)
Start-point  : T_reg[1]/CP
End-point    : T[1]

path   3:

Timing slack :     -64ps (TIMING VIOLATION)
Start-point  : T_reg[2]/CP
End-point    : T[2]

path   4:

Timing slack :     -64ps (TIMING VIOLATION)
Start-point  : T_reg[3]/CP
End-point    : T[3]

path   5:

Timing slack :     -64ps (TIMING VIOLATION)
Start-point  : T_reg[4]/CP
End-point    : T[4]

path   6:

Timing slack :     -64ps (TIMING VIOLATION)
Start-point  : T_reg[5]/CP
End-point    : T[5]

path   7:

Timing slack :     -64ps (TIMING VIOLATION)
Start-point  : T_reg[6]/CP
End-point    : T[6]

path   8:

Timing slack :     -64ps (TIMING VIOLATION)
Start-point  : T_reg[7]/CP
End-point    : T[7]

path   9:

Timing slack :     -64ps (TIMING VIOLATION)
Start-point  : T_reg[8]/CP
End-point    : T[8]

path  10:

Timing slack :     -64ps (TIMING VIOLATION)
Start-point  : T_reg[9]/CP
End-point    : T[9]

path  11:

Timing slack :     -64ps (TIMING VIOLATION)
Start-point  : T_reg[10]/CP
End-point    : T[10]

path  12:

Timing slack :     -64ps (TIMING VIOLATION)
Start-point  : T_reg[11]/CP
End-point    : T[11]

path  13:

Timing slack :     -64ps (TIMING VIOLATION)
Start-point  : T_reg[12]/CP
End-point    : T[12]

path  14:

Timing slack :     -64ps (TIMING VIOLATION)
Start-point  : T_reg[13]/CP
End-point    : T[13]

path  15:

Timing slack :     -64ps (TIMING VIOLATION)
Start-point  : T_reg[14]/CP
End-point    : T[14]

path  16:

Timing slack :     -64ps (TIMING VIOLATION)
Start-point  : T_reg[15]/CP
End-point    : T[15]

path  17:

Timing slack :     -64ps (TIMING VIOLATION)
Start-point  : T_reg[16]/CP
End-point    : T[16]

path  18:

Timing slack :     -64ps (TIMING VIOLATION)
Start-point  : T_reg[17]/CP
End-point    : T[17]

path  19:

Timing slack :     -64ps (TIMING VIOLATION)
Start-point  : T_reg[18]/CP
End-point    : T[18]

path  20:

Timing slack :     -64ps (TIMING VIOLATION)
Start-point  : T_reg[19]/CP
End-point    : T[19]

path  21:

Timing slack :     -64ps (TIMING VIOLATION)
Start-point  : T_reg[20]/CP
End-point    : T[20]

path  22:

Timing slack :     -64ps (TIMING VIOLATION)
Start-point  : T_reg[21]/CP
End-point    : T[21]

path  23:

Timing slack :     -64ps (TIMING VIOLATION)
Start-point  : T_reg[22]/CP
End-point    : T[22]

path  24:

Timing slack :     -64ps (TIMING VIOLATION)
Start-point  : T_reg[23]/CP
End-point    : T[23]

path  25:

Timing slack :     -64ps (TIMING VIOLATION)
Start-point  : T_reg[24]/CP
End-point    : T[24]

path  26:

Timing slack :     -64ps (TIMING VIOLATION)
Start-point  : T_reg[25]/CP
End-point    : T[25]

path  27:

Timing slack :     -64ps (TIMING VIOLATION)
Start-point  : T_reg[26]/CP
End-point    : T[26]

path  28:

Timing slack :     -64ps (TIMING VIOLATION)
Start-point  : T_reg[27]/CP
End-point    : T[27]

path  29:

Timing slack :     -64ps (TIMING VIOLATION)
Start-point  : T_reg[28]/CP
End-point    : T[28]

path  30:

Timing slack :     -64ps (TIMING VIOLATION)
Start-point  : T_reg[29]/CP
End-point    : T[29]

path  31:

Timing slack :     -64ps (TIMING VIOLATION)
Start-point  : T_reg[30]/CP
End-point    : T[30]

path  32:

Timing slack :     -64ps (TIMING VIOLATION)
Start-point  : T_reg[31]/CP
End-point    : T[31]

path  33:

Timing slack :     -64ps (TIMING VIOLATION)
Start-point  : T_reg[32]/CP
End-point    : T[32]

path  34:

Timing slack :     -64ps (TIMING VIOLATION)
Start-point  : T_reg[33]/CP
End-point    : T[33]

path  35:

Timing slack :     -64ps (TIMING VIOLATION)
Start-point  : T_reg[34]/CP
End-point    : T[34]

path  36:

Timing slack :     -64ps (TIMING VIOLATION)
Start-point  : T_reg[35]/CP
End-point    : T[35]

path  37:

Timing slack :     -64ps (TIMING VIOLATION)
Start-point  : T_reg[36]/CP
End-point    : T[36]

path  38:

Timing slack :     -64ps (TIMING VIOLATION)
Start-point  : T_reg[37]/CP
End-point    : T[37]

path  39:

Timing slack :     -64ps (TIMING VIOLATION)
Start-point  : T_reg[38]/CP
End-point    : T[38]

path  40:

Timing slack :     -64ps (TIMING VIOLATION)
Start-point  : T_reg[39]/CP
End-point    : T[39]

path  41:

Timing slack :     -64ps (TIMING VIOLATION)
Start-point  : T_reg[40]/CP
End-point    : T[40]

path  42:

Timing slack :     -64ps (TIMING VIOLATION)
Start-point  : T_reg[41]/CP
End-point    : T[41]

path  43:

Timing slack :     -64ps (TIMING VIOLATION)
Start-point  : T_reg[42]/CP
End-point    : T[42]

path  44:

Timing slack :     -64ps (TIMING VIOLATION)
Start-point  : T_reg[43]/CP
End-point    : T[43]

path  45:

Timing slack :     -64ps (TIMING VIOLATION)
Start-point  : T_reg[44]/CP
End-point    : T[44]

path  46:

Timing slack :     -64ps (TIMING VIOLATION)
Start-point  : T_reg[45]/CP
End-point    : T[45]

path  47:

Timing slack :     -64ps (TIMING VIOLATION)
Start-point  : T_reg[46]/CP
End-point    : T[46]

path  48:

Timing slack :     -64ps (TIMING VIOLATION)
Start-point  : T_reg[47]/CP
End-point    : T[47]

path  49:

Timing slack :     -64ps (TIMING VIOLATION)
Start-point  : T_reg[48]/CP
End-point    : T[48]

path  50:

Timing slack :     -64ps (TIMING VIOLATION)
Start-point  : T_reg[49]/CP
End-point    : T[49]

path  51:

Timing slack :     -64ps (TIMING VIOLATION)
Start-point  : T_reg[50]/CP
End-point    : T[50]

path  52:

Timing slack :     -64ps (TIMING VIOLATION)
Start-point  : T_reg[51]/CP
End-point    : T[51]

path  53:

Timing slack :     -64ps (TIMING VIOLATION)
Start-point  : T_reg[52]/CP
End-point    : T[52]

path  54:

Timing slack :     -64ps (TIMING VIOLATION)
Start-point  : T_reg[53]/CP
End-point    : T[53]

path  55:

Timing slack :     -64ps (TIMING VIOLATION)
Start-point  : T_reg[54]/CP
End-point    : T[54]

path  56:

Timing slack :     -64ps (TIMING VIOLATION)
Start-point  : T_reg[55]/CP
End-point    : T[55]

path  57:

Timing slack :     -64ps (TIMING VIOLATION)
Start-point  : T_reg[56]/CP
End-point    : T[56]

path  58:

Timing slack :     -64ps (TIMING VIOLATION)
Start-point  : T_reg[57]/CP
End-point    : T[57]

path  59:

Timing slack :     -64ps (TIMING VIOLATION)
Start-point  : T_reg[58]/CP
End-point    : T[58]

path  60:

Timing slack :     -64ps (TIMING VIOLATION)
Start-point  : T_reg[59]/CP
End-point    : T[59]

path  61:

Timing slack :     -64ps (TIMING VIOLATION)
Start-point  : T_reg[60]/CP
End-point    : T[60]

path  62:

Timing slack :     -64ps (TIMING VIOLATION)
Start-point  : T_reg[61]/CP
End-point    : T[61]

path  63:

Timing slack :     -64ps (TIMING VIOLATION)
Start-point  : T_reg[62]/CP
End-point    : T[62]

path  64:

Timing slack :     -64ps (TIMING VIOLATION)
Start-point  : T_reg[63]/CP
End-point    : T[63]

path  65:

Timing slack :     -64ps (TIMING VIOLATION)
Start-point  : T_reg[64]/CP
End-point    : T[64]

path  66:

Timing slack :     -64ps (TIMING VIOLATION)
Start-point  : T_reg[65]/CP
End-point    : T[65]

path  67:

Timing slack :     -64ps (TIMING VIOLATION)
Start-point  : T_reg[66]/CP
End-point    : T[66]

path  68:

Timing slack :     -64ps (TIMING VIOLATION)
Start-point  : T_reg[67]/CP
End-point    : T[67]

path  69:

Timing slack :     -64ps (TIMING VIOLATION)
Start-point  : T_reg[68]/CP
End-point    : T[68]

path  70:

Timing slack :     -64ps (TIMING VIOLATION)
Start-point  : T_reg[69]/CP
End-point    : T[69]

path  71:

Timing slack :     -64ps (TIMING VIOLATION)
Start-point  : T_reg[70]/CP
End-point    : T[70]

path  72:

Timing slack :     -64ps (TIMING VIOLATION)
Start-point  : T_reg[71]/CP
End-point    : T[71]

path  73:

Timing slack :     -64ps (TIMING VIOLATION)
Start-point  : T_reg[72]/CP
End-point    : T[72]

path  74:

Timing slack :     -64ps (TIMING VIOLATION)
Start-point  : T_reg[73]/CP
End-point    : T[73]

path  75:

Timing slack :     -64ps (TIMING VIOLATION)
Start-point  : T_reg[74]/CP
End-point    : T[74]

path  76:

Timing slack :     -64ps (TIMING VIOLATION)
Start-point  : T_reg[75]/CP
End-point    : T[75]

path  77:

Timing slack :     -64ps (TIMING VIOLATION)
Start-point  : T_reg[76]/CP
End-point    : T[76]

path  78:

Timing slack :     -64ps (TIMING VIOLATION)
Start-point  : T_reg[77]/CP
End-point    : T[77]

path  79:

Timing slack :     -64ps (TIMING VIOLATION)
Start-point  : T_reg[78]/CP
End-point    : T[78]

path  80:

Timing slack :     -64ps (TIMING VIOLATION)
Start-point  : T_reg[79]/CP
End-point    : T[79]

path  81:

Timing slack :     -64ps (TIMING VIOLATION)
Start-point  : T_reg[80]/CP
End-point    : T[80]

path  82:

Timing slack :     -64ps (TIMING VIOLATION)
Start-point  : T_reg[81]/CP
End-point    : T[81]

path  83:

Timing slack :     -64ps (TIMING VIOLATION)
Start-point  : T_reg[82]/CP
End-point    : T[82]

path  84:

Timing slack :     -64ps (TIMING VIOLATION)
Start-point  : T_reg[83]/CP
End-point    : T[83]

path  85:

Timing slack :     -64ps (TIMING VIOLATION)
Start-point  : T_reg[84]/CP
End-point    : T[84]

path  86:

Timing slack :     -64ps (TIMING VIOLATION)
Start-point  : T_reg[85]/CP
End-point    : T[85]

path  87:

Timing slack :     -64ps (TIMING VIOLATION)
Start-point  : T_reg[86]/CP
End-point    : T[86]

path  88:

Timing slack :     -64ps (TIMING VIOLATION)
Start-point  : T_reg[87]/CP
End-point    : T[87]

path  89:

Timing slack :     -64ps (TIMING VIOLATION)
Start-point  : T_reg[88]/CP
End-point    : T[88]

path  90:

Timing slack :     -64ps (TIMING VIOLATION)
Start-point  : T_reg[89]/CP
End-point    : T[89]

path  91:

Timing slack :     -64ps (TIMING VIOLATION)
Start-point  : T_reg[90]/CP
End-point    : T[90]

path  92:

Timing slack :     -64ps (TIMING VIOLATION)
Start-point  : T_reg[91]/CP
End-point    : T[91]

path  93:

Timing slack :     -64ps (TIMING VIOLATION)
Start-point  : T_reg[92]/CP
End-point    : T[92]

path  94:

Timing slack :     -64ps (TIMING VIOLATION)
Start-point  : T_reg[93]/CP
End-point    : T[93]

path  95:

Timing slack :     -64ps (TIMING VIOLATION)
Start-point  : T_reg[94]/CP
End-point    : T[94]

path  96:

Timing slack :     -64ps (TIMING VIOLATION)
Start-point  : T_reg[95]/CP
End-point    : T[95]

path  97:

Timing slack :     -64ps (TIMING VIOLATION)
Start-point  : T_reg[96]/CP
End-point    : T[96]

path  98:

Timing slack :     -64ps (TIMING VIOLATION)
Start-point  : T_reg[97]/CP
End-point    : T[97]

path  99:

Timing slack :     -64ps (TIMING VIOLATION)
Start-point  : T_reg[98]/CP
End-point    : T[98]

path 100:

Timing slack :     -64ps (TIMING VIOLATION)
Start-point  : T_reg[99]/CP
End-point    : T[99]

path 101:

Timing slack :     -64ps (TIMING VIOLATION)
Start-point  : T_reg[100]/CP
End-point    : T[100]

path 102:

Timing slack :     -64ps (TIMING VIOLATION)
Start-point  : T_reg[101]/CP
End-point    : T[101]

path 103:

Timing slack :     -64ps (TIMING VIOLATION)
Start-point  : T_reg[102]/CP
End-point    : T[102]

path 104:

Timing slack :     -64ps (TIMING VIOLATION)
Start-point  : T_reg[103]/CP
End-point    : T[103]

path 105:

Timing slack :     -64ps (TIMING VIOLATION)
Start-point  : T_reg[104]/CP
End-point    : T[104]

path 106:

Timing slack :     -64ps (TIMING VIOLATION)
Start-point  : T_reg[105]/CP
End-point    : T[105]

path 107:

Timing slack :     -64ps (TIMING VIOLATION)
Start-point  : T_reg[106]/CP
End-point    : T[106]

path 108:

Timing slack :     -64ps (TIMING VIOLATION)
Start-point  : T_reg[107]/CP
End-point    : T[107]

path 109:

Timing slack :     -64ps (TIMING VIOLATION)
Start-point  : T_reg[108]/CP
End-point    : T[108]

path 110:

Timing slack :     -64ps (TIMING VIOLATION)
Start-point  : T_reg[109]/CP
End-point    : T[109]

path 111:

Timing slack :     -64ps (TIMING VIOLATION)
Start-point  : T_reg[110]/CP
End-point    : T[110]

path 112:

Timing slack :     -64ps (TIMING VIOLATION)
Start-point  : T_reg[111]/CP
End-point    : T[111]

path 113:

Timing slack :     -64ps (TIMING VIOLATION)
Start-point  : T_reg[112]/CP
End-point    : T[112]

path 114:

Timing slack :     -64ps (TIMING VIOLATION)
Start-point  : T_reg[113]/CP
End-point    : T[113]

path 115:

Timing slack :     -64ps (TIMING VIOLATION)
Start-point  : T_reg[114]/CP
End-point    : T[114]

path 116:

Timing slack :     -64ps (TIMING VIOLATION)
Start-point  : T_reg[115]/CP
End-point    : T[115]

path 117:

Timing slack :     -64ps (TIMING VIOLATION)
Start-point  : T_reg[116]/CP
End-point    : T[116]

path 118:

Timing slack :     -64ps (TIMING VIOLATION)
Start-point  : T_reg[117]/CP
End-point    : T[117]

path 119:

Timing slack :     -64ps (TIMING VIOLATION)
Start-point  : T_reg[118]/CP
End-point    : T[118]

path 120:

Timing slack :     -64ps (TIMING VIOLATION)
Start-point  : T_reg[119]/CP
End-point    : T[119]

path 121:

Timing slack :     -64ps (TIMING VIOLATION)
Start-point  : T_reg[120]/CP
End-point    : T[120]

path 122:

Timing slack :     -64ps (TIMING VIOLATION)
Start-point  : T_reg[121]/CP
End-point    : T[121]

path 123:

Timing slack :     -64ps (TIMING VIOLATION)
Start-point  : T_reg[122]/CP
End-point    : T[122]

path 124:

Timing slack :     -64ps (TIMING VIOLATION)
Start-point  : T_reg[123]/CP
End-point    : T[123]

path 125:

Timing slack :     -64ps (TIMING VIOLATION)
Start-point  : T_reg[124]/CP
End-point    : T[124]

path 126:

Timing slack :     -64ps (TIMING VIOLATION)
Start-point  : T_reg[125]/CP
End-point    : T[125]

path 127:

Timing slack :     -64ps (TIMING VIOLATION)
Start-point  : T_reg[126]/CP
End-point    : T[126]

path 128:

Timing slack :     -64ps (TIMING VIOLATION)
Start-point  : T_reg[127]/CP
End-point    : T[127]

path 129:

Timing slack :     -64ps (TIMING VIOLATION)
Start-point  : Tstrobe_reg/CP
End-point    : Tstrobe

path 130:

Timing slack :     -64ps (TIMING VIOLATION)
Start-point  : Q_reg[0]/CP
End-point    : Q[0]

path 131:

Timing slack :     -64ps (TIMING VIOLATION)
Start-point  : Q_reg[1]/CP
End-point    : Q[1]

path 132:

Timing slack :     -64ps (TIMING VIOLATION)
Start-point  : Q_reg[2]/CP
End-point    : Q[2]

path 133:

Timing slack :     -64ps (TIMING VIOLATION)
Start-point  : Q_reg[3]/CP
End-point    : Q[3]

path 134:

Timing slack :     -64ps (TIMING VIOLATION)
Start-point  : Q_reg[4]/CP
End-point    : Q[4]

path 135:

Timing slack :     -64ps (TIMING VIOLATION)
Start-point  : Q_reg[5]/CP
End-point    : Q[5]

path 136:

Timing slack :     -64ps (TIMING VIOLATION)
Start-point  : Q_reg[6]/CP
End-point    : Q[6]

path 137:

Timing slack :     -64ps (TIMING VIOLATION)
Start-point  : Q_reg[7]/CP
End-point    : Q[7]

path 138:

Timing slack :     -64ps (TIMING VIOLATION)
Start-point  : Q_reg[8]/CP
End-point    : Q[8]

path 139:

Timing slack :     -64ps (TIMING VIOLATION)
Start-point  : Q_reg[9]/CP
End-point    : Q[9]

path 140:

Timing slack :     -64ps (TIMING VIOLATION)
Start-point  : Q_reg[10]/CP
End-point    : Q[10]

path 141:

Timing slack :     -64ps (TIMING VIOLATION)
Start-point  : Q_reg[11]/CP
End-point    : Q[11]

path 142:

Timing slack :     -64ps (TIMING VIOLATION)
Start-point  : Q_reg[12]/CP
End-point    : Q[12]

path 143:

Timing slack :     -64ps (TIMING VIOLATION)
Start-point  : Q_reg[13]/CP
End-point    : Q[13]

path 144:

Timing slack :     -64ps (TIMING VIOLATION)
Start-point  : Q_reg[14]/CP
End-point    : Q[14]

path 145:

Timing slack :     -64ps (TIMING VIOLATION)
Start-point  : Q_reg[15]/CP
End-point    : Q[15]

path 146:

Timing slack :     -64ps (TIMING VIOLATION)
Start-point  : Q_reg[16]/CP
End-point    : Q[16]

path 147:

Timing slack :     -64ps (TIMING VIOLATION)
Start-point  : Q_reg[17]/CP
End-point    : Q[17]

path 148:

Timing slack :     -64ps (TIMING VIOLATION)
Start-point  : Q_reg[18]/CP
End-point    : Q[18]

path 149:

Timing slack :     -64ps (TIMING VIOLATION)
Start-point  : Q_reg[19]/CP
End-point    : Q[19]

path 150:

Timing slack :     -64ps (TIMING VIOLATION)
Start-point  : Q_reg[20]/CP
End-point    : Q[20]

path 151:

Timing slack :     -64ps (TIMING VIOLATION)
Start-point  : Q_reg[21]/CP
End-point    : Q[21]

path 152:

Timing slack :     -64ps (TIMING VIOLATION)
Start-point  : Q_reg[22]/CP
End-point    : Q[22]

path 153:

Timing slack :     -64ps (TIMING VIOLATION)
Start-point  : Q_reg[23]/CP
End-point    : Q[23]

path 154:

Timing slack :     -64ps (TIMING VIOLATION)
Start-point  : Q_reg[24]/CP
End-point    : Q[24]

path 155:

Timing slack :     -64ps (TIMING VIOLATION)
Start-point  : Q_reg[25]/CP
End-point    : Q[25]

path 156:

Timing slack :     -64ps (TIMING VIOLATION)
Start-point  : Q_reg[26]/CP
End-point    : Q[26]

path 157:

Timing slack :     -64ps (TIMING VIOLATION)
Start-point  : Q_reg[27]/CP
End-point    : Q[27]

path 158:

Timing slack :     -64ps (TIMING VIOLATION)
Start-point  : Q_reg[28]/CP
End-point    : Q[28]

path 159:

Timing slack :     -64ps (TIMING VIOLATION)
Start-point  : Q_reg[29]/CP
End-point    : Q[29]

path 160:

Timing slack :     -64ps (TIMING VIOLATION)
Start-point  : Q_reg[30]/CP
End-point    : Q[30]

path 161:

Timing slack :     -64ps (TIMING VIOLATION)
Start-point  : Q_reg[31]/CP
End-point    : Q[31]

path 162:

Timing slack :     -64ps (TIMING VIOLATION)
Start-point  : Q_reg[32]/CP
End-point    : Q[32]

path 163:

Timing slack :     -64ps (TIMING VIOLATION)
Start-point  : Q_reg[33]/CP
End-point    : Q[33]

path 164:

Timing slack :     -64ps (TIMING VIOLATION)
Start-point  : Q_reg[34]/CP
End-point    : Q[34]

path 165:

Timing slack :     -64ps (TIMING VIOLATION)
Start-point  : Q_reg[35]/CP
End-point    : Q[35]

path 166:

Timing slack :     -64ps (TIMING VIOLATION)
Start-point  : Q_reg[36]/CP
End-point    : Q[36]

path 167:

Timing slack :     -64ps (TIMING VIOLATION)
Start-point  : Q_reg[37]/CP
End-point    : Q[37]

path 168:

Timing slack :     -64ps (TIMING VIOLATION)
Start-point  : Q_reg[38]/CP
End-point    : Q[38]

path 169:

Timing slack :     -64ps (TIMING VIOLATION)
Start-point  : Q_reg[39]/CP
End-point    : Q[39]

path 170:

Timing slack :     -64ps (TIMING VIOLATION)
Start-point  : Q_reg[40]/CP
End-point    : Q[40]

path 171:

Timing slack :     -64ps (TIMING VIOLATION)
Start-point  : Q_reg[41]/CP
End-point    : Q[41]

path 172:

Timing slack :     -64ps (TIMING VIOLATION)
Start-point  : Q_reg[42]/CP
End-point    : Q[42]

path 173:

Timing slack :     -64ps (TIMING VIOLATION)
Start-point  : Q_reg[43]/CP
End-point    : Q[43]

path 174:

Timing slack :     -64ps (TIMING VIOLATION)
Start-point  : Q_reg[44]/CP
End-point    : Q[44]

path 175:

Timing slack :     -64ps (TIMING VIOLATION)
Start-point  : Q_reg[45]/CP
End-point    : Q[45]

path 176:

Timing slack :     -64ps (TIMING VIOLATION)
Start-point  : Q_reg[46]/CP
End-point    : Q[46]

path 177:

Timing slack :     -64ps (TIMING VIOLATION)
Start-point  : Q_reg[47]/CP
End-point    : Q[47]

path 178:

Timing slack :     -64ps (TIMING VIOLATION)
Start-point  : Q_reg[48]/CP
End-point    : Q[48]

path 179:

Timing slack :     -64ps (TIMING VIOLATION)
Start-point  : Q_reg[49]/CP
End-point    : Q[49]

path 180:

Timing slack :     -64ps (TIMING VIOLATION)
Start-point  : Q_reg[50]/CP
End-point    : Q[50]

path 181:

Timing slack :     -64ps (TIMING VIOLATION)
Start-point  : Q_reg[51]/CP
End-point    : Q[51]

path 182:

Timing slack :     -64ps (TIMING VIOLATION)
Start-point  : Q_reg[52]/CP
End-point    : Q[52]

path 183:

Timing slack :     -64ps (TIMING VIOLATION)
Start-point  : Q_reg[53]/CP
End-point    : Q[53]

path 184:

Timing slack :     -64ps (TIMING VIOLATION)
Start-point  : Q_reg[54]/CP
End-point    : Q[54]

path 185:

Timing slack :     -64ps (TIMING VIOLATION)
Start-point  : Q_reg[55]/CP
End-point    : Q[55]

path 186:

Timing slack :     -64ps (TIMING VIOLATION)
Start-point  : Q_reg[56]/CP
End-point    : Q[56]

path 187:

Timing slack :     -64ps (TIMING VIOLATION)
Start-point  : Q_reg[57]/CP
End-point    : Q[57]

path 188:

Timing slack :     -64ps (TIMING VIOLATION)
Start-point  : Q_reg[58]/CP
End-point    : Q[58]

path 189:

Timing slack :     -64ps (TIMING VIOLATION)
Start-point  : Q_reg[59]/CP
End-point    : Q[59]

path 190:

Timing slack :     -64ps (TIMING VIOLATION)
Start-point  : Q_reg[60]/CP
End-point    : Q[60]

path 191:

Timing slack :     -64ps (TIMING VIOLATION)
Start-point  : Q_reg[61]/CP
End-point    : Q[61]

path 192:

Timing slack :     -64ps (TIMING VIOLATION)
Start-point  : Q_reg[62]/CP
End-point    : Q[62]

path 193:

Timing slack :     -64ps (TIMING VIOLATION)
Start-point  : Q_reg[63]/CP
End-point    : Q[63]

path 194:

Timing slack :     -64ps (TIMING VIOLATION)
Start-point  : Q_reg[64]/CP
End-point    : Q[64]

path 195:

Timing slack :     -64ps (TIMING VIOLATION)
Start-point  : Q_reg[65]/CP
End-point    : Q[65]

path 196:

Timing slack :     -64ps (TIMING VIOLATION)
Start-point  : Q_reg[66]/CP
End-point    : Q[66]

path 197:

Timing slack :     -64ps (TIMING VIOLATION)
Start-point  : Q_reg[67]/CP
End-point    : Q[67]

path 198:

Timing slack :     -64ps (TIMING VIOLATION)
Start-point  : Q_reg[68]/CP
End-point    : Q[68]

path 199:

Timing slack :     -64ps (TIMING VIOLATION)
Start-point  : Q_reg[69]/CP
End-point    : Q[69]

path 200:

Timing slack :     -64ps (TIMING VIOLATION)
Start-point  : Q_reg[70]/CP
End-point    : Q[70]

path 201:

Timing slack :     -64ps (TIMING VIOLATION)
Start-point  : Q_reg[71]/CP
End-point    : Q[71]

path 202:

Timing slack :     -64ps (TIMING VIOLATION)
Start-point  : Q_reg[72]/CP
End-point    : Q[72]

path 203:

Timing slack :     -64ps (TIMING VIOLATION)
Start-point  : Q_reg[73]/CP
End-point    : Q[73]

path 204:

Timing slack :     -64ps (TIMING VIOLATION)
Start-point  : Q_reg[74]/CP
End-point    : Q[74]

path 205:

Timing slack :     -64ps (TIMING VIOLATION)
Start-point  : Q_reg[75]/CP
End-point    : Q[75]

path 206:

Timing slack :     -64ps (TIMING VIOLATION)
Start-point  : Q_reg[76]/CP
End-point    : Q[76]

path 207:

Timing slack :     -64ps (TIMING VIOLATION)
Start-point  : Q_reg[77]/CP
End-point    : Q[77]

path 208:

Timing slack :     -64ps (TIMING VIOLATION)
Start-point  : Q_reg[78]/CP
End-point    : Q[78]

path 209:

Timing slack :     -64ps (TIMING VIOLATION)
Start-point  : Q_reg[79]/CP
End-point    : Q[79]

path 210:

Timing slack :     -64ps (TIMING VIOLATION)
Start-point  : Q_reg[80]/CP
End-point    : Q[80]

path 211:

Timing slack :     -64ps (TIMING VIOLATION)
Start-point  : Q_reg[81]/CP
End-point    : Q[81]

path 212:

Timing slack :     -64ps (TIMING VIOLATION)
Start-point  : Q_reg[82]/CP
End-point    : Q[82]

path 213:

Timing slack :     -64ps (TIMING VIOLATION)
Start-point  : Q_reg[83]/CP
End-point    : Q[83]

path 214:

Timing slack :     -64ps (TIMING VIOLATION)
Start-point  : Q_reg[84]/CP
End-point    : Q[84]

path 215:

Timing slack :     -64ps (TIMING VIOLATION)
Start-point  : Q_reg[85]/CP
End-point    : Q[85]

path 216:

Timing slack :     -64ps (TIMING VIOLATION)
Start-point  : Q_reg[86]/CP
End-point    : Q[86]

path 217:

Timing slack :     -64ps (TIMING VIOLATION)
Start-point  : Q_reg[87]/CP
End-point    : Q[87]

path 218:

Timing slack :     -64ps (TIMING VIOLATION)
Start-point  : Q_reg[88]/CP
End-point    : Q[88]

path 219:

Timing slack :     -64ps (TIMING VIOLATION)
Start-point  : Q_reg[89]/CP
End-point    : Q[89]

path 220:

Timing slack :     -64ps (TIMING VIOLATION)
Start-point  : Q_reg[90]/CP
End-point    : Q[90]

path 221:

Timing slack :     -64ps (TIMING VIOLATION)
Start-point  : Q_reg[91]/CP
End-point    : Q[91]

path 222:

Timing slack :     -64ps (TIMING VIOLATION)
Start-point  : Q_reg[92]/CP
End-point    : Q[92]

path 223:

Timing slack :     -64ps (TIMING VIOLATION)
Start-point  : Q_reg[93]/CP
End-point    : Q[93]

path 224:

Timing slack :     -64ps (TIMING VIOLATION)
Start-point  : Q_reg[94]/CP
End-point    : Q[94]

path 225:

Timing slack :     -64ps (TIMING VIOLATION)
Start-point  : Q_reg[95]/CP
End-point    : Q[95]

path 226:

Timing slack :     -64ps (TIMING VIOLATION)
Start-point  : Q_reg[96]/CP
End-point    : Q[96]

path 227:

Timing slack :     -64ps (TIMING VIOLATION)
Start-point  : Q_reg[97]/CP
End-point    : Q[97]

path 228:

Timing slack :     -64ps (TIMING VIOLATION)
Start-point  : Q_reg[98]/CP
End-point    : Q[98]

path 229:

Timing slack :     -64ps (TIMING VIOLATION)
Start-point  : Q_reg[99]/CP
End-point    : Q[99]

path 230:

Timing slack :     -64ps (TIMING VIOLATION)
Start-point  : Q_reg[100]/CP
End-point    : Q[100]

path 231:

Timing slack :     -64ps (TIMING VIOLATION)
Start-point  : Q_reg[101]/CP
End-point    : Q[101]

path 232:

Timing slack :     -64ps (TIMING VIOLATION)
Start-point  : Q_reg[102]/CP
End-point    : Q[102]

path 233:

Timing slack :     -64ps (TIMING VIOLATION)
Start-point  : Q_reg[103]/CP
End-point    : Q[103]

path 234:

Timing slack :     -64ps (TIMING VIOLATION)
Start-point  : Q_reg[104]/CP
End-point    : Q[104]

path 235:

Timing slack :     -64ps (TIMING VIOLATION)
Start-point  : Q_reg[105]/CP
End-point    : Q[105]

path 236:

Timing slack :     -64ps (TIMING VIOLATION)
Start-point  : Q_reg[106]/CP
End-point    : Q[106]

path 237:

Timing slack :     -64ps (TIMING VIOLATION)
Start-point  : Q_reg[107]/CP
End-point    : Q[107]

path 238:

Timing slack :     -64ps (TIMING VIOLATION)
Start-point  : Q_reg[108]/CP
End-point    : Q[108]

path 239:

Timing slack :     -64ps (TIMING VIOLATION)
Start-point  : Q_reg[109]/CP
End-point    : Q[109]

path 240:

Timing slack :     -64ps (TIMING VIOLATION)
Start-point  : Q_reg[110]/CP
End-point    : Q[110]

path 241:

Timing slack :     -64ps (TIMING VIOLATION)
Start-point  : Q_reg[111]/CP
End-point    : Q[111]

path 242:

Timing slack :     -64ps (TIMING VIOLATION)
Start-point  : Q_reg[112]/CP
End-point    : Q[112]

path 243:

Timing slack :     -64ps (TIMING VIOLATION)
Start-point  : Q_reg[113]/CP
End-point    : Q[113]

path 244:

Timing slack :     -64ps (TIMING VIOLATION)
Start-point  : Q_reg[114]/CP
End-point    : Q[114]

path 245:

Timing slack :     -64ps (TIMING VIOLATION)
Start-point  : Q_reg[115]/CP
End-point    : Q[115]

path 246:

Timing slack :     -64ps (TIMING VIOLATION)
Start-point  : Q_reg[116]/CP
End-point    : Q[116]

path 247:

Timing slack :     -64ps (TIMING VIOLATION)
Start-point  : Q_reg[117]/CP
End-point    : Q[117]

path 248:

Timing slack :     -64ps (TIMING VIOLATION)
Start-point  : Q_reg[118]/CP
End-point    : Q[118]

path 249:

Timing slack :     -64ps (TIMING VIOLATION)
Start-point  : Q_reg[119]/CP
End-point    : Q[119]

path 250:

Timing slack :     -64ps (TIMING VIOLATION)
Start-point  : Q_reg[120]/CP
End-point    : Q[120]

path 251:

Timing slack :     -64ps (TIMING VIOLATION)
Start-point  : Q_reg[121]/CP
End-point    : Q[121]

path 252:

Timing slack :     -64ps (TIMING VIOLATION)
Start-point  : Q_reg[122]/CP
End-point    : Q[122]

path 253:

Timing slack :     -64ps (TIMING VIOLATION)
Start-point  : Q_reg[123]/CP
End-point    : Q[123]

path 254:

Timing slack :     -64ps (TIMING VIOLATION)
Start-point  : Q_reg[124]/CP
End-point    : Q[124]

path 255:

Timing slack :     -64ps (TIMING VIOLATION)
Start-point  : Q_reg[125]/CP
End-point    : Q[125]

path 256:

Timing slack :     -64ps (TIMING VIOLATION)
Start-point  : Q_reg[126]/CP
End-point    : Q[126]

path 257:

Timing slack :     -64ps (TIMING VIOLATION)
Start-point  : Q_reg[127]/CP
End-point    : Q[127]

path 258:

Timing slack :     -64ps (TIMING VIOLATION)
Start-point  : Q_reg[128]/CP
End-point    : Q[128]

path 259:

Timing slack :     -64ps (TIMING VIOLATION)
Start-point  : Q_reg[129]/CP
End-point    : Q[129]

path 260:

Timing slack :     -64ps (TIMING VIOLATION)
Start-point  : Q_reg[130]/CP
End-point    : Q[130]

path 261:

Timing slack :     -64ps (TIMING VIOLATION)
Start-point  : Q_reg[131]/CP
End-point    : Q[131]

path 262:

Timing slack :     -64ps (TIMING VIOLATION)
Start-point  : Q_reg[132]/CP
End-point    : Q[132]

path 263:

Timing slack :     -64ps (TIMING VIOLATION)
Start-point  : Q_reg[133]/CP
End-point    : Q[133]

path 264:

Timing slack :     -64ps (TIMING VIOLATION)
Start-point  : Q_reg[134]/CP
End-point    : Q[134]

path 265:

Timing slack :     -64ps (TIMING VIOLATION)
Start-point  : Q_reg[135]/CP
End-point    : Q[135]

path 266:

Timing slack :     -64ps (TIMING VIOLATION)
Start-point  : Q_reg[136]/CP
End-point    : Q[136]

path 267:

Timing slack :     -64ps (TIMING VIOLATION)
Start-point  : Q_reg[137]/CP
End-point    : Q[137]

path 268:

Timing slack :     -64ps (TIMING VIOLATION)
Start-point  : Q_reg[138]/CP
End-point    : Q[138]

path 269:

Timing slack :     -64ps (TIMING VIOLATION)
Start-point  : Q_reg[139]/CP
End-point    : Q[139]

path 270:

Timing slack :     -64ps (TIMING VIOLATION)
Start-point  : Q_reg[140]/CP
End-point    : Q[140]

path 271:

Timing slack :     -64ps (TIMING VIOLATION)
Start-point  : Q_reg[141]/CP
End-point    : Q[141]

path 272:

Timing slack :     -64ps (TIMING VIOLATION)
Start-point  : Q_reg[142]/CP
End-point    : Q[142]

path 273:

Timing slack :     -64ps (TIMING VIOLATION)
Start-point  : Q_reg[143]/CP
End-point    : Q[143]

path 274:

Timing slack :     -64ps (TIMING VIOLATION)
Start-point  : Q_reg[144]/CP
End-point    : Q[144]

path 275:

Timing slack :     -64ps (TIMING VIOLATION)
Start-point  : Q_reg[145]/CP
End-point    : Q[145]

path 276:

Timing slack :     -64ps (TIMING VIOLATION)
Start-point  : Q_reg[146]/CP
End-point    : Q[146]

path 277:

Timing slack :     -64ps (TIMING VIOLATION)
Start-point  : Q_reg[147]/CP
End-point    : Q[147]

path 278:

Timing slack :     -64ps (TIMING VIOLATION)
Start-point  : Q_reg[148]/CP
End-point    : Q[148]

path 279:

Timing slack :     -64ps (TIMING VIOLATION)
Start-point  : Q_reg[149]/CP
End-point    : Q[149]

path 280:

Timing slack :     -64ps (TIMING VIOLATION)
Start-point  : Q_reg[150]/CP
End-point    : Q[150]

path 281:

Timing slack :     -64ps (TIMING VIOLATION)
Start-point  : Q_reg[151]/CP
End-point    : Q[151]

path 282:

Timing slack :     -64ps (TIMING VIOLATION)
Start-point  : Q_reg[152]/CP
End-point    : Q[152]

path 283:

Timing slack :     -64ps (TIMING VIOLATION)
Start-point  : Q_reg[153]/CP
End-point    : Q[153]

path 284:

Timing slack :     -64ps (TIMING VIOLATION)
Start-point  : Q_reg[154]/CP
End-point    : Q[154]

path 285:

Timing slack :     -64ps (TIMING VIOLATION)
Start-point  : Q_reg[155]/CP
End-point    : Q[155]

path 286:

Timing slack :     -64ps (TIMING VIOLATION)
Start-point  : Q_reg[156]/CP
End-point    : Q[156]

path 287:

Timing slack :     -64ps (TIMING VIOLATION)
Start-point  : Q_reg[157]/CP
End-point    : Q[157]

path 288:

Timing slack :     -64ps (TIMING VIOLATION)
Start-point  : Q_reg[158]/CP
End-point    : Q[158]

path 289:

Timing slack :     -64ps (TIMING VIOLATION)
Start-point  : Q_reg[159]/CP
End-point    : Q[159]

path 290:

Timing slack :     -64ps (TIMING VIOLATION)
Start-point  : Q_reg[160]/CP
End-point    : Q[160]

path 291:

Timing slack :     -64ps (TIMING VIOLATION)
Start-point  : Q_reg[161]/CP
End-point    : Q[161]

path 292:

Timing slack :     -64ps (TIMING VIOLATION)
Start-point  : Q_reg[162]/CP
End-point    : Q[162]

path 293:

Timing slack :     -64ps (TIMING VIOLATION)
Start-point  : Q_reg[163]/CP
End-point    : Q[163]

path 294:

Timing slack :     -64ps (TIMING VIOLATION)
Start-point  : Q_reg[164]/CP
End-point    : Q[164]

path 295:

Timing slack :     -64ps (TIMING VIOLATION)
Start-point  : Q_reg[165]/CP
End-point    : Q[165]

path 296:

Timing slack :     -64ps (TIMING VIOLATION)
Start-point  : Q_reg[166]/CP
End-point    : Q[166]

path 297:

Timing slack :     -64ps (TIMING VIOLATION)
Start-point  : Q_reg[167]/CP
End-point    : Q[167]

path 298:

Timing slack :     -64ps (TIMING VIOLATION)
Start-point  : Q_reg[168]/CP
End-point    : Q[168]

path 299:

Timing slack :     -64ps (TIMING VIOLATION)
Start-point  : Q_reg[169]/CP
End-point    : Q[169]

path 300:

Timing slack :     -64ps (TIMING VIOLATION)
Start-point  : Q_reg[170]/CP
End-point    : Q[170]

path 301:

Timing slack :     -64ps (TIMING VIOLATION)
Start-point  : Q_reg[171]/CP
End-point    : Q[171]

path 302:

Timing slack :     -64ps (TIMING VIOLATION)
Start-point  : Q_reg[172]/CP
End-point    : Q[172]

path 303:

Timing slack :     -64ps (TIMING VIOLATION)
Start-point  : Q_reg[173]/CP
End-point    : Q[173]

path 304:

Timing slack :     -64ps (TIMING VIOLATION)
Start-point  : Q_reg[174]/CP
End-point    : Q[174]

path 305:

Timing slack :     -64ps (TIMING VIOLATION)
Start-point  : Q_reg[175]/CP
End-point    : Q[175]

path 306:

Timing slack :     -64ps (TIMING VIOLATION)
Start-point  : Q_reg[176]/CP
End-point    : Q[176]

path 307:

Timing slack :     -64ps (TIMING VIOLATION)
Start-point  : Q_reg[177]/CP
End-point    : Q[177]

path 308:

Timing slack :     -64ps (TIMING VIOLATION)
Start-point  : Q_reg[178]/CP
End-point    : Q[178]

path 309:

Timing slack :     -64ps (TIMING VIOLATION)
Start-point  : Q_reg[179]/CP
End-point    : Q[179]

path 310:

Timing slack :     -64ps (TIMING VIOLATION)
Start-point  : Q_reg[180]/CP
End-point    : Q[180]

path 311:

Timing slack :     -64ps (TIMING VIOLATION)
Start-point  : Q_reg[181]/CP
End-point    : Q[181]

path 312:

Timing slack :     -64ps (TIMING VIOLATION)
Start-point  : Q_reg[182]/CP
End-point    : Q[182]

path 313:

Timing slack :     -64ps (TIMING VIOLATION)
Start-point  : Q_reg[183]/CP
End-point    : Q[183]

path 314:

Timing slack :     -64ps (TIMING VIOLATION)
Start-point  : Q_reg[184]/CP
End-point    : Q[184]

path 315:

Timing slack :     -64ps (TIMING VIOLATION)
Start-point  : Q_reg[185]/CP
End-point    : Q[185]

path 316:

Timing slack :     -64ps (TIMING VIOLATION)
Start-point  : Q_reg[186]/CP
End-point    : Q[186]

path 317:

Timing slack :     -64ps (TIMING VIOLATION)
Start-point  : Q_reg[187]/CP
End-point    : Q[187]

path 318:

Timing slack :     -64ps (TIMING VIOLATION)
Start-point  : Q_reg[188]/CP
End-point    : Q[188]

path 319:

Timing slack :     -64ps (TIMING VIOLATION)
Start-point  : Q_reg[189]/CP
End-point    : Q[189]

path 320:

Timing slack :     -64ps (TIMING VIOLATION)
Start-point  : Q_reg[190]/CP
End-point    : Q[190]

path 321:

Timing slack :     -64ps (TIMING VIOLATION)
Start-point  : Q_reg[191]/CP
End-point    : Q[191]

path 322:

Timing slack :     -64ps (TIMING VIOLATION)
Start-point  : Q_reg[192]/CP
End-point    : Q[192]

path 323:

Timing slack :     -64ps (TIMING VIOLATION)
Start-point  : Q_reg[193]/CP
End-point    : Q[193]

path 324:

Timing slack :     -64ps (TIMING VIOLATION)
Start-point  : Q_reg[194]/CP
End-point    : Q[194]

path 325:

Timing slack :     -64ps (TIMING VIOLATION)
Start-point  : Q_reg[195]/CP
End-point    : Q[195]

path 326:

Timing slack :     -64ps (TIMING VIOLATION)
Start-point  : Q_reg[196]/CP
End-point    : Q[196]

path 327:

Timing slack :     -64ps (TIMING VIOLATION)
Start-point  : Q_reg[197]/CP
End-point    : Q[197]

path 328:

Timing slack :     -64ps (TIMING VIOLATION)
Start-point  : Q_reg[198]/CP
End-point    : Q[198]

path 329:

Timing slack :     -64ps (TIMING VIOLATION)
Start-point  : Q_reg[199]/CP
End-point    : Q[199]

path 330:

Timing slack :     -64ps (TIMING VIOLATION)
Start-point  : Q_reg[200]/CP
End-point    : Q[200]

path 331:

Timing slack :     -64ps (TIMING VIOLATION)
Start-point  : Q_reg[201]/CP
End-point    : Q[201]

path 332:

Timing slack :     -64ps (TIMING VIOLATION)
Start-point  : Q_reg[202]/CP
End-point    : Q[202]

path 333:

Timing slack :     -64ps (TIMING VIOLATION)
Start-point  : Q_reg[203]/CP
End-point    : Q[203]

path 334:

Timing slack :     -64ps (TIMING VIOLATION)
Start-point  : Q_reg[204]/CP
End-point    : Q[204]

path 335:

Timing slack :     -64ps (TIMING VIOLATION)
Start-point  : Q_reg[205]/CP
End-point    : Q[205]

path 336:

Timing slack :     -64ps (TIMING VIOLATION)
Start-point  : Q_reg[206]/CP
End-point    : Q[206]

path 337:

Timing slack :     -64ps (TIMING VIOLATION)
Start-point  : Q_reg[207]/CP
End-point    : Q[207]

path 338:

Timing slack :     -64ps (TIMING VIOLATION)
Start-point  : Q_reg[208]/CP
End-point    : Q[208]

path 339:

Timing slack :     -64ps (TIMING VIOLATION)
Start-point  : Q_reg[209]/CP
End-point    : Q[209]

path 340:

Timing slack :     -64ps (TIMING VIOLATION)
Start-point  : Q_reg[210]/CP
End-point    : Q[210]

path 341:

Timing slack :     -64ps (TIMING VIOLATION)
Start-point  : Q_reg[211]/CP
End-point    : Q[211]

path 342:

Timing slack :     -64ps (TIMING VIOLATION)
Start-point  : Q_reg[212]/CP
End-point    : Q[212]

path 343:

Timing slack :     -64ps (TIMING VIOLATION)
Start-point  : Q_reg[213]/CP
End-point    : Q[213]

path 344:

Timing slack :     -64ps (TIMING VIOLATION)
Start-point  : Q_reg[214]/CP
End-point    : Q[214]

path 345:

Timing slack :     -64ps (TIMING VIOLATION)
Start-point  : Q_reg[215]/CP
End-point    : Q[215]

path 346:

Timing slack :     -64ps (TIMING VIOLATION)
Start-point  : Q_reg[216]/CP
End-point    : Q[216]

path 347:

Timing slack :     -64ps (TIMING VIOLATION)
Start-point  : Q_reg[217]/CP
End-point    : Q[217]

path 348:

Timing slack :     -64ps (TIMING VIOLATION)
Start-point  : Q_reg[218]/CP
End-point    : Q[218]

path 349:

Timing slack :     -64ps (TIMING VIOLATION)
Start-point  : Q_reg[219]/CP
End-point    : Q[219]

path 350:

Timing slack :     -64ps (TIMING VIOLATION)
Start-point  : Q_reg[220]/CP
End-point    : Q[220]

path 351:

Timing slack :     -64ps (TIMING VIOLATION)
Start-point  : Q_reg[221]/CP
End-point    : Q[221]

path 352:

Timing slack :     -64ps (TIMING VIOLATION)
Start-point  : Q_reg[222]/CP
End-point    : Q[222]

path 353:

Timing slack :     -64ps (TIMING VIOLATION)
Start-point  : Q_reg[223]/CP
End-point    : Q[223]

path 354:

Timing slack :     -64ps (TIMING VIOLATION)
Start-point  : Q_reg[224]/CP
End-point    : Q[224]

path 355:

Timing slack :     -64ps (TIMING VIOLATION)
Start-point  : Q_reg[225]/CP
End-point    : Q[225]

path 356:

Timing slack :     -64ps (TIMING VIOLATION)
Start-point  : Q_reg[226]/CP
End-point    : Q[226]

path 357:

Timing slack :     -64ps (TIMING VIOLATION)
Start-point  : Q_reg[227]/CP
End-point    : Q[227]

path 358:

Timing slack :     -64ps (TIMING VIOLATION)
Start-point  : Q_reg[228]/CP
End-point    : Q[228]

path 359:

Timing slack :     -64ps (TIMING VIOLATION)
Start-point  : Q_reg[229]/CP
End-point    : Q[229]

path 360:

Timing slack :     -64ps (TIMING VIOLATION)
Start-point  : Q_reg[230]/CP
End-point    : Q[230]

path 361:

Timing slack :     -64ps (TIMING VIOLATION)
Start-point  : Q_reg[231]/CP
End-point    : Q[231]

path 362:

Timing slack :     -64ps (TIMING VIOLATION)
Start-point  : Q_reg[232]/CP
End-point    : Q[232]

path 363:

Timing slack :     -64ps (TIMING VIOLATION)
Start-point  : Q_reg[233]/CP
End-point    : Q[233]

path 364:

Timing slack :     -64ps (TIMING VIOLATION)
Start-point  : Q_reg[234]/CP
End-point    : Q[234]

path 365:

Timing slack :     -64ps (TIMING VIOLATION)
Start-point  : Q_reg[235]/CP
End-point    : Q[235]

path 366:

Timing slack :     -64ps (TIMING VIOLATION)
Start-point  : Q_reg[236]/CP
End-point    : Q[236]

path 367:

Timing slack :     -64ps (TIMING VIOLATION)
Start-point  : Q_reg[237]/CP
End-point    : Q[237]

path 368:

Timing slack :     -64ps (TIMING VIOLATION)
Start-point  : Q_reg[238]/CP
End-point    : Q[238]

path 369:

Timing slack :     -64ps (TIMING VIOLATION)
Start-point  : Q_reg[239]/CP
End-point    : Q[239]

path 370:

Timing slack :     -64ps (TIMING VIOLATION)
Start-point  : Q_reg[240]/CP
End-point    : Q[240]

path 371:

Timing slack :     -64ps (TIMING VIOLATION)
Start-point  : Q_reg[241]/CP
End-point    : Q[241]

path 372:

Timing slack :     -64ps (TIMING VIOLATION)
Start-point  : Q_reg[242]/CP
End-point    : Q[242]

path 373:

Timing slack :     -64ps (TIMING VIOLATION)
Start-point  : Q_reg[243]/CP
End-point    : Q[243]

path 374:

Timing slack :     -64ps (TIMING VIOLATION)
Start-point  : Q_reg[244]/CP
End-point    : Q[244]

path 375:

Timing slack :     -64ps (TIMING VIOLATION)
Start-point  : Q_reg[245]/CP
End-point    : Q[245]

path 376:

Timing slack :     -64ps (TIMING VIOLATION)
Start-point  : Q_reg[246]/CP
End-point    : Q[246]

path 377:

Timing slack :     -64ps (TIMING VIOLATION)
Start-point  : Q_reg[247]/CP
End-point    : Q[247]

path 378:

Timing slack :     -64ps (TIMING VIOLATION)
Start-point  : Q_reg[248]/CP
End-point    : Q[248]

path 379:

Timing slack :     -64ps (TIMING VIOLATION)
Start-point  : Q_reg[249]/CP
End-point    : Q[249]

path 380:

Timing slack :     -64ps (TIMING VIOLATION)
Start-point  : Q_reg[250]/CP
End-point    : Q[250]

path 381:

Timing slack :     -64ps (TIMING VIOLATION)
Start-point  : Q_reg[251]/CP
End-point    : Q[251]

path 382:

Timing slack :     -64ps (TIMING VIOLATION)
Start-point  : Q_reg[252]/CP
End-point    : Q[252]

path 383:

Timing slack :     -64ps (TIMING VIOLATION)
Start-point  : Q_reg[253]/CP
End-point    : Q[253]

path 384:

Timing slack :     -64ps (TIMING VIOLATION)
Start-point  : Q_reg[254]/CP
End-point    : Q[254]

path 385:

Timing slack :     -64ps (TIMING VIOLATION)
Start-point  : Q_reg[255]/CP
End-point    : Q[255]

path 386:

Timing slack :     -64ps (TIMING VIOLATION)
Start-point  : Qlast_reg/CP
End-point    : Qlast

path 387:

Timing slack :     -64ps (TIMING VIOLATION)
Start-point  : Qstart_reg/CP
End-point    : Qstart

path 388:

Timing slack :     -51ps (TIMING VIOLATION)
Start-point  : cen
End-point    : Lcnt_reg[8]/D

path 389:

Timing slack :     -51ps (TIMING VIOLATION)
Start-point  : cen
End-point    : Lcnt_reg[7]/D

path 390:

Timing slack :     -51ps (TIMING VIOLATION)
Start-point  : cen
End-point    : Lcnt_reg[4]/D

path 391:

Timing slack :     -50ps (TIMING VIOLATION)
Start-point  : cen
End-point    : Lcnt_reg[9]/D

path 392:

Timing slack :     -50ps (TIMING VIOLATION)
Start-point  : cen
End-point    : Lcnt_reg[5]/D

path 393:

Timing slack :     -50ps (TIMING VIOLATION)
Start-point  : cen
End-point    : Lcnt_reg[10]/D

path 394:

Timing slack :     -50ps (TIMING VIOLATION)
Start-point  : cen
End-point    : Lcnt_reg[6]/D

path 395:

Timing slack :     -50ps (TIMING VIOLATION)
Start-point  : cen
End-point    : Lcnt_reg[2]/D

path 396:

Timing slack :     -50ps (TIMING VIOLATION)
Start-point  : cen
End-point    : Lcnt_reg[1]/D

path 397:

Timing slack :     -48ps (TIMING VIOLATION)
Start-point  : cen
End-point    : RC_CG_HIER_INST2/RC_CGIC_INST/E

path 398:

Timing slack :     -48ps (TIMING VIOLATION)
Start-point  : cen
End-point    : RC_CG_DECLONE_HIER_INST/RC_CGIC_INST/E

path 399:

Timing slack :     -48ps (TIMING VIOLATION)
Start-point  : cen
End-point    : RC_CG_HIER_INST3/RC_CGIC_INST/E

path 400:

Timing slack :     -48ps (TIMING VIOLATION)
Start-point  : cen
End-point    : RC_CG_HIER_INST1/RC_CGIC_INST/E

path 401:

Timing slack :     -48ps (TIMING VIOLATION)
Start-point  : cen
End-point    : RC_CG_HIER_INST0/RC_CGIC_INST/E

path 402:

Timing slack :     -44ps (TIMING VIOLATION)
Start-point  : cen
End-point    : Lcnt_reg[3]/D

path 403:

Timing slack :     -44ps (TIMING VIOLATION)
Start-point  : cen
End-point    : Lcnt_reg[0]/D

path 404:

Timing slack :      -2ps (TIMING VIOLATION)
Start-point  : last
End-point    : lsr_reg[0]/D

path 405:

Timing slack :      -2ps (TIMING VIOLATION)
Start-point  : Key[99]
End-point    : Kr_reg[99]/D

path 406:

Timing slack :      -2ps (TIMING VIOLATION)
Start-point  : Key[98]
End-point    : Kr_reg[98]/D

path 407:

Timing slack :      -2ps (TIMING VIOLATION)
Start-point  : Key[97]
End-point    : Kr_reg[97]/D

path 408:

Timing slack :      -2ps (TIMING VIOLATION)
Start-point  : Key[96]
End-point    : Kr_reg[96]/D

path 409:

Timing slack :      -2ps (TIMING VIOLATION)
Start-point  : Key[95]
End-point    : Kr_reg[95]/D

path 410:

Timing slack :      -2ps (TIMING VIOLATION)
Start-point  : Key[94]
End-point    : Kr_reg[94]/D

path 411:

Timing slack :      -2ps (TIMING VIOLATION)
Start-point  : Key[93]
End-point    : Kr_reg[93]/D

path 412:

Timing slack :      -2ps (TIMING VIOLATION)
Start-point  : Key[92]
End-point    : Kr_reg[92]/D

path 413:

Timing slack :      -2ps (TIMING VIOLATION)
Start-point  : Key[91]
End-point    : Kr_reg[91]/D

path 414:

Timing slack :      -2ps (TIMING VIOLATION)
Start-point  : Key[90]
End-point    : Kr_reg[90]/D

path 415:

Timing slack :      -2ps (TIMING VIOLATION)
Start-point  : Key[8]
End-point    : Kr_reg[8]/D

path 416:

Timing slack :      -2ps (TIMING VIOLATION)
Start-point  : Key[89]
End-point    : Kr_reg[89]/D

path 417:

Timing slack :      -2ps (TIMING VIOLATION)
Start-point  : Key[88]
End-point    : Kr_reg[88]/D

path 418:

Timing slack :      -2ps (TIMING VIOLATION)
Start-point  : Key[87]
End-point    : Kr_reg[87]/D

path 419:

Timing slack :      -2ps (TIMING VIOLATION)
Start-point  : Key[86]
End-point    : Kr_reg[86]/D

path 420:

Timing slack :      -2ps (TIMING VIOLATION)
Start-point  : Key[85]
End-point    : Kr_reg[85]/D

path 421:

Timing slack :      -2ps (TIMING VIOLATION)
Start-point  : Key[84]
End-point    : Kr_reg[84]/D

path 422:

Timing slack :      -2ps (TIMING VIOLATION)
Start-point  : Key[83]
End-point    : Kr_reg[83]/D

path 423:

Timing slack :      -2ps (TIMING VIOLATION)
Start-point  : Key[82]
End-point    : Kr_reg[82]/D

path 424:

Timing slack :      -2ps (TIMING VIOLATION)
Start-point  : Key[81]
End-point    : Kr_reg[81]/D

path 425:

Timing slack :      -2ps (TIMING VIOLATION)
Start-point  : Key[80]
End-point    : Kr_reg[80]/D

path 426:

Timing slack :      -2ps (TIMING VIOLATION)
Start-point  : Key[79]
End-point    : Kr_reg[79]/D

path 427:

Timing slack :      -2ps (TIMING VIOLATION)
Start-point  : Key[78]
End-point    : Kr_reg[78]/D

path 428:

Timing slack :      -2ps (TIMING VIOLATION)
Start-point  : Key[77]
End-point    : Kr_reg[77]/D

path 429:

Timing slack :      -2ps (TIMING VIOLATION)
Start-point  : Key[76]
End-point    : Kr_reg[76]/D

path 430:

Timing slack :      -2ps (TIMING VIOLATION)
Start-point  : Key[75]
End-point    : Kr_reg[75]/D

path 431:

Timing slack :      -2ps (TIMING VIOLATION)
Start-point  : Key[74]
End-point    : Kr_reg[74]/D

path 432:

Timing slack :      -2ps (TIMING VIOLATION)
Start-point  : Key[73]
End-point    : Kr_reg[73]/D

path 433:

Timing slack :      -2ps (TIMING VIOLATION)
Start-point  : Key[72]
End-point    : Kr_reg[72]/D

path 434:

Timing slack :      -2ps (TIMING VIOLATION)
Start-point  : Key[71]
End-point    : Kr_reg[71]/D

path 435:

Timing slack :      -2ps (TIMING VIOLATION)
Start-point  : Key[70]
End-point    : Kr_reg[70]/D

path 436:

Timing slack :      -2ps (TIMING VIOLATION)
Start-point  : Key[69]
End-point    : Kr_reg[69]/D

path 437:

Timing slack :      -2ps (TIMING VIOLATION)
Start-point  : Key[68]
End-point    : Kr_reg[68]/D

path 438:

Timing slack :      -2ps (TIMING VIOLATION)
Start-point  : Key[67]
End-point    : Kr_reg[67]/D

path 439:

Timing slack :      -2ps (TIMING VIOLATION)
Start-point  : Key[66]
End-point    : Kr_reg[66]/D

path 440:

Timing slack :      -2ps (TIMING VIOLATION)
Start-point  : Key[65]
End-point    : Kr_reg[65]/D

path 441:

Timing slack :      -2ps (TIMING VIOLATION)
Start-point  : Key[64]
End-point    : Kr_reg[64]/D

path 442:

Timing slack :      -2ps (TIMING VIOLATION)
Start-point  : Key[63]
End-point    : Kr_reg[63]/D

path 443:

Timing slack :      -2ps (TIMING VIOLATION)
Start-point  : Key[62]
End-point    : Kr_reg[62]/D

path 444:

Timing slack :      -2ps (TIMING VIOLATION)
Start-point  : Key[61]
End-point    : Kr_reg[61]/D

path 445:

Timing slack :      -2ps (TIMING VIOLATION)
Start-point  : Key[60]
End-point    : Kr_reg[60]/D

path 446:

Timing slack :      -2ps (TIMING VIOLATION)
Start-point  : Key[5]
End-point    : Kr_reg[5]/D

path 447:

Timing slack :      -2ps (TIMING VIOLATION)
Start-point  : Key[59]
End-point    : Kr_reg[59]/D

path 448:

Timing slack :      -2ps (TIMING VIOLATION)
Start-point  : Key[58]
End-point    : Kr_reg[58]/D

path 449:

Timing slack :      -2ps (TIMING VIOLATION)
Start-point  : Key[57]
End-point    : Kr_reg[57]/D

path 450:

Timing slack :      -2ps (TIMING VIOLATION)
Start-point  : Key[56]
End-point    : Kr_reg[56]/D

path 451:

Timing slack :      -2ps (TIMING VIOLATION)
Start-point  : Key[55]
End-point    : Kr_reg[55]/D

path 452:

Timing slack :      -2ps (TIMING VIOLATION)
Start-point  : Key[54]
End-point    : Kr_reg[54]/D

path 453:

Timing slack :      -2ps (TIMING VIOLATION)
Start-point  : Key[53]
End-point    : Kr_reg[53]/D

path 454:

Timing slack :      -2ps (TIMING VIOLATION)
Start-point  : Key[52]
End-point    : Kr_reg[52]/D

path 455:

Timing slack :      -2ps (TIMING VIOLATION)
Start-point  : Key[51]
End-point    : Kr_reg[51]/D

path 456:

Timing slack :      -2ps (TIMING VIOLATION)
Start-point  : Key[50]
End-point    : Kr_reg[50]/D

path 457:

Timing slack :      -2ps (TIMING VIOLATION)
Start-point  : Key[49]
End-point    : Kr_reg[49]/D

path 458:

Timing slack :      -2ps (TIMING VIOLATION)
Start-point  : Key[48]
End-point    : Kr_reg[48]/D

path 459:

Timing slack :      -2ps (TIMING VIOLATION)
Start-point  : Key[47]
End-point    : Kr_reg[47]/D

path 460:

Timing slack :      -2ps (TIMING VIOLATION)
Start-point  : Key[46]
End-point    : Kr_reg[46]/D

path 461:

Timing slack :      -2ps (TIMING VIOLATION)
Start-point  : Key[45]
End-point    : Kr_reg[45]/D

path 462:

Timing slack :      -2ps (TIMING VIOLATION)
Start-point  : Key[44]
End-point    : Kr_reg[44]/D

path 463:

Timing slack :      -2ps (TIMING VIOLATION)
Start-point  : Key[43]
End-point    : Kr_reg[43]/D

path 464:

Timing slack :      -2ps (TIMING VIOLATION)
Start-point  : Key[42]
End-point    : Kr_reg[42]/D

path 465:

Timing slack :      -2ps (TIMING VIOLATION)
Start-point  : Key[41]
End-point    : Kr_reg[41]/D

path 466:

Timing slack :      -2ps (TIMING VIOLATION)
Start-point  : Key[40]
End-point    : Kr_reg[40]/D

path 467:

Timing slack :      -2ps (TIMING VIOLATION)
Start-point  : Key[39]
End-point    : Kr_reg[39]/D

path 468:

Timing slack :      -2ps (TIMING VIOLATION)
Start-point  : Key[38]
End-point    : Kr_reg[38]/D

path 469:

Timing slack :      -2ps (TIMING VIOLATION)
Start-point  : Key[37]
End-point    : Kr_reg[37]/D

path 470:

Timing slack :      -2ps (TIMING VIOLATION)
Start-point  : Key[36]
End-point    : Kr_reg[36]/D

path 471:

Timing slack :      -2ps (TIMING VIOLATION)
Start-point  : Key[35]
End-point    : Kr_reg[35]/D

path 472:

Timing slack :      -2ps (TIMING VIOLATION)
Start-point  : Key[34]
End-point    : Kr_reg[34]/D

path 473:

Timing slack :      -2ps (TIMING VIOLATION)
Start-point  : Key[33]
End-point    : Kr_reg[33]/D

path 474:

Timing slack :      -2ps (TIMING VIOLATION)
Start-point  : Key[32]
End-point    : Kr_reg[32]/D

path 475:

Timing slack :      -2ps (TIMING VIOLATION)
Start-point  : Key[2]
End-point    : Kr_reg[2]/D

path 476:

Timing slack :      -2ps (TIMING VIOLATION)
Start-point  : Key[29]
End-point    : Kr_reg[29]/D

path 477:

Timing slack :      -2ps (TIMING VIOLATION)
Start-point  : Key[26]
End-point    : Kr_reg[26]/D

path 478:

Timing slack :      -2ps (TIMING VIOLATION)
Start-point  : Key[24]
End-point    : Kr_reg[24]/D

path 479:

Timing slack :      -2ps (TIMING VIOLATION)
Start-point  : Key[247]
End-point    : Kr_reg[247]/D

path 480:

Timing slack :      -2ps (TIMING VIOLATION)
Start-point  : Key[231]
End-point    : Kr_reg[231]/D

path 481:

Timing slack :      -2ps (TIMING VIOLATION)
Start-point  : Key[199]
End-point    : Kr_reg[199]/D

path 482:

Timing slack :      -2ps (TIMING VIOLATION)
Start-point  : Key[18]
End-point    : Kr_reg[18]/D

path 483:

Timing slack :      -2ps (TIMING VIOLATION)
Start-point  : Key[183]
End-point    : Kr_reg[183]/D

path 484:

Timing slack :      -2ps (TIMING VIOLATION)
Start-point  : Key[16]
End-point    : Kr_reg[16]/D

path 485:

Timing slack :      -2ps (TIMING VIOLATION)
Start-point  : Key[167]
End-point    : Kr_reg[167]/D

path 486:

Timing slack :      -2ps (TIMING VIOLATION)
Start-point  : Key[13]
End-point    : Kr_reg[13]/D

path 487:

Timing slack :      -2ps (TIMING VIOLATION)
Start-point  : Key[136]
End-point    : Kr_reg[136]/D

path 488:

Timing slack :      -2ps (TIMING VIOLATION)
Start-point  : Key[132]
End-point    : Kr_reg[132]/D

path 489:

Timing slack :      -2ps (TIMING VIOLATION)
Start-point  : Key[128]
End-point    : Kr_reg[128]/D

path 490:

Timing slack :      -2ps (TIMING VIOLATION)
Start-point  : Key[127]
End-point    : Kr_reg[127]/D

path 491:

Timing slack :      -2ps (TIMING VIOLATION)
Start-point  : Key[126]
End-point    : Kr_reg[126]/D

path 492:

Timing slack :      -2ps (TIMING VIOLATION)
Start-point  : Key[125]
End-point    : Kr_reg[125]/D

path 493:

Timing slack :      -2ps (TIMING VIOLATION)
Start-point  : Key[124]
End-point    : Kr_reg[124]/D

path 494:

Timing slack :      -2ps (TIMING VIOLATION)
Start-point  : Key[123]
End-point    : Kr_reg[123]/D

path 495:

Timing slack :      -2ps (TIMING VIOLATION)
Start-point  : Key[122]
End-point    : Kr_reg[122]/D

path 496:

Timing slack :      -2ps (TIMING VIOLATION)
Start-point  : Key[121]
End-point    : Kr_reg[121]/D

path 497:

Timing slack :      -2ps (TIMING VIOLATION)
Start-point  : Key[120]
End-point    : Kr_reg[120]/D

path 498:

Timing slack :      -2ps (TIMING VIOLATION)
Start-point  : Key[119]
End-point    : Kr_reg[119]/D

path 499:

Timing slack :      -2ps (TIMING VIOLATION)
Start-point  : Key[118]
End-point    : Kr_reg[118]/D

path 500:

Timing slack :      -2ps (TIMING VIOLATION)
Start-point  : Key[117]
End-point    : Kr_reg[117]/D

path 501:

Timing slack :      -2ps (TIMING VIOLATION)
Start-point  : Key[116]
End-point    : Kr_reg[116]/D

path 502:

Timing slack :      -2ps (TIMING VIOLATION)
Start-point  : Key[115]
End-point    : Kr_reg[115]/D

path 503:

Timing slack :      -2ps (TIMING VIOLATION)
Start-point  : Key[114]
End-point    : Kr_reg[114]/D

path 504:

Timing slack :      -2ps (TIMING VIOLATION)
Start-point  : Key[113]
End-point    : Kr_reg[113]/D

path 505:

Timing slack :      -2ps (TIMING VIOLATION)
Start-point  : Key[112]
End-point    : Kr_reg[112]/D

path 506:

Timing slack :      -2ps (TIMING VIOLATION)
Start-point  : Key[111]
End-point    : Kr_reg[111]/D

path 507:

Timing slack :      -2ps (TIMING VIOLATION)
Start-point  : Key[110]
End-point    : Kr_reg[110]/D

path 508:

Timing slack :      -2ps (TIMING VIOLATION)
Start-point  : Key[10]
End-point    : Kr_reg[10]/D

path 509:

Timing slack :      -2ps (TIMING VIOLATION)
Start-point  : Key[109]
End-point    : Kr_reg[109]/D

path 510:

Timing slack :      -2ps (TIMING VIOLATION)
Start-point  : Key[108]
End-point    : Kr_reg[108]/D

path 511:

Timing slack :      -2ps (TIMING VIOLATION)
Start-point  : Key[107]
End-point    : Kr_reg[107]/D

path 512:

Timing slack :      -2ps (TIMING VIOLATION)
Start-point  : Key[106]
End-point    : Kr_reg[106]/D

path 513:

Timing slack :      -2ps (TIMING VIOLATION)
Start-point  : Key[105]
End-point    : Kr_reg[105]/D

path 514:

Timing slack :      -2ps (TIMING VIOLATION)
Start-point  : Key[104]
End-point    : Kr_reg[104]/D

path 515:

Timing slack :      -2ps (TIMING VIOLATION)
Start-point  : Key[103]
End-point    : Kr_reg[103]/D

path 516:

Timing slack :      -2ps (TIMING VIOLATION)
Start-point  : Key[102]
End-point    : Kr_reg[102]/D

path 517:

Timing slack :      -2ps (TIMING VIOLATION)
Start-point  : Key[101]
End-point    : Kr_reg[101]/D

path 518:

Timing slack :      -2ps (TIMING VIOLATION)
Start-point  : Key[100]
End-point    : Kr_reg[100]/D

path 519:

Timing slack :      -2ps (TIMING VIOLATION)
Start-point  : Key[0]
End-point    : Kr_reg[0]/D

path 520:

Timing slack :      -2ps (TIMING VIOLATION)
Start-point  : IV[95]
End-point    : IVr_reg[95]/D

path 521:

Timing slack :      -2ps (TIMING VIOLATION)
Start-point  : IV[94]
End-point    : IVr_reg[94]/D

path 522:

Timing slack :      -2ps (TIMING VIOLATION)
Start-point  : IV[93]
End-point    : IVr_reg[93]/D

path 523:

Timing slack :      -2ps (TIMING VIOLATION)
Start-point  : IV[92]
End-point    : IVr_reg[92]/D

path 524:

Timing slack :      -2ps (TIMING VIOLATION)
Start-point  : IV[91]
End-point    : IVr_reg[91]/D

path 525:

Timing slack :      -2ps (TIMING VIOLATION)
Start-point  : IV[8]
End-point    : IVr_reg[8]/D

path 526:

Timing slack :      -2ps (TIMING VIOLATION)
Start-point  : IV[88]
End-point    : IVr_reg[88]/D

path 527:

Timing slack :      -2ps (TIMING VIOLATION)
Start-point  : IV[87]
End-point    : IVr_reg[87]/D

path 528:

Timing slack :      -2ps (TIMING VIOLATION)
Start-point  : IV[86]
End-point    : IVr_reg[86]/D

path 529:

Timing slack :      -2ps (TIMING VIOLATION)
Start-point  : IV[85]
End-point    : IVr_reg[85]/D

path 530:

Timing slack :      -2ps (TIMING VIOLATION)
Start-point  : IV[84]
End-point    : IVr_reg[84]/D

path 531:

Timing slack :      -2ps (TIMING VIOLATION)
Start-point  : IV[83]
End-point    : IVr_reg[83]/D

path 532:

Timing slack :      -2ps (TIMING VIOLATION)
Start-point  : IV[80]
End-point    : IVr_reg[80]/D

path 533:

Timing slack :      -2ps (TIMING VIOLATION)
Start-point  : IV[7]
End-point    : IVr_reg[7]/D

path 534:

Timing slack :      -2ps (TIMING VIOLATION)
Start-point  : IV[79]
End-point    : IVr_reg[79]/D

path 535:

Timing slack :      -2ps (TIMING VIOLATION)
Start-point  : IV[78]
End-point    : IVr_reg[78]/D

path 536:

Timing slack :      -2ps (TIMING VIOLATION)
Start-point  : IV[77]
End-point    : IVr_reg[77]/D

path 537:

Timing slack :      -2ps (TIMING VIOLATION)
Start-point  : IV[76]
End-point    : IVr_reg[76]/D

path 538:

Timing slack :      -2ps (TIMING VIOLATION)
Start-point  : IV[75]
End-point    : IVr_reg[75]/D

path 539:

Timing slack :      -2ps (TIMING VIOLATION)
Start-point  : IV[72]
End-point    : IVr_reg[72]/D

path 540:

Timing slack :      -2ps (TIMING VIOLATION)
Start-point  : IV[71]
End-point    : IVr_reg[71]/D

path 541:

Timing slack :      -2ps (TIMING VIOLATION)
Start-point  : IV[70]
End-point    : IVr_reg[70]/D

path 542:

Timing slack :      -2ps (TIMING VIOLATION)
Start-point  : IV[6]
End-point    : IVr_reg[6]/D

path 543:

Timing slack :      -2ps (TIMING VIOLATION)
Start-point  : IV[69]
End-point    : IVr_reg[69]/D

path 544:

Timing slack :      -2ps (TIMING VIOLATION)
Start-point  : IV[68]
End-point    : IVr_reg[68]/D

path 545:

Timing slack :      -2ps (TIMING VIOLATION)
Start-point  : IV[67]
End-point    : IVr_reg[67]/D

path 546:

Timing slack :      -2ps (TIMING VIOLATION)
Start-point  : IV[64]
End-point    : IVr_reg[64]/D

path 547:

Timing slack :      -2ps (TIMING VIOLATION)
Start-point  : IV[63]
End-point    : IVr_reg[63]/D

path 548:

Timing slack :      -2ps (TIMING VIOLATION)
Start-point  : IV[62]
End-point    : IVr_reg[62]/D

path 549:

Timing slack :      -2ps (TIMING VIOLATION)
Start-point  : IV[61]
End-point    : IVr_reg[61]/D

path 550:

Timing slack :      -2ps (TIMING VIOLATION)
Start-point  : IV[60]
End-point    : IVr_reg[60]/D

path 551:

Timing slack :      -2ps (TIMING VIOLATION)
Start-point  : IV[5]
End-point    : IVr_reg[5]/D

path 552:

Timing slack :      -2ps (TIMING VIOLATION)
Start-point  : IV[59]
End-point    : IVr_reg[59]/D

path 553:

Timing slack :      -2ps (TIMING VIOLATION)
Start-point  : IV[56]
End-point    : IVr_reg[56]/D

path 554:

Timing slack :      -2ps (TIMING VIOLATION)
Start-point  : IV[55]
End-point    : IVr_reg[55]/D

path 555:

Timing slack :      -2ps (TIMING VIOLATION)
Start-point  : IV[54]
End-point    : IVr_reg[54]/D

path 556:

Timing slack :      -2ps (TIMING VIOLATION)
Start-point  : IV[53]
End-point    : IVr_reg[53]/D

path 557:

Timing slack :      -2ps (TIMING VIOLATION)
Start-point  : IV[52]
End-point    : IVr_reg[52]/D

path 558:

Timing slack :      -2ps (TIMING VIOLATION)
Start-point  : IV[51]
End-point    : IVr_reg[51]/D

path 559:

Timing slack :      -2ps (TIMING VIOLATION)
Start-point  : IV[4]
End-point    : IVr_reg[4]/D

path 560:

Timing slack :      -2ps (TIMING VIOLATION)
Start-point  : IV[48]
End-point    : IVr_reg[48]/D

path 561:

Timing slack :      -2ps (TIMING VIOLATION)
Start-point  : IV[47]
End-point    : IVr_reg[47]/D

path 562:

Timing slack :      -2ps (TIMING VIOLATION)
Start-point  : IV[46]
End-point    : IVr_reg[46]/D

path 563:

Timing slack :      -2ps (TIMING VIOLATION)
Start-point  : IV[45]
End-point    : IVr_reg[45]/D

path 564:

Timing slack :      -2ps (TIMING VIOLATION)
Start-point  : IV[44]
End-point    : IVr_reg[44]/D

path 565:

Timing slack :      -2ps (TIMING VIOLATION)
Start-point  : IV[43]
End-point    : IVr_reg[43]/D

path 566:

Timing slack :      -2ps (TIMING VIOLATION)
Start-point  : IV[40]
End-point    : IVr_reg[40]/D

path 567:

Timing slack :      -2ps (TIMING VIOLATION)
Start-point  : IV[3]
End-point    : IVr_reg[3]/D

path 568:

Timing slack :      -2ps (TIMING VIOLATION)
Start-point  : IV[39]
End-point    : IVr_reg[39]/D

path 569:

Timing slack :      -2ps (TIMING VIOLATION)
Start-point  : IV[38]
End-point    : IVr_reg[38]/D

path 570:

Timing slack :      -2ps (TIMING VIOLATION)
Start-point  : IV[37]
End-point    : IVr_reg[37]/D

path 571:

Timing slack :      -2ps (TIMING VIOLATION)
Start-point  : IV[36]
End-point    : IVr_reg[36]/D

path 572:

Timing slack :      -2ps (TIMING VIOLATION)
Start-point  : IV[35]
End-point    : IVr_reg[35]/D

path 573:

Timing slack :      -2ps (TIMING VIOLATION)
Start-point  : IV[32]
End-point    : IVr_reg[32]/D

path 574:

Timing slack :      -2ps (TIMING VIOLATION)
Start-point  : IV[31]
End-point    : IVr_reg[31]/D

path 575:

Timing slack :      -2ps (TIMING VIOLATION)
Start-point  : IV[30]
End-point    : IVr_reg[30]/D

path 576:

Timing slack :      -2ps (TIMING VIOLATION)
Start-point  : IV[29]
End-point    : IVr_reg[29]/D

path 577:

Timing slack :      -2ps (TIMING VIOLATION)
Start-point  : IV[28]
End-point    : IVr_reg[28]/D

path 578:

Timing slack :      -2ps (TIMING VIOLATION)
Start-point  : IV[27]
End-point    : IVr_reg[27]/D

path 579:

Timing slack :      -2ps (TIMING VIOLATION)
Start-point  : IV[24]
End-point    : IVr_reg[24]/D

path 580:

Timing slack :      -2ps (TIMING VIOLATION)
Start-point  : IV[23]
End-point    : IVr_reg[23]/D

path 581:

Timing slack :      -2ps (TIMING VIOLATION)
Start-point  : IV[22]
End-point    : IVr_reg[22]/D

path 582:

Timing slack :      -2ps (TIMING VIOLATION)
Start-point  : IV[21]
End-point    : IVr_reg[21]/D

path 583:

Timing slack :      -2ps (TIMING VIOLATION)
Start-point  : IV[20]
End-point    : IVr_reg[20]/D

path 584:

Timing slack :      -2ps (TIMING VIOLATION)
Start-point  : IV[19]
End-point    : IVr_reg[19]/D

path 585:

Timing slack :      -2ps (TIMING VIOLATION)
Start-point  : IV[16]
End-point    : IVr_reg[16]/D

path 586:

Timing slack :      -2ps (TIMING VIOLATION)
Start-point  : IV[15]
End-point    : IVr_reg[15]/D

path 587:

Timing slack :      -2ps (TIMING VIOLATION)
Start-point  : IV[14]
End-point    : IVr_reg[14]/D

path 588:

Timing slack :      -2ps (TIMING VIOLATION)
Start-point  : IV[13]
End-point    : IVr_reg[13]/D

path 589:

Timing slack :      -2ps (TIMING VIOLATION)
Start-point  : IV[12]
End-point    : IVr_reg[12]/D

path 590:

Timing slack :      -2ps (TIMING VIOLATION)
Start-point  : IV[11]
End-point    : IVr_reg[11]/D

path 591:

Timing slack :      -2ps (TIMING VIOLATION)
Start-point  : IV[0]
End-point    : IVr_reg[0]/D

path 592:

Timing slack :      -2ps (TIMING VIOLATION)
Start-point  : D[9]
End-point    : dr0_reg[9]/D

path 593:

Timing slack :      -2ps (TIMING VIOLATION)
Start-point  : D[99]
End-point    : dr0_reg[99]/D

path 594:

Timing slack :      -2ps (TIMING VIOLATION)
Start-point  : D[98]
End-point    : dr0_reg[98]/D

path 595:

Timing slack :      -2ps (TIMING VIOLATION)
Start-point  : D[97]
End-point    : dr0_reg[97]/D

path 596:

Timing slack :      -2ps (TIMING VIOLATION)
Start-point  : D[96]
End-point    : dr0_reg[96]/D

path 597:

Timing slack :      -2ps (TIMING VIOLATION)
Start-point  : D[95]
End-point    : dr0_reg[95]/D

path 598:

Timing slack :      -2ps (TIMING VIOLATION)
Start-point  : D[94]
End-point    : dr0_reg[94]/D

path 599:

Timing slack :      -2ps (TIMING VIOLATION)
Start-point  : D[93]
End-point    : dr0_reg[93]/D

path 600:

Timing slack :      -2ps (TIMING VIOLATION)
Start-point  : D[92]
End-point    : dr0_reg[92]/D

path 601:

Timing slack :      -2ps (TIMING VIOLATION)
Start-point  : D[91]
End-point    : dr0_reg[91]/D

path 602:

Timing slack :      -2ps (TIMING VIOLATION)
Start-point  : D[90]
End-point    : dr0_reg[90]/D

path 603:

Timing slack :      -2ps (TIMING VIOLATION)
Start-point  : D[8]
End-point    : dr0_reg[8]/D

path 604:

Timing slack :      -2ps (TIMING VIOLATION)
Start-point  : D[89]
End-point    : dr0_reg[89]/D

path 605:

Timing slack :      -2ps (TIMING VIOLATION)
Start-point  : D[88]
End-point    : dr0_reg[88]/D

path 606:

Timing slack :      -2ps (TIMING VIOLATION)
Start-point  : D[87]
End-point    : dr0_reg[87]/D

path 607:

Timing slack :      -2ps (TIMING VIOLATION)
Start-point  : D[86]
End-point    : dr0_reg[86]/D

path 608:

Timing slack :      -2ps (TIMING VIOLATION)
Start-point  : D[85]
End-point    : dr0_reg[85]/D

path 609:

Timing slack :      -2ps (TIMING VIOLATION)
Start-point  : D[84]
End-point    : dr0_reg[84]/D

path 610:

Timing slack :      -2ps (TIMING VIOLATION)
Start-point  : D[83]
End-point    : dr0_reg[83]/D

path 611:

Timing slack :      -2ps (TIMING VIOLATION)
Start-point  : D[82]
End-point    : dr0_reg[82]/D

path 612:

Timing slack :      -2ps (TIMING VIOLATION)
Start-point  : D[81]
End-point    : dr0_reg[81]/D

path 613:

Timing slack :      -2ps (TIMING VIOLATION)
Start-point  : D[80]
End-point    : dr0_reg[80]/D

path 614:

Timing slack :      -2ps (TIMING VIOLATION)
Start-point  : D[7]
End-point    : dr0_reg[7]/D

path 615:

Timing slack :      -2ps (TIMING VIOLATION)
Start-point  : D[79]
End-point    : dr0_reg[79]/D

path 616:

Timing slack :      -2ps (TIMING VIOLATION)
Start-point  : D[78]
End-point    : dr0_reg[78]/D

path 617:

Timing slack :      -2ps (TIMING VIOLATION)
Start-point  : D[77]
End-point    : dr0_reg[77]/D

path 618:

Timing slack :      -2ps (TIMING VIOLATION)
Start-point  : D[76]
End-point    : dr0_reg[76]/D

path 619:

Timing slack :      -2ps (TIMING VIOLATION)
Start-point  : D[75]
End-point    : dr0_reg[75]/D

path 620:

Timing slack :      -2ps (TIMING VIOLATION)
Start-point  : D[74]
End-point    : dr0_reg[74]/D

path 621:

Timing slack :      -2ps (TIMING VIOLATION)
Start-point  : D[73]
End-point    : dr0_reg[73]/D

path 622:

Timing slack :      -2ps (TIMING VIOLATION)
Start-point  : D[72]
End-point    : dr0_reg[72]/D

path 623:

Timing slack :      -2ps (TIMING VIOLATION)
Start-point  : D[71]
End-point    : dr0_reg[71]/D

path 624:

Timing slack :      -2ps (TIMING VIOLATION)
Start-point  : D[70]
End-point    : dr0_reg[70]/D

path 625:

Timing slack :      -2ps (TIMING VIOLATION)
Start-point  : D[6]
End-point    : dr0_reg[6]/D

path 626:

Timing slack :      -2ps (TIMING VIOLATION)
Start-point  : D[69]
End-point    : dr0_reg[69]/D

path 627:

Timing slack :      -2ps (TIMING VIOLATION)
Start-point  : D[68]
End-point    : dr0_reg[68]/D

path 628:

Timing slack :      -2ps (TIMING VIOLATION)
Start-point  : D[67]
End-point    : dr0_reg[67]/D

path 629:

Timing slack :      -2ps (TIMING VIOLATION)
Start-point  : D[66]
End-point    : dr0_reg[66]/D

path 630:

Timing slack :      -2ps (TIMING VIOLATION)
Start-point  : D[65]
End-point    : dr0_reg[65]/D

path 631:

Timing slack :      -2ps (TIMING VIOLATION)
Start-point  : D[64]
End-point    : dr0_reg[64]/D

path 632:

Timing slack :      -2ps (TIMING VIOLATION)
Start-point  : D[63]
End-point    : dr0_reg[63]/D

path 633:

Timing slack :      -2ps (TIMING VIOLATION)
Start-point  : D[62]
End-point    : dr0_reg[62]/D

path 634:

Timing slack :      -2ps (TIMING VIOLATION)
Start-point  : D[61]
End-point    : dr0_reg[61]/D

path 635:

Timing slack :      -2ps (TIMING VIOLATION)
Start-point  : D[60]
End-point    : dr0_reg[60]/D

path 636:

Timing slack :      -2ps (TIMING VIOLATION)
Start-point  : D[5]
End-point    : dr0_reg[5]/D

path 637:

Timing slack :      -2ps (TIMING VIOLATION)
Start-point  : D[59]
End-point    : dr0_reg[59]/D

path 638:

Timing slack :      -2ps (TIMING VIOLATION)
Start-point  : D[58]
End-point    : dr0_reg[58]/D

path 639:

Timing slack :      -2ps (TIMING VIOLATION)
Start-point  : D[57]
End-point    : dr0_reg[57]/D

path 640:

Timing slack :      -2ps (TIMING VIOLATION)
Start-point  : D[56]
End-point    : dr0_reg[56]/D

path 641:

Timing slack :      -2ps (TIMING VIOLATION)
Start-point  : D[55]
End-point    : dr0_reg[55]/D

path 642:

Timing slack :      -2ps (TIMING VIOLATION)
Start-point  : D[54]
End-point    : dr0_reg[54]/D

path 643:

Timing slack :      -2ps (TIMING VIOLATION)
Start-point  : D[53]
End-point    : dr0_reg[53]/D

path 644:

Timing slack :      -2ps (TIMING VIOLATION)
Start-point  : D[52]
End-point    : dr0_reg[52]/D

path 645:

Timing slack :      -2ps (TIMING VIOLATION)
Start-point  : D[51]
End-point    : dr0_reg[51]/D

path 646:

Timing slack :      -2ps (TIMING VIOLATION)
Start-point  : D[50]
End-point    : dr0_reg[50]/D

path 647:

Timing slack :      -2ps (TIMING VIOLATION)
Start-point  : D[4]
End-point    : dr0_reg[4]/D

path 648:

Timing slack :      -2ps (TIMING VIOLATION)
Start-point  : D[49]
End-point    : dr0_reg[49]/D

path 649:

Timing slack :      -2ps (TIMING VIOLATION)
Start-point  : D[48]
End-point    : dr0_reg[48]/D

path 650:

Timing slack :      -2ps (TIMING VIOLATION)
Start-point  : D[47]
End-point    : dr0_reg[47]/D

path 651:

Timing slack :      -2ps (TIMING VIOLATION)
Start-point  : D[46]
End-point    : dr0_reg[46]/D

path 652:

Timing slack :      -2ps (TIMING VIOLATION)
Start-point  : D[45]
End-point    : dr0_reg[45]/D

path 653:

Timing slack :      -2ps (TIMING VIOLATION)
Start-point  : D[44]
End-point    : dr0_reg[44]/D

path 654:

Timing slack :      -2ps (TIMING VIOLATION)
Start-point  : D[43]
End-point    : dr0_reg[43]/D

path 655:

Timing slack :      -2ps (TIMING VIOLATION)
Start-point  : D[42]
End-point    : dr0_reg[42]/D

path 656:

Timing slack :      -2ps (TIMING VIOLATION)
Start-point  : D[41]
End-point    : dr0_reg[41]/D

path 657:

Timing slack :      -2ps (TIMING VIOLATION)
Start-point  : D[40]
End-point    : dr0_reg[40]/D

path 658:

Timing slack :      -2ps (TIMING VIOLATION)
Start-point  : D[3]
End-point    : dr0_reg[3]/D

path 659:

Timing slack :      -2ps (TIMING VIOLATION)
Start-point  : D[39]
End-point    : dr0_reg[39]/D

path 660:

Timing slack :      -2ps (TIMING VIOLATION)
Start-point  : D[38]
End-point    : dr0_reg[38]/D

path 661:

Timing slack :      -2ps (TIMING VIOLATION)
Start-point  : D[37]
End-point    : dr0_reg[37]/D

path 662:

Timing slack :      -2ps (TIMING VIOLATION)
Start-point  : D[36]
End-point    : dr0_reg[36]/D

path 663:

Timing slack :      -2ps (TIMING VIOLATION)
Start-point  : D[35]
End-point    : dr0_reg[35]/D

path 664:

Timing slack :      -2ps (TIMING VIOLATION)
Start-point  : D[34]
End-point    : dr0_reg[34]/D

path 665:

Timing slack :      -2ps (TIMING VIOLATION)
Start-point  : D[33]
End-point    : dr0_reg[33]/D

path 666:

Timing slack :      -2ps (TIMING VIOLATION)
Start-point  : D[32]
End-point    : dr0_reg[32]/D

path 667:

Timing slack :      -2ps (TIMING VIOLATION)
Start-point  : D[31]
End-point    : dr0_reg[31]/D

path 668:

Timing slack :      -2ps (TIMING VIOLATION)
Start-point  : D[30]
End-point    : dr0_reg[30]/D

path 669:

Timing slack :      -2ps (TIMING VIOLATION)
Start-point  : D[2]
End-point    : dr0_reg[2]/D

path 670:

Timing slack :      -2ps (TIMING VIOLATION)
Start-point  : D[29]
End-point    : dr0_reg[29]/D

path 671:

Timing slack :      -2ps (TIMING VIOLATION)
Start-point  : D[28]
End-point    : dr0_reg[28]/D

path 672:

Timing slack :      -2ps (TIMING VIOLATION)
Start-point  : D[27]
End-point    : dr0_reg[27]/D

path 673:

Timing slack :      -2ps (TIMING VIOLATION)
Start-point  : D[26]
End-point    : dr0_reg[26]/D

path 674:

Timing slack :      -2ps (TIMING VIOLATION)
Start-point  : D[25]
End-point    : dr0_reg[25]/D

path 675:

Timing slack :      -2ps (TIMING VIOLATION)
Start-point  : D[255]
End-point    : dr0_reg[255]/D

path 676:

Timing slack :      -2ps (TIMING VIOLATION)
Start-point  : D[254]
End-point    : dr0_reg[254]/D

path 677:

Timing slack :      -2ps (TIMING VIOLATION)
Start-point  : D[253]
End-point    : dr0_reg[253]/D

path 678:

Timing slack :      -2ps (TIMING VIOLATION)
Start-point  : D[252]
End-point    : dr0_reg[252]/D

path 679:

Timing slack :      -2ps (TIMING VIOLATION)
Start-point  : D[251]
End-point    : dr0_reg[251]/D

path 680:

Timing slack :      -2ps (TIMING VIOLATION)
Start-point  : D[250]
End-point    : dr0_reg[250]/D

path 681:

Timing slack :      -2ps (TIMING VIOLATION)
Start-point  : D[24]
End-point    : dr0_reg[24]/D

path 682:

Timing slack :      -2ps (TIMING VIOLATION)
Start-point  : D[249]
End-point    : dr0_reg[249]/D

path 683:

Timing slack :      -2ps (TIMING VIOLATION)
Start-point  : D[248]
End-point    : dr0_reg[248]/D

path 684:

Timing slack :      -2ps (TIMING VIOLATION)
Start-point  : D[247]
End-point    : dr0_reg[247]/D

path 685:

Timing slack :      -2ps (TIMING VIOLATION)
Start-point  : D[246]
End-point    : dr0_reg[246]/D

path 686:

Timing slack :      -2ps (TIMING VIOLATION)
Start-point  : D[245]
End-point    : dr0_reg[245]/D

path 687:

Timing slack :      -2ps (TIMING VIOLATION)
Start-point  : D[244]
End-point    : dr0_reg[244]/D

path 688:

Timing slack :      -2ps (TIMING VIOLATION)
Start-point  : D[243]
End-point    : dr0_reg[243]/D

path 689:

Timing slack :      -2ps (TIMING VIOLATION)
Start-point  : D[242]
End-point    : dr0_reg[242]/D

path 690:

Timing slack :      -2ps (TIMING VIOLATION)
Start-point  : D[241]
End-point    : dr0_reg[241]/D

path 691:

Timing slack :      -2ps (TIMING VIOLATION)
Start-point  : D[240]
End-point    : dr0_reg[240]/D

path 692:

Timing slack :      -2ps (TIMING VIOLATION)
Start-point  : D[23]
End-point    : dr0_reg[23]/D

path 693:

Timing slack :      -2ps (TIMING VIOLATION)
Start-point  : D[239]
End-point    : dr0_reg[239]/D

path 694:

Timing slack :      -2ps (TIMING VIOLATION)
Start-point  : D[238]
End-point    : dr0_reg[238]/D

path 695:

Timing slack :      -2ps (TIMING VIOLATION)
Start-point  : D[237]
End-point    : dr0_reg[237]/D

path 696:

Timing slack :      -2ps (TIMING VIOLATION)
Start-point  : D[236]
End-point    : dr0_reg[236]/D

path 697:

Timing slack :      -2ps (TIMING VIOLATION)
Start-point  : D[235]
End-point    : dr0_reg[235]/D

path 698:

Timing slack :      -2ps (TIMING VIOLATION)
Start-point  : D[234]
End-point    : dr0_reg[234]/D

path 699:

Timing slack :      -2ps (TIMING VIOLATION)
Start-point  : D[233]
End-point    : dr0_reg[233]/D

path 700:

Timing slack :      -2ps (TIMING VIOLATION)
Start-point  : D[232]
End-point    : dr0_reg[232]/D

path 701:

Timing slack :      -2ps (TIMING VIOLATION)
Start-point  : D[231]
End-point    : dr0_reg[231]/D

path 702:

Timing slack :      -2ps (TIMING VIOLATION)
Start-point  : D[230]
End-point    : dr0_reg[230]/D

path 703:

Timing slack :      -2ps (TIMING VIOLATION)
Start-point  : D[22]
End-point    : dr0_reg[22]/D

path 704:

Timing slack :      -2ps (TIMING VIOLATION)
Start-point  : D[229]
End-point    : dr0_reg[229]/D

path 705:

Timing slack :      -2ps (TIMING VIOLATION)
Start-point  : D[228]
End-point    : dr0_reg[228]/D

path 706:

Timing slack :      -2ps (TIMING VIOLATION)
Start-point  : D[227]
End-point    : dr0_reg[227]/D

path 707:

Timing slack :      -2ps (TIMING VIOLATION)
Start-point  : D[226]
End-point    : dr0_reg[226]/D

path 708:

Timing slack :      -2ps (TIMING VIOLATION)
Start-point  : D[225]
End-point    : dr0_reg[225]/D

path 709:

Timing slack :      -2ps (TIMING VIOLATION)
Start-point  : D[224]
End-point    : dr0_reg[224]/D

path 710:

Timing slack :      -2ps (TIMING VIOLATION)
Start-point  : D[223]
End-point    : dr0_reg[223]/D

path 711:

Timing slack :      -2ps (TIMING VIOLATION)
Start-point  : D[222]
End-point    : dr0_reg[222]/D

path 712:

Timing slack :      -2ps (TIMING VIOLATION)
Start-point  : D[221]
End-point    : dr0_reg[221]/D

path 713:

Timing slack :      -2ps (TIMING VIOLATION)
Start-point  : D[220]
End-point    : dr0_reg[220]/D

path 714:

Timing slack :      -2ps (TIMING VIOLATION)
Start-point  : D[21]
End-point    : dr0_reg[21]/D

path 715:

Timing slack :      -2ps (TIMING VIOLATION)
Start-point  : D[219]
End-point    : dr0_reg[219]/D

path 716:

Timing slack :      -2ps (TIMING VIOLATION)
Start-point  : D[218]
End-point    : dr0_reg[218]/D

path 717:

Timing slack :      -2ps (TIMING VIOLATION)
Start-point  : D[217]
End-point    : dr0_reg[217]/D

path 718:

Timing slack :      -2ps (TIMING VIOLATION)
Start-point  : D[216]
End-point    : dr0_reg[216]/D

path 719:

Timing slack :      -2ps (TIMING VIOLATION)
Start-point  : D[215]
End-point    : dr0_reg[215]/D

path 720:

Timing slack :      -2ps (TIMING VIOLATION)
Start-point  : D[214]
End-point    : dr0_reg[214]/D

path 721:

Timing slack :      -2ps (TIMING VIOLATION)
Start-point  : D[213]
End-point    : dr0_reg[213]/D

path 722:

Timing slack :      -2ps (TIMING VIOLATION)
Start-point  : D[212]
End-point    : dr0_reg[212]/D

path 723:

Timing slack :      -2ps (TIMING VIOLATION)
Start-point  : D[211]
End-point    : dr0_reg[211]/D

path 724:

Timing slack :      -2ps (TIMING VIOLATION)
Start-point  : D[210]
End-point    : dr0_reg[210]/D

path 725:

Timing slack :      -2ps (TIMING VIOLATION)
Start-point  : D[20]
End-point    : dr0_reg[20]/D

path 726:

Timing slack :      -2ps (TIMING VIOLATION)
Start-point  : D[209]
End-point    : dr0_reg[209]/D

path 727:

Timing slack :      -2ps (TIMING VIOLATION)
Start-point  : D[208]
End-point    : dr0_reg[208]/D

path 728:

Timing slack :      -2ps (TIMING VIOLATION)
Start-point  : D[207]
End-point    : dr0_reg[207]/D

path 729:

Timing slack :      -2ps (TIMING VIOLATION)
Start-point  : D[206]
End-point    : dr0_reg[206]/D

path 730:

Timing slack :      -2ps (TIMING VIOLATION)
Start-point  : D[205]
End-point    : dr0_reg[205]/D

path 731:

Timing slack :      -2ps (TIMING VIOLATION)
Start-point  : D[204]
End-point    : dr0_reg[204]/D

path 732:

Timing slack :      -2ps (TIMING VIOLATION)
Start-point  : D[203]
End-point    : dr0_reg[203]/D

path 733:

Timing slack :      -2ps (TIMING VIOLATION)
Start-point  : D[202]
End-point    : dr0_reg[202]/D

path 734:

Timing slack :      -2ps (TIMING VIOLATION)
Start-point  : D[201]
End-point    : dr0_reg[201]/D

path 735:

Timing slack :      -2ps (TIMING VIOLATION)
Start-point  : D[200]
End-point    : dr0_reg[200]/D

path 736:

Timing slack :      -2ps (TIMING VIOLATION)
Start-point  : D[1]
End-point    : dr0_reg[1]/D

path 737:

Timing slack :      -2ps (TIMING VIOLATION)
Start-point  : D[19]
End-point    : dr0_reg[19]/D

path 738:

Timing slack :      -2ps (TIMING VIOLATION)
Start-point  : D[199]
End-point    : dr0_reg[199]/D

path 739:

Timing slack :      -2ps (TIMING VIOLATION)
Start-point  : D[198]
End-point    : dr0_reg[198]/D

path 740:

Timing slack :      -2ps (TIMING VIOLATION)
Start-point  : D[197]
End-point    : dr0_reg[197]/D

path 741:

Timing slack :      -2ps (TIMING VIOLATION)
Start-point  : D[196]
End-point    : dr0_reg[196]/D

path 742:

Timing slack :      -2ps (TIMING VIOLATION)
Start-point  : D[195]
End-point    : dr0_reg[195]/D

path 743:

Timing slack :      -2ps (TIMING VIOLATION)
Start-point  : D[194]
End-point    : dr0_reg[194]/D

path 744:

Timing slack :      -2ps (TIMING VIOLATION)
Start-point  : D[193]
End-point    : dr0_reg[193]/D

path 745:

Timing slack :      -2ps (TIMING VIOLATION)
Start-point  : D[192]
End-point    : dr0_reg[192]/D

path 746:

Timing slack :      -2ps (TIMING VIOLATION)
Start-point  : D[191]
End-point    : dr0_reg[191]/D

path 747:

Timing slack :      -2ps (TIMING VIOLATION)
Start-point  : D[190]
End-point    : dr0_reg[190]/D

path 748:

Timing slack :      -2ps (TIMING VIOLATION)
Start-point  : D[18]
End-point    : dr0_reg[18]/D

path 749:

Timing slack :      -2ps (TIMING VIOLATION)
Start-point  : D[189]
End-point    : dr0_reg[189]/D

path 750:

Timing slack :      -2ps (TIMING VIOLATION)
Start-point  : D[188]
End-point    : dr0_reg[188]/D

path 751:

Timing slack :      -2ps (TIMING VIOLATION)
Start-point  : D[187]
End-point    : dr0_reg[187]/D

path 752:

Timing slack :      -2ps (TIMING VIOLATION)
Start-point  : D[186]
End-point    : dr0_reg[186]/D

path 753:

Timing slack :      -2ps (TIMING VIOLATION)
Start-point  : D[185]
End-point    : dr0_reg[185]/D

path 754:

Timing slack :      -2ps (TIMING VIOLATION)
Start-point  : D[184]
End-point    : dr0_reg[184]/D

path 755:

Timing slack :      -2ps (TIMING VIOLATION)
Start-point  : D[183]
End-point    : dr0_reg[183]/D

path 756:

Timing slack :      -2ps (TIMING VIOLATION)
Start-point  : D[182]
End-point    : dr0_reg[182]/D

path 757:

Timing slack :      -2ps (TIMING VIOLATION)
Start-point  : D[181]
End-point    : dr0_reg[181]/D

path 758:

Timing slack :      -2ps (TIMING VIOLATION)
Start-point  : D[180]
End-point    : dr0_reg[180]/D

path 759:

Timing slack :      -2ps (TIMING VIOLATION)
Start-point  : D[17]
End-point    : dr0_reg[17]/D

path 760:

Timing slack :      -2ps (TIMING VIOLATION)
Start-point  : D[179]
End-point    : dr0_reg[179]/D

path 761:

Timing slack :      -2ps (TIMING VIOLATION)
Start-point  : D[178]
End-point    : dr0_reg[178]/D

path 762:

Timing slack :      -2ps (TIMING VIOLATION)
Start-point  : D[177]
End-point    : dr0_reg[177]/D

path 763:

Timing slack :      -2ps (TIMING VIOLATION)
Start-point  : D[176]
End-point    : dr0_reg[176]/D

path 764:

Timing slack :      -2ps (TIMING VIOLATION)
Start-point  : D[175]
End-point    : dr0_reg[175]/D

path 765:

Timing slack :      -2ps (TIMING VIOLATION)
Start-point  : D[174]
End-point    : dr0_reg[174]/D

path 766:

Timing slack :      -2ps (TIMING VIOLATION)
Start-point  : D[173]
End-point    : dr0_reg[173]/D

path 767:

Timing slack :      -2ps (TIMING VIOLATION)
Start-point  : D[172]
End-point    : dr0_reg[172]/D

path 768:

Timing slack :      -2ps (TIMING VIOLATION)
Start-point  : D[171]
End-point    : dr0_reg[171]/D

path 769:

Timing slack :      -2ps (TIMING VIOLATION)
Start-point  : D[170]
End-point    : dr0_reg[170]/D

path 770:

Timing slack :      -2ps (TIMING VIOLATION)
Start-point  : D[16]
End-point    : dr0_reg[16]/D

path 771:

Timing slack :      -2ps (TIMING VIOLATION)
Start-point  : D[169]
End-point    : dr0_reg[169]/D

path 772:

Timing slack :      -2ps (TIMING VIOLATION)
Start-point  : D[168]
End-point    : dr0_reg[168]/D

path 773:

Timing slack :      -2ps (TIMING VIOLATION)
Start-point  : D[167]
End-point    : dr0_reg[167]/D

path 774:

Timing slack :      -2ps (TIMING VIOLATION)
Start-point  : D[166]
End-point    : dr0_reg[166]/D

path 775:

Timing slack :      -2ps (TIMING VIOLATION)
Start-point  : D[165]
End-point    : dr0_reg[165]/D

path 776:

Timing slack :      -2ps (TIMING VIOLATION)
Start-point  : D[164]
End-point    : dr0_reg[164]/D

path 777:

Timing slack :      -2ps (TIMING VIOLATION)
Start-point  : D[163]
End-point    : dr0_reg[163]/D

path 778:

Timing slack :      -2ps (TIMING VIOLATION)
Start-point  : D[162]
End-point    : dr0_reg[162]/D

path 779:

Timing slack :      -2ps (TIMING VIOLATION)
Start-point  : D[161]
End-point    : dr0_reg[161]/D

path 780:

Timing slack :      -2ps (TIMING VIOLATION)
Start-point  : D[160]
End-point    : dr0_reg[160]/D

path 781:

Timing slack :      -2ps (TIMING VIOLATION)
Start-point  : D[15]
End-point    : dr0_reg[15]/D

path 782:

Timing slack :      -2ps (TIMING VIOLATION)
Start-point  : D[159]
End-point    : dr0_reg[159]/D

path 783:

Timing slack :      -2ps (TIMING VIOLATION)
Start-point  : D[158]
End-point    : dr0_reg[158]/D

path 784:

Timing slack :      -2ps (TIMING VIOLATION)
Start-point  : D[157]
End-point    : dr0_reg[157]/D

path 785:

Timing slack :      -2ps (TIMING VIOLATION)
Start-point  : D[156]
End-point    : dr0_reg[156]/D

path 786:

Timing slack :      -2ps (TIMING VIOLATION)
Start-point  : D[155]
End-point    : dr0_reg[155]/D

path 787:

Timing slack :      -2ps (TIMING VIOLATION)
Start-point  : D[154]
End-point    : dr0_reg[154]/D

path 788:

Timing slack :      -2ps (TIMING VIOLATION)
Start-point  : D[153]
End-point    : dr0_reg[153]/D

path 789:

Timing slack :      -2ps (TIMING VIOLATION)
Start-point  : D[152]
End-point    : dr0_reg[152]/D

path 790:

Timing slack :      -2ps (TIMING VIOLATION)
Start-point  : D[151]
End-point    : dr0_reg[151]/D

path 791:

Timing slack :      -2ps (TIMING VIOLATION)
Start-point  : D[150]
End-point    : dr0_reg[150]/D

path 792:

Timing slack :      -2ps (TIMING VIOLATION)
Start-point  : D[14]
End-point    : dr0_reg[14]/D

path 793:

Timing slack :      -2ps (TIMING VIOLATION)
Start-point  : D[149]
End-point    : dr0_reg[149]/D

path 794:

Timing slack :      -2ps (TIMING VIOLATION)
Start-point  : D[148]
End-point    : dr0_reg[148]/D

path 795:

Timing slack :      -2ps (TIMING VIOLATION)
Start-point  : D[147]
End-point    : dr0_reg[147]/D

path 796:

Timing slack :      -2ps (TIMING VIOLATION)
Start-point  : D[146]
End-point    : dr0_reg[146]/D

path 797:

Timing slack :      -2ps (TIMING VIOLATION)
Start-point  : D[145]
End-point    : dr0_reg[145]/D

path 798:

Timing slack :      -2ps (TIMING VIOLATION)
Start-point  : D[144]
End-point    : dr0_reg[144]/D

path 799:

Timing slack :      -2ps (TIMING VIOLATION)
Start-point  : D[143]
End-point    : dr0_reg[143]/D

path 800:

Timing slack :      -2ps (TIMING VIOLATION)
Start-point  : D[142]
End-point    : dr0_reg[142]/D

path 801:

Timing slack :      -2ps (TIMING VIOLATION)
Start-point  : D[141]
End-point    : dr0_reg[141]/D

path 802:

Timing slack :      -2ps (TIMING VIOLATION)
Start-point  : D[140]
End-point    : dr0_reg[140]/D

path 803:

Timing slack :      -2ps (TIMING VIOLATION)
Start-point  : D[13]
End-point    : dr0_reg[13]/D

path 804:

Timing slack :      -2ps (TIMING VIOLATION)
Start-point  : D[139]
End-point    : dr0_reg[139]/D

path 805:

Timing slack :      -2ps (TIMING VIOLATION)
Start-point  : D[138]
End-point    : dr0_reg[138]/D

path 806:

Timing slack :      -2ps (TIMING VIOLATION)
Start-point  : D[137]
End-point    : dr0_reg[137]/D

path 807:

Timing slack :      -2ps (TIMING VIOLATION)
Start-point  : D[136]
End-point    : dr0_reg[136]/D

path 808:

Timing slack :      -2ps (TIMING VIOLATION)
Start-point  : D[135]
End-point    : dr0_reg[135]/D

path 809:

Timing slack :      -2ps (TIMING VIOLATION)
Start-point  : D[134]
End-point    : dr0_reg[134]/D

path 810:

Timing slack :      -2ps (TIMING VIOLATION)
Start-point  : D[133]
End-point    : dr0_reg[133]/D

path 811:

Timing slack :      -2ps (TIMING VIOLATION)
Start-point  : D[132]
End-point    : dr0_reg[132]/D

path 812:

Timing slack :      -2ps (TIMING VIOLATION)
Start-point  : D[131]
End-point    : dr0_reg[131]/D

path 813:

Timing slack :      -2ps (TIMING VIOLATION)
Start-point  : D[130]
End-point    : dr0_reg[130]/D

path 814:

Timing slack :      -2ps (TIMING VIOLATION)
Start-point  : D[12]
End-point    : dr0_reg[12]/D

path 815:

Timing slack :      -2ps (TIMING VIOLATION)
Start-point  : D[129]
End-point    : dr0_reg[129]/D

path 816:

Timing slack :      -2ps (TIMING VIOLATION)
Start-point  : D[128]
End-point    : dr0_reg[128]/D

path 817:

Timing slack :      -2ps (TIMING VIOLATION)
Start-point  : D[127]
End-point    : dr0_reg[127]/D

path 818:

Timing slack :      -2ps (TIMING VIOLATION)
Start-point  : D[126]
End-point    : dr0_reg[126]/D

path 819:

Timing slack :      -2ps (TIMING VIOLATION)
Start-point  : D[125]
End-point    : dr0_reg[125]/D

path 820:

Timing slack :      -2ps (TIMING VIOLATION)
Start-point  : D[124]
End-point    : dr0_reg[124]/D

path 821:

Timing slack :      -2ps (TIMING VIOLATION)
Start-point  : D[123]
End-point    : dr0_reg[123]/D

path 822:

Timing slack :      -2ps (TIMING VIOLATION)
Start-point  : D[122]
End-point    : dr0_reg[122]/D

path 823:

Timing slack :      -2ps (TIMING VIOLATION)
Start-point  : D[121]
End-point    : dr0_reg[121]/D

path 824:

Timing slack :      -2ps (TIMING VIOLATION)
Start-point  : D[120]
End-point    : dr0_reg[120]/D

path 825:

Timing slack :      -2ps (TIMING VIOLATION)
Start-point  : D[11]
End-point    : dr0_reg[11]/D

path 826:

Timing slack :      -2ps (TIMING VIOLATION)
Start-point  : D[119]
End-point    : dr0_reg[119]/D

path 827:

Timing slack :      -2ps (TIMING VIOLATION)
Start-point  : D[118]
End-point    : dr0_reg[118]/D

path 828:

Timing slack :      -2ps (TIMING VIOLATION)
Start-point  : D[117]
End-point    : dr0_reg[117]/D

path 829:

Timing slack :      -2ps (TIMING VIOLATION)
Start-point  : D[116]
End-point    : dr0_reg[116]/D

path 830:

Timing slack :      -2ps (TIMING VIOLATION)
Start-point  : D[115]
End-point    : dr0_reg[115]/D

path 831:

Timing slack :      -2ps (TIMING VIOLATION)
Start-point  : D[114]
End-point    : dr0_reg[114]/D

path 832:

Timing slack :      -2ps (TIMING VIOLATION)
Start-point  : D[113]
End-point    : dr0_reg[113]/D

path 833:

Timing slack :      -2ps (TIMING VIOLATION)
Start-point  : D[112]
End-point    : dr0_reg[112]/D

path 834:

Timing slack :      -2ps (TIMING VIOLATION)
Start-point  : D[111]
End-point    : dr0_reg[111]/D

path 835:

Timing slack :      -2ps (TIMING VIOLATION)
Start-point  : D[110]
End-point    : dr0_reg[110]/D

path 836:

Timing slack :      -2ps (TIMING VIOLATION)
Start-point  : D[10]
End-point    : dr0_reg[10]/D

path 837:

Timing slack :      -2ps (TIMING VIOLATION)
Start-point  : D[109]
End-point    : dr0_reg[109]/D

path 838:

Timing slack :      -2ps (TIMING VIOLATION)
Start-point  : D[108]
End-point    : dr0_reg[108]/D

path 839:

Timing slack :      -2ps (TIMING VIOLATION)
Start-point  : D[107]
End-point    : dr0_reg[107]/D

path 840:

Timing slack :      -2ps (TIMING VIOLATION)
Start-point  : D[106]
End-point    : dr0_reg[106]/D

path 841:

Timing slack :      -2ps (TIMING VIOLATION)
Start-point  : D[105]
End-point    : dr0_reg[105]/D

path 842:

Timing slack :      -2ps (TIMING VIOLATION)
Start-point  : D[104]
End-point    : dr0_reg[104]/D

path 843:

Timing slack :      -2ps (TIMING VIOLATION)
Start-point  : D[103]
End-point    : dr0_reg[103]/D

path 844:

Timing slack :      -2ps (TIMING VIOLATION)
Start-point  : D[102]
End-point    : dr0_reg[102]/D

path 845:

Timing slack :      -2ps (TIMING VIOLATION)
Start-point  : D[101]
End-point    : dr0_reg[101]/D

path 846:

Timing slack :      -2ps (TIMING VIOLATION)
Start-point  : D[100]
End-point    : dr0_reg[100]/D

path 847:

Timing slack :      -2ps (TIMING VIOLATION)
Start-point  : D[0]
End-point    : dr0_reg[0]/D

path 848:

Timing slack :      -2ps (TIMING VIOLATION)
Start-point  : start
End-point    : str_reg[0]/D
