

Working Directory = /scratch/bmaliatski/synthesis/GCM3LP_256/rc
QoS Summary for GCM3LP_256
========================================================================================
Metric                  generic    map        incremental incremental2
========================================================================================
Slack (ps):               -393.6     -109.3      -64.0      -64.0
  R2R (ps):                115.0       14.6       39.2       39.2
  I2R (ps):               -393.6      -78.2      -50.6      -50.6
  R2O (ps):                -59.9      -69.1      -64.0      -64.0
  I2O (ps):             no_value   no_value   no_value   no_value
  CG  (ps):             no_value     -109.3      -47.8      -47.8
TNS (ps):                2265245      52446      26347      26347
  R2R (ps):                  0.0        0.0        0.0        0.0
  I2R (ps):            2245039.0     1625.0     1341.0     1341.0
  R2O (ps):              20205.0    24963.0    24768.0    24768.0
  I2O (ps):             no_value   no_value   no_value   no_value
  CG  (ps):             no_value    25858.0      238.0      238.0
Failing Paths:             10600       1086        848        848
Leakage Power (mW):          0.1        0.3        0.3        0.3
Dynamic Power (mW):        161.6       48.9       49.0       49.0
Clk Tree Power (mW):     no_value   no_value   no_value   no_value
Area:                      86048      54821      54685      54685
Instances:                208829     107409     107034     107034
Utilization (%):            0.00       0.00       0.00       0.00
Tot. Net Length (um):   no_value   no_value   no_value   no_value
Avg. Net Length (um):   no_value   no_value   no_value   no_value
Total Overflow H:              0          0          0          0
Total Overflow V:              0          0          0          0
Route Overflow H (%):   no_value   no_value   no_value   no_value
Route Overflow V (%):   no_value   no_value   no_value   no_value
========================================================================================
CPU  Runtime (m:s):        01:59      07:25      02:22      02:06
Real Runtime (m:s):        02:40      12:44      02:29      02:14
CPU  Elapsed (m:s):        02:08      09:39      12:01      14:07
Real Elapsed (m:s):        02:43      15:27      17:56      20:10
Memory (MB):             2106.00    2119.00    2118.00    2118.00
========================================================================================

========================================================================================
Flow Settings:
========================================================================================
Total Runtime (m:s): 20:19
Total Memory (MB):   2118.00
Executable Version:  14.27
========================================================================================


