============================================================
  Generated by:           Encounter(R) RTL Compiler RC14.27 - v14.20-s064_1
  Generated on:           Sep 24 2016  10:56:48 am
  Module:                 GCM3LP_256
  Technology library:     <suppressed>
  Operating conditions:   <suppressed>
  Interconnect mode:      global
  Area mode:              physical library
============================================================

   Reason      Instance Name
-----------------------------
unloaded       str_reg[16]
constant 0     aes1/k0/RconOut_reg[7]
constant 0     aes1/k0/RconOut_reg[6]
constant 0     aes1/k0/RconOut_reg[5]
constant 0     aes1/k0/RconOut_reg[4]
constant 0     aes1/k0/RconOut_reg[3]
constant 0     aes1/k0/RconOut_reg[2]
constant 0     aes1/k0/RconOut_reg[0]
constant 0     aes1/k1/RconOut_reg[0]
constant 0     aes1/k1/RconOut_reg[2]
constant 0     aes1/k1/RconOut_reg[3]
constant 0     aes1/k1/RconOut_reg[4]
constant 0     aes1/k1/RconOut_reg[5]
constant 0     aes1/k1/RconOut_reg[6]
constant 0     aes1/k1/RconOut_reg[7]
constant 0     aes1/k2/RconOut_reg[1]
constant 0     aes1/k2/RconOut_reg[3]
constant 0     aes1/k2/RconOut_reg[4]
constant 0     aes1/k2/RconOut_reg[0]
constant 0     aes1/k2/RconOut_reg[5]
constant 0     aes1/k2/RconOut_reg[6]
constant 0     aes1/k2/RconOut_reg[7]
constant 0     aes1/k3/RconOut_reg[7]
constant 0     aes1/k3/RconOut_reg[6]
constant 0     aes1/k3/RconOut_reg[5]
constant 0     aes1/k3/RconOut_reg[4]
constant 0     aes1/k3/RconOut_reg[3]
constant 0     aes1/k3/RconOut_reg[1]
constant 0     aes1/k3/RconOut_reg[0]
constant 0     aes1/k4/RconOut_reg[4]
constant 0     aes1/k4/RconOut_reg[1]
constant 0     aes1/k4/RconOut_reg[7]
constant 0     aes1/k4/RconOut_reg[6]
constant 0     aes1/k4/RconOut_reg[5]
constant 0     aes1/k4/RconOut_reg[2]
constant 0     aes1/k4/RconOut_reg[0]
constant 0     aes1/k5/RconOut_reg[0]
constant 0     aes1/k5/RconOut_reg[1]
constant 0     aes1/k5/RconOut_reg[2]
constant 0     aes1/k5/RconOut_reg[4]
constant 0     aes1/k5/RconOut_reg[5]
constant 0     aes1/k5/RconOut_reg[6]
constant 0     aes1/k5/RconOut_reg[7]
constant 0     aes1/k6/RconOut_reg[1]
constant 0     aes1/k6/RconOut_reg[3]
constant 0     aes1/k6/RconOut_reg[0]
constant 0     aes1/k6/RconOut_reg[2]
constant 0     aes1/k6/RconOut_reg[5]
constant 0     aes1/k6/RconOut_reg[6]
constant 0     aes1/k6/RconOut_reg[7]
constant 0     aes1/k7/RconOut_reg[7]
constant 0     aes1/k7/RconOut_reg[6]
constant 0     aes1/k7/RconOut_reg[5]
constant 0     aes1/k7/RconOut_reg[3]
constant 0     aes1/k7/RconOut_reg[2]
constant 0     aes1/k7/RconOut_reg[1]
constant 0     aes1/k7/RconOut_reg[0]
constant 0     aes1/k8/RconOut_reg[4]
constant 0     aes1/k8/RconOut_reg[3]
constant 0     aes1/k8/RconOut_reg[1]
constant 0     aes1/k8/RconOut_reg[7]
constant 0     aes1/k8/RconOut_reg[6]
constant 0     aes1/k8/RconOut_reg[2]
constant 0     aes1/k8/RconOut_reg[0]
constant 0     aes1/k9/RconOut_reg[0]
constant 0     aes1/k9/RconOut_reg[1]
constant 0     aes1/k9/RconOut_reg[2]
constant 0     aes1/k9/RconOut_reg[3]
constant 0     aes1/k9/RconOut_reg[4]
constant 0     aes1/k9/RconOut_reg[6]
constant 0     aes1/k9/RconOut_reg[7]
constant 0     aes1/k10/RconOut_reg[1]
constant 0     aes1/k10/RconOut_reg[3]
constant 0     aes1/k10/RconOut_reg[4]
constant 0     aes1/k10/RconOut_reg[0]
constant 0     aes1/k10/RconOut_reg[2]
constant 0     aes1/k10/RconOut_reg[5]
constant 0     aes1/k10/RconOut_reg[7]
constant 0     aes1/k11/RconOut_reg[7]
constant 0     aes1/k11/RconOut_reg[5]
constant 0     aes1/k11/RconOut_reg[4]
constant 0     aes1/k11/RconOut_reg[3]
constant 0     aes1/k11/RconOut_reg[2]
constant 0     aes1/k11/RconOut_reg[1]
constant 0     aes1/k11/RconOut_reg[0]
constant 0     aes1/k12/RconOut_reg[4]
constant 0     aes1/k12/RconOut_reg[3]
constant 0     aes1/k12/RconOut_reg[1]
constant 0     aes1/k12/RconOut_reg[6]
constant 0     aes1/k12/RconOut_reg[5]
constant 0     aes1/k12/RconOut_reg[2]
constant 0     aes1/k12/RconOut_reg[0]
constant 0     aes1/k13/RconOut_reg[0]
constant 0     aes1/k13/RconOut_reg[1]
constant 0     aes1/k13/RconOut_reg[2]
constant 0     aes1/k13/RconOut_reg[3]
constant 0     aes1/k13/RconOut_reg[4]
constant 0     aes1/k13/RconOut_reg[5]
constant 0     aes1/k13/RconOut_reg[6]
unloaded       aes1/k12/RconOut_reg[7]
unloaded       aes1/k13/Qx_reg[0]
unloaded       aes1/k13/Qx_reg[100]
unloaded       aes1/k13/Qx_reg[101]
unloaded       aes1/k13/Qx_reg[102]
unloaded       aes1/k13/Qx_reg[103]
unloaded       aes1/k13/Qx_reg[104]
unloaded       aes1/k13/Qx_reg[105]
unloaded       aes1/k13/Qx_reg[106]
unloaded       aes1/k13/Qx_reg[107]
unloaded       aes1/k13/Qx_reg[108]
unloaded       aes1/k13/Qx_reg[109]
unloaded       aes1/k13/Qx_reg[10]
unloaded       aes1/k13/Qx_reg[110]
unloaded       aes1/k13/Qx_reg[111]
unloaded       aes1/k13/Qx_reg[112]
unloaded       aes1/k13/Qx_reg[113]
unloaded       aes1/k13/Qx_reg[114]
unloaded       aes1/k13/Qx_reg[115]
unloaded       aes1/k13/Qx_reg[116]
unloaded       aes1/k13/Qx_reg[117]
unloaded       aes1/k13/Qx_reg[118]
unloaded       aes1/k13/Qx_reg[119]
unloaded       aes1/k13/Qx_reg[11]
unloaded       aes1/k13/Qx_reg[120]
unloaded       aes1/k13/Qx_reg[121]
unloaded       aes1/k13/Qx_reg[122]
unloaded       aes1/k13/Qx_reg[123]
unloaded       aes1/k13/Qx_reg[124]
unloaded       aes1/k13/Qx_reg[125]
unloaded       aes1/k13/Qx_reg[126]
unloaded       aes1/k13/Qx_reg[127]
unloaded       aes1/k13/Qx_reg[12]
unloaded       aes1/k13/Qx_reg[13]
unloaded       aes1/k13/Qx_reg[14]
unloaded       aes1/k13/Qx_reg[15]
unloaded       aes1/k13/Qx_reg[16]
unloaded       aes1/k13/Qx_reg[17]
unloaded       aes1/k13/Qx_reg[18]
unloaded       aes1/k13/Qx_reg[19]
unloaded       aes1/k13/Qx_reg[1]
unloaded       aes1/k13/Qx_reg[20]
unloaded       aes1/k13/Qx_reg[21]
unloaded       aes1/k13/Qx_reg[22]
unloaded       aes1/k13/Qx_reg[23]
unloaded       aes1/k13/Qx_reg[24]
unloaded       aes1/k13/Qx_reg[25]
unloaded       aes1/k13/Qx_reg[26]
unloaded       aes1/k13/Qx_reg[27]
unloaded       aes1/k13/Qx_reg[28]
unloaded       aes1/k13/Qx_reg[29]
unloaded       aes1/k13/Qx_reg[2]
unloaded       aes1/k13/Qx_reg[30]
unloaded       aes1/k13/Qx_reg[31]
unloaded       aes1/k13/Qx_reg[32]
unloaded       aes1/k13/Qx_reg[33]
unloaded       aes1/k13/Qx_reg[34]
unloaded       aes1/k13/Qx_reg[35]
unloaded       aes1/k13/Qx_reg[36]
unloaded       aes1/k13/Qx_reg[37]
unloaded       aes1/k13/Qx_reg[38]
unloaded       aes1/k13/Qx_reg[39]
unloaded       aes1/k13/Qx_reg[3]
unloaded       aes1/k13/Qx_reg[40]
unloaded       aes1/k13/Qx_reg[41]
unloaded       aes1/k13/Qx_reg[42]
unloaded       aes1/k13/Qx_reg[43]
unloaded       aes1/k13/Qx_reg[44]
unloaded       aes1/k13/Qx_reg[45]
unloaded       aes1/k13/Qx_reg[46]
unloaded       aes1/k13/Qx_reg[47]
unloaded       aes1/k13/Qx_reg[48]
unloaded       aes1/k13/Qx_reg[49]
unloaded       aes1/k13/Qx_reg[4]
unloaded       aes1/k13/Qx_reg[50]
unloaded       aes1/k13/Qx_reg[51]
unloaded       aes1/k13/Qx_reg[52]
unloaded       aes1/k13/Qx_reg[53]
unloaded       aes1/k13/Qx_reg[54]
unloaded       aes1/k13/Qx_reg[55]
unloaded       aes1/k13/Qx_reg[56]
unloaded       aes1/k13/Qx_reg[57]
unloaded       aes1/k13/Qx_reg[58]
unloaded       aes1/k13/Qx_reg[59]
unloaded       aes1/k13/Qx_reg[5]
unloaded       aes1/k13/Qx_reg[60]
unloaded       aes1/k13/Qx_reg[61]
unloaded       aes1/k13/Qx_reg[62]
unloaded       aes1/k13/Qx_reg[63]
unloaded       aes1/k13/Qx_reg[64]
unloaded       aes1/k13/Qx_reg[65]
unloaded       aes1/k13/Qx_reg[66]
unloaded       aes1/k13/Qx_reg[67]
unloaded       aes1/k13/Qx_reg[68]
unloaded       aes1/k13/Qx_reg[69]
unloaded       aes1/k13/Qx_reg[6]
unloaded       aes1/k13/Qx_reg[70]
unloaded       aes1/k13/Qx_reg[71]
unloaded       aes1/k13/Qx_reg[72]
unloaded       aes1/k13/Qx_reg[73]
unloaded       aes1/k13/Qx_reg[74]
unloaded       aes1/k13/Qx_reg[75]
unloaded       aes1/k13/Qx_reg[76]
unloaded       aes1/k13/Qx_reg[77]
unloaded       aes1/k13/Qx_reg[78]
unloaded       aes1/k13/Qx_reg[79]
unloaded       aes1/k13/Qx_reg[7]
unloaded       aes1/k13/Qx_reg[80]
unloaded       aes1/k13/Qx_reg[81]
unloaded       aes1/k13/Qx_reg[82]
unloaded       aes1/k13/Qx_reg[83]
unloaded       aes1/k13/Qx_reg[84]
unloaded       aes1/k13/Qx_reg[85]
unloaded       aes1/k13/Qx_reg[86]
unloaded       aes1/k13/Qx_reg[87]
unloaded       aes1/k13/Qx_reg[88]
unloaded       aes1/k13/Qx_reg[89]
unloaded       aes1/k13/Qx_reg[8]
unloaded       aes1/k13/Qx_reg[90]
unloaded       aes1/k13/Qx_reg[91]
unloaded       aes1/k13/Qx_reg[92]
unloaded       aes1/k13/Qx_reg[93]
unloaded       aes1/k13/Qx_reg[94]
unloaded       aes1/k13/Qx_reg[95]
unloaded       aes1/k13/Qx_reg[96]
unloaded       aes1/k13/Qx_reg[97]
unloaded       aes1/k13/Qx_reg[98]
unloaded       aes1/k13/Qx_reg[99]
unloaded       aes1/k13/Qx_reg[9]
unloaded       aes1/k13/RconOut_reg[7]
