============================================================
  Generated by:           Encounter(R) RTL Compiler RC14.27 - v14.20-s064_1
  Generated on:           Sep 24 2016  11:01:45 am
  Module:                 GCM3LP_256
  Technology library:     <suppressed>
  Operating conditions:   <suppressed>
  Interconnect mode:      global
  Area mode:              physical library
============================================================

                                                       Leakage   Internal  
             Gate               Instances    Area    Power (mW) Power (mW)                        Library                       
--------------------------------------------------------------------------------------------------------------------------------
AN2D1BWP7D5T16P96CPDULVT              192     44.237      0.000      0.012    tcbn16ffplusllbwp7d5t16p96cpdulvtssgnp0p63v0c_ccs 
AN2D2BWP7D5T16P96CPDULVT               92     21.197      0.000      0.003    tcbn16ffplusllbwp7d5t16p96cpdulvtssgnp0p63v0c_ccs 
AN2D4BWP7D5T16P96CPDULVT                1      0.461      0.000      0.000    tcbn16ffplusllbwp7d5t16p96cpdulvtssgnp0p63v0c_ccs 
AOAI211D1BWP7D5T16P96CPDULVT            5      1.613      0.000      0.000    tcbn16ffplusllbwp7d5t16p96cpdulvtssgnp0p63v0c_ccs 
AOI21D1BWP7D5T16P96CPDULVT             87     20.045      0.000      0.009    tcbn16ffplusllbwp7d5t16p96cpdulvtssgnp0p63v0c_ccs 
AOI221D1BWP7D5T16P96CPDULVT           816    300.810      0.001      0.097    tcbn16ffplusllbwp7d5t16p96cpdulvtssgnp0p63v0c_ccs 
AOI22D1BWP7D5T16P96CPDULVT            102     28.201      0.000      0.015    tcbn16ffplusllbwp7d5t16p96cpdulvtssgnp0p63v0c_ccs 
AOI32D1BWP7D5T16P96CPDULVT             40     12.902      0.000      0.006    tcbn16ffplusllbwp7d5t16p96cpdulvtssgnp0p63v0c_ccs 
BUFFSKND1BWP7D5T16P96CPD              387     71.332      0.000      0.040    tcbn16ffplusglbwp7d5t16p96cpdssgnp0p63v0c_ccs     
CKAN2D1BWP7D5T16P96CPDULVT           1837    423.245      0.002      0.096    tcbn16ffplusllbwp7d5t16p96cpdulvtssgnp0p63v0c_ccs 
CKBD6BWP7D5T16P96CPDULVT                1      0.415      0.000      0.000    tcbn16ffplusllbwp7d5t16p96cpdulvtssgnp0p63v0c_ccs 
CKLNQD2BWP7D5T16P96CPDULVT              5      3.456      0.000      0.003    tcbn16ffplusllbwp7d5t16p96cpdulvtssgnp0p63v0c_ccs 
CKMUX2D1BWP7D5T16P96CPDULVT           377    156.349      0.001      0.076    tcbn16ffplusllbwp7d5t16p96cpdulvtssgnp0p63v0c_ccs 
CKND2D1BWP7D5T16P96CPDULVT           5506    761.149      0.000      0.088    tcbn16ffplusllbwp7d5t16p96cpdulvtssgnp0p63v0c_ccs 
CKND5BWP7D5T16P96CPDULVT                4      1.106      0.000      0.001    tcbn16ffplusllbwp7d5t16p96cpdulvtssgnp0p63v0c_ccs 
CKND6BWP7D5T16P96CPDULVT                3      0.968      0.000      0.000    tcbn16ffplusllbwp7d5t16p96cpdulvtssgnp0p63v0c_ccs 
CKOR2D1BWP7D5T16P96CPDULVT            139     32.026      0.000      0.024    tcbn16ffplusllbwp7d5t16p96cpdulvtssgnp0p63v0c_ccs 
CKXOR2D1BWP7D5T16P96CPDULVT          5510   2285.107      0.006      0.505    tcbn16ffplusllbwp7d5t16p96cpdulvtssgnp0p63v0c_ccs 
CKXOR2D2BWP7D5T16P96CPDULVT             1      0.507      0.000      0.000    tcbn16ffplusllbwp7d5t16p96cpdulvtssgnp0p63v0c_ccs 
CKXOR2D4BWP7D5T16P96CPDULVT             6      4.977      0.000      0.004    tcbn16ffplusllbwp7d5t16p96cpdulvtssgnp0p63v0c_ccs 
HA1D1BWP7D5T16P96CPDULVT             2016   1486.356      0.009      0.896    tcbn16ffplusllbwp7d5t16p96cpdulvtssgnp0p63v0c_ccs 
IAOI21D1BWP7D5T16P96CPDULVT            80     22.118      0.000      0.017    tcbn16ffplusllbwp7d5t16p96cpdulvtssgnp0p63v0c_ccs 
IND2D1BWP7D5T16P96CPDULVT            1736    399.974      0.002      0.193    tcbn16ffplusllbwp7d5t16p96cpdulvtssgnp0p63v0c_ccs 
INR2D1BWP7D5T16P96CPDULVT            3084    710.554      0.003      0.417    tcbn16ffplusllbwp7d5t16p96cpdulvtssgnp0p63v0c_ccs 
INR2D2BWP7D5T16P96CPDULVT               3      0.829      0.000      0.000    tcbn16ffplusllbwp7d5t16p96cpdulvtssgnp0p63v0c_ccs 
INVD1BWP7D5T16P96CPD                 1467    135.199      0.000      0.059    tcbn16ffplusglbwp7d5t16p96cpdssgnp0p63v0c_ccs     
INVD1BWP7D5T16P96CPDULVT             2341    215.747      0.002      0.142    tcbn16ffplusllbwp7d5t16p96cpdulvtssgnp0p63v0c_ccs 
INVD8BWP7D5T16P96CPDULVT                1      0.415      0.000      0.000    tcbn16ffplusllbwp7d5t16p96cpdulvtssgnp0p63v0c_ccs 
IOA21D1BWP7D5T16P96CPDULVT             35      9.677      0.000      0.007    tcbn16ffplusllbwp7d5t16p96cpdulvtssgnp0p63v0c_ccs 
IOAI21D1BWP7D5T16P96CPDULVT           868    239.985      0.001      0.104    tcbn16ffplusllbwp7d5t16p96cpdulvtssgnp0p63v0c_ccs 
MOAI22D1BWP7D5T16P96CPDULVT             8      2.949      0.000      0.001    tcbn16ffplusllbwp7d5t16p96cpdulvtssgnp0p63v0c_ccs 
MUX2ND1BWP7D5T16P96CPDULVT             28     12.902      0.000      0.008    tcbn16ffplusllbwp7d5t16p96cpdulvtssgnp0p63v0c_ccs 
ND2D1BWP7D5T16P96CPDULVT            13066   1806.244      0.001      0.312    tcbn16ffplusllbwp7d5t16p96cpdulvtssgnp0p63v0c_ccs 
ND3SKND1BWP7D5T16P96CPDULVT            52      9.585      0.000      0.005    tcbn16ffplusllbwp7d5t16p96cpdulvtssgnp0p63v0c_ccs 
NR2D1BWP7D5T16P96CPDULVT             2747    379.745      0.002      0.105    tcbn16ffplusllbwp7d5t16p96cpdulvtssgnp0p63v0c_ccs 
NR2D1P5BWP7D5T16P96CPDULVT              1      0.230      0.000      0.000    tcbn16ffplusllbwp7d5t16p96cpdulvtssgnp0p63v0c_ccs 
NR2D6BWP7D5T16P96CPDULVT                1      0.599      0.000      0.000    tcbn16ffplusllbwp7d5t16p96cpdulvtssgnp0p63v0c_ccs 
NR2SKPD1BWP7D5T16P96CPDULVT          2263    312.837      0.002      0.091    tcbn16ffplusllbwp7d5t16p96cpdulvtssgnp0p63v0c_ccs 
NR2SKPD6BWP7D5T16P96CPDULVT             1      0.599      0.000      0.000    tcbn16ffplusllbwp7d5t16p96cpdulvtssgnp0p63v0c_ccs 
NR2SKPD8BWP7D5T16P96CPDULVT             1      0.783      0.000      0.000    tcbn16ffplusllbwp7d5t16p96cpdulvtssgnp0p63v0c_ccs 
OA21D1BWP7D5T16P96CPDULVT               2      0.553      0.000      0.000    tcbn16ffplusllbwp7d5t16p96cpdulvtssgnp0p63v0c_ccs 
OAI221D1BWP7D5T16P96CPDULVT            97     35.758      0.000      0.017    tcbn16ffplusllbwp7d5t16p96cpdulvtssgnp0p63v0c_ccs 
OAI222D1BWP7D5T16P96CPDULVT            52     23.962      0.000      0.012    tcbn16ffplusllbwp7d5t16p96cpdulvtssgnp0p63v0c_ccs 
OAI22D1BWP7D5T16P96CPDULVT            408    112.804      0.000      0.046    tcbn16ffplusllbwp7d5t16p96cpdulvtssgnp0p63v0c_ccs 
OAI32D1BWP7D5T16P96CPDULVT            408    131.604      0.000      0.018    tcbn16ffplusllbwp7d5t16p96cpdulvtssgnp0p63v0c_ccs 
OAOI211D1BWP7D5T16P96CPDULVT          443    142.894      0.000      0.023    tcbn16ffplusllbwp7d5t16p96cpdulvtssgnp0p63v0c_ccs 
OR2D1BWP7D5T16P96CPDULVT              199     45.850      0.000      0.036    tcbn16ffplusllbwp7d5t16p96cpdulvtssgnp0p63v0c_ccs 
OR3D1BWP7D5T16P96CPDULVT               52     14.377      0.000      0.007    tcbn16ffplusllbwp7d5t16p96cpdulvtssgnp0p63v0c_ccs 
SDFCNQD1BWP7D5T16P96CPDULVT          5129   6144.952      0.020      5.491    tcbn16ffplusllbwp7d5t16p96cpdulvtssgnp0p63v0c_ccs 
SDFCNQD2BWP7D5T16P96CPDULVT            67     83.359      0.000      0.059    tcbn16ffplusllbwp7d5t16p96cpdulvtssgnp0p63v0c_ccs 
SDFCNQD4BWP7D5T16P96CPDULVT           387    624.154      0.003      0.430    tcbn16ffplusllbwp7d5t16p96cpdulvtssgnp0p63v0c_ccs 
SDFCSNQD1BWP7D5T16P96CPDULVT          445    656.179      0.001      0.369    tcbn16ffplusllbwp7d5t16p96cpdulvtssgnp0p63v0c_ccs 
SDFCSNQD2BWP7D5T16P96CPDULVT           50     76.032      0.000      0.038    tcbn16ffplusllbwp7d5t16p96cpdulvtssgnp0p63v0c_ccs 
SDFCSNQD4BWP7D5T16P96CPDULVT            1      1.751      0.000      0.001    tcbn16ffplusllbwp7d5t16p96cpdulvtssgnp0p63v0c_ccs 
SDFQD1BWP7D5T16P96CPDULVT            3296   3493.233      0.010      4.693    tcbn16ffplusllbwp7d5t16p96cpdulvtssgnp0p63v0c_ccs 
SDFSYNCNQD2BWP7D5T16P96CPDULVT          7     11.935      0.000      0.009    tcbn16ffplusllbwp7d5t16p96cpdulvtssgnp0p63v0c_ccs 
XNR2D1BWP7D5T16P96CPDULVT           12645   5244.134      0.027      2.644    tcbn16ffplusllbwp7d5t16p96cpdulvtssgnp0p63v0c_ccs 
XNR2D2BWP7D5T16P96CPDULVT              27     12.442      0.000      0.008    tcbn16ffplusllbwp7d5t16p96cpdulvtssgnp0p63v0c_ccs 
XNR3D1BWP7D5T16P96CPDULVT           11641   9655.511      0.064      4.944    tcbn16ffplusllbwp7d5t16p96cpdulvtssgnp0p63v0c_ccs 
XNR4D1BWP7D5T16P96CPDULVT            4528   5424.906      0.027      2.771    tcbn16ffplusllbwp7d5t16p96cpdulvtssgnp0p63v0c_ccs 
XNR4D2BWP7D5T16P96CPDULVT              14     17.418      0.000      0.001    tcbn16ffplusllbwp7d5t16p96cpdulvtssgnp0p63v0c_ccs 
XOR2D1BWP7D5T16P96CPDULVT           14954   6201.723      0.031      2.659    tcbn16ffplusllbwp7d5t16p96cpdulvtssgnp0p63v0c_ccs 
XOR2D2BWP7D5T16P96CPDLVT                5      2.304      0.000      0.001    tcbn16ffplusllbwp7d5t16p96cpdlvtssgnp0p63v0c_ccs  
XOR2D2BWP7D5T16P96CPDULVT             281    129.485      0.001      0.100    tcbn16ffplusllbwp7d5t16p96cpdulvtssgnp0p63v0c_ccs 
XOR2D4BWP7D5T16P96CPDULVT              11      9.124      0.000      0.006    tcbn16ffplusllbwp7d5t16p96cpdulvtssgnp0p63v0c_ccs 
XOR3D1BWP7D5T16P96CPDULVT            4986   4135.588      0.026      1.348    tcbn16ffplusllbwp7d5t16p96cpdulvtssgnp0p63v0c_ccs 
XOR3D2BWP7D5T16P96CPDULVT             153    133.955      0.001      0.015    tcbn16ffplusllbwp7d5t16p96cpdulvtssgnp0p63v0c_ccs 
XOR4D1BWP7D5T16P96CPDULVT            1798   2154.148      0.011      0.719    tcbn16ffplusllbwp7d5t16p96cpdulvtssgnp0p63v0c_ccs 
XOR4D2BWP7D5T16P96CPDULVT              38     47.278      0.000      0.009    tcbn16ffplusllbwp7d5t16p96cpdulvtssgnp0p63v0c_ccs 
--------------------------------------------------------------------------------------------------------------------------------
total                              107034  54684.841      0.257     29.814                                                      


                                                                                    Leakage  Leakage  Internal  Internal 
                     Library                      Instances Instances %    Area   Power (mW) Power % Power (mW)  Power % 
-------------------------------------------------------------------------------------------------------------------------
tcbn16ffplusglbwp7d5t16p96cpdssgnp0p63v0c_ccs          1854         1.7   206.531      0.000     0.0      0.099      0.3 
tcbn16ffplusllbwp7d5t16p96cpdlvtssgnp0p63v0c_ccs          5         0.0     2.304      0.000     0.0      0.001      0.0 
tcbn16ffplusllbwp7d5t16p96cpdulvtssgnp0p63v0c_ccs    105175        98.3 54476.006      0.257   100.0     29.714     99.7 

                                                          Leakage  Leakage  Internal  Internal 
            Type             Instances    Area   Area % Power (mW) Power % Power (mW)  Power % 
-----------------------------------------------------------------------------------------------
sequential                        9382 11091.594   20.3      0.035    13.7     11.089     37.2 
inverter                          3816   353.434    0.6      0.002     0.8      0.203      0.7 
buffer                             388    71.747    0.1      0.000     0.0      0.040      0.1 
clock_gating_integrated_cell         5     3.456    0.0      0.000     0.0      0.003      0.0 
logic                            93443 43164.611   78.9      0.220    85.4     18.479     62.0 
-----------------------------------------------------------------------------------------------
total                           107034 54684.841  100.0      0.257   100.0     29.814    100.0 

