============================================================
  Generated by:           Encounter(R) RTL Compiler RC14.27 - v14.20-s064_1
  Generated on:           Sep 24 2016  10:43:07 am
  Module:                 GCM3LP_256
  Technology libraries:   tcbn16ffplusglbwp7d5t16p96cpdssgnp0p63v0c_ccs 111
                          tcbn16ffplusglbwp7d5t16p96cpdmbssgnp0p63v0c_ccs 111
                          tcbn16ffplusllbwp7d5t16p96cpdlvtssgnp0p63v0c_ccs 111
                          tcbn16ffplusllbwp7d5t16p96cpdulvtssgnp0p63v0c_ccs 111
                          tcbn16ffplusglbwp7d5t16p96cpdmbulvtssgnp0p63v0c_ccs 111
                          tcbn16ffplusglbwp7d5t16p96cpdmblvtssgnp0p63v0c_ccs 111
  Operating conditions:   ssgnp0p63v0c 
  Interconnect mode:      global
  Area mode:              physical library
============================================================

                                  
   Type    Instances  Area Area % 
----------------------------------
sequential      9610 0.000    0.0 
inverter       40469 0.000    0.0 
logic         158750 0.000    0.0 
----------------------------------
total         208829 0.000    0.0 

