============================================================
  Generated by:           Encounter(R) RTL Compiler RC14.27 - v14.20-s064_1
  Generated on:           Sep 24 2016  10:43:10 am
  Module:                 GCM3LP_256
  Technology libraries:   tcbn16ffplusglbwp7d5t16p96cpdssgnp0p63v0c_ccs 111
                          tcbn16ffplusglbwp7d5t16p96cpdmbssgnp0p63v0c_ccs 111
                          tcbn16ffplusllbwp7d5t16p96cpdlvtssgnp0p63v0c_ccs 111
                          tcbn16ffplusllbwp7d5t16p96cpdulvtssgnp0p63v0c_ccs 111
                          tcbn16ffplusglbwp7d5t16p96cpdmbulvtssgnp0p63v0c_ccs 111
                          tcbn16ffplusglbwp7d5t16p96cpdmblvtssgnp0p63v0c_ccs 111
  Operating conditions:   ssgnp0p63v0c 
  Interconnect mode:      global
  Area mode:              physical library
============================================================

                           Leakage   Dynamic    Total   
     Instance       Cells Power(mW) Power(mW) Power(mW) 
--------------------------------------------------------
GCM3LP_256         208829     0.051   161.572   161.623 
  aes1             137554     0.038   108.651   108.689 
    k0               1231     0.001     0.778     0.779 
      sb0             173     0.000     0.074     0.074 
      sb1             173     0.000     0.070     0.070 
      sb2             173     0.000     0.071     0.071 
      sb3             173     0.000     0.071     0.071 
    k1               1231     0.001     1.045     1.046 
      sb0             173     0.000     0.088     0.088 
      sb1             173     0.000     0.089     0.089 
      sb2             173     0.000     0.087     0.087 
      sb3             173     0.000     0.088     0.088 
    k10              1231     0.001     1.398     1.399 
      sb0             173     0.000     0.149     0.149 
      sb1             173     0.000     0.149     0.149 
      sb2             173     0.000     0.149     0.149 
      sb3             173     0.000     0.149     0.149 
    k11              1231     0.001     1.398     1.399 
      sb0             173     0.000     0.150     0.150 
      sb1             173     0.000     0.146     0.146 
      sb2             173     0.000     0.149     0.149 
      sb3             173     0.000     0.151     0.151 
    k12              1231     0.001     1.399     1.401 
      sb0             173     0.000     0.149     0.149 
      sb1             173     0.000     0.148     0.148 
      sb2             173     0.000     0.148     0.148 
      sb3             173     0.000     0.152     0.152 
    k13              1231     0.001     1.283     1.284 
      sb0             173     0.000     0.149     0.149 
      sb1             173     0.000     0.149     0.149 
      sb2             173     0.000     0.150     0.150 
      sb3             173     0.000     0.150     0.150 
    k2               1231     0.001     1.426     1.428 
      sb0             173     0.000     0.154     0.154 
      sb1             173     0.000     0.156     0.156 
      sb2             173     0.000     0.154     0.154 
      sb3             173     0.000     0.154     0.154 
    k3               1231     0.001     1.402     1.403 
      sb0             173     0.000     0.149     0.149 
      sb1             173     0.000     0.148     0.148 
      sb2             173     0.000     0.148     0.148 
      sb3             173     0.000     0.149     0.149 
    k4               1231     0.001     1.403     1.404 
      sb0             173     0.000     0.149     0.149 
      sb1             173     0.000     0.149     0.149 
      sb2             173     0.000     0.149     0.149 
      sb3             173     0.000     0.149     0.149 
    k5               1231     0.001     1.404     1.405 
      sb0             173     0.000     0.149     0.149 
      sb1             173     0.000     0.149     0.149 
      sb2             173     0.000     0.152     0.152 
      sb3             173     0.000     0.148     0.148 
    k6               1231     0.001     1.402     1.404 
      sb0             173     0.000     0.149     0.149 
      sb1             173     0.000     0.148     0.148 
      sb2             173     0.000     0.150     0.150 
      sb3             173     0.000     0.150     0.150 
    k7               1231     0.001     1.404     1.406 
      sb0             173     0.000     0.150     0.150 
      sb1             173     0.000     0.151     0.151 
      sb2             173     0.000     0.147     0.147 
      sb3             173     0.000     0.151     0.151 
    k8               1231     0.001     1.404     1.405 
      sb0             173     0.000     0.150     0.150 
      sb1             173     0.000     0.150     0.150 
      sb2             173     0.000     0.150     0.150 
      sb3             173     0.000     0.151     0.151 
    k9               1231     0.001     1.398     1.400 
      sb0             173     0.000     0.150     0.150 
      sb1             173     0.000     0.148     0.148 
      sb2             173     0.000     0.149     0.149 
      sb3             173     0.000     0.149     0.149 
    eL0              4288     0.001     1.954     1.954 
      sb0             450     0.000     0.195     0.195 
      sb1             450     0.000     0.179     0.179 
      sb2             450     0.000     0.193     0.193 
      sb3             450     0.000     0.184     0.184 
      sb4             450     0.000     0.211     0.211 
      sb5             450     0.000     0.194     0.194 
      sb6             450     0.000     0.232     0.232 
      sb7             450     0.000     0.195     0.195 
      mcc0            108     0.000     0.068     0.068 
      mcc1            108     0.000     0.064     0.064 
      mcc2            108     0.000     0.055     0.055 
      mcc3            108     0.000     0.055     0.055 
    eL1              4288     0.001     2.595     2.595 
      sb0             450     0.000     0.240     0.240 
      sb1             450     0.000     0.253     0.253 
      sb2             450     0.000     0.278     0.278 
      sb3             450     0.000     0.219     0.219 
      sb4             450     0.000     0.250     0.250 
      sb5             450     0.000     0.244     0.244 
      sb6             450     0.000     0.216     0.216 
      sb7             450     0.000     0.274     0.274 
      mcc0            108     0.000     0.100     0.100 
      mcc1            108     0.000     0.101     0.101 
      mcc2            108     0.000     0.101     0.101 
      mcc3            108     0.000     0.100     0.100 
    eL10             4288     0.001     3.352     3.353 
      sb0             450     0.000     0.344     0.344 
      sb1             450     0.000     0.344     0.344 
      sb2             450     0.000     0.343     0.343 
      sb3             450     0.000     0.346     0.346 
      sb4             450     0.000     0.346     0.346 
      sb5             450     0.000     0.344     0.344 
      sb6             450     0.000     0.344     0.344 
      sb7             450     0.000     0.343     0.343 
      mcc0            108     0.000     0.096     0.096 
      mcc1            108     0.000     0.096     0.096 
      mcc2            108     0.000     0.096     0.096 
      mcc3            108     0.000     0.095     0.095 
    eL11             4288     0.001     3.344     3.345 
      sb0             450     0.000     0.344     0.344 
      sb1             450     0.000     0.344     0.345 
      sb2             450     0.000     0.343     0.344 
      sb3             450     0.000     0.344     0.344 
      sb4             450     0.000     0.344     0.344 
      sb5             450     0.000     0.342     0.342 
      sb6             450     0.000     0.341     0.341 
      sb7             450     0.000     0.343     0.343 
      mcc0            108     0.000     0.097     0.097 
      mcc1            108     0.000     0.096     0.096 
      mcc2            108     0.000     0.096     0.096 
      mcc3            108     0.000     0.096     0.096 
    eL12             4288     0.001     3.350     3.351 
      sb0             450     0.000     0.343     0.343 
      sb1             450     0.000     0.343     0.343 
      sb2             450     0.000     0.343     0.343 
      sb3             450     0.000     0.345     0.345 
      sb4             450     0.000     0.342     0.343 
      sb5             450     0.000     0.344     0.344 
      sb6             450     0.000     0.347     0.347 
      sb7             450     0.000     0.345     0.345 
      mcc0            108     0.000     0.097     0.097 
      mcc1            108     0.000     0.097     0.097 
      mcc2            108     0.000     0.096     0.096 
      mcc3            108     0.000     0.096     0.096 
    eL13             4288     0.001     3.324     3.324 
      sb0             450     0.000     0.343     0.343 
      sb1             450     0.000     0.343     0.343 
      sb2             450     0.000     0.343     0.343 
      sb3             450     0.000     0.342     0.342 
      sb4             450     0.000     0.344     0.344 
      sb5             450     0.000     0.344     0.344 
      sb6             450     0.000     0.346     0.346 
      sb7             450     0.000     0.342     0.342 
      mcc0            108     0.000     0.096     0.096 
      mcc1            108     0.000     0.096     0.096 
      mcc2            108     0.000     0.095     0.095 
      mcc3            108     0.000     0.096     0.096 
    eL2              4288     0.001     3.458     3.459 
      sb0             450     0.000     0.354     0.354 
      sb1             450     0.000     0.359     0.359 
      sb2             450     0.000     0.357     0.357 
      sb3             450     0.000     0.359     0.359 
      sb4             450     0.000     0.359     0.359 
      sb5             450     0.000     0.360     0.360 
      sb6             450     0.000     0.357     0.357 
      sb7             450     0.000     0.356     0.356 
      mcc0            108     0.000     0.096     0.096 
      mcc1            108     0.000     0.096     0.096 
      mcc2            108     0.000     0.096     0.096 
      mcc3            108     0.000     0.096     0.096 
    eL3              4288     0.001     3.351     3.352 
      sb0             450     0.000     0.341     0.341 
      sb1             450     0.000     0.344     0.344 
      sb2             450     0.000     0.344     0.344 
      sb3             450     0.000     0.344     0.344 
      sb4             450     0.000     0.348     0.348 
      sb5             450     0.000     0.344     0.344 
      sb6             450     0.000     0.346     0.346 
      sb7             450     0.000     0.341     0.341 
      mcc0            108     0.000     0.096     0.096 
      mcc1            108     0.000     0.096     0.096 
      mcc2            108     0.000     0.096     0.096 
      mcc3            108     0.000     0.097     0.097 
    eL4              4288     0.001     3.357     3.358 
      sb0             450     0.000     0.342     0.342 
      sb1             450     0.000     0.344     0.344 
      sb2             450     0.000     0.345     0.345 
      sb3             450     0.000     0.343     0.343 
      sb4             450     0.000     0.343     0.343 
      sb5             450     0.000     0.346     0.346 
      sb6             450     0.000     0.346     0.347 
      sb7             450     0.000     0.348     0.348 
      mcc0            108     0.000     0.097     0.097 
      mcc1            108     0.000     0.097     0.097 
      mcc2            108     0.000     0.096     0.096 
      mcc3            108     0.000     0.096     0.096 
    eL5              4288     0.001     3.349     3.350 
      sb0             450     0.000     0.342     0.342 
      sb1             450     0.000     0.346     0.347 
      sb2             450     0.000     0.344     0.344 
      sb3             450     0.000     0.345     0.345 
      sb4             450     0.000     0.344     0.344 
      sb5             450     0.000     0.342     0.342 
      sb6             450     0.000     0.346     0.346 
      sb7             450     0.000     0.343     0.343 
      mcc0            108     0.000     0.096     0.096 
      mcc1            108     0.000     0.096     0.096 
      mcc2            108     0.000     0.096     0.096 
      mcc3            108     0.000     0.096     0.096 
    eL6              4288     0.001     3.348     3.349 
      sb0             450     0.000     0.342     0.342 
      sb1             450     0.000     0.343     0.343 
      sb2             450     0.000     0.344     0.344 
      sb3             450     0.000     0.342     0.342 
      sb4             450     0.000     0.345     0.345 
      sb5             450     0.000     0.346     0.346 
      sb6             450     0.000     0.343     0.343 
      sb7             450     0.000     0.344     0.344 
      mcc0            108     0.000     0.096     0.096 
      mcc1            108     0.000     0.096     0.096 
      mcc2            108     0.000     0.097     0.097 
      mcc3            108     0.000     0.096     0.096 
    eL7              4288     0.001     3.358     3.359 
      sb0             450     0.000     0.345     0.345 
      sb1             450     0.000     0.343     0.343 
      sb2             450     0.000     0.345     0.345 
      sb3             450     0.000     0.346     0.346 
      sb4             450     0.000     0.345     0.345 
      sb5             450     0.000     0.344     0.344 
      sb6             450     0.000     0.343     0.343 
      sb7             450     0.000     0.347     0.347 
      mcc0            108     0.000     0.097     0.097 
      mcc1            108     0.000     0.096     0.096 
      mcc2            108     0.000     0.096     0.096 
      mcc3            108     0.000     0.096     0.096 
    eL8              4288     0.001     3.342     3.342 
      sb0             450     0.000     0.344     0.344 
      sb1             450     0.000     0.342     0.342 
      sb2             450     0.000     0.342     0.342 
      sb3             450     0.000     0.340     0.341 
      sb4             450     0.000     0.345     0.345 
      sb5             450     0.000     0.343     0.343 
      sb6             450     0.000     0.343     0.343 
      sb7             450     0.000     0.342     0.342 
      mcc0            108     0.000     0.096     0.096 
      mcc1            108     0.000     0.097     0.097 
      mcc2            108     0.000     0.097     0.097 
      mcc3            108     0.000     0.098     0.098 
    eL9              4288     0.001     3.349     3.349 
      sb0             450     0.000     0.344     0.344 
      sb1             450     0.000     0.345     0.345 
      sb2             450     0.000     0.341     0.341 
      sb3             450     0.000     0.345     0.345 
      sb4             450     0.000     0.343     0.343 
      sb5             450     0.000     0.344     0.344 
      sb6             450     0.000     0.342     0.343 
      sb7             450     0.000     0.343     0.343 
      mcc0            108     0.000     0.097     0.097 
      mcc1            108     0.000     0.097     0.097 
      mcc2            108     0.000     0.097     0.097 
      mcc3            108     0.000     0.097     0.097 
    eM0              4288     0.001     2.040     2.040 
      sb0             450     0.000     0.205     0.205 
      sb1             450     0.000     0.182     0.182 
      sb2             450     0.000     0.206     0.206 
      sb3             450     0.000     0.185     0.185 
      sb4             450     0.000     0.214     0.214 
      sb5             450     0.000     0.207     0.207 
      sb6             450     0.000     0.237     0.237 
      sb7             450     0.000     0.201     0.201 
      mcc0            108     0.000     0.070     0.070 
      mcc1            108     0.000     0.071     0.071 
      mcc2            108     0.000     0.063     0.063 
      mcc3            108     0.000     0.061     0.061 
    eM1              4288     0.001     2.754     2.755 
      sb0             450     0.000     0.266     0.266 
      sb1             450     0.000     0.266     0.266 
      sb2             450     0.000     0.288     0.288 
      sb3             450     0.000     0.250     0.250 
      sb4             450     0.000     0.265     0.265 
      sb5             450     0.000     0.267     0.267 
      sb6             450     0.000     0.244     0.244 
      sb7             450     0.000     0.285     0.285 
      mcc0            108     0.000     0.101     0.101 
      mcc1            108     0.000     0.100     0.100 
      mcc2            108     0.000     0.100     0.100 
      mcc3            108     0.000     0.101     0.101 
    eM10             4288     0.001     3.347     3.348 
      sb0             450     0.000     0.342     0.342 
      sb1             450     0.000     0.346     0.346 
      sb2             450     0.000     0.345     0.345 
      sb3             450     0.000     0.342     0.343 
      sb4             450     0.000     0.341     0.341 
      sb5             450     0.000     0.344     0.344 
      sb6             450     0.000     0.345     0.345 
      sb7             450     0.000     0.343     0.343 
      mcc0            108     0.000     0.097     0.097 
      mcc1            108     0.000     0.096     0.096 
      mcc2            108     0.000     0.097     0.097 
      mcc3            108     0.000     0.096     0.096 
    eM11             4288     0.001     3.344     3.344 
      sb0             450     0.000     0.345     0.345 
      sb1             450     0.000     0.345     0.345 
      sb2             450     0.000     0.343     0.344 
      sb3             450     0.000     0.343     0.343 
      sb4             450     0.000     0.340     0.340 
      sb5             450     0.000     0.344     0.344 
      sb6             450     0.000     0.344     0.344 
      sb7             450     0.000     0.342     0.342 
      mcc0            108     0.000     0.097     0.097 
      mcc1            108     0.000     0.096     0.096 
      mcc2            108     0.000     0.095     0.095 
      mcc3            108     0.000     0.096     0.096 
    eM12             4288     0.001     3.353     3.354 
      sb0             450     0.000     0.343     0.343 
      sb1             450     0.000     0.345     0.345 
      sb2             450     0.000     0.344     0.344 
      sb3             450     0.000     0.345     0.345 
      sb4             450     0.000     0.345     0.345 
      sb5             450     0.000     0.344     0.344 
      sb6             450     0.000     0.342     0.342 
      sb7             450     0.000     0.346     0.346 
      mcc0            108     0.000     0.097     0.097 
      mcc1            108     0.000     0.096     0.096 
      mcc2            108     0.000     0.097     0.097 
      mcc3            108     0.000     0.096     0.096 
    eM13             4288     0.001     3.422     3.423 
      sb0             450     0.000     0.342     0.342 
      sb1             450     0.000     0.345     0.346 
      sb2             450     0.000     0.346     0.346 
      sb3             450     0.000     0.344     0.344 
      sb4             450     0.000     0.345     0.345 
      sb5             450     0.000     0.343     0.343 
      sb6             450     0.000     0.346     0.346 
      sb7             450     0.000     0.343     0.343 
      mcc0            108     0.000     0.096     0.096 
      mcc1            108     0.000     0.096     0.096 
      mcc2            108     0.000     0.097     0.097 
      mcc3            108     0.000     0.097     0.097 
    eM2              4288     0.001     3.451     3.451 
      sb0             450     0.000     0.355     0.355 
      sb1             450     0.000     0.355     0.355 
      sb2             450     0.000     0.358     0.358 
      sb3             450     0.000     0.357     0.357 
      sb4             450     0.000     0.355     0.355 
      sb5             450     0.000     0.358     0.358 
      sb6             450     0.000     0.355     0.355 
      sb7             450     0.000     0.357     0.357 
      mcc0            108     0.000     0.096     0.096 
      mcc1            108     0.000     0.096     0.096 
      mcc2            108     0.000     0.097     0.097 
      mcc3            108     0.000     0.097     0.097 
    eM3              4288     0.001     3.353     3.354 
      sb0             450     0.000     0.342     0.342 
      sb1             450     0.000     0.343     0.343 
      sb2             450     0.000     0.346     0.346 
      sb3             450     0.000     0.343     0.343 
      sb4             450     0.000     0.344     0.344 
      sb5             450     0.000     0.342     0.342 
      sb6             450     0.000     0.347     0.347 
      sb7             450     0.000     0.348     0.348 
      mcc0            108     0.000     0.096     0.096 
      mcc1            108     0.000     0.096     0.096 
      mcc2            108     0.000     0.096     0.096 
      mcc3            108     0.000     0.097     0.097 
    eM4              4288     0.001     3.349     3.349 
      sb0             450     0.000     0.343     0.343 
      sb1             450     0.000     0.345     0.345 
      sb2             450     0.000     0.343     0.343 
      sb3             450     0.000     0.343     0.343 
      sb4             450     0.000     0.345     0.345 
      sb5             450     0.000     0.342     0.342 
      sb6             450     0.000     0.343     0.343 
      sb7             450     0.000     0.344     0.344 
      mcc0            108     0.000     0.097     0.097 
      mcc1            108     0.000     0.096     0.096 
      mcc2            108     0.000     0.096     0.096 
      mcc3            108     0.000     0.096     0.096 
    eM5              4288     0.001     3.355     3.355 
      sb0             450     0.000     0.346     0.346 
      sb1             450     0.000     0.346     0.346 
      sb2             450     0.000     0.344     0.344 
      sb3             450     0.000     0.346     0.346 
      sb4             450     0.000     0.342     0.342 
      sb5             450     0.000     0.343     0.343 
      sb6             450     0.000     0.345     0.346 
      sb7             450     0.000     0.344     0.344 
      mcc0            108     0.000     0.096     0.096 
      mcc1            108     0.000     0.096     0.096 
      mcc2            108     0.000     0.096     0.096 
      mcc3            108     0.000     0.096     0.096 
    eM6              4288     0.001     3.343     3.344 
      sb0             450     0.000     0.341     0.341 
      sb1             450     0.000     0.344     0.344 
      sb2             450     0.000     0.344     0.344 
      sb3             450     0.000     0.343     0.343 
      sb4             450     0.000     0.343     0.343 
      sb5             450     0.000     0.344     0.344 
      sb6             450     0.000     0.343     0.343 
      sb7             450     0.000     0.344     0.344 
      mcc0            108     0.000     0.096     0.096 
      mcc1            108     0.000     0.096     0.096 
      mcc2            108     0.000     0.096     0.096 
      mcc3            108     0.000     0.096     0.096 
    eM7              4288     0.001     3.350     3.351 
      sb0             450     0.000     0.344     0.344 
      sb1             450     0.000     0.343     0.343 
      sb2             450     0.000     0.346     0.346 
      sb3             450     0.000     0.344     0.344 
      sb4             450     0.000     0.344     0.345 
      sb5             450     0.000     0.343     0.343 
      sb6             450     0.000     0.343     0.343 
      sb7             450     0.000     0.343     0.343 
      mcc0            108     0.000     0.096     0.096 
      mcc1            108     0.000     0.097     0.097 
      mcc2            108     0.000     0.097     0.097 
      mcc3            108     0.000     0.096     0.096 
    eM8              4288     0.001     3.344     3.345 
      sb0             450     0.000     0.342     0.342 
      sb1             450     0.000     0.344     0.345 
      sb2             450     0.000     0.343     0.343 
      sb3             450     0.000     0.342     0.342 
      sb4             450     0.000     0.344     0.344 
      sb5             450     0.000     0.339     0.339 
      sb6             450     0.000     0.345     0.345 
      sb7             450     0.000     0.345     0.345 
      mcc0            108     0.000     0.096     0.096 
      mcc1            108     0.000     0.097     0.097 
      mcc2            108     0.000     0.096     0.096 
      mcc3            108     0.000     0.096     0.096 
    eM9              4288     0.001     3.353     3.353 
      sb0             450     0.000     0.345     0.345 
      sb1             450     0.000     0.344     0.344 
      sb2             450     0.000     0.345     0.345 
      sb3             450     0.000     0.345     0.345 
      sb4             450     0.000     0.343     0.343 
      sb5             450     0.000     0.345     0.345 
      sb6             450     0.000     0.342     0.342 
      sb7             450     0.000     0.344     0.344 
      mcc0            108     0.000     0.096     0.096 
      mcc1            108     0.000     0.096     0.096 
      mcc2            108     0.000     0.097     0.097 
      mcc3            108     0.000     0.096     0.096 
  gmL               22288     0.000    12.509    12.509 
    PH               7021     0.000     3.811     3.811 
      PH             2255     0.000     1.169     1.169 
        PH            709     0.000     0.347     0.347 
          PH          215     0.000     0.100     0.100 
            PH         61     0.000     0.025     0.025 
            PL         61     0.000     0.021     0.021 
            PM         61     0.000     0.018     0.018 
          PL          215     0.000     0.086     0.086 
            PH         61     0.000     0.019     0.019 
            PL         61     0.000     0.020     0.020 
            PM         61     0.000     0.017     0.017 
          PM          215     0.000     0.086     0.086 
            PH         61     0.000     0.021     0.021 
            PL         61     0.000     0.020     0.020 
            PM         61     0.000     0.019     0.019 
        PL            709     0.000     0.338     0.338 
          PH          215     0.000     0.091     0.091 
            PH         61     0.000     0.020     0.020 
            PL         61     0.000     0.022     0.022 
            PM         61     0.000     0.019     0.019 
          PL          215     0.000     0.093     0.093 
            PH         61     0.000     0.021     0.021 
            PL         61     0.000     0.022     0.022 
            PM         61     0.000     0.019     0.019 
          PM          215     0.000     0.088     0.088 
            PH         61     0.000     0.020     0.020 
            PL         61     0.000     0.021     0.021 
            PM         61     0.000     0.020     0.020 
        PM            709     0.000     0.330     0.330 
          PH          215     0.000     0.089     0.089 
            PH         61     0.000     0.019     0.019 
            PL         61     0.000     0.021     0.021 
            PM         61     0.000     0.020     0.020 
          PL          215     0.000     0.092     0.092 
            PH         61     0.000     0.022     0.022 
            PL         61     0.000     0.021     0.021 
            PM         61     0.000     0.020     0.020 
          PM          215     0.000     0.088     0.088 
            PH         61     0.000     0.022     0.022 
            PL         61     0.000     0.021     0.021 
            PM         61     0.000     0.018     0.018 
      PL             2255     0.000     1.165     1.165 
        PH            709     0.000     0.331     0.331 
          PH          215     0.000     0.092     0.092 
            PH         61     0.000     0.023     0.023 
            PL         61     0.000     0.020     0.020 
            PM         61     0.000     0.018     0.018 
          PL          215     0.000     0.089     0.089 
            PH         61     0.000     0.019     0.019 
            PL         61     0.000     0.022     0.022 
            PM         61     0.000     0.018     0.018 
          PM          215     0.000     0.084     0.084 
            PH         61     0.000     0.020     0.020 
            PL         61     0.000     0.020     0.020 
            PM         61     0.000     0.018     0.018 
        PL            709     0.000     0.349     0.349 
          PH          215     0.000     0.091     0.091 
            PH         61     0.000     0.021     0.021 
            PL         61     0.000     0.021     0.021 
            PM         61     0.000     0.019     0.019 
          PL          215     0.000     0.099     0.099 
            PH         61     0.000     0.019     0.019 
            PL         61     0.000     0.026     0.026 
            PM         61     0.000     0.020     0.020 
          PM          215     0.000     0.085     0.085 
            PH         61     0.000     0.019     0.019 
            PL         61     0.000     0.020     0.020 
            PM         61     0.000     0.019     0.019 
        PM            709     0.000     0.331     0.331 
          PH          215     0.000     0.093     0.093 
            PH         61     0.000     0.022     0.022 
            PL         61     0.000     0.023     0.023 
            PM         61     0.000     0.019     0.019 
          PL          215     0.000     0.089     0.089 
            PH         61     0.000     0.021     0.021 
            PL         61     0.000     0.020     0.020 
            PM         61     0.000     0.019     0.019 
          PM          215     0.000     0.089     0.089 
            PH         61     0.000     0.021     0.021 
            PL         61     0.000     0.020     0.020 
            PM         61     0.000     0.021     0.021 
      PM             2255     0.000     1.136     1.136 
        PH            709     0.000     0.340     0.340 
          PH          215     0.000     0.093     0.093 
            PH         61     0.000     0.021     0.021 
            PL         61     0.000     0.022     0.022 
            PM         61     0.000     0.020     0.020 
          PL          215     0.000     0.092     0.092 
            PH         61     0.000     0.019     0.019 
            PL         61     0.000     0.022     0.022 
            PM         61     0.000     0.020     0.020 
          PM          215     0.000     0.091     0.091 
            PH         61     0.000     0.022     0.022 
            PL         61     0.000     0.022     0.022 
            PM         61     0.000     0.020     0.020 
        PL            709     0.000     0.334     0.334 
          PH          215     0.000     0.090     0.090 
            PH         61     0.000     0.020     0.020 
            PL         61     0.000     0.020     0.020 
            PM         61     0.000     0.020     0.020 
          PL          215     0.000     0.091     0.091 
            PH         61     0.000     0.021     0.021 
            PL         61     0.000     0.022     0.022 
            PM         61     0.000     0.018     0.018 
          PM          215     0.000     0.089     0.089 
            PH         61     0.000     0.022     0.022 
            PL         61     0.000     0.021     0.021 
            PM         61     0.000     0.019     0.019 
        PM            709     0.000     0.332     0.332 
          PH          215     0.000     0.093     0.093 
            PH         61     0.000     0.023     0.023 
            PL         61     0.000     0.020     0.020 
            PM         61     0.000     0.021     0.021 
          PL          215     0.000     0.092     0.092 
            PH         61     0.000     0.021     0.021 
            PL         61     0.000     0.021     0.021 
            PM         61     0.000     0.020     0.020 
          PM          215     0.000     0.087     0.087 
            PH         61     0.000     0.021     0.021 
            PL         61     0.000     0.020     0.020 
            PM         61     0.000     0.020     0.020 
    PL               7021     0.000     3.697     3.697 
      PH             2255     0.000     1.146     1.146 
        PH            709     0.000     0.339     0.339 
          PH          215     0.000     0.093     0.093 
            PH         61     0.000     0.022     0.022 
            PL         61     0.000     0.021     0.021 
            PM         61     0.000     0.019     0.019 
          PL          215     0.000     0.090     0.090 
            PH         61     0.000     0.020     0.020 
            PL         61     0.000     0.022     0.022 
            PM         61     0.000     0.019     0.019 
          PM          215     0.000     0.088     0.088 
            PH         61     0.000     0.022     0.022 
            PL         61     0.000     0.021     0.021 
            PM         61     0.000     0.018     0.018 
        PL            709     0.000     0.336     0.336 
          PH          215     0.000     0.091     0.091 
            PH         61     0.000     0.022     0.022 
            PL         61     0.000     0.020     0.020 
            PM         61     0.000     0.019     0.019 
          PL          215     0.000     0.093     0.093 
            PH         61     0.000     0.021     0.021 
            PL         61     0.000     0.023     0.023 
            PM         61     0.000     0.019     0.019 
          PM          215     0.000     0.086     0.086 
            PH         61     0.000     0.020     0.020 
            PL         61     0.000     0.020     0.020 
            PM         61     0.000     0.019     0.019 
        PM            709     0.000     0.332     0.332 
          PH          215     0.000     0.091     0.091 
            PH         61     0.000     0.022     0.022 
            PL         61     0.000     0.021     0.021 
            PM         61     0.000     0.019     0.019 
          PL          215     0.000     0.091     0.091 
            PH         61     0.000     0.023     0.023 
            PL         61     0.000     0.021     0.021 
            PM         61     0.000     0.018     0.018 
          PM          215     0.000     0.090     0.090 
            PH         61     0.000     0.021     0.021 
            PL         61     0.000     0.021     0.021 
            PM         61     0.000     0.020     0.020 
      PL             2255     0.000     1.140     1.140 
        PH            709     0.000     0.331     0.331 
          PH          215     0.000     0.092     0.092 
            PH         61     0.000     0.022     0.022 
            PL         61     0.000     0.020     0.020 
            PM         61     0.000     0.019     0.019 
          PL          215     0.000     0.087     0.087 
            PH         61     0.000     0.019     0.019 
            PL         61     0.000     0.022     0.022 
            PM         61     0.000     0.017     0.017 
          PM          215     0.000     0.086     0.086 
            PH         61     0.000     0.020     0.020 
            PL         61     0.000     0.021     0.021 
            PM         61     0.000     0.018     0.018 
        PL            709     0.000     0.339     0.339 
          PH          215     0.000     0.091     0.091 
            PH         61     0.000     0.020     0.020 
            PL         61     0.000     0.020     0.020 
            PM         61     0.000     0.020     0.020 
          PL          215     0.000     0.093     0.093 
            PH         61     0.000     0.019     0.019 
            PL         61     0.000     0.024     0.024 
            PM         61     0.000     0.018     0.018 
          PM          215     0.000     0.087     0.087 
            PH         61     0.000     0.019     0.019 
            PL         61     0.000     0.021     0.021 
            PM         61     0.000     0.020     0.020 
        PM            709     0.000     0.330     0.330 
          PH          215     0.000     0.091     0.091 
            PH         61     0.000     0.021     0.021 
            PL         61     0.000     0.022     0.022 
            PM         61     0.000     0.019     0.019 
          PL          215     0.000     0.089     0.089 
            PH         61     0.000     0.021     0.021 
            PL         61     0.000     0.021     0.021 
            PM         61     0.000     0.018     0.018 
          PM          215     0.000     0.089     0.089 
            PH         61     0.000     0.022     0.022 
            PL         61     0.000     0.020     0.020 
            PM         61     0.000     0.021     0.021 
      PM             2255     0.000     1.126     1.126 
        PH            709     0.000     0.327     0.327 
          PH          215     0.000     0.088     0.088 
            PH         61     0.000     0.020     0.020 
            PL         61     0.000     0.019     0.019 
            PM         61     0.000     0.018     0.018 
          PL          215     0.000     0.090     0.090 
            PH         61     0.000     0.021     0.021 
            PL         61     0.000     0.022     0.022 
            PM         61     0.000     0.018     0.018 
          PM          215     0.000     0.085     0.085 
            PH         61     0.000     0.020     0.020 
            PL         61     0.000     0.019     0.019 
            PM         61     0.000     0.018     0.018 
        PL            709     0.000     0.336     0.336 
          PH          215     0.000     0.092     0.092 
            PH         61     0.000     0.022     0.022 
            PL         61     0.000     0.020     0.020 
            PM         61     0.000     0.019     0.019 
          PL          215     0.000     0.092     0.092 
            PH         61     0.000     0.020     0.020 
            PL         61     0.000     0.022     0.022 
            PM         61     0.000     0.020     0.020 
          PM          215     0.000     0.087     0.087 
            PH         61     0.000     0.021     0.021 
            PL         61     0.000     0.021     0.021 
            PM         61     0.000     0.018     0.018 
        PM            709     0.000     0.334     0.334 
          PH          215     0.000     0.094     0.094 
            PH         61     0.000     0.022     0.022 
            PL         61     0.000     0.022     0.022 
            PM         61     0.000     0.020     0.020 
          PL          215     0.000     0.092     0.092 
            PH         61     0.000     0.020     0.020 
            PL         61     0.000     0.022     0.022 
            PM         61     0.000     0.020     0.020 
          PM          215     0.000     0.087     0.087 
            PH         61     0.000     0.022     0.022 
            PL         61     0.000     0.019     0.019 
            PM         61     0.000     0.019     0.019 
    PM               7021     0.000     3.755     3.755 
      PH             2255     0.000     1.160     1.160 
        PH            709     0.000     0.348     0.348 
          PH          215     0.000     0.098     0.098 
            PH         61     0.000     0.023     0.023 
            PL         61     0.000     0.023     0.023 
            PM         61     0.000     0.020     0.020 
          PL          215     0.000     0.094     0.094 
            PH         61     0.000     0.021     0.021 
            PL         61     0.000     0.023     0.023 
            PM         61     0.000     0.019     0.019 
          PM          215     0.000     0.089     0.089 
            PH         61     0.000     0.021     0.021 
            PL         61     0.000     0.020     0.020 
            PM         61     0.000     0.021     0.021 
        PL            709     0.000     0.338     0.338 
          PH          215     0.000     0.090     0.090 
            PH         61     0.000     0.021     0.021 
            PL         61     0.000     0.021     0.021 
            PM         61     0.000     0.018     0.018 
          PL          215     0.000     0.090     0.090 
            PH         61     0.000     0.020     0.020 
            PL         61     0.000     0.021     0.021 
            PM         61     0.000     0.018     0.018 
          PM          215     0.000     0.092     0.092 
            PH         61     0.000     0.022     0.022 
            PL         61     0.000     0.021     0.021 
            PM         61     0.000     0.021     0.021 
        PM            709     0.000     0.335     0.335 
          PH          215     0.000     0.094     0.094 
            PH         61     0.000     0.022     0.022 
            PL         61     0.000     0.022     0.022 
            PM         61     0.000     0.020     0.020 
          PL          215     0.000     0.092     0.092 
            PH         61     0.000     0.022     0.022 
            PL         61     0.000     0.021     0.021 
            PM         61     0.000     0.020     0.020 
          PM          215     0.000     0.087     0.087 
            PH         61     0.000     0.021     0.021 
            PL         61     0.000     0.019     0.019 
            PM         61     0.000     0.019     0.019 
      PL             2255     0.000     1.161     1.161 
        PH            709     0.000     0.347     0.347 
          PH          215     0.000     0.097     0.097 
            PH         61     0.000     0.023     0.023 
            PL         61     0.000     0.022     0.022 
            PM         61     0.000     0.020     0.020 
          PL          215     0.000     0.094     0.094 
            PH         61     0.000     0.023     0.023 
            PL         61     0.000     0.021     0.021 
            PM         61     0.000     0.019     0.019 
          PM          215     0.000     0.089     0.089 
            PH         61     0.000     0.021     0.021 
            PL         61     0.000     0.020     0.020 
            PM         61     0.000     0.020     0.020 
        PL            709     0.000     0.342     0.342 
          PH          215     0.000     0.089     0.089 
            PH         61     0.000     0.019     0.019 
            PL         61     0.000     0.022     0.022 
            PM         61     0.000     0.019     0.019 
          PL          215     0.000     0.095     0.095 
            PH         61     0.000     0.021     0.021 
            PL         61     0.000     0.024     0.024 
            PM         61     0.000     0.019     0.019 
          PM          215     0.000     0.090     0.090 
            PH         61     0.000     0.021     0.021 
            PL         61     0.000     0.022     0.022 
            PM         61     0.000     0.019     0.019 
        PM            709     0.000     0.333     0.333 
          PH          215     0.000     0.089     0.089 
            PH         61     0.000     0.021     0.021 
            PL         61     0.000     0.020     0.020 
            PM         61     0.000     0.018     0.018 
          PL          215     0.000     0.092     0.092 
            PH         61     0.000     0.023     0.023 
            PL         61     0.000     0.021     0.021 
            PM         61     0.000     0.020     0.020 
          PM          215     0.000     0.092     0.092 
            PH         61     0.000     0.022     0.022 
            PL         61     0.000     0.021     0.021 
            PM         61     0.000     0.021     0.021 
      PM             2255     0.000     1.159     1.159 
        PH            709     0.000     0.346     0.346 
          PH          215     0.000     0.095     0.095 
            PH         61     0.000     0.022     0.022 
            PL         61     0.000     0.022     0.022 
            PM         61     0.000     0.020     0.020 
          PL          215     0.000     0.096     0.096 
            PH         61     0.000     0.023     0.023 
            PL         61     0.000     0.022     0.022 
            PM         61     0.000     0.020     0.020 
          PM          215     0.000     0.090     0.090 
            PH         61     0.000     0.021     0.021 
            PL         61     0.000     0.021     0.021 
            PM         61     0.000     0.021     0.021 
        PL            709     0.000     0.346     0.346 
          PH          215     0.000     0.093     0.093 
            PH         61     0.000     0.023     0.023 
            PL         61     0.000     0.021     0.021 
            PM         61     0.000     0.019     0.019 
          PL          215     0.000     0.097     0.097 
            PH         61     0.000     0.022     0.022 
            PL         61     0.000     0.022     0.022 
            PM         61     0.000     0.021     0.021 
          PM          215     0.000     0.090     0.090 
            PH         61     0.000     0.022     0.022 
            PL         61     0.000     0.022     0.022 
            PM         61     0.000     0.020     0.020 
        PM            709     0.000     0.336     0.336 
          PH          215     0.000     0.093     0.093 
            PH         61     0.000     0.022     0.022 
            PL         61     0.000     0.021     0.021 
            PM         61     0.000     0.020     0.020 
          PL          215     0.000     0.092     0.092 
            PH         61     0.000     0.021     0.021 
            PL         61     0.000     0.023     0.023 
            PM         61     0.000     0.019     0.019 
          PM          215     0.000     0.090     0.090 
            PH         61     0.000     0.021     0.021 
            PL         61     0.000     0.022     0.022 
            PM         61     0.000     0.019     0.019 
  gmM               22288     0.000    12.486    12.487 
    PH               7021     0.000     3.820     3.820 
      PH             2255     0.000     1.170     1.170 
        PH            709     0.000     0.351     0.351 
          PH          215     0.000     0.100     0.100 
            PH         61     0.000     0.025     0.025 
            PL         61     0.000     0.020     0.020 
            PM         61     0.000     0.019     0.019 
          PL          215     0.000     0.086     0.086 
            PH         61     0.000     0.019     0.019 
            PL         61     0.000     0.021     0.021 
            PM         61     0.000     0.017     0.017 
          PM          215     0.000     0.089     0.089 
            PH         61     0.000     0.023     0.023 
            PL         61     0.000     0.020     0.020 
            PM         61     0.000     0.019     0.019 
        PL            709     0.000     0.335     0.336 
          PH          215     0.000     0.090     0.090 
            PH         61     0.000     0.020     0.020 
            PL         61     0.000     0.021     0.021 
            PM         61     0.000     0.019     0.019 
          PL          215     0.000     0.092     0.092 
            PH         61     0.000     0.020     0.020 
            PL         61     0.000     0.022     0.022 
            PM         61     0.000     0.020     0.020 
          PM          215     0.000     0.088     0.088 
            PH         61     0.000     0.020     0.020 
            PL         61     0.000     0.021     0.021 
            PM         61     0.000     0.020     0.020 
        PM            709     0.000     0.331     0.331 
          PH          215     0.000     0.091     0.091 
            PH         61     0.000     0.020     0.020 
            PL         61     0.000     0.021     0.021 
            PM         61     0.000     0.020     0.020 
          PL          215     0.000     0.093     0.093 
            PH         61     0.000     0.022     0.022 
            PL         61     0.000     0.021     0.021 
            PM         61     0.000     0.020     0.020 
          PM          215     0.000     0.087     0.087 
            PH         61     0.000     0.022     0.022 
            PL         61     0.000     0.021     0.021 
            PM         61     0.000     0.017     0.017 
      PL             2255     0.000     1.174     1.174 
        PH            709     0.000     0.336     0.336 
          PH          215     0.000     0.092     0.092 
            PH         61     0.000     0.022     0.022 
            PL         61     0.000     0.021     0.021 
            PM         61     0.000     0.018     0.018 
          PL          215     0.000     0.091     0.091 
            PH         61     0.000     0.020     0.020 
            PL         61     0.000     0.022     0.022 
            PM         61     0.000     0.019     0.019 
          PM          215     0.000     0.087     0.087 
            PH         61     0.000     0.021     0.021 
            PL         61     0.000     0.021     0.021 
            PM         61     0.000     0.018     0.018 
        PL            709     0.000     0.348     0.348 
          PH          215     0.000     0.090     0.090 
            PH         61     0.000     0.021     0.021 
            PL         61     0.000     0.021     0.021 
            PM         61     0.000     0.019     0.019 
          PL          215     0.000     0.099     0.099 
            PH         61     0.000     0.019     0.019 
            PL         61     0.000     0.025     0.025 
            PM         61     0.000     0.020     0.020 
          PM          215     0.000     0.085     0.085 
            PH         61     0.000     0.019     0.019 
            PL         61     0.000     0.021     0.021 
            PM         61     0.000     0.019     0.019 
        PM            709     0.000     0.336     0.336 
          PH          215     0.000     0.094     0.094 
            PH         61     0.000     0.022     0.022 
            PL         61     0.000     0.023     0.023 
            PM         61     0.000     0.020     0.020 
          PL          215     0.000     0.091     0.091 
            PH         61     0.000     0.021     0.021 
            PL         61     0.000     0.021     0.021 
            PM         61     0.000     0.020     0.020 
          PM          215     0.000     0.090     0.090 
            PH         61     0.000     0.021     0.021 
            PL         61     0.000     0.020     0.020 
            PM         61     0.000     0.020     0.020 
      PM             2255     0.000     1.135     1.135 
        PH            709     0.000     0.340     0.340 
          PH          215     0.000     0.092     0.092 
            PH         61     0.000     0.022     0.022 
            PL         61     0.000     0.022     0.022 
            PM         61     0.000     0.019     0.019 
          PL          215     0.000     0.092     0.092 
            PH         61     0.000     0.019     0.019 
            PL         61     0.000     0.022     0.022 
            PM         61     0.000     0.020     0.020 
          PM          215     0.000     0.090     0.090 
            PH         61     0.000     0.022     0.022 
            PL         61     0.000     0.022     0.022 
            PM         61     0.000     0.020     0.020 
        PL            709     0.000     0.332     0.332 
          PH          215     0.000     0.089     0.089 
            PH         61     0.000     0.020     0.020 
            PL         61     0.000     0.020     0.020 
            PM         61     0.000     0.019     0.019 
          PL          215     0.000     0.090     0.090 
            PH         61     0.000     0.020     0.020 
            PL         61     0.000     0.021     0.021 
            PM         61     0.000     0.018     0.018 
          PM          215     0.000     0.089     0.089 
            PH         61     0.000     0.022     0.022 
            PL         61     0.000     0.020     0.020 
            PM         61     0.000     0.019     0.019 
        PM            709     0.000     0.334     0.334 
          PH          215     0.000     0.091     0.091 
            PH         61     0.000     0.021     0.021 
            PL         61     0.000     0.020     0.020 
            PM         61     0.000     0.020     0.020 
          PL          215     0.000     0.094     0.094 
            PH         61     0.000     0.022     0.022 
            PL         61     0.000     0.021     0.021 
            PM         61     0.000     0.021     0.021 
          PM          215     0.000     0.088     0.088 
            PH         61     0.000     0.022     0.022 
            PL         61     0.000     0.020     0.020 
            PM         61     0.000     0.020     0.020 
    PL               7021     0.000     3.701     3.701 
      PH             2255     0.000     1.152     1.152 
        PH            709     0.000     0.340     0.340 
          PH          215     0.000     0.094     0.094 
            PH         61     0.000     0.023     0.023 
            PL         61     0.000     0.021     0.021 
            PM         61     0.000     0.018     0.018 
          PL          215     0.000     0.089     0.089 
            PH         61     0.000     0.019     0.019 
            PL         61     0.000     0.021     0.021 
            PM         61     0.000     0.018     0.018 
          PM          215     0.000     0.088     0.088 
            PH         61     0.000     0.022     0.022 
            PL         61     0.000     0.021     0.021 
            PM         61     0.000     0.018     0.018 
        PL            709     0.000     0.338     0.339 
          PH          215     0.000     0.092     0.092 
            PH         61     0.000     0.022     0.022 
            PL         61     0.000     0.021     0.021 
            PM         61     0.000     0.019     0.019 
          PL          215     0.000     0.092     0.092 
            PH         61     0.000     0.021     0.021 
            PL         61     0.000     0.021     0.021 
            PM         61     0.000     0.019     0.019 
          PM          215     0.000     0.088     0.088 
            PH         61     0.000     0.020     0.020 
            PL         61     0.000     0.022     0.022 
            PM         61     0.000     0.019     0.019 
        PM            709     0.000     0.333     0.333 
          PH          215     0.000     0.090     0.090 
            PH         61     0.000     0.021     0.021 
            PL         61     0.000     0.021     0.021 
            PM         61     0.000     0.019     0.019 
          PL          215     0.000     0.092     0.092 
            PH         61     0.000     0.022     0.022 
            PL         61     0.000     0.022     0.022 
            PM         61     0.000     0.018     0.018 
          PM          215     0.000     0.091     0.091 
            PH         61     0.000     0.021     0.021 
            PL         61     0.000     0.022     0.022 
            PM         61     0.000     0.019     0.019 
      PL             2255     0.000     1.132     1.132 
        PH            709     0.000     0.330     0.330 
          PH          215     0.000     0.093     0.093 
            PH         61     0.000     0.022     0.022 
            PL         61     0.000     0.021     0.021 
            PM         61     0.000     0.019     0.019 
          PL          215     0.000     0.086     0.086 
            PH         61     0.000     0.019     0.019 
            PL         61     0.000     0.021     0.021 
            PM         61     0.000     0.017     0.017 
          PM          215     0.000     0.086     0.086 
            PH         61     0.000     0.020     0.020 
            PL         61     0.000     0.020     0.020 
            PM         61     0.000     0.018     0.018 
        PL            709     0.000     0.333     0.333 
          PH          215     0.000     0.088     0.088 
            PH         61     0.000     0.021     0.021 
            PL         61     0.000     0.019     0.019 
            PM         61     0.000     0.018     0.018 
          PL          215     0.000     0.092     0.092 
            PH         61     0.000     0.019     0.019 
            PL         61     0.000     0.023     0.023 
            PM         61     0.000     0.018     0.018 
          PM          215     0.000     0.087     0.087 
            PH         61     0.000     0.019     0.019 
            PL         61     0.000     0.020     0.020 
            PM         61     0.000     0.020     0.020 
        PM            709     0.000     0.329     0.329 
          PH          215     0.000     0.090     0.090 
            PH         61     0.000     0.021     0.021 
            PL         61     0.000     0.022     0.022 
            PM         61     0.000     0.019     0.019 
          PL          215     0.000     0.090     0.090 
            PH         61     0.000     0.021     0.021 
            PL         61     0.000     0.021     0.021 
            PM         61     0.000     0.019     0.019 
          PM          215     0.000     0.089     0.089 
            PH         61     0.000     0.021     0.021 
            PL         61     0.000     0.020     0.020 
            PM         61     0.000     0.021     0.021 
      PM             2255     0.000     1.132     1.132 
        PH            709     0.000     0.329     0.329 
          PH          215     0.000     0.087     0.087 
            PH         61     0.000     0.019     0.019 
            PL         61     0.000     0.020     0.020 
            PM         61     0.000     0.018     0.018 
          PL          215     0.000     0.091     0.091 
            PH         61     0.000     0.021     0.021 
            PL         61     0.000     0.021     0.021 
            PM         61     0.000     0.018     0.018 
          PM          215     0.000     0.087     0.087 
            PH         61     0.000     0.021     0.021 
            PL         61     0.000     0.020     0.020 
            PM         61     0.000     0.019     0.019 
        PL            709     0.000     0.338     0.338 
          PH          215     0.000     0.092     0.092 
            PH         61     0.000     0.023     0.023 
            PL         61     0.000     0.020     0.020 
            PM         61     0.000     0.019     0.019 
          PL          215     0.000     0.092     0.092 
            PH         61     0.000     0.020     0.020 
            PL         61     0.000     0.022     0.022 
            PM         61     0.000     0.020     0.020 
          PM          215     0.000     0.089     0.089 
            PH         61     0.000     0.021     0.021 
            PL         61     0.000     0.021     0.021 
            PM         61     0.000     0.019     0.019 
        PM            709     0.000     0.336     0.336 
          PH          215     0.000     0.093     0.093 
            PH         61     0.000     0.022     0.022 
            PL         61     0.000     0.022     0.022 
            PM         61     0.000     0.020     0.020 
          PL          215     0.000     0.092     0.092 
            PH         61     0.000     0.020     0.020 
            PL         61     0.000     0.023     0.023 
            PM         61     0.000     0.020     0.020 
          PM          215     0.000     0.090     0.090 
            PH         61     0.000     0.023     0.023 
            PL         61     0.000     0.019     0.019 
            PM         61     0.000     0.020     0.020 
    PM               7021     0.000     3.761     3.761 
      PH             2255     0.000     1.165     1.165 
        PH            709     0.000     0.350     0.350 
          PH          215     0.000     0.098     0.098 
            PH         61     0.000     0.024     0.024 
            PL         61     0.000     0.021     0.021 
            PM         61     0.000     0.020     0.020 
          PL          215     0.000     0.094     0.094 
            PH         61     0.000     0.021     0.021 
            PL         61     0.000     0.023     0.023 
            PM         61     0.000     0.020     0.020 
          PM          215     0.000     0.091     0.091 
            PH         61     0.000     0.022     0.022 
            PL         61     0.000     0.021     0.021 
            PM         61     0.000     0.021     0.021 
        PL            709     0.000     0.339     0.339 
          PH          215     0.000     0.091     0.091 
            PH         61     0.000     0.022     0.022 
            PL         61     0.000     0.021     0.021 
            PM         61     0.000     0.018     0.018 
          PL          215     0.000     0.089     0.089 
            PH         61     0.000     0.020     0.020 
            PL         61     0.000     0.021     0.021 
            PM         61     0.000     0.018     0.018 
          PM          215     0.000     0.093     0.093 
            PH         61     0.000     0.022     0.022 
            PL         61     0.000     0.022     0.022 
            PM         61     0.000     0.021     0.021 
        PM            709     0.000     0.337     0.337 
          PH          215     0.000     0.094     0.094 
            PH         61     0.000     0.022     0.022 
            PL         61     0.000     0.021     0.021 
            PM         61     0.000     0.020     0.020 
          PL          215     0.000     0.093     0.093 
            PH         61     0.000     0.021     0.021 
            PL         61     0.000     0.022     0.022 
            PM         61     0.000     0.020     0.020 
          PM          215     0.000     0.089     0.089 
            PH         61     0.000     0.022     0.022 
            PL         61     0.000     0.021     0.021 
            PM         61     0.000     0.019     0.019 
      PL             2255     0.000     1.164     1.164 
        PH            709     0.000     0.345     0.345 
          PH          215     0.000     0.095     0.095 
            PH         61     0.000     0.023     0.023 
            PL         61     0.000     0.022     0.022 
            PM         61     0.000     0.019     0.019 
          PL          215     0.000     0.092     0.092 
            PH         61     0.000     0.022     0.022 
            PL         61     0.000     0.022     0.022 
            PM         61     0.000     0.018     0.018 
          PM          215     0.000     0.091     0.091 
            PH         61     0.000     0.022     0.022 
            PL         61     0.000     0.022     0.022 
            PM         61     0.000     0.020     0.020 
        PL            709     0.000     0.341     0.341 
          PH          215     0.000     0.089     0.089 
            PH         61     0.000     0.020     0.020 
            PL         61     0.000     0.021     0.021 
            PM         61     0.000     0.018     0.018 
          PL          215     0.000     0.095     0.095 
            PH         61     0.000     0.020     0.020 
            PL         61     0.000     0.024     0.024 
            PM         61     0.000     0.019     0.019 
          PM          215     0.000     0.090     0.090 
            PH         61     0.000     0.021     0.021 
            PL         61     0.000     0.022     0.022 
            PM         61     0.000     0.019     0.019 
        PM            709     0.000     0.339     0.339 
          PH          215     0.000     0.091     0.091 
            PH         61     0.000     0.022     0.022 
            PL         61     0.000     0.022     0.022 
            PM         61     0.000     0.018     0.018 
          PL          215     0.000     0.094     0.094 
            PH         61     0.000     0.022     0.022 
            PL         61     0.000     0.022     0.022 
            PM         61     0.000     0.020     0.020 
          PM          215     0.000     0.092     0.092 
            PH         61     0.000     0.022     0.022 
            PL         61     0.000     0.022     0.022 
            PM         61     0.000     0.020     0.020 
      PM             2255     0.000     1.158     1.158 
        PH            709     0.000     0.346     0.346 
          PH          215     0.000     0.094     0.094 
            PH         61     0.000     0.022     0.022 
            PL         61     0.000     0.021     0.021 
            PM         61     0.000     0.020     0.020 
          PL          215     0.000     0.096     0.096 
            PH         61     0.000     0.023     0.023 
            PL         61     0.000     0.023     0.023 
            PM         61     0.000     0.020     0.020 
          PM          215     0.000     0.090     0.090 
            PH         61     0.000     0.022     0.022 
            PL         61     0.000     0.020     0.020 
            PM         61     0.000     0.020     0.020 
        PL            709     0.000     0.345     0.345 
          PH          215     0.000     0.092     0.092 
            PH         61     0.000     0.022     0.022 
            PL         61     0.000     0.022     0.022 
            PM         61     0.000     0.017     0.017 
          PL          215     0.000     0.096     0.096 
            PH         61     0.000     0.022     0.022 
            PL         61     0.000     0.023     0.023 
            PM         61     0.000     0.021     0.021 
          PM          215     0.000     0.091     0.091 
            PH         61     0.000     0.022     0.022 
            PL         61     0.000     0.022     0.022 
            PM         61     0.000     0.020     0.020 
        PM            709     0.000     0.335     0.335 
          PH          215     0.000     0.093     0.093 
            PH         61     0.000     0.022     0.022 
            PL         61     0.000     0.021     0.021 
            PM         61     0.000     0.020     0.020 
          PL          215     0.000     0.090     0.090 
            PH         61     0.000     0.021     0.021 
            PL         61     0.000     0.021     0.021 
            PM         61     0.000     0.019     0.019 
          PM          215     0.000     0.090     0.090 
            PH         61     0.000     0.021     0.021 
            PL         61     0.000     0.022     0.022 
            PM         61     0.000     0.019     0.019 
  gmQ               22288     0.000    13.040    13.040 
    PH               7021     0.000     4.031     4.031 
      PH             2255     0.000     1.243     1.243 
        PH            709     0.000     0.380     0.380 
          PH          215     0.000     0.110     0.110 
            PH         61     0.000     0.027     0.027 
            PL         61     0.000     0.024     0.024 
            PM         61     0.000     0.020     0.020 
          PL          215     0.000     0.097     0.097 
            PH         61     0.000     0.023     0.023 
            PL         61     0.000     0.024     0.024 
            PM         61     0.000     0.019     0.019 
          PM          215     0.000     0.093     0.093 
            PH         61     0.000     0.023     0.023 
            PL         61     0.000     0.022     0.022 
            PM         61     0.000     0.021     0.021 
        PL            709     0.000     0.356     0.356 
          PH          215     0.000     0.096     0.096 
            PH         61     0.000     0.024     0.024 
            PL         61     0.000     0.021     0.021 
            PM         61     0.000     0.020     0.020 
          PL          215     0.000     0.098     0.098 
            PH         61     0.000     0.023     0.023 
            PL         61     0.000     0.024     0.024 
            PM         61     0.000     0.020     0.020 
          PM          215     0.000     0.092     0.092 
            PH         61     0.000     0.023     0.023 
            PL         61     0.000     0.021     0.021 
            PM         61     0.000     0.020     0.020 
        PM            709     0.000     0.345     0.345 
          PH          215     0.000     0.093     0.093 
            PH         61     0.000     0.021     0.021 
            PL         61     0.000     0.022     0.022 
            PM         61     0.000     0.021     0.021 
          PL          215     0.000     0.095     0.095 
            PH         61     0.000     0.022     0.022 
            PL         61     0.000     0.023     0.023 
            PM         61     0.000     0.020     0.020 
          PM          215     0.000     0.093     0.093 
            PH         61     0.000     0.022     0.022 
            PL         61     0.000     0.023     0.023 
            PM         61     0.000     0.020     0.020 
      PL             2255     0.000     1.232     1.232 
        PH            709     0.000     0.355     0.355 
          PH          215     0.000     0.098     0.098 
            PH         61     0.000     0.024     0.024 
            PL         61     0.000     0.023     0.023 
            PM         61     0.000     0.019     0.019 
          PL          215     0.000     0.097     0.097 
            PH         61     0.000     0.023     0.023 
            PL         61     0.000     0.024     0.024 
            PM         61     0.000     0.019     0.019 
          PM          215     0.000     0.091     0.091 
            PH         61     0.000     0.021     0.021 
            PL         61     0.000     0.021     0.021 
            PM         61     0.000     0.021     0.021 
        PL            709     0.000     0.372     0.372 
          PH          215     0.000     0.096     0.096 
            PH         61     0.000     0.023     0.023 
            PL         61     0.000     0.022     0.022 
            PM         61     0.000     0.020     0.020 
          PL          215     0.000     0.108     0.108 
            PH         61     0.000     0.024     0.024 
            PL         61     0.000     0.028     0.028 
            PM         61     0.000     0.019     0.019 
          PM          215     0.000     0.090     0.090 
            PH         61     0.000     0.020     0.020 
            PL         61     0.000     0.021     0.021 
            PM         61     0.000     0.020     0.020 
        PM            709     0.000     0.345     0.345 
          PH          215     0.000     0.097     0.097 
            PH         61     0.000     0.023     0.023 
            PL         61     0.000     0.022     0.022 
            PM         61     0.000     0.021     0.021 
          PL          215     0.000     0.095     0.095 
            PH         61     0.000     0.023     0.023 
            PL         61     0.000     0.022     0.022 
            PM         61     0.000     0.020     0.020 
          PM          215     0.000     0.091     0.091 
            PH         61     0.000     0.022     0.022 
            PL         61     0.000     0.021     0.021 
            PM         61     0.000     0.020     0.020 
      PM             2255     0.000     1.198     1.198 
        PH            709     0.000     0.356     0.356 
          PH          215     0.000     0.099     0.099 
            PH         61     0.000     0.024     0.024 
            PL         61     0.000     0.023     0.023 
            PM         61     0.000     0.020     0.020 
          PL          215     0.000     0.099     0.099 
            PH         61     0.000     0.023     0.023 
            PL         61     0.000     0.024     0.024 
            PM         61     0.000     0.020     0.020 
          PM          215     0.000     0.091     0.091 
            PH         61     0.000     0.022     0.022 
            PL         61     0.000     0.022     0.022 
            PM         61     0.000     0.019     0.019 
        PL            709     0.000     0.357     0.357 
          PH          215     0.000     0.098     0.098 
            PH         61     0.000     0.024     0.024 
            PL         61     0.000     0.022     0.022 
            PM         61     0.000     0.020     0.020 
          PL          215     0.000     0.099     0.099 
            PH         61     0.000     0.022     0.022 
            PL         61     0.000     0.024     0.024 
            PM         61     0.000     0.021     0.021 
          PM          215     0.000     0.093     0.093 
            PH         61     0.000     0.023     0.023 
            PL         61     0.000     0.022     0.022 
            PM         61     0.000     0.020     0.020 
        PM            709     0.000     0.350     0.350 
          PH          215     0.000     0.097     0.097 
            PH         61     0.000     0.023     0.023 
            PL         61     0.000     0.023     0.023 
            PM         61     0.000     0.021     0.021 
          PL          215     0.000     0.098     0.098 
            PH         61     0.000     0.024     0.024 
            PL         61     0.000     0.022     0.022 
            PM         61     0.000     0.021     0.021 
          PM          215     0.000     0.091     0.091 
            PH         61     0.000     0.022     0.022 
            PL         61     0.000     0.022     0.022 
            PM         61     0.000     0.019     0.019 
    PL               7021     0.000     3.890     3.890 
      PH             2255     0.000     1.209     1.209 
        PH            709     0.000     0.366     0.366 
          PH          215     0.000     0.103     0.103 
            PH         61     0.000     0.025     0.025 
            PL         61     0.000     0.023     0.023 
            PM         61     0.000     0.021     0.021 
          PL          215     0.000     0.096     0.096 
            PH         61     0.000     0.021     0.021 
            PL         61     0.000     0.025     0.025 
            PM         61     0.000     0.019     0.019 
          PM          215     0.000     0.095     0.095 
            PH         61     0.000     0.021     0.021 
            PL         61     0.000     0.022     0.022 
            PM         61     0.000     0.022     0.022 
        PL            709     0.000     0.354     0.354 
          PH          215     0.000     0.095     0.095 
            PH         61     0.000     0.023     0.023 
            PL         61     0.000     0.022     0.022 
            PM         61     0.000     0.020     0.020 
          PL          215     0.000     0.099     0.099 
            PH         61     0.000     0.022     0.022 
            PL         61     0.000     0.025     0.025 
            PM         61     0.000     0.020     0.020 
          PM          215     0.000     0.091     0.091 
            PH         61     0.000     0.022     0.022 
            PL         61     0.000     0.021     0.021 
            PM         61     0.000     0.020     0.020 
        PM            709     0.000     0.343     0.343 
          PH          215     0.000     0.094     0.094 
            PH         61     0.000     0.022     0.022 
            PL         61     0.000     0.022     0.022 
            PM         61     0.000     0.020     0.020 
          PL          215     0.000     0.095     0.095 
            PH         61     0.000     0.023     0.023 
            PL         61     0.000     0.023     0.023 
            PM         61     0.000     0.020     0.020 
          PM          215     0.000     0.092     0.092 
            PH         61     0.000     0.022     0.022 
            PL         61     0.000     0.022     0.022 
            PM         61     0.000     0.020     0.020 
      PL             2255     0.000     1.198     1.198 
        PH            709     0.000     0.353     0.353 
          PH          215     0.000     0.098     0.098 
            PH         61     0.000     0.025     0.025 
            PL         61     0.000     0.021     0.021 
            PM         61     0.000     0.020     0.020 
          PL          215     0.000     0.096     0.096 
            PH         61     0.000     0.023     0.023 
            PL         61     0.000     0.023     0.023 
            PM         61     0.000     0.020     0.020 
          PM          215     0.000     0.091     0.091 
            PH         61     0.000     0.022     0.022 
            PL         61     0.000     0.022     0.022 
            PM         61     0.000     0.020     0.020 
        PL            709     0.000     0.360     0.360 
          PH          215     0.000     0.097     0.097 
            PH         61     0.000     0.023     0.023 
            PL         61     0.000     0.023     0.023 
            PM         61     0.000     0.021     0.021 
          PL          215     0.000     0.100     0.100 
            PH         61     0.000     0.022     0.022 
            PL         61     0.000     0.026     0.026 
            PM         61     0.000     0.020     0.020 
          PM          215     0.000     0.092     0.092 
            PH         61     0.000     0.022     0.022 
            PL         61     0.000     0.021     0.021 
            PM         61     0.000     0.021     0.021 
        PM            709     0.000     0.339     0.339 
          PH          215     0.000     0.094     0.094 
            PH         61     0.000     0.022     0.022 
            PL         61     0.000     0.023     0.023 
            PM         61     0.000     0.020     0.020 
          PL          215     0.000     0.096     0.096 
            PH         61     0.000     0.023     0.023 
            PL         61     0.000     0.022     0.022 
            PM         61     0.000     0.020     0.020 
          PM          215     0.000     0.088     0.088 
            PH         61     0.000     0.021     0.021 
            PL         61     0.000     0.021     0.021 
            PM         61     0.000     0.020     0.020 
      PM             2255     0.000     1.181     1.181 
        PH            709     0.000     0.352     0.352 
          PH          215     0.000     0.094     0.094 
            PH         61     0.000     0.022     0.022 
            PL         61     0.000     0.022     0.022 
            PM         61     0.000     0.020     0.020 
          PL          215     0.000     0.098     0.098 
            PH         61     0.000     0.023     0.023 
            PL         61     0.000     0.024     0.024 
            PM         61     0.000     0.020     0.020 
          PM          215     0.000     0.093     0.093 
            PH         61     0.000     0.023     0.023 
            PL         61     0.000     0.022     0.022 
            PM         61     0.000     0.020     0.020 
        PL            709     0.000     0.350     0.350 
          PH          215     0.000     0.097     0.097 
            PH         61     0.000     0.023     0.023 
            PL         61     0.000     0.024     0.024 
            PM         61     0.000     0.020     0.020 
          PL          215     0.000     0.095     0.095 
            PH         61     0.000     0.021     0.021 
            PL         61     0.000     0.024     0.024 
            PM         61     0.000     0.019     0.019 
          PM          215     0.000     0.092     0.092 
            PH         61     0.000     0.022     0.022 
            PL         61     0.000     0.022     0.022 
            PM         61     0.000     0.020     0.020 
        PM            709     0.000     0.345     0.345 
          PH          215     0.000     0.098     0.098 
            PH         61     0.000     0.023     0.023 
            PL         61     0.000     0.023     0.023 
            PM         61     0.000     0.021     0.021 
          PL          215     0.000     0.095     0.095 
            PH         61     0.000     0.022     0.022 
            PL         61     0.000     0.023     0.023 
            PM         61     0.000     0.020     0.020 
          PM          215     0.000     0.090     0.090 
            PH         61     0.000     0.021     0.021 
            PL         61     0.000     0.021     0.021 
            PM         61     0.000     0.020     0.020 
    PM               7021     0.000     3.888     3.888 
      PH             2255     0.000     1.206     1.206 
        PH            709     0.000     0.359     0.359 
          PH          215     0.000     0.099     0.099 
            PH         61     0.000     0.024     0.024 
            PL         61     0.000     0.022     0.022 
            PM         61     0.000     0.020     0.020 
          PL          215     0.000     0.098     0.098 
            PH         61     0.000     0.022     0.022 
            PL         61     0.000     0.025     0.025 
            PM         61     0.000     0.020     0.020 
          PM          215     0.000     0.093     0.093 
            PH         61     0.000     0.022     0.022 
            PL         61     0.000     0.022     0.022 
            PM         61     0.000     0.021     0.021 
        PL            709     0.000     0.357     0.357 
          PH          215     0.000     0.096     0.096 
            PH         61     0.000     0.023     0.023 
            PL         61     0.000     0.021     0.021 
            PM         61     0.000     0.021     0.021 
          PL          215     0.000     0.100     0.100 
            PH         61     0.000     0.023     0.023 
            PL         61     0.000     0.024     0.024 
            PM         61     0.000     0.020     0.020 
          PM          215     0.000     0.092     0.092 
            PH         61     0.000     0.022     0.022 
            PL         61     0.000     0.021     0.021 
            PM         61     0.000     0.021     0.021 
        PM            709     0.000     0.347     0.347 
          PH          215     0.000     0.096     0.096 
            PH         61     0.000     0.022     0.022 
            PL         61     0.000     0.023     0.023 
            PM         61     0.000     0.020     0.020 
          PL          215     0.000     0.095     0.095 
            PH         61     0.000     0.022     0.022 
            PL         61     0.000     0.023     0.023 
            PM         61     0.000     0.020     0.020 
          PM          215     0.000     0.093     0.093 
            PH         61     0.000     0.022     0.022 
            PL         61     0.000     0.023     0.023 
            PM         61     0.000     0.020     0.020 
      PL             2255     0.000     1.204     1.204 
        PH            709     0.000     0.359     0.359 
          PH          215     0.000     0.101     0.101 
            PH         61     0.000     0.024     0.024 
            PL         61     0.000     0.025     0.025 
            PM         61     0.000     0.019     0.019 
          PL          215     0.000     0.097     0.097 
            PH         61     0.000     0.023     0.023 
            PL         61     0.000     0.025     0.025 
            PM         61     0.000     0.018     0.018 
          PM          215     0.000     0.091     0.091 
            PH         61     0.000     0.022     0.022 
            PL         61     0.000     0.021     0.021 
            PM         61     0.000     0.020     0.020 
        PL            709     0.000     0.355     0.355 
          PH          215     0.000     0.094     0.094 
            PH         61     0.000     0.022     0.022 
            PL         61     0.000     0.021     0.021 
            PM         61     0.000     0.020     0.020 
          PL          215     0.000     0.103     0.103 
            PH         61     0.000     0.022     0.022 
            PL         61     0.000     0.027     0.027 
            PM         61     0.000     0.021     0.021 
          PM          215     0.000     0.090     0.090 
            PH         61     0.000     0.021     0.021 
            PL         61     0.000     0.022     0.022 
            PM         61     0.000     0.020     0.020 
        PM            709     0.000     0.346     0.346 
          PH          215     0.000     0.098     0.098 
            PH         61     0.000     0.024     0.024 
            PL         61     0.000     0.022     0.022 
            PM         61     0.000     0.021     0.021 
          PL          215     0.000     0.096     0.096 
            PH         61     0.000     0.022     0.022 
            PL         61     0.000     0.023     0.023 
            PM         61     0.000     0.020     0.020 
          PM          215     0.000     0.090     0.090 
            PH         61     0.000     0.021     0.021 
            PL         61     0.000     0.023     0.023 
            PM         61     0.000     0.019     0.019 
      PM             2255     0.000     1.190     1.190 
        PH            709     0.000     0.357     0.357 
          PH          215     0.000     0.098     0.098 
            PH         61     0.000     0.023     0.023 
            PL         61     0.000     0.023     0.023 
            PM         61     0.000     0.020     0.020 
          PL          215     0.000     0.100     0.100 
            PH         61     0.000     0.024     0.024 
            PL         61     0.000     0.024     0.024 
            PM         61     0.000     0.020     0.020 
          PM          215     0.000     0.092     0.092 
            PH         61     0.000     0.022     0.022 
            PL         61     0.000     0.022     0.022 
            PM         61     0.000     0.021     0.021 
        PL            709     0.000     0.351     0.351 
          PH          215     0.000     0.099     0.099 
            PH         61     0.000     0.024     0.024 
            PL         61     0.000     0.022     0.022 
            PM         61     0.000     0.021     0.021 
          PL          215     0.000     0.094     0.094 
            PH         61     0.000     0.021     0.021 
            PL         61     0.000     0.023     0.023 
            PM         61     0.000     0.019     0.019 
          PM          215     0.000     0.091     0.091 
            PH         61     0.000     0.021     0.021 
            PL         61     0.000     0.022     0.022 
            PM         61     0.000     0.020     0.020 
        PM            709     0.000     0.347     0.347 
          PH          215     0.000     0.095     0.095 
            PH         61     0.000     0.022     0.022 
            PL         61     0.000     0.023     0.023 
            PM         61     0.000     0.020     0.020 
          PL          215     0.000     0.097     0.097 
            PH         61     0.000     0.023     0.023 
            PL         61     0.000     0.023     0.023 
            PM         61     0.000     0.021     0.021 
          PM          215     0.000     0.092     0.092 
            PH         61     0.000     0.022     0.022 
            PL         61     0.000     0.022     0.022 
            PM         61     0.000     0.020     0.020 
  inc_add_106_44_2     27     0.000     0.002     0.002 
  inc_add_109_43_1     27     0.000     0.002     0.002 

