============================================================
  Generated by:           Encounter(R) RTL Compiler RC14.27 - v14.20-s064_1
  Generated on:           Sep 24 2016  10:43:04 am
  Module:                 GCM3LP_256
  Technology libraries:   tcbn16ffplusglbwp7d5t16p96cpdssgnp0p63v0c_ccs 111
                          tcbn16ffplusglbwp7d5t16p96cpdmbssgnp0p63v0c_ccs 111
                          tcbn16ffplusllbwp7d5t16p96cpdlvtssgnp0p63v0c_ccs 111
                          tcbn16ffplusllbwp7d5t16p96cpdulvtssgnp0p63v0c_ccs 111
                          tcbn16ffplusglbwp7d5t16p96cpdmbulvtssgnp0p63v0c_ccs 111
                          tcbn16ffplusglbwp7d5t16p96cpdmblvtssgnp0p63v0c_ccs 111
  Operating conditions:   ssgnp0p63v0c 
  Interconnect mode:      global
  Area mode:              physical library
============================================================

     Instance       Cells  Cell Area  Net Area  Total Area 
-----------------------------------------------------------
GCM3LP_256         208829      85996        52       86048 
  aes1             137554      58704         0       58704 
    eM9              4288       1709         0        1709 
      sb7             450        179         0         179 
      sb6             450        179         0         179 
      sb5             450        179         0         179 
      sb4             450        179         0         179 
      sb3             450        179         0         179 
      sb2             450        179         0         179 
      sb1             450        179         0         179 
      sb0             450        179         0         179 
      mcc3            108         43         0          43 
      mcc2            108         43         0          43 
      mcc1            108         43         0          43 
      mcc0            108         43         0          43 
    eM8              4288       1709         0        1709 
      sb7             450        179         0         179 
      sb6             450        179         0         179 
      sb5             450        179         0         179 
      sb4             450        179         0         179 
      sb3             450        179         0         179 
      sb2             450        179         0         179 
      sb1             450        179         0         179 
      sb0             450        179         0         179 
      mcc3            108         43         0          43 
      mcc2            108         43         0          43 
      mcc1            108         43         0          43 
      mcc0            108         43         0          43 
    eM7              4288       1709         0        1709 
      sb7             450        179         0         179 
      sb6             450        179         0         179 
      sb5             450        179         0         179 
      sb4             450        179         0         179 
      sb3             450        179         0         179 
      sb2             450        179         0         179 
      sb1             450        179         0         179 
      sb0             450        179         0         179 
      mcc3            108         43         0          43 
      mcc2            108         43         0          43 
      mcc1            108         43         0          43 
      mcc0            108         43         0          43 
    eM6              4288       1709         0        1709 
      sb7             450        179         0         179 
      sb6             450        179         0         179 
      sb5             450        179         0         179 
      sb4             450        179         0         179 
      sb3             450        179         0         179 
      sb2             450        179         0         179 
      sb1             450        179         0         179 
      sb0             450        179         0         179 
      mcc3            108         43         0          43 
      mcc2            108         43         0          43 
      mcc1            108         43         0          43 
      mcc0            108         43         0          43 
    eM5              4288       1709         0        1709 
      sb7             450        179         0         179 
      sb6             450        179         0         179 
      sb5             450        179         0         179 
      sb4             450        179         0         179 
      sb3             450        179         0         179 
      sb2             450        179         0         179 
      sb1             450        179         0         179 
      sb0             450        179         0         179 
      mcc3            108         43         0          43 
      mcc2            108         43         0          43 
      mcc1            108         43         0          43 
      mcc0            108         43         0          43 
    eM4              4288       1709         0        1709 
      sb7             450        179         0         179 
      sb6             450        179         0         179 
      sb5             450        179         0         179 
      sb4             450        179         0         179 
      sb3             450        179         0         179 
      sb2             450        179         0         179 
      sb1             450        179         0         179 
      sb0             450        179         0         179 
      mcc3            108         43         0          43 
      mcc2            108         43         0          43 
      mcc1            108         43         0          43 
      mcc0            108         43         0          43 
    eM3              4288       1709         0        1709 
      sb7             450        179         0         179 
      sb6             450        179         0         179 
      sb5             450        179         0         179 
      sb4             450        179         0         179 
      sb3             450        179         0         179 
      sb2             450        179         0         179 
      sb1             450        179         0         179 
      sb0             450        179         0         179 
      mcc3            108         43         0          43 
      mcc2            108         43         0          43 
      mcc1            108         43         0          43 
      mcc0            108         43         0          43 
    eM2              4288       1709         0        1709 
      sb7             450        179         0         179 
      sb6             450        179         0         179 
      sb5             450        179         0         179 
      sb4             450        179         0         179 
      sb3             450        179         0         179 
      sb2             450        179         0         179 
      sb1             450        179         0         179 
      sb0             450        179         0         179 
      mcc3            108         43         0          43 
      mcc2            108         43         0          43 
      mcc1            108         43         0          43 
      mcc0            108         43         0          43 
    eM13             4288       1709         0        1709 
      sb7             450        179         0         179 
      sb6             450        179         0         179 
      sb5             450        179         0         179 
      sb4             450        179         0         179 
      sb3             450        179         0         179 
      sb2             450        179         0         179 
      sb1             450        179         0         179 
      sb0             450        179         0         179 
      mcc3            108         43         0          43 
      mcc2            108         43         0          43 
      mcc1            108         43         0          43 
      mcc0            108         43         0          43 
    eM12             4288       1709         0        1709 
      sb7             450        179         0         179 
      sb6             450        179         0         179 
      sb5             450        179         0         179 
      sb4             450        179         0         179 
      sb3             450        179         0         179 
      sb2             450        179         0         179 
      sb1             450        179         0         179 
      sb0             450        179         0         179 
      mcc3            108         43         0          43 
      mcc2            108         43         0          43 
      mcc1            108         43         0          43 
      mcc0            108         43         0          43 
    eM11             4288       1709         0        1709 
      sb7             450        179         0         179 
      sb6             450        179         0         179 
      sb5             450        179         0         179 
      sb4             450        179         0         179 
      sb3             450        179         0         179 
      sb2             450        179         0         179 
      sb1             450        179         0         179 
      sb0             450        179         0         179 
      mcc3            108         43         0          43 
      mcc2            108         43         0          43 
      mcc1            108         43         0          43 
      mcc0            108         43         0          43 
    eM10             4288       1709         0        1709 
      sb7             450        179         0         179 
      sb6             450        179         0         179 
      sb5             450        179         0         179 
      sb4             450        179         0         179 
      sb3             450        179         0         179 
      sb2             450        179         0         179 
      sb1             450        179         0         179 
      sb0             450        179         0         179 
      mcc3            108         43         0          43 
      mcc2            108         43         0          43 
      mcc1            108         43         0          43 
      mcc0            108         43         0          43 
    eM1              4288       1709         0        1709 
      sb7             450        179         0         179 
      sb6             450        179         0         179 
      sb5             450        179         0         179 
      sb4             450        179         0         179 
      sb3             450        179         0         179 
      sb2             450        179         0         179 
      sb1             450        179         0         179 
      sb0             450        179         0         179 
      mcc3            108         43         0          43 
      mcc2            108         43         0          43 
      mcc1            108         43         0          43 
      mcc0            108         43         0          43 
    eM0              4288       1709         0        1709 
      sb7             450        179         0         179 
      sb6             450        179         0         179 
      sb5             450        179         0         179 
      sb4             450        179         0         179 
      sb3             450        179         0         179 
      sb2             450        179         0         179 
      sb1             450        179         0         179 
      sb0             450        179         0         179 
      mcc3            108         43         0          43 
      mcc2            108         43         0          43 
      mcc1            108         43         0          43 
      mcc0            108         43         0          43 
    eL9              4288       1709         0        1709 
      sb7             450        179         0         179 
      sb6             450        179         0         179 
      sb5             450        179         0         179 
      sb4             450        179         0         179 
      sb3             450        179         0         179 
      sb2             450        179         0         179 
      sb1             450        179         0         179 
      sb0             450        179         0         179 
      mcc3            108         43         0          43 
      mcc2            108         43         0          43 
      mcc1            108         43         0          43 
      mcc0            108         43         0          43 
    eL8              4288       1709         0        1709 
      sb7             450        179         0         179 
      sb6             450        179         0         179 
      sb5             450        179         0         179 
      sb4             450        179         0         179 
      sb3             450        179         0         179 
      sb2             450        179         0         179 
      sb1             450        179         0         179 
      sb0             450        179         0         179 
      mcc3            108         43         0          43 
      mcc2            108         43         0          43 
      mcc1            108         43         0          43 
      mcc0            108         43         0          43 
    eL7              4288       1709         0        1709 
      sb7             450        179         0         179 
      sb6             450        179         0         179 
      sb5             450        179         0         179 
      sb4             450        179         0         179 
      sb3             450        179         0         179 
      sb2             450        179         0         179 
      sb1             450        179         0         179 
      sb0             450        179         0         179 
      mcc3            108         43         0          43 
      mcc2            108         43         0          43 
      mcc1            108         43         0          43 
      mcc0            108         43         0          43 
    eL6              4288       1709         0        1709 
      sb7             450        179         0         179 
      sb6             450        179         0         179 
      sb5             450        179         0         179 
      sb4             450        179         0         179 
      sb3             450        179         0         179 
      sb2             450        179         0         179 
      sb1             450        179         0         179 
      sb0             450        179         0         179 
      mcc3            108         43         0          43 
      mcc2            108         43         0          43 
      mcc1            108         43         0          43 
      mcc0            108         43         0          43 
    eL5              4288       1709         0        1709 
      sb7             450        179         0         179 
      sb6             450        179         0         179 
      sb5             450        179         0         179 
      sb4             450        179         0         179 
      sb3             450        179         0         179 
      sb2             450        179         0         179 
      sb1             450        179         0         179 
      sb0             450        179         0         179 
      mcc3            108         43         0          43 
      mcc2            108         43         0          43 
      mcc1            108         43         0          43 
      mcc0            108         43         0          43 
    eL4              4288       1709         0        1709 
      sb7             450        179         0         179 
      sb6             450        179         0         179 
      sb5             450        179         0         179 
      sb4             450        179         0         179 
      sb3             450        179         0         179 
      sb2             450        179         0         179 
      sb1             450        179         0         179 
      sb0             450        179         0         179 
      mcc3            108         43         0          43 
      mcc2            108         43         0          43 
      mcc1            108         43         0          43 
      mcc0            108         43         0          43 
    eL3              4288       1709         0        1709 
      sb7             450        179         0         179 
      sb6             450        179         0         179 
      sb5             450        179         0         179 
      sb4             450        179         0         179 
      sb3             450        179         0         179 
      sb2             450        179         0         179 
      sb1             450        179         0         179 
      sb0             450        179         0         179 
      mcc3            108         43         0          43 
      mcc2            108         43         0          43 
      mcc1            108         43         0          43 
      mcc0            108         43         0          43 
    eL2              4288       1709         0        1709 
      sb7             450        179         0         179 
      sb6             450        179         0         179 
      sb5             450        179         0         179 
      sb4             450        179         0         179 
      sb3             450        179         0         179 
      sb2             450        179         0         179 
      sb1             450        179         0         179 
      sb0             450        179         0         179 
      mcc3            108         43         0          43 
      mcc2            108         43         0          43 
      mcc1            108         43         0          43 
      mcc0            108         43         0          43 
    eL13             4288       1709         0        1709 
      sb7             450        179         0         179 
      sb6             450        179         0         179 
      sb5             450        179         0         179 
      sb4             450        179         0         179 
      sb3             450        179         0         179 
      sb2             450        179         0         179 
      sb1             450        179         0         179 
      sb0             450        179         0         179 
      mcc3            108         43         0          43 
      mcc2            108         43         0          43 
      mcc1            108         43         0          43 
      mcc0            108         43         0          43 
    eL12             4288       1709         0        1709 
      sb7             450        179         0         179 
      sb6             450        179         0         179 
      sb5             450        179         0         179 
      sb4             450        179         0         179 
      sb3             450        179         0         179 
      sb2             450        179         0         179 
      sb1             450        179         0         179 
      sb0             450        179         0         179 
      mcc3            108         43         0          43 
      mcc2            108         43         0          43 
      mcc1            108         43         0          43 
      mcc0            108         43         0          43 
    eL11             4288       1709         0        1709 
      sb7             450        179         0         179 
      sb6             450        179         0         179 
      sb5             450        179         0         179 
      sb4             450        179         0         179 
      sb3             450        179         0         179 
      sb2             450        179         0         179 
      sb1             450        179         0         179 
      sb0             450        179         0         179 
      mcc3            108         43         0          43 
      mcc2            108         43         0          43 
      mcc1            108         43         0          43 
      mcc0            108         43         0          43 
    eL10             4288       1709         0        1709 
      sb7             450        179         0         179 
      sb6             450        179         0         179 
      sb5             450        179         0         179 
      sb4             450        179         0         179 
      sb3             450        179         0         179 
      sb2             450        179         0         179 
      sb1             450        179         0         179 
      sb0             450        179         0         179 
      mcc3            108         43         0          43 
      mcc2            108         43         0          43 
      mcc1            108         43         0          43 
      mcc0            108         43         0          43 
    eL1              4288       1709         0        1709 
      sb7             450        179         0         179 
      sb6             450        179         0         179 
      sb5             450        179         0         179 
      sb4             450        179         0         179 
      sb3             450        179         0         179 
      sb2             450        179         0         179 
      sb1             450        179         0         179 
      sb0             450        179         0         179 
      mcc3            108         43         0          43 
      mcc2            108         43         0          43 
      mcc1            108         43         0          43 
      mcc0            108         43         0          43 
    eL0              4288       1709         0        1709 
      sb7             450        179         0         179 
      sb6             450        179         0         179 
      sb5             450        179         0         179 
      sb4             450        179         0         179 
      sb3             450        179         0         179 
      sb2             450        179         0         179 
      sb1             450        179         0         179 
      sb0             450        179         0         179 
      mcc3            108         43         0          43 
      mcc2            108         43         0          43 
      mcc1            108         43         0          43 
      mcc0            108         43         0          43 
    k9               1231        768         0         768 
      sb3             173         69         0          69 
      sb2             173         69         0          69 
      sb1             173         69         0          69 
      sb0             173         69         0          69 
    k8               1231        768         0         768 
      sb3             173         69         0          69 
      sb2             173         69         0          69 
      sb1             173         69         0          69 
      sb0             173         69         0          69 
    k7               1231        768         0         768 
      sb3             173         69         0          69 
      sb2             173         69         0          69 
      sb1             173         69         0          69 
      sb0             173         69         0          69 
    k6               1231        768         0         768 
      sb3             173         69         0          69 
      sb2             173         69         0          69 
      sb1             173         69         0          69 
      sb0             173         69         0          69 
    k5               1231        768         0         768 
      sb3             173         69         0          69 
      sb2             173         69         0          69 
      sb1             173         69         0          69 
      sb0             173         69         0          69 
    k4               1231        768         0         768 
      sb3             173         69         0          69 
      sb2             173         69         0          69 
      sb1             173         69         0          69 
      sb0             173         69         0          69 
    k3               1231        768         0         768 
      sb3             173         69         0          69 
      sb2             173         69         0          69 
      sb1             173         69         0          69 
      sb0             173         69         0          69 
    k2               1231        768         0         768 
      sb3             173         69         0          69 
      sb2             173         69         0          69 
      sb1             173         69         0          69 
      sb0             173         69         0          69 
    k13              1231        768         0         768 
      sb3             173         69         0          69 
      sb2             173         69         0          69 
      sb1             173         69         0          69 
      sb0             173         69         0          69 
    k12              1231        768         0         768 
      sb3             173         69         0          69 
      sb2             173         69         0          69 
      sb1             173         69         0          69 
      sb0             173         69         0          69 
    k11              1231        768         0         768 
      sb3             173         69         0          69 
      sb2             173         69         0          69 
      sb1             173         69         0          69 
      sb0             173         69         0          69 
    k10              1231        768         0         768 
      sb3             173         69         0          69 
      sb2             173         69         0          69 
      sb1             173         69         0          69 
      sb0             173         69         0          69 
    k1               1231        768         0         768 
      sb3             173         69         0          69 
      sb2             173         69         0          69 
      sb1             173         69         0          69 
      sb0             173         69         0          69 
    k0               1231        768         0         768 
      sb3             173         69         0          69 
      sb2             173         69         0          69 
      sb1             173         69         0          69 
      sb0             173         69         0          69 
  gmQ               22288       7693         0        7693 
    PM               7021       2402         0        2402 
      PM             2255        767         0         767 
        PM            709        239         0         239 
          PM          215         71         0          71 
            PM         61         19         0          19 
            PL         61         19         0          19 
            PH         61         19         0          19 
          PL          215         71         0          71 
            PM         61         19         0          19 
            PL         61         19         0          19 
            PH         61         19         0          19 
          PH          215         71         0          71 
            PM         61         19         0          19 
            PL         61         19         0          19 
            PH         61         19         0          19 
        PL            709        239         0         239 
          PM          215         71         0          71 
            PM         61         19         0          19 
            PL         61         19         0          19 
            PH         61         19         0          19 
          PL          215         71         0          71 
            PM         61         19         0          19 
            PL         61         19         0          19 
            PH         61         19         0          19 
          PH          215         71         0          71 
            PM         61         19         0          19 
            PL         61         19         0          19 
            PH         61         19         0          19 
        PH            709        239         0         239 
          PM          215         71         0          71 
            PM         61         19         0          19 
            PL         61         19         0          19 
            PH         61         19         0          19 
          PL          215         71         0          71 
            PM         61         19         0          19 
            PL         61         19         0          19 
            PH         61         19         0          19 
          PH          215         71         0          71 
            PM         61         19         0          19 
            PL         61         19         0          19 
            PH         61         19         0          19 
      PL             2255        767         0         767 
        PM            709        239         0         239 
          PM          215         71         0          71 
            PM         61         19         0          19 
            PL         61         19         0          19 
            PH         61         19         0          19 
          PL          215         71         0          71 
            PM         61         19         0          19 
            PL         61         19         0          19 
            PH         61         19         0          19 
          PH          215         71         0          71 
            PM         61         19         0          19 
            PL         61         19         0          19 
            PH         61         19         0          19 
        PL            709        239         0         239 
          PM          215         71         0          71 
            PM         61         19         0          19 
            PL         61         19         0          19 
            PH         61         19         0          19 
          PL          215         71         0          71 
            PM         61         19         0          19 
            PL         61         19         0          19 
            PH         61         19         0          19 
          PH          215         71         0          71 
            PM         61         19         0          19 
            PL         61         19         0          19 
            PH         61         19         0          19 
        PH            709        239         0         239 
          PM          215         71         0          71 
            PM         61         19         0          19 
            PL         61         19         0          19 
            PH         61         19         0          19 
          PL          215         71         0          71 
            PM         61         19         0          19 
            PL         61         19         0          19 
            PH         61         19         0          19 
          PH          215         71         0          71 
            PM         61         19         0          19 
            PL         61         19         0          19 
            PH         61         19         0          19 
      PH             2255        767         0         767 
        PM            709        239         0         239 
          PM          215         71         0          71 
            PM         61         19         0          19 
            PL         61         19         0          19 
            PH         61         19         0          19 
          PL          215         71         0          71 
            PM         61         19         0          19 
            PL         61         19         0          19 
            PH         61         19         0          19 
          PH          215         71         0          71 
            PM         61         19         0          19 
            PL         61         19         0          19 
            PH         61         19         0          19 
        PL            709        239         0         239 
          PM          215         71         0          71 
            PM         61         19         0          19 
            PL         61         19         0          19 
            PH         61         19         0          19 
          PL          215         71         0          71 
            PM         61         19         0          19 
            PL         61         19         0          19 
            PH         61         19         0          19 
          PH          215         71         0          71 
            PM         61         19         0          19 
            PL         61         19         0          19 
            PH         61         19         0          19 
        PH            709        239         0         239 
          PM          215         71         0          71 
            PM         61         19         0          19 
            PL         61         19         0          19 
            PH         61         19         0          19 
          PL          215         71         0          71 
            PM         61         19         0          19 
            PL         61         19         0          19 
            PH         61         19         0          19 
          PH          215         71         0          71 
            PM         61         19         0          19 
            PL         61         19         0          19 
            PH         61         19         0          19 
    PL               7021       2402         0        2402 
      PM             2255        767         0         767 
        PM            709        239         0         239 
          PM          215         71         0          71 
            PM         61         19         0          19 
            PL         61         19         0          19 
            PH         61         19         0          19 
          PL          215         71         0          71 
            PM         61         19         0          19 
            PL         61         19         0          19 
            PH         61         19         0          19 
          PH          215         71         0          71 
            PM         61         19         0          19 
            PL         61         19         0          19 
            PH         61         19         0          19 
        PL            709        239         0         239 
          PM          215         71         0          71 
            PM         61         19         0          19 
            PL         61         19         0          19 
            PH         61         19         0          19 
          PL          215         71         0          71 
            PM         61         19         0          19 
            PL         61         19         0          19 
            PH         61         19         0          19 
          PH          215         71         0          71 
            PM         61         19         0          19 
            PL         61         19         0          19 
            PH         61         19         0          19 
        PH            709        239         0         239 
          PM          215         71         0          71 
            PM         61         19         0          19 
            PL         61         19         0          19 
            PH         61         19         0          19 
          PL          215         71         0          71 
            PM         61         19         0          19 
            PL         61         19         0          19 
            PH         61         19         0          19 
          PH          215         71         0          71 
            PM         61         19         0          19 
            PL         61         19         0          19 
            PH         61         19         0          19 
      PL             2255        767         0         767 
        PM            709        239         0         239 
          PM          215         71         0          71 
            PM         61         19         0          19 
            PL         61         19         0          19 
            PH         61         19         0          19 
          PL          215         71         0          71 
            PM         61         19         0          19 
            PL         61         19         0          19 
            PH         61         19         0          19 
          PH          215         71         0          71 
            PM         61         19         0          19 
            PL         61         19         0          19 
            PH         61         19         0          19 
        PL            709        239         0         239 
          PM          215         71         0          71 
            PM         61         19         0          19 
            PL         61         19         0          19 
            PH         61         19         0          19 
          PL          215         71         0          71 
            PM         61         19         0          19 
            PL         61         19         0          19 
            PH         61         19         0          19 
          PH          215         71         0          71 
            PM         61         19         0          19 
            PL         61         19         0          19 
            PH         61         19         0          19 
        PH            709        239         0         239 
          PM          215         71         0          71 
            PM         61         19         0          19 
            PL         61         19         0          19 
            PH         61         19         0          19 
          PL          215         71         0          71 
            PM         61         19         0          19 
            PL         61         19         0          19 
            PH         61         19         0          19 
          PH          215         71         0          71 
            PM         61         19         0          19 
            PL         61         19         0          19 
            PH         61         19         0          19 
      PH             2255        767         0         767 
        PM            709        239         0         239 
          PM          215         71         0          71 
            PM         61         19         0          19 
            PL         61         19         0          19 
            PH         61         19         0          19 
          PL          215         71         0          71 
            PM         61         19         0          19 
            PL         61         19         0          19 
            PH         61         19         0          19 
          PH          215         71         0          71 
            PM         61         19         0          19 
            PL         61         19         0          19 
            PH         61         19         0          19 
        PL            709        239         0         239 
          PM          215         71         0          71 
            PM         61         19         0          19 
            PL         61         19         0          19 
            PH         61         19         0          19 
          PL          215         71         0          71 
            PM         61         19         0          19 
            PL         61         19         0          19 
            PH         61         19         0          19 
          PH          215         71         0          71 
            PM         61         19         0          19 
            PL         61         19         0          19 
            PH         61         19         0          19 
        PH            709        239         0         239 
          PM          215         71         0          71 
            PM         61         19         0          19 
            PL         61         19         0          19 
            PH         61         19         0          19 
          PL          215         71         0          71 
            PM         61         19         0          19 
            PL         61         19         0          19 
            PH         61         19         0          19 
          PH          215         71         0          71 
            PM         61         19         0          19 
            PL         61         19         0          19 
            PH         61         19         0          19 
    PH               7021       2402         0        2402 
      PM             2255        767         0         767 
        PM            709        239         0         239 
          PM          215         71         0          71 
            PM         61         19         0          19 
            PL         61         19         0          19 
            PH         61         19         0          19 
          PL          215         71         0          71 
            PM         61         19         0          19 
            PL         61         19         0          19 
            PH         61         19         0          19 
          PH          215         71         0          71 
            PM         61         19         0          19 
            PL         61         19         0          19 
            PH         61         19         0          19 
        PL            709        239         0         239 
          PM          215         71         0          71 
            PM         61         19         0          19 
            PL         61         19         0          19 
            PH         61         19         0          19 
          PL          215         71         0          71 
            PM         61         19         0          19 
            PL         61         19         0          19 
            PH         61         19         0          19 
          PH          215         71         0          71 
            PM         61         19         0          19 
            PL         61         19         0          19 
            PH         61         19         0          19 
        PH            709        239         0         239 
          PM          215         71         0          71 
            PM         61         19         0          19 
            PL         61         19         0          19 
            PH         61         19         0          19 
          PL          215         71         0          71 
            PM         61         19         0          19 
            PL         61         19         0          19 
            PH         61         19         0          19 
          PH          215         71         0          71 
            PM         61         19         0          19 
            PL         61         19         0          19 
            PH         61         19         0          19 
      PL             2255        767         0         767 
        PM            709        239         0         239 
          PM          215         71         0          71 
            PM         61         19         0          19 
            PL         61         19         0          19 
            PH         61         19         0          19 
          PL          215         71         0          71 
            PM         61         19         0          19 
            PL         61         19         0          19 
            PH         61         19         0          19 
          PH          215         71         0          71 
            PM         61         19         0          19 
            PL         61         19         0          19 
            PH         61         19         0          19 
        PL            709        239         0         239 
          PM          215         71         0          71 
            PM         61         19         0          19 
            PL         61         19         0          19 
            PH         61         19         0          19 
          PL          215         71         0          71 
            PM         61         19         0          19 
            PL         61         19         0          19 
            PH         61         19         0          19 
          PH          215         71         0          71 
            PM         61         19         0          19 
            PL         61         19         0          19 
            PH         61         19         0          19 
        PH            709        239         0         239 
          PM          215         71         0          71 
            PM         61         19         0          19 
            PL         61         19         0          19 
            PH         61         19         0          19 
          PL          215         71         0          71 
            PM         61         19         0          19 
            PL         61         19         0          19 
            PH         61         19         0          19 
          PH          215         71         0          71 
            PM         61         19         0          19 
            PL         61         19         0          19 
            PH         61         19         0          19 
      PH             2255        767         0         767 
        PM            709        239         0         239 
          PM          215         71         0          71 
            PM         61         19         0          19 
            PL         61         19         0          19 
            PH         61         19         0          19 
          PL          215         71         0          71 
            PM         61         19         0          19 
            PL         61         19         0          19 
            PH         61         19         0          19 
          PH          215         71         0          71 
            PM         61         19         0          19 
            PL         61         19         0          19 
            PH         61         19         0          19 
        PL            709        239         0         239 
          PM          215         71         0          71 
            PM         61         19         0          19 
            PL         61         19         0          19 
            PH         61         19         0          19 
          PL          215         71         0          71 
            PM         61         19         0          19 
            PL         61         19         0          19 
            PH         61         19         0          19 
          PH          215         71         0          71 
            PM         61         19         0          19 
            PL         61         19         0          19 
            PH         61         19         0          19 
        PH            709        239         0         239 
          PM          215         71         0          71 
            PM         61         19         0          19 
            PL         61         19         0          19 
            PH         61         19         0          19 
          PL          215         71         0          71 
            PM         61         19         0          19 
            PL         61         19         0          19 
            PH         61         19         0          19 
          PH          215         71         0          71 
            PM         61         19         0          19 
            PL         61         19         0          19 
            PH         61         19         0          19 
  gmM               22288       7693         0        7693 
    PM               7021       2402         0        2402 
      PM             2255        767         0         767 
        PM            709        239         0         239 
          PM          215         71         0          71 
            PM         61         19         0          19 
            PL         61         19         0          19 
            PH         61         19         0          19 
          PL          215         71         0          71 
            PM         61         19         0          19 
            PL         61         19         0          19 
            PH         61         19         0          19 
          PH          215         71         0          71 
            PM         61         19         0          19 
            PL         61         19         0          19 
            PH         61         19         0          19 
        PL            709        239         0         239 
          PM          215         71         0          71 
            PM         61         19         0          19 
            PL         61         19         0          19 
            PH         61         19         0          19 
          PL          215         71         0          71 
            PM         61         19         0          19 
            PL         61         19         0          19 
            PH         61         19         0          19 
          PH          215         71         0          71 
            PM         61         19         0          19 
            PL         61         19         0          19 
            PH         61         19         0          19 
        PH            709        239         0         239 
          PM          215         71         0          71 
            PM         61         19         0          19 
            PL         61         19         0          19 
            PH         61         19         0          19 
          PL          215         71         0          71 
            PM         61         19         0          19 
            PL         61         19         0          19 
            PH         61         19         0          19 
          PH          215         71         0          71 
            PM         61         19         0          19 
            PL         61         19         0          19 
            PH         61         19         0          19 
      PL             2255        767         0         767 
        PM            709        239         0         239 
          PM          215         71         0          71 
            PM         61         19         0          19 
            PL         61         19         0          19 
            PH         61         19         0          19 
          PL          215         71         0          71 
            PM         61         19         0          19 
            PL         61         19         0          19 
            PH         61         19         0          19 
          PH          215         71         0          71 
            PM         61         19         0          19 
            PL         61         19         0          19 
            PH         61         19         0          19 
        PL            709        239         0         239 
          PM          215         71         0          71 
            PM         61         19         0          19 
            PL         61         19         0          19 
            PH         61         19         0          19 
          PL          215         71         0          71 
            PM         61         19         0          19 
            PL         61         19         0          19 
            PH         61         19         0          19 
          PH          215         71         0          71 
            PM         61         19         0          19 
            PL         61         19         0          19 
            PH         61         19         0          19 
        PH            709        239         0         239 
          PM          215         71         0          71 
            PM         61         19         0          19 
            PL         61         19         0          19 
            PH         61         19         0          19 
          PL          215         71         0          71 
            PM         61         19         0          19 
            PL         61         19         0          19 
            PH         61         19         0          19 
          PH          215         71         0          71 
            PM         61         19         0          19 
            PL         61         19         0          19 
            PH         61         19         0          19 
      PH             2255        767         0         767 
        PM            709        239         0         239 
          PM          215         71         0          71 
            PM         61         19         0          19 
            PL         61         19         0          19 
            PH         61         19         0          19 
          PL          215         71         0          71 
            PM         61         19         0          19 
            PL         61         19         0          19 
            PH         61         19         0          19 
          PH          215         71         0          71 
            PM         61         19         0          19 
            PL         61         19         0          19 
            PH         61         19         0          19 
        PL            709        239         0         239 
          PM          215         71         0          71 
            PM         61         19         0          19 
            PL         61         19         0          19 
            PH         61         19         0          19 
          PL          215         71         0          71 
            PM         61         19         0          19 
            PL         61         19         0          19 
            PH         61         19         0          19 
          PH          215         71         0          71 
            PM         61         19         0          19 
            PL         61         19         0          19 
            PH         61         19         0          19 
        PH            709        239         0         239 
          PM          215         71         0          71 
            PM         61         19         0          19 
            PL         61         19         0          19 
            PH         61         19         0          19 
          PL          215         71         0          71 
            PM         61         19         0          19 
            PL         61         19         0          19 
            PH         61         19         0          19 
          PH          215         71         0          71 
            PM         61         19         0          19 
            PL         61         19         0          19 
            PH         61         19         0          19 
    PL               7021       2402         0        2402 
      PM             2255        767         0         767 
        PM            709        239         0         239 
          PM          215         71         0          71 
            PM         61         19         0          19 
            PL         61         19         0          19 
            PH         61         19         0          19 
          PL          215         71         0          71 
            PM         61         19         0          19 
            PL         61         19         0          19 
            PH         61         19         0          19 
          PH          215         71         0          71 
            PM         61         19         0          19 
            PL         61         19         0          19 
            PH         61         19         0          19 
        PL            709        239         0         239 
          PM          215         71         0          71 
            PM         61         19         0          19 
            PL         61         19         0          19 
            PH         61         19         0          19 
          PL          215         71         0          71 
            PM         61         19         0          19 
            PL         61         19         0          19 
            PH         61         19         0          19 
          PH          215         71         0          71 
            PM         61         19         0          19 
            PL         61         19         0          19 
            PH         61         19         0          19 
        PH            709        239         0         239 
          PM          215         71         0          71 
            PM         61         19         0          19 
            PL         61         19         0          19 
            PH         61         19         0          19 
          PL          215         71         0          71 
            PM         61         19         0          19 
            PL         61         19         0          19 
            PH         61         19         0          19 
          PH          215         71         0          71 
            PM         61         19         0          19 
            PL         61         19         0          19 
            PH         61         19         0          19 
      PL             2255        767         0         767 
        PM            709        239         0         239 
          PM          215         71         0          71 
            PM         61         19         0          19 
            PL         61         19         0          19 
            PH         61         19         0          19 
          PL          215         71         0          71 
            PM         61         19         0          19 
            PL         61         19         0          19 
            PH         61         19         0          19 
          PH          215         71         0          71 
            PM         61         19         0          19 
            PL         61         19         0          19 
            PH         61         19         0          19 
        PL            709        239         0         239 
          PM          215         71         0          71 
            PM         61         19         0          19 
            PL         61         19         0          19 
            PH         61         19         0          19 
          PL          215         71         0          71 
            PM         61         19         0          19 
            PL         61         19         0          19 
            PH         61         19         0          19 
          PH          215         71         0          71 
            PM         61         19         0          19 
            PL         61         19         0          19 
            PH         61         19         0          19 
        PH            709        239         0         239 
          PM          215         71         0          71 
            PM         61         19         0          19 
            PL         61         19         0          19 
            PH         61         19         0          19 
          PL          215         71         0          71 
            PM         61         19         0          19 
            PL         61         19         0          19 
            PH         61         19         0          19 
          PH          215         71         0          71 
            PM         61         19         0          19 
            PL         61         19         0          19 
            PH         61         19         0          19 
      PH             2255        767         0         767 
        PM            709        239         0         239 
          PM          215         71         0          71 
            PM         61         19         0          19 
            PL         61         19         0          19 
            PH         61         19         0          19 
          PL          215         71         0          71 
            PM         61         19         0          19 
            PL         61         19         0          19 
            PH         61         19         0          19 
          PH          215         71         0          71 
            PM         61         19         0          19 
            PL         61         19         0          19 
            PH         61         19         0          19 
        PL            709        239         0         239 
          PM          215         71         0          71 
            PM         61         19         0          19 
            PL         61         19         0          19 
            PH         61         19         0          19 
          PL          215         71         0          71 
            PM         61         19         0          19 
            PL         61         19         0          19 
            PH         61         19         0          19 
          PH          215         71         0          71 
            PM         61         19         0          19 
            PL         61         19         0          19 
            PH         61         19         0          19 
        PH            709        239         0         239 
          PM          215         71         0          71 
            PM         61         19         0          19 
            PL         61         19         0          19 
            PH         61         19         0          19 
          PL          215         71         0          71 
            PM         61         19         0          19 
            PL         61         19         0          19 
            PH         61         19         0          19 
          PH          215         71         0          71 
            PM         61         19         0          19 
            PL         61         19         0          19 
            PH         61         19         0          19 
    PH               7021       2402         0        2402 
      PM             2255        767         0         767 
        PM            709        239         0         239 
          PM          215         71         0          71 
            PM         61         19         0          19 
            PL         61         19         0          19 
            PH         61         19         0          19 
          PL          215         71         0          71 
            PM         61         19         0          19 
            PL         61         19         0          19 
            PH         61         19         0          19 
          PH          215         71         0          71 
            PM         61         19         0          19 
            PL         61         19         0          19 
            PH         61         19         0          19 
        PL            709        239         0         239 
          PM          215         71         0          71 
            PM         61         19         0          19 
            PL         61         19         0          19 
            PH         61         19         0          19 
          PL          215         71         0          71 
            PM         61         19         0          19 
            PL         61         19         0          19 
            PH         61         19         0          19 
          PH          215         71         0          71 
            PM         61         19         0          19 
            PL         61         19         0          19 
            PH         61         19         0          19 
        PH            709        239         0         239 
          PM          215         71         0          71 
            PM         61         19         0          19 
            PL         61         19         0          19 
            PH         61         19         0          19 
          PL          215         71         0          71 
            PM         61         19         0          19 
            PL         61         19         0          19 
            PH         61         19         0          19 
          PH          215         71         0          71 
            PM         61         19         0          19 
            PL         61         19         0          19 
            PH         61         19         0          19 
      PL             2255        767         0         767 
        PM            709        239         0         239 
          PM          215         71         0          71 
            PM         61         19         0          19 
            PL         61         19         0          19 
            PH         61         19         0          19 
          PL          215         71         0          71 
            PM         61         19         0          19 
            PL         61         19         0          19 
            PH         61         19         0          19 
          PH          215         71         0          71 
            PM         61         19         0          19 
            PL         61         19         0          19 
            PH         61         19         0          19 
        PL            709        239         0         239 
          PM          215         71         0          71 
            PM         61         19         0          19 
            PL         61         19         0          19 
            PH         61         19         0          19 
          PL          215         71         0          71 
            PM         61         19         0          19 
            PL         61         19         0          19 
            PH         61         19         0          19 
          PH          215         71         0          71 
            PM         61         19         0          19 
            PL         61         19         0          19 
            PH         61         19         0          19 
        PH            709        239         0         239 
          PM          215         71         0          71 
            PM         61         19         0          19 
            PL         61         19         0          19 
            PH         61         19         0          19 
          PL          215         71         0          71 
            PM         61         19         0          19 
            PL         61         19         0          19 
            PH         61         19         0          19 
          PH          215         71         0          71 
            PM         61         19         0          19 
            PL         61         19         0          19 
            PH         61         19         0          19 
      PH             2255        767         0         767 
        PM            709        239         0         239 
          PM          215         71         0          71 
            PM         61         19         0          19 
            PL         61         19         0          19 
            PH         61         19         0          19 
          PL          215         71         0          71 
            PM         61         19         0          19 
            PL         61         19         0          19 
            PH         61         19         0          19 
          PH          215         71         0          71 
            PM         61         19         0          19 
            PL         61         19         0          19 
            PH         61         19         0          19 
        PL            709        239         0         239 
          PM          215         71         0          71 
            PM         61         19         0          19 
            PL         61         19         0          19 
            PH         61         19         0          19 
          PL          215         71         0          71 
            PM         61         19         0          19 
            PL         61         19         0          19 
            PH         61         19         0          19 
          PH          215         71         0          71 
            PM         61         19         0          19 
            PL         61         19         0          19 
            PH         61         19         0          19 
        PH            709        239         0         239 
          PM          215         71         0          71 
            PM         61         19         0          19 
            PL         61         19         0          19 
            PH         61         19         0          19 
          PL          215         71         0          71 
            PM         61         19         0          19 
            PL         61         19         0          19 
            PH         61         19         0          19 
          PH          215         71         0          71 
            PM         61         19         0          19 
            PL         61         19         0          19 
            PH         61         19         0          19 
  gmL               22288       7693         0        7693 
    PM               7021       2402         0        2402 
      PM             2255        767         0         767 
        PM            709        239         0         239 
          PM          215         71         0          71 
            PM         61         19         0          19 
            PL         61         19         0          19 
            PH         61         19         0          19 
          PL          215         71         0          71 
            PM         61         19         0          19 
            PL         61         19         0          19 
            PH         61         19         0          19 
          PH          215         71         0          71 
            PM         61         19         0          19 
            PL         61         19         0          19 
            PH         61         19         0          19 
        PL            709        239         0         239 
          PM          215         71         0          71 
            PM         61         19         0          19 
            PL         61         19         0          19 
            PH         61         19         0          19 
          PL          215         71         0          71 
            PM         61         19         0          19 
            PL         61         19         0          19 
            PH         61         19         0          19 
          PH          215         71         0          71 
            PM         61         19         0          19 
            PL         61         19         0          19 
            PH         61         19         0          19 
        PH            709        239         0         239 
          PM          215         71         0          71 
            PM         61         19         0          19 
            PL         61         19         0          19 
            PH         61         19         0          19 
          PL          215         71         0          71 
            PM         61         19         0          19 
            PL         61         19         0          19 
            PH         61         19         0          19 
          PH          215         71         0          71 
            PM         61         19         0          19 
            PL         61         19         0          19 
            PH         61         19         0          19 
      PL             2255        767         0         767 
        PM            709        239         0         239 
          PM          215         71         0          71 
            PM         61         19         0          19 
            PL         61         19         0          19 
            PH         61         19         0          19 
          PL          215         71         0          71 
            PM         61         19         0          19 
            PL         61         19         0          19 
            PH         61         19         0          19 
          PH          215         71         0          71 
            PM         61         19         0          19 
            PL         61         19         0          19 
            PH         61         19         0          19 
        PL            709        239         0         239 
          PM          215         71         0          71 
            PM         61         19         0          19 
            PL         61         19         0          19 
            PH         61         19         0          19 
          PL          215         71         0          71 
            PM         61         19         0          19 
            PL         61         19         0          19 
            PH         61         19         0          19 
          PH          215         71         0          71 
            PM         61         19         0          19 
            PL         61         19         0          19 
            PH         61         19         0          19 
        PH            709        239         0         239 
          PM          215         71         0          71 
            PM         61         19         0          19 
            PL         61         19         0          19 
            PH         61         19         0          19 
          PL          215         71         0          71 
            PM         61         19         0          19 
            PL         61         19         0          19 
            PH         61         19         0          19 
          PH          215         71         0          71 
            PM         61         19         0          19 
            PL         61         19         0          19 
            PH         61         19         0          19 
      PH             2255        767         0         767 
        PM            709        239         0         239 
          PM          215         71         0          71 
            PM         61         19         0          19 
            PL         61         19         0          19 
            PH         61         19         0          19 
          PL          215         71         0          71 
            PM         61         19         0          19 
            PL         61         19         0          19 
            PH         61         19         0          19 
          PH          215         71         0          71 
            PM         61         19         0          19 
            PL         61         19         0          19 
            PH         61         19         0          19 
        PL            709        239         0         239 
          PM          215         71         0          71 
            PM         61         19         0          19 
            PL         61         19         0          19 
            PH         61         19         0          19 
          PL          215         71         0          71 
            PM         61         19         0          19 
            PL         61         19         0          19 
            PH         61         19         0          19 
          PH          215         71         0          71 
            PM         61         19         0          19 
            PL         61         19         0          19 
            PH         61         19         0          19 
        PH            709        239         0         239 
          PM          215         71         0          71 
            PM         61         19         0          19 
            PL         61         19         0          19 
            PH         61         19         0          19 
          PL          215         71         0          71 
            PM         61         19         0          19 
            PL         61         19         0          19 
            PH         61         19         0          19 
          PH          215         71         0          71 
            PM         61         19         0          19 
            PL         61         19         0          19 
            PH         61         19         0          19 
    PL               7021       2402         0        2402 
      PM             2255        767         0         767 
        PM            709        239         0         239 
          PM          215         71         0          71 
            PM         61         19         0          19 
            PL         61         19         0          19 
            PH         61         19         0          19 
          PL          215         71         0          71 
            PM         61         19         0          19 
            PL         61         19         0          19 
            PH         61         19         0          19 
          PH          215         71         0          71 
            PM         61         19         0          19 
            PL         61         19         0          19 
            PH         61         19         0          19 
        PL            709        239         0         239 
          PM          215         71         0          71 
            PM         61         19         0          19 
            PL         61         19         0          19 
            PH         61         19         0          19 
          PL          215         71         0          71 
            PM         61         19         0          19 
            PL         61         19         0          19 
            PH         61         19         0          19 
          PH          215         71         0          71 
            PM         61         19         0          19 
            PL         61         19         0          19 
            PH         61         19         0          19 
        PH            709        239         0         239 
          PM          215         71         0          71 
            PM         61         19         0          19 
            PL         61         19         0          19 
            PH         61         19         0          19 
          PL          215         71         0          71 
            PM         61         19         0          19 
            PL         61         19         0          19 
            PH         61         19         0          19 
          PH          215         71         0          71 
            PM         61         19         0          19 
            PL         61         19         0          19 
            PH         61         19         0          19 
      PL             2255        767         0         767 
        PM            709        239         0         239 
          PM          215         71         0          71 
            PM         61         19         0          19 
            PL         61         19         0          19 
            PH         61         19         0          19 
          PL          215         71         0          71 
            PM         61         19         0          19 
            PL         61         19         0          19 
            PH         61         19         0          19 
          PH          215         71         0          71 
            PM         61         19         0          19 
            PL         61         19         0          19 
            PH         61         19         0          19 
        PL            709        239         0         239 
          PM          215         71         0          71 
            PM         61         19         0          19 
            PL         61         19         0          19 
            PH         61         19         0          19 
          PL          215         71         0          71 
            PM         61         19         0          19 
            PL         61         19         0          19 
            PH         61         19         0          19 
          PH          215         71         0          71 
            PM         61         19         0          19 
            PL         61         19         0          19 
            PH         61         19         0          19 
        PH            709        239         0         239 
          PM          215         71         0          71 
            PM         61         19         0          19 
            PL         61         19         0          19 
            PH         61         19         0          19 
          PL          215         71         0          71 
            PM         61         19         0          19 
            PL         61         19         0          19 
            PH         61         19         0          19 
          PH          215         71         0          71 
            PM         61         19         0          19 
            PL         61         19         0          19 
            PH         61         19         0          19 
      PH             2255        767         0         767 
        PM            709        239         0         239 
          PM          215         71         0          71 
            PM         61         19         0          19 
            PL         61         19         0          19 
            PH         61         19         0          19 
          PL          215         71         0          71 
            PM         61         19         0          19 
            PL         61         19         0          19 
            PH         61         19         0          19 
          PH          215         71         0          71 
            PM         61         19         0          19 
            PL         61         19         0          19 
            PH         61         19         0          19 
        PL            709        239         0         239 
          PM          215         71         0          71 
            PM         61         19         0          19 
            PL         61         19         0          19 
            PH         61         19         0          19 
          PL          215         71         0          71 
            PM         61         19         0          19 
            PL         61         19         0          19 
            PH         61         19         0          19 
          PH          215         71         0          71 
            PM         61         19         0          19 
            PL         61         19         0          19 
            PH         61         19         0          19 
        PH            709        239         0         239 
          PM          215         71         0          71 
            PM         61         19         0          19 
            PL         61         19         0          19 
            PH         61         19         0          19 
          PL          215         71         0          71 
            PM         61         19         0          19 
            PL         61         19         0          19 
            PH         61         19         0          19 
          PH          215         71         0          71 
            PM         61         19         0          19 
            PL         61         19         0          19 
            PH         61         19         0          19 
    PH               7021       2402         0        2402 
      PM             2255        767         0         767 
        PM            709        239         0         239 
          PM          215         71         0          71 
            PM         61         19         0          19 
            PL         61         19         0          19 
            PH         61         19         0          19 
          PL          215         71         0          71 
            PM         61         19         0          19 
            PL         61         19         0          19 
            PH         61         19         0          19 
          PH          215         71         0          71 
            PM         61         19         0          19 
            PL         61         19         0          19 
            PH         61         19         0          19 
        PL            709        239         0         239 
          PM          215         71         0          71 
            PM         61         19         0          19 
            PL         61         19         0          19 
            PH         61         19         0          19 
          PL          215         71         0          71 
            PM         61         19         0          19 
            PL         61         19         0          19 
            PH         61         19         0          19 
          PH          215         71         0          71 
            PM         61         19         0          19 
            PL         61         19         0          19 
            PH         61         19         0          19 
        PH            709        239         0         239 
          PM          215         71         0          71 
            PM         61         19         0          19 
            PL         61         19         0          19 
            PH         61         19         0          19 
          PL          215         71         0          71 
            PM         61         19         0          19 
            PL         61         19         0          19 
            PH         61         19         0          19 
          PH          215         71         0          71 
            PM         61         19         0          19 
            PL         61         19         0          19 
            PH         61         19         0          19 
      PL             2255        767         0         767 
        PM            709        239         0         239 
          PM          215         71         0          71 
            PM         61         19         0          19 
            PL         61         19         0          19 
            PH         61         19         0          19 
          PL          215         71         0          71 
            PM         61         19         0          19 
            PL         61         19         0          19 
            PH         61         19         0          19 
          PH          215         71         0          71 
            PM         61         19         0          19 
            PL         61         19         0          19 
            PH         61         19         0          19 
        PL            709        239         0         239 
          PM          215         71         0          71 
            PM         61         19         0          19 
            PL         61         19         0          19 
            PH         61         19         0          19 
          PL          215         71         0          71 
            PM         61         19         0          19 
            PL         61         19         0          19 
            PH         61         19         0          19 
          PH          215         71         0          71 
            PM         61         19         0          19 
            PL         61         19         0          19 
            PH         61         19         0          19 
        PH            709        239         0         239 
          PM          215         71         0          71 
            PM         61         19         0          19 
            PL         61         19         0          19 
            PH         61         19         0          19 
          PL          215         71         0          71 
            PM         61         19         0          19 
            PL         61         19         0          19 
            PH         61         19         0          19 
          PH          215         71         0          71 
            PM         61         19         0          19 
            PL         61         19         0          19 
            PH         61         19         0          19 
      PH             2255        767         0         767 
        PM            709        239         0         239 
          PM          215         71         0          71 
            PM         61         19         0          19 
            PL         61         19         0          19 
            PH         61         19         0          19 
          PL          215         71         0          71 
            PM         61         19         0          19 
            PL         61         19         0          19 
            PH         61         19         0          19 
          PH          215         71         0          71 
            PM         61         19         0          19 
            PL         61         19         0          19 
            PH         61         19         0          19 
        PL            709        239         0         239 
          PM          215         71         0          71 
            PM         61         19         0          19 
            PL         61         19         0          19 
            PH         61         19         0          19 
          PL          215         71         0          71 
            PM         61         19         0          19 
            PL         61         19         0          19 
            PH         61         19         0          19 
          PH          215         71         0          71 
            PM         61         19         0          19 
            PL         61         19         0          19 
            PH         61         19         0          19 
        PH            709        239         0         239 
          PM          215         71         0          71 
            PM         61         19         0          19 
            PL         61         19         0          19 
            PH         61         19         0          19 
          PL          215         71         0          71 
            PM         61         19         0          19 
            PL         61         19         0          19 
            PH         61         19         0          19 
          PH          215         71         0          71 
            PM         61         19         0          19 
            PL         61         19         0          19 
            PH         61         19         0          19 
  inc_add_109_43_1     27         11         0          11 
  inc_add_106_44_2     27         11         0          11 
