============================================================
  Generated by:           Encounter(R) RTL Compiler RC14.27 - v14.20-s064_1
  Generated on:           Sep 24 2016  10:43:09 am
  Module:                 GCM3LP_256
  Technology libraries:   tcbn16ffplusglbwp7d5t16p96cpdssgnp0p63v0c_ccs 111
                          tcbn16ffplusglbwp7d5t16p96cpdmbssgnp0p63v0c_ccs 111
                          tcbn16ffplusllbwp7d5t16p96cpdlvtssgnp0p63v0c_ccs 111
                          tcbn16ffplusllbwp7d5t16p96cpdulvtssgnp0p63v0c_ccs 111
                          tcbn16ffplusglbwp7d5t16p96cpdmbulvtssgnp0p63v0c_ccs 111
                          tcbn16ffplusglbwp7d5t16p96cpdmblvtssgnp0p63v0c_ccs 111
  Operating conditions:   ssgnp0p63v0c 
  Interconnect mode:      global
  Area mode:              physical library
============================================================

path   1:

          Pin                      Type         Fanout   Load  Slew Delay Arrival   
                                                         (fF)  (ps)  (ps)   (ps)    
------------------------------------------------------------------------------------
(clock vir_CLK)                launch                                           0 R 
(iodelay.tcl_line_24_1_1)      ext delay                            +1000    1000 F 
cen                       (u)  in port            8608 86075.0   23  +130    1130 F 
g3890/in_0                                                             +0    1130   
g3890/z                   (u)  unmapped_not          6    30.0    0   +25    1156 R 
g3898/in_1                                                             +0    1156   
g3898/z                   (u)  unmapped_nor2       129  1285.0    0   +72    1228 F 
g3899/in_0                                                             +0    1228   
g3899/z                   (u)  unmapped_not          1     5.0    0    +9    1237 R 
g3907/in_0                                                             +0    1237   
g3907/z                   (u)  unmapped_nand2      128  1280.0    0   +72    1309 F 
T_reg[9]/E                     unmapped_d_flop                         +0    1309   
T_reg[9]/CP                    setup                            100  +105    1414 R 
- - - - - - - - - - - - - - - - - - - - - - - - - - - - - - - - - - - - - - - - - - 
(clock CLK)                    capture                                       1350 R 
                               adjustments                           -330    1020   
------------------------------------------------------------------------------------
Exception    : 'path_adjusts/from_vir_CLK_to_CLK_setup_uncertainty' path adjust    -330ps
Cost Group   : 'CLK' (path_group 'CLK')
Timing slack :    -394ps (TIMING VIOLATION)
Start-point  : cen
End-point    : T_reg[9]/E

(u) : Net has unmapped pin(s).

path   2:

          Pin                      Type         Fanout   Load  Slew Delay Arrival   
                                                         (fF)  (ps)  (ps)   (ps)    
------------------------------------------------------------------------------------
(clock vir_CLK)                launch                                           0 R 
(iodelay.tcl_line_24_1_1)      ext delay                            +1000    1000 F 
cen                       (u)  in port            8608 86075.0   23  +130    1130 F 
g3890/in_0                                                             +0    1130   
g3890/z                   (u)  unmapped_not          6    30.0    0   +25    1156 R 
g3898/in_1                                                             +0    1156   
g3898/z                   (u)  unmapped_nor2       129  1285.0    0   +72    1228 F 
g3899/in_0                                                             +0    1228   
g3899/z                   (u)  unmapped_not          1     5.0    0    +9    1237 R 
g3907/in_0                                                             +0    1237   
g3907/z                   (u)  unmapped_nand2      128  1280.0    0   +72    1309 F 
T_reg[99]/E                    unmapped_d_flop                         +0    1309   
T_reg[99]/CP                   setup                            100  +105    1414 R 
- - - - - - - - - - - - - - - - - - - - - - - - - - - - - - - - - - - - - - - - - - 
(clock CLK)                    capture                                       1350 R 
                               adjustments                           -330    1020   
------------------------------------------------------------------------------------
Exception    : 'path_adjusts/from_vir_CLK_to_CLK_setup_uncertainty' path adjust    -330ps
Cost Group   : 'CLK' (path_group 'CLK')
Timing slack :    -394ps (TIMING VIOLATION)
Start-point  : cen
End-point    : T_reg[99]/E

(u) : Net has unmapped pin(s).

path   3:

          Pin                      Type         Fanout   Load  Slew Delay Arrival   
                                                         (fF)  (ps)  (ps)   (ps)    
------------------------------------------------------------------------------------
(clock vir_CLK)                launch                                           0 R 
(iodelay.tcl_line_24_1_1)      ext delay                            +1000    1000 F 
cen                       (u)  in port            8608 86075.0   23  +130    1130 F 
g3890/in_0                                                             +0    1130   
g3890/z                   (u)  unmapped_not          6    30.0    0   +25    1156 R 
g3898/in_1                                                             +0    1156   
g3898/z                   (u)  unmapped_nor2       129  1285.0    0   +72    1228 F 
g3899/in_0                                                             +0    1228   
g3899/z                   (u)  unmapped_not          1     5.0    0    +9    1237 R 
g3907/in_0                                                             +0    1237   
g3907/z                   (u)  unmapped_nand2      128  1280.0    0   +72    1309 F 
T_reg[98]/E                    unmapped_d_flop                         +0    1309   
T_reg[98]/CP                   setup                            100  +105    1414 R 
- - - - - - - - - - - - - - - - - - - - - - - - - - - - - - - - - - - - - - - - - - 
(clock CLK)                    capture                                       1350 R 
                               adjustments                           -330    1020   
------------------------------------------------------------------------------------
Exception    : 'path_adjusts/from_vir_CLK_to_CLK_setup_uncertainty' path adjust    -330ps
Cost Group   : 'CLK' (path_group 'CLK')
Timing slack :    -394ps (TIMING VIOLATION)
Start-point  : cen
End-point    : T_reg[98]/E

(u) : Net has unmapped pin(s).

path   4:

          Pin                      Type         Fanout   Load  Slew Delay Arrival   
                                                         (fF)  (ps)  (ps)   (ps)    
------------------------------------------------------------------------------------
(clock vir_CLK)                launch                                           0 R 
(iodelay.tcl_line_24_1_1)      ext delay                            +1000    1000 F 
cen                       (u)  in port            8608 86075.0   23  +130    1130 F 
g3890/in_0                                                             +0    1130   
g3890/z                   (u)  unmapped_not          6    30.0    0   +25    1156 R 
g3898/in_1                                                             +0    1156   
g3898/z                   (u)  unmapped_nor2       129  1285.0    0   +72    1228 F 
g3899/in_0                                                             +0    1228   
g3899/z                   (u)  unmapped_not          1     5.0    0    +9    1237 R 
g3907/in_0                                                             +0    1237   
g3907/z                   (u)  unmapped_nand2      128  1280.0    0   +72    1309 F 
T_reg[97]/E                    unmapped_d_flop                         +0    1309   
T_reg[97]/CP                   setup                            100  +105    1414 R 
- - - - - - - - - - - - - - - - - - - - - - - - - - - - - - - - - - - - - - - - - - 
(clock CLK)                    capture                                       1350 R 
                               adjustments                           -330    1020   
------------------------------------------------------------------------------------
Exception    : 'path_adjusts/from_vir_CLK_to_CLK_setup_uncertainty' path adjust    -330ps
Cost Group   : 'CLK' (path_group 'CLK')
Timing slack :    -394ps (TIMING VIOLATION)
Start-point  : cen
End-point    : T_reg[97]/E

(u) : Net has unmapped pin(s).

path   5:

          Pin                      Type         Fanout   Load  Slew Delay Arrival   
                                                         (fF)  (ps)  (ps)   (ps)    
------------------------------------------------------------------------------------
(clock vir_CLK)                launch                                           0 R 
(iodelay.tcl_line_24_1_1)      ext delay                            +1000    1000 F 
cen                       (u)  in port            8608 86075.0   23  +130    1130 F 
g3890/in_0                                                             +0    1130   
g3890/z                   (u)  unmapped_not          6    30.0    0   +25    1156 R 
g3898/in_1                                                             +0    1156   
g3898/z                   (u)  unmapped_nor2       129  1285.0    0   +72    1228 F 
g3899/in_0                                                             +0    1228   
g3899/z                   (u)  unmapped_not          1     5.0    0    +9    1237 R 
g3907/in_0                                                             +0    1237   
g3907/z                   (u)  unmapped_nand2      128  1280.0    0   +72    1309 F 
T_reg[96]/E                    unmapped_d_flop                         +0    1309   
T_reg[96]/CP                   setup                            100  +105    1414 R 
- - - - - - - - - - - - - - - - - - - - - - - - - - - - - - - - - - - - - - - - - - 
(clock CLK)                    capture                                       1350 R 
                               adjustments                           -330    1020   
------------------------------------------------------------------------------------
Exception    : 'path_adjusts/from_vir_CLK_to_CLK_setup_uncertainty' path adjust    -330ps
Cost Group   : 'CLK' (path_group 'CLK')
Timing slack :    -394ps (TIMING VIOLATION)
Start-point  : cen
End-point    : T_reg[96]/E

(u) : Net has unmapped pin(s).

path   6:

          Pin                      Type         Fanout   Load  Slew Delay Arrival   
                                                         (fF)  (ps)  (ps)   (ps)    
------------------------------------------------------------------------------------
(clock vir_CLK)                launch                                           0 R 
(iodelay.tcl_line_24_1_1)      ext delay                            +1000    1000 F 
cen                       (u)  in port            8608 86075.0   23  +130    1130 F 
g3890/in_0                                                             +0    1130   
g3890/z                   (u)  unmapped_not          6    30.0    0   +25    1156 R 
g3898/in_1                                                             +0    1156   
g3898/z                   (u)  unmapped_nor2       129  1285.0    0   +72    1228 F 
g3899/in_0                                                             +0    1228   
g3899/z                   (u)  unmapped_not          1     5.0    0    +9    1237 R 
g3907/in_0                                                             +0    1237   
g3907/z                   (u)  unmapped_nand2      128  1280.0    0   +72    1309 F 
T_reg[95]/E                    unmapped_d_flop                         +0    1309   
T_reg[95]/CP                   setup                            100  +105    1414 R 
- - - - - - - - - - - - - - - - - - - - - - - - - - - - - - - - - - - - - - - - - - 
(clock CLK)                    capture                                       1350 R 
                               adjustments                           -330    1020   
------------------------------------------------------------------------------------
Exception    : 'path_adjusts/from_vir_CLK_to_CLK_setup_uncertainty' path adjust    -330ps
Cost Group   : 'CLK' (path_group 'CLK')
Timing slack :    -394ps (TIMING VIOLATION)
Start-point  : cen
End-point    : T_reg[95]/E

(u) : Net has unmapped pin(s).

path   7:

          Pin                      Type         Fanout   Load  Slew Delay Arrival   
                                                         (fF)  (ps)  (ps)   (ps)    
------------------------------------------------------------------------------------
(clock vir_CLK)                launch                                           0 R 
(iodelay.tcl_line_24_1_1)      ext delay                            +1000    1000 F 
cen                       (u)  in port            8608 86075.0   23  +130    1130 F 
g3890/in_0                                                             +0    1130   
g3890/z                   (u)  unmapped_not          6    30.0    0   +25    1156 R 
g3898/in_1                                                             +0    1156   
g3898/z                   (u)  unmapped_nor2       129  1285.0    0   +72    1228 F 
g3899/in_0                                                             +0    1228   
g3899/z                   (u)  unmapped_not          1     5.0    0    +9    1237 R 
g3907/in_0                                                             +0    1237   
g3907/z                   (u)  unmapped_nand2      128  1280.0    0   +72    1309 F 
T_reg[94]/E                    unmapped_d_flop                         +0    1309   
T_reg[94]/CP                   setup                            100  +105    1414 R 
- - - - - - - - - - - - - - - - - - - - - - - - - - - - - - - - - - - - - - - - - - 
(clock CLK)                    capture                                       1350 R 
                               adjustments                           -330    1020   
------------------------------------------------------------------------------------
Exception    : 'path_adjusts/from_vir_CLK_to_CLK_setup_uncertainty' path adjust    -330ps
Cost Group   : 'CLK' (path_group 'CLK')
Timing slack :    -394ps (TIMING VIOLATION)
Start-point  : cen
End-point    : T_reg[94]/E

(u) : Net has unmapped pin(s).

path   8:

          Pin                      Type         Fanout   Load  Slew Delay Arrival   
                                                         (fF)  (ps)  (ps)   (ps)    
------------------------------------------------------------------------------------
(clock vir_CLK)                launch                                           0 R 
(iodelay.tcl_line_24_1_1)      ext delay                            +1000    1000 F 
cen                       (u)  in port            8608 86075.0   23  +130    1130 F 
g3890/in_0                                                             +0    1130   
g3890/z                   (u)  unmapped_not          6    30.0    0   +25    1156 R 
g3898/in_1                                                             +0    1156   
g3898/z                   (u)  unmapped_nor2       129  1285.0    0   +72    1228 F 
g3899/in_0                                                             +0    1228   
g3899/z                   (u)  unmapped_not          1     5.0    0    +9    1237 R 
g3907/in_0                                                             +0    1237   
g3907/z                   (u)  unmapped_nand2      128  1280.0    0   +72    1309 F 
T_reg[93]/E                    unmapped_d_flop                         +0    1309   
T_reg[93]/CP                   setup                            100  +105    1414 R 
- - - - - - - - - - - - - - - - - - - - - - - - - - - - - - - - - - - - - - - - - - 
(clock CLK)                    capture                                       1350 R 
                               adjustments                           -330    1020   
------------------------------------------------------------------------------------
Exception    : 'path_adjusts/from_vir_CLK_to_CLK_setup_uncertainty' path adjust    -330ps
Cost Group   : 'CLK' (path_group 'CLK')
Timing slack :    -394ps (TIMING VIOLATION)
Start-point  : cen
End-point    : T_reg[93]/E

(u) : Net has unmapped pin(s).

path   9:

          Pin                      Type         Fanout   Load  Slew Delay Arrival   
                                                         (fF)  (ps)  (ps)   (ps)    
------------------------------------------------------------------------------------
(clock vir_CLK)                launch                                           0 R 
(iodelay.tcl_line_24_1_1)      ext delay                            +1000    1000 F 
cen                       (u)  in port            8608 86075.0   23  +130    1130 F 
g3890/in_0                                                             +0    1130   
g3890/z                   (u)  unmapped_not          6    30.0    0   +25    1156 R 
g3898/in_1                                                             +0    1156   
g3898/z                   (u)  unmapped_nor2       129  1285.0    0   +72    1228 F 
g3899/in_0                                                             +0    1228   
g3899/z                   (u)  unmapped_not          1     5.0    0    +9    1237 R 
g3907/in_0                                                             +0    1237   
g3907/z                   (u)  unmapped_nand2      128  1280.0    0   +72    1309 F 
T_reg[92]/E                    unmapped_d_flop                         +0    1309   
T_reg[92]/CP                   setup                            100  +105    1414 R 
- - - - - - - - - - - - - - - - - - - - - - - - - - - - - - - - - - - - - - - - - - 
(clock CLK)                    capture                                       1350 R 
                               adjustments                           -330    1020   
------------------------------------------------------------------------------------
Exception    : 'path_adjusts/from_vir_CLK_to_CLK_setup_uncertainty' path adjust    -330ps
Cost Group   : 'CLK' (path_group 'CLK')
Timing slack :    -394ps (TIMING VIOLATION)
Start-point  : cen
End-point    : T_reg[92]/E

(u) : Net has unmapped pin(s).

path  10:

          Pin                      Type         Fanout   Load  Slew Delay Arrival   
                                                         (fF)  (ps)  (ps)   (ps)    
------------------------------------------------------------------------------------
(clock vir_CLK)                launch                                           0 R 
(iodelay.tcl_line_24_1_1)      ext delay                            +1000    1000 F 
cen                       (u)  in port            8608 86075.0   23  +130    1130 F 
g3890/in_0                                                             +0    1130   
g3890/z                   (u)  unmapped_not          6    30.0    0   +25    1156 R 
g3898/in_1                                                             +0    1156   
g3898/z                   (u)  unmapped_nor2       129  1285.0    0   +72    1228 F 
g3899/in_0                                                             +0    1228   
g3899/z                   (u)  unmapped_not          1     5.0    0    +9    1237 R 
g3907/in_0                                                             +0    1237   
g3907/z                   (u)  unmapped_nand2      128  1280.0    0   +72    1309 F 
T_reg[91]/E                    unmapped_d_flop                         +0    1309   
T_reg[91]/CP                   setup                            100  +105    1414 R 
- - - - - - - - - - - - - - - - - - - - - - - - - - - - - - - - - - - - - - - - - - 
(clock CLK)                    capture                                       1350 R 
                               adjustments                           -330    1020   
------------------------------------------------------------------------------------
Exception    : 'path_adjusts/from_vir_CLK_to_CLK_setup_uncertainty' path adjust    -330ps
Cost Group   : 'CLK' (path_group 'CLK')
Timing slack :    -394ps (TIMING VIOLATION)
Start-point  : cen
End-point    : T_reg[91]/E

(u) : Net has unmapped pin(s).

path  11:

          Pin                      Type         Fanout   Load  Slew Delay Arrival   
                                                         (fF)  (ps)  (ps)   (ps)    
------------------------------------------------------------------------------------
(clock vir_CLK)                launch                                           0 R 
(iodelay.tcl_line_24_1_1)      ext delay                            +1000    1000 F 
cen                       (u)  in port            8608 86075.0   23  +130    1130 F 
g3890/in_0                                                             +0    1130   
g3890/z                   (u)  unmapped_not          6    30.0    0   +25    1156 R 
g3898/in_1                                                             +0    1156   
g3898/z                   (u)  unmapped_nor2       129  1285.0    0   +72    1228 F 
g3899/in_0                                                             +0    1228   
g3899/z                   (u)  unmapped_not          1     5.0    0    +9    1237 R 
g3907/in_0                                                             +0    1237   
g3907/z                   (u)  unmapped_nand2      128  1280.0    0   +72    1309 F 
T_reg[90]/E                    unmapped_d_flop                         +0    1309   
T_reg[90]/CP                   setup                            100  +105    1414 R 
- - - - - - - - - - - - - - - - - - - - - - - - - - - - - - - - - - - - - - - - - - 
(clock CLK)                    capture                                       1350 R 
                               adjustments                           -330    1020   
------------------------------------------------------------------------------------
Exception    : 'path_adjusts/from_vir_CLK_to_CLK_setup_uncertainty' path adjust    -330ps
Cost Group   : 'CLK' (path_group 'CLK')
Timing slack :    -394ps (TIMING VIOLATION)
Start-point  : cen
End-point    : T_reg[90]/E

(u) : Net has unmapped pin(s).

path  12:

          Pin                      Type         Fanout   Load  Slew Delay Arrival   
                                                         (fF)  (ps)  (ps)   (ps)    
------------------------------------------------------------------------------------
(clock vir_CLK)                launch                                           0 R 
(iodelay.tcl_line_24_1_1)      ext delay                            +1000    1000 F 
cen                       (u)  in port            8608 86075.0   23  +130    1130 F 
g3890/in_0                                                             +0    1130   
g3890/z                   (u)  unmapped_not          6    30.0    0   +25    1156 R 
g3898/in_1                                                             +0    1156   
g3898/z                   (u)  unmapped_nor2       129  1285.0    0   +72    1228 F 
g3899/in_0                                                             +0    1228   
g3899/z                   (u)  unmapped_not          1     5.0    0    +9    1237 R 
g3907/in_0                                                             +0    1237   
g3907/z                   (u)  unmapped_nand2      128  1280.0    0   +72    1309 F 
T_reg[8]/E                     unmapped_d_flop                         +0    1309   
T_reg[8]/CP                    setup                            100  +105    1414 R 
- - - - - - - - - - - - - - - - - - - - - - - - - - - - - - - - - - - - - - - - - - 
(clock CLK)                    capture                                       1350 R 
                               adjustments                           -330    1020   
------------------------------------------------------------------------------------
Exception    : 'path_adjusts/from_vir_CLK_to_CLK_setup_uncertainty' path adjust    -330ps
Cost Group   : 'CLK' (path_group 'CLK')
Timing slack :    -394ps (TIMING VIOLATION)
Start-point  : cen
End-point    : T_reg[8]/E

(u) : Net has unmapped pin(s).

path  13:

          Pin                      Type         Fanout   Load  Slew Delay Arrival   
                                                         (fF)  (ps)  (ps)   (ps)    
------------------------------------------------------------------------------------
(clock vir_CLK)                launch                                           0 R 
(iodelay.tcl_line_24_1_1)      ext delay                            +1000    1000 F 
cen                       (u)  in port            8608 86075.0   23  +130    1130 F 
g3890/in_0                                                             +0    1130   
g3890/z                   (u)  unmapped_not          6    30.0    0   +25    1156 R 
g3898/in_1                                                             +0    1156   
g3898/z                   (u)  unmapped_nor2       129  1285.0    0   +72    1228 F 
g3899/in_0                                                             +0    1228   
g3899/z                   (u)  unmapped_not          1     5.0    0    +9    1237 R 
g3907/in_0                                                             +0    1237   
g3907/z                   (u)  unmapped_nand2      128  1280.0    0   +72    1309 F 
T_reg[89]/E                    unmapped_d_flop                         +0    1309   
T_reg[89]/CP                   setup                            100  +105    1414 R 
- - - - - - - - - - - - - - - - - - - - - - - - - - - - - - - - - - - - - - - - - - 
(clock CLK)                    capture                                       1350 R 
                               adjustments                           -330    1020   
------------------------------------------------------------------------------------
Exception    : 'path_adjusts/from_vir_CLK_to_CLK_setup_uncertainty' path adjust    -330ps
Cost Group   : 'CLK' (path_group 'CLK')
Timing slack :    -394ps (TIMING VIOLATION)
Start-point  : cen
End-point    : T_reg[89]/E

(u) : Net has unmapped pin(s).

path  14:

          Pin                      Type         Fanout   Load  Slew Delay Arrival   
                                                         (fF)  (ps)  (ps)   (ps)    
------------------------------------------------------------------------------------
(clock vir_CLK)                launch                                           0 R 
(iodelay.tcl_line_24_1_1)      ext delay                            +1000    1000 F 
cen                       (u)  in port            8608 86075.0   23  +130    1130 F 
g3890/in_0                                                             +0    1130   
g3890/z                   (u)  unmapped_not          6    30.0    0   +25    1156 R 
g3898/in_1                                                             +0    1156   
g3898/z                   (u)  unmapped_nor2       129  1285.0    0   +72    1228 F 
g3899/in_0                                                             +0    1228   
g3899/z                   (u)  unmapped_not          1     5.0    0    +9    1237 R 
g3907/in_0                                                             +0    1237   
g3907/z                   (u)  unmapped_nand2      128  1280.0    0   +72    1309 F 
T_reg[88]/E                    unmapped_d_flop                         +0    1309   
T_reg[88]/CP                   setup                            100  +105    1414 R 
- - - - - - - - - - - - - - - - - - - - - - - - - - - - - - - - - - - - - - - - - - 
(clock CLK)                    capture                                       1350 R 
                               adjustments                           -330    1020   
------------------------------------------------------------------------------------
Exception    : 'path_adjusts/from_vir_CLK_to_CLK_setup_uncertainty' path adjust    -330ps
Cost Group   : 'CLK' (path_group 'CLK')
Timing slack :    -394ps (TIMING VIOLATION)
Start-point  : cen
End-point    : T_reg[88]/E

(u) : Net has unmapped pin(s).

path  15:

          Pin                      Type         Fanout   Load  Slew Delay Arrival   
                                                         (fF)  (ps)  (ps)   (ps)    
------------------------------------------------------------------------------------
(clock vir_CLK)                launch                                           0 R 
(iodelay.tcl_line_24_1_1)      ext delay                            +1000    1000 F 
cen                       (u)  in port            8608 86075.0   23  +130    1130 F 
g3890/in_0                                                             +0    1130   
g3890/z                   (u)  unmapped_not          6    30.0    0   +25    1156 R 
g3898/in_1                                                             +0    1156   
g3898/z                   (u)  unmapped_nor2       129  1285.0    0   +72    1228 F 
g3899/in_0                                                             +0    1228   
g3899/z                   (u)  unmapped_not          1     5.0    0    +9    1237 R 
g3907/in_0                                                             +0    1237   
g3907/z                   (u)  unmapped_nand2      128  1280.0    0   +72    1309 F 
T_reg[87]/E                    unmapped_d_flop                         +0    1309   
T_reg[87]/CP                   setup                            100  +105    1414 R 
- - - - - - - - - - - - - - - - - - - - - - - - - - - - - - - - - - - - - - - - - - 
(clock CLK)                    capture                                       1350 R 
                               adjustments                           -330    1020   
------------------------------------------------------------------------------------
Exception    : 'path_adjusts/from_vir_CLK_to_CLK_setup_uncertainty' path adjust    -330ps
Cost Group   : 'CLK' (path_group 'CLK')
Timing slack :    -394ps (TIMING VIOLATION)
Start-point  : cen
End-point    : T_reg[87]/E

(u) : Net has unmapped pin(s).

path  16:

          Pin                      Type         Fanout   Load  Slew Delay Arrival   
                                                         (fF)  (ps)  (ps)   (ps)    
------------------------------------------------------------------------------------
(clock vir_CLK)                launch                                           0 R 
(iodelay.tcl_line_24_1_1)      ext delay                            +1000    1000 F 
cen                       (u)  in port            8608 86075.0   23  +130    1130 F 
g3890/in_0                                                             +0    1130   
g3890/z                   (u)  unmapped_not          6    30.0    0   +25    1156 R 
g3898/in_1                                                             +0    1156   
g3898/z                   (u)  unmapped_nor2       129  1285.0    0   +72    1228 F 
g3899/in_0                                                             +0    1228   
g3899/z                   (u)  unmapped_not          1     5.0    0    +9    1237 R 
g3907/in_0                                                             +0    1237   
g3907/z                   (u)  unmapped_nand2      128  1280.0    0   +72    1309 F 
T_reg[86]/E                    unmapped_d_flop                         +0    1309   
T_reg[86]/CP                   setup                            100  +105    1414 R 
- - - - - - - - - - - - - - - - - - - - - - - - - - - - - - - - - - - - - - - - - - 
(clock CLK)                    capture                                       1350 R 
                               adjustments                           -330    1020   
------------------------------------------------------------------------------------
Exception    : 'path_adjusts/from_vir_CLK_to_CLK_setup_uncertainty' path adjust    -330ps
Cost Group   : 'CLK' (path_group 'CLK')
Timing slack :    -394ps (TIMING VIOLATION)
Start-point  : cen
End-point    : T_reg[86]/E

(u) : Net has unmapped pin(s).

path  17:

          Pin                      Type         Fanout   Load  Slew Delay Arrival   
                                                         (fF)  (ps)  (ps)   (ps)    
------------------------------------------------------------------------------------
(clock vir_CLK)                launch                                           0 R 
(iodelay.tcl_line_24_1_1)      ext delay                            +1000    1000 F 
cen                       (u)  in port            8608 86075.0   23  +130    1130 F 
g3890/in_0                                                             +0    1130   
g3890/z                   (u)  unmapped_not          6    30.0    0   +25    1156 R 
g3898/in_1                                                             +0    1156   
g3898/z                   (u)  unmapped_nor2       129  1285.0    0   +72    1228 F 
g3899/in_0                                                             +0    1228   
g3899/z                   (u)  unmapped_not          1     5.0    0    +9    1237 R 
g3907/in_0                                                             +0    1237   
g3907/z                   (u)  unmapped_nand2      128  1280.0    0   +72    1309 F 
T_reg[85]/E                    unmapped_d_flop                         +0    1309   
T_reg[85]/CP                   setup                            100  +105    1414 R 
- - - - - - - - - - - - - - - - - - - - - - - - - - - - - - - - - - - - - - - - - - 
(clock CLK)                    capture                                       1350 R 
                               adjustments                           -330    1020   
------------------------------------------------------------------------------------
Exception    : 'path_adjusts/from_vir_CLK_to_CLK_setup_uncertainty' path adjust    -330ps
Cost Group   : 'CLK' (path_group 'CLK')
Timing slack :    -394ps (TIMING VIOLATION)
Start-point  : cen
End-point    : T_reg[85]/E

(u) : Net has unmapped pin(s).

path  18:

          Pin                      Type         Fanout   Load  Slew Delay Arrival   
                                                         (fF)  (ps)  (ps)   (ps)    
------------------------------------------------------------------------------------
(clock vir_CLK)                launch                                           0 R 
(iodelay.tcl_line_24_1_1)      ext delay                            +1000    1000 F 
cen                       (u)  in port            8608 86075.0   23  +130    1130 F 
g3890/in_0                                                             +0    1130   
g3890/z                   (u)  unmapped_not          6    30.0    0   +25    1156 R 
g3898/in_1                                                             +0    1156   
g3898/z                   (u)  unmapped_nor2       129  1285.0    0   +72    1228 F 
g3899/in_0                                                             +0    1228   
g3899/z                   (u)  unmapped_not          1     5.0    0    +9    1237 R 
g3907/in_0                                                             +0    1237   
g3907/z                   (u)  unmapped_nand2      128  1280.0    0   +72    1309 F 
T_reg[84]/E                    unmapped_d_flop                         +0    1309   
T_reg[84]/CP                   setup                            100  +105    1414 R 
- - - - - - - - - - - - - - - - - - - - - - - - - - - - - - - - - - - - - - - - - - 
(clock CLK)                    capture                                       1350 R 
                               adjustments                           -330    1020   
------------------------------------------------------------------------------------
Exception    : 'path_adjusts/from_vir_CLK_to_CLK_setup_uncertainty' path adjust    -330ps
Cost Group   : 'CLK' (path_group 'CLK')
Timing slack :    -394ps (TIMING VIOLATION)
Start-point  : cen
End-point    : T_reg[84]/E

(u) : Net has unmapped pin(s).

path  19:

          Pin                      Type         Fanout   Load  Slew Delay Arrival   
                                                         (fF)  (ps)  (ps)   (ps)    
------------------------------------------------------------------------------------
(clock vir_CLK)                launch                                           0 R 
(iodelay.tcl_line_24_1_1)      ext delay                            +1000    1000 F 
cen                       (u)  in port            8608 86075.0   23  +130    1130 F 
g3890/in_0                                                             +0    1130   
g3890/z                   (u)  unmapped_not          6    30.0    0   +25    1156 R 
g3898/in_1                                                             +0    1156   
g3898/z                   (u)  unmapped_nor2       129  1285.0    0   +72    1228 F 
g3899/in_0                                                             +0    1228   
g3899/z                   (u)  unmapped_not          1     5.0    0    +9    1237 R 
g3907/in_0                                                             +0    1237   
g3907/z                   (u)  unmapped_nand2      128  1280.0    0   +72    1309 F 
T_reg[83]/E                    unmapped_d_flop                         +0    1309   
T_reg[83]/CP                   setup                            100  +105    1414 R 
- - - - - - - - - - - - - - - - - - - - - - - - - - - - - - - - - - - - - - - - - - 
(clock CLK)                    capture                                       1350 R 
                               adjustments                           -330    1020   
------------------------------------------------------------------------------------
Exception    : 'path_adjusts/from_vir_CLK_to_CLK_setup_uncertainty' path adjust    -330ps
Cost Group   : 'CLK' (path_group 'CLK')
Timing slack :    -394ps (TIMING VIOLATION)
Start-point  : cen
End-point    : T_reg[83]/E

(u) : Net has unmapped pin(s).

path  20:

          Pin                      Type         Fanout   Load  Slew Delay Arrival   
                                                         (fF)  (ps)  (ps)   (ps)    
------------------------------------------------------------------------------------
(clock vir_CLK)                launch                                           0 R 
(iodelay.tcl_line_24_1_1)      ext delay                            +1000    1000 F 
cen                       (u)  in port            8608 86075.0   23  +130    1130 F 
g3890/in_0                                                             +0    1130   
g3890/z                   (u)  unmapped_not          6    30.0    0   +25    1156 R 
g3898/in_1                                                             +0    1156   
g3898/z                   (u)  unmapped_nor2       129  1285.0    0   +72    1228 F 
g3899/in_0                                                             +0    1228   
g3899/z                   (u)  unmapped_not          1     5.0    0    +9    1237 R 
g3907/in_0                                                             +0    1237   
g3907/z                   (u)  unmapped_nand2      128  1280.0    0   +72    1309 F 
T_reg[82]/E                    unmapped_d_flop                         +0    1309   
T_reg[82]/CP                   setup                            100  +105    1414 R 
- - - - - - - - - - - - - - - - - - - - - - - - - - - - - - - - - - - - - - - - - - 
(clock CLK)                    capture                                       1350 R 
                               adjustments                           -330    1020   
------------------------------------------------------------------------------------
Exception    : 'path_adjusts/from_vir_CLK_to_CLK_setup_uncertainty' path adjust    -330ps
Cost Group   : 'CLK' (path_group 'CLK')
Timing slack :    -394ps (TIMING VIOLATION)
Start-point  : cen
End-point    : T_reg[82]/E

(u) : Net has unmapped pin(s).

path  21:

          Pin                      Type         Fanout   Load  Slew Delay Arrival   
                                                         (fF)  (ps)  (ps)   (ps)    
------------------------------------------------------------------------------------
(clock vir_CLK)                launch                                           0 R 
(iodelay.tcl_line_24_1_1)      ext delay                            +1000    1000 F 
cen                       (u)  in port            8608 86075.0   23  +130    1130 F 
g3890/in_0                                                             +0    1130   
g3890/z                   (u)  unmapped_not          6    30.0    0   +25    1156 R 
g3898/in_1                                                             +0    1156   
g3898/z                   (u)  unmapped_nor2       129  1285.0    0   +72    1228 F 
g3899/in_0                                                             +0    1228   
g3899/z                   (u)  unmapped_not          1     5.0    0    +9    1237 R 
g3907/in_0                                                             +0    1237   
g3907/z                   (u)  unmapped_nand2      128  1280.0    0   +72    1309 F 
T_reg[81]/E                    unmapped_d_flop                         +0    1309   
T_reg[81]/CP                   setup                            100  +105    1414 R 
- - - - - - - - - - - - - - - - - - - - - - - - - - - - - - - - - - - - - - - - - - 
(clock CLK)                    capture                                       1350 R 
                               adjustments                           -330    1020   
------------------------------------------------------------------------------------
Exception    : 'path_adjusts/from_vir_CLK_to_CLK_setup_uncertainty' path adjust    -330ps
Cost Group   : 'CLK' (path_group 'CLK')
Timing slack :    -394ps (TIMING VIOLATION)
Start-point  : cen
End-point    : T_reg[81]/E

(u) : Net has unmapped pin(s).

path  22:

          Pin                      Type         Fanout   Load  Slew Delay Arrival   
                                                         (fF)  (ps)  (ps)   (ps)    
------------------------------------------------------------------------------------
(clock vir_CLK)                launch                                           0 R 
(iodelay.tcl_line_24_1_1)      ext delay                            +1000    1000 F 
cen                       (u)  in port            8608 86075.0   23  +130    1130 F 
g3890/in_0                                                             +0    1130   
g3890/z                   (u)  unmapped_not          6    30.0    0   +25    1156 R 
g3898/in_1                                                             +0    1156   
g3898/z                   (u)  unmapped_nor2       129  1285.0    0   +72    1228 F 
g3899/in_0                                                             +0    1228   
g3899/z                   (u)  unmapped_not          1     5.0    0    +9    1237 R 
g3907/in_0                                                             +0    1237   
g3907/z                   (u)  unmapped_nand2      128  1280.0    0   +72    1309 F 
T_reg[80]/E                    unmapped_d_flop                         +0    1309   
T_reg[80]/CP                   setup                            100  +105    1414 R 
- - - - - - - - - - - - - - - - - - - - - - - - - - - - - - - - - - - - - - - - - - 
(clock CLK)                    capture                                       1350 R 
                               adjustments                           -330    1020   
------------------------------------------------------------------------------------
Exception    : 'path_adjusts/from_vir_CLK_to_CLK_setup_uncertainty' path adjust    -330ps
Cost Group   : 'CLK' (path_group 'CLK')
Timing slack :    -394ps (TIMING VIOLATION)
Start-point  : cen
End-point    : T_reg[80]/E

(u) : Net has unmapped pin(s).

path  23:

          Pin                      Type         Fanout   Load  Slew Delay Arrival   
                                                         (fF)  (ps)  (ps)   (ps)    
------------------------------------------------------------------------------------
(clock vir_CLK)                launch                                           0 R 
(iodelay.tcl_line_24_1_1)      ext delay                            +1000    1000 F 
cen                       (u)  in port            8608 86075.0   23  +130    1130 F 
g3890/in_0                                                             +0    1130   
g3890/z                   (u)  unmapped_not          6    30.0    0   +25    1156 R 
g3898/in_1                                                             +0    1156   
g3898/z                   (u)  unmapped_nor2       129  1285.0    0   +72    1228 F 
g3899/in_0                                                             +0    1228   
g3899/z                   (u)  unmapped_not          1     5.0    0    +9    1237 R 
g3907/in_0                                                             +0    1237   
g3907/z                   (u)  unmapped_nand2      128  1280.0    0   +72    1309 F 
T_reg[7]/E                     unmapped_d_flop                         +0    1309   
T_reg[7]/CP                    setup                            100  +105    1414 R 
- - - - - - - - - - - - - - - - - - - - - - - - - - - - - - - - - - - - - - - - - - 
(clock CLK)                    capture                                       1350 R 
                               adjustments                           -330    1020   
------------------------------------------------------------------------------------
Exception    : 'path_adjusts/from_vir_CLK_to_CLK_setup_uncertainty' path adjust    -330ps
Cost Group   : 'CLK' (path_group 'CLK')
Timing slack :    -394ps (TIMING VIOLATION)
Start-point  : cen
End-point    : T_reg[7]/E

(u) : Net has unmapped pin(s).

path  24:

          Pin                      Type         Fanout   Load  Slew Delay Arrival   
                                                         (fF)  (ps)  (ps)   (ps)    
------------------------------------------------------------------------------------
(clock vir_CLK)                launch                                           0 R 
(iodelay.tcl_line_24_1_1)      ext delay                            +1000    1000 F 
cen                       (u)  in port            8608 86075.0   23  +130    1130 F 
g3890/in_0                                                             +0    1130   
g3890/z                   (u)  unmapped_not          6    30.0    0   +25    1156 R 
g3898/in_1                                                             +0    1156   
g3898/z                   (u)  unmapped_nor2       129  1285.0    0   +72    1228 F 
g3899/in_0                                                             +0    1228   
g3899/z                   (u)  unmapped_not          1     5.0    0    +9    1237 R 
g3907/in_0                                                             +0    1237   
g3907/z                   (u)  unmapped_nand2      128  1280.0    0   +72    1309 F 
T_reg[79]/E                    unmapped_d_flop                         +0    1309   
T_reg[79]/CP                   setup                            100  +105    1414 R 
- - - - - - - - - - - - - - - - - - - - - - - - - - - - - - - - - - - - - - - - - - 
(clock CLK)                    capture                                       1350 R 
                               adjustments                           -330    1020   
------------------------------------------------------------------------------------
Exception    : 'path_adjusts/from_vir_CLK_to_CLK_setup_uncertainty' path adjust    -330ps
Cost Group   : 'CLK' (path_group 'CLK')
Timing slack :    -394ps (TIMING VIOLATION)
Start-point  : cen
End-point    : T_reg[79]/E

(u) : Net has unmapped pin(s).

path  25:

          Pin                      Type         Fanout   Load  Slew Delay Arrival   
                                                         (fF)  (ps)  (ps)   (ps)    
------------------------------------------------------------------------------------
(clock vir_CLK)                launch                                           0 R 
(iodelay.tcl_line_24_1_1)      ext delay                            +1000    1000 F 
cen                       (u)  in port            8608 86075.0   23  +130    1130 F 
g3890/in_0                                                             +0    1130   
g3890/z                   (u)  unmapped_not          6    30.0    0   +25    1156 R 
g3898/in_1                                                             +0    1156   
g3898/z                   (u)  unmapped_nor2       129  1285.0    0   +72    1228 F 
g3899/in_0                                                             +0    1228   
g3899/z                   (u)  unmapped_not          1     5.0    0    +9    1237 R 
g3907/in_0                                                             +0    1237   
g3907/z                   (u)  unmapped_nand2      128  1280.0    0   +72    1309 F 
T_reg[78]/E                    unmapped_d_flop                         +0    1309   
T_reg[78]/CP                   setup                            100  +105    1414 R 
- - - - - - - - - - - - - - - - - - - - - - - - - - - - - - - - - - - - - - - - - - 
(clock CLK)                    capture                                       1350 R 
                               adjustments                           -330    1020   
------------------------------------------------------------------------------------
Exception    : 'path_adjusts/from_vir_CLK_to_CLK_setup_uncertainty' path adjust    -330ps
Cost Group   : 'CLK' (path_group 'CLK')
Timing slack :    -394ps (TIMING VIOLATION)
Start-point  : cen
End-point    : T_reg[78]/E

(u) : Net has unmapped pin(s).

path  26:

          Pin                      Type         Fanout   Load  Slew Delay Arrival   
                                                         (fF)  (ps)  (ps)   (ps)    
------------------------------------------------------------------------------------
(clock vir_CLK)                launch                                           0 R 
(iodelay.tcl_line_24_1_1)      ext delay                            +1000    1000 F 
cen                       (u)  in port            8608 86075.0   23  +130    1130 F 
g3890/in_0                                                             +0    1130   
g3890/z                   (u)  unmapped_not          6    30.0    0   +25    1156 R 
g3898/in_1                                                             +0    1156   
g3898/z                   (u)  unmapped_nor2       129  1285.0    0   +72    1228 F 
g3899/in_0                                                             +0    1228   
g3899/z                   (u)  unmapped_not          1     5.0    0    +9    1237 R 
g3907/in_0                                                             +0    1237   
g3907/z                   (u)  unmapped_nand2      128  1280.0    0   +72    1309 F 
T_reg[77]/E                    unmapped_d_flop                         +0    1309   
T_reg[77]/CP                   setup                            100  +105    1414 R 
- - - - - - - - - - - - - - - - - - - - - - - - - - - - - - - - - - - - - - - - - - 
(clock CLK)                    capture                                       1350 R 
                               adjustments                           -330    1020   
------------------------------------------------------------------------------------
Exception    : 'path_adjusts/from_vir_CLK_to_CLK_setup_uncertainty' path adjust    -330ps
Cost Group   : 'CLK' (path_group 'CLK')
Timing slack :    -394ps (TIMING VIOLATION)
Start-point  : cen
End-point    : T_reg[77]/E

(u) : Net has unmapped pin(s).

path  27:

          Pin                      Type         Fanout   Load  Slew Delay Arrival   
                                                         (fF)  (ps)  (ps)   (ps)    
------------------------------------------------------------------------------------
(clock vir_CLK)                launch                                           0 R 
(iodelay.tcl_line_24_1_1)      ext delay                            +1000    1000 F 
cen                       (u)  in port            8608 86075.0   23  +130    1130 F 
g3890/in_0                                                             +0    1130   
g3890/z                   (u)  unmapped_not          6    30.0    0   +25    1156 R 
g3898/in_1                                                             +0    1156   
g3898/z                   (u)  unmapped_nor2       129  1285.0    0   +72    1228 F 
g3899/in_0                                                             +0    1228   
g3899/z                   (u)  unmapped_not          1     5.0    0    +9    1237 R 
g3907/in_0                                                             +0    1237   
g3907/z                   (u)  unmapped_nand2      128  1280.0    0   +72    1309 F 
T_reg[76]/E                    unmapped_d_flop                         +0    1309   
T_reg[76]/CP                   setup                            100  +105    1414 R 
- - - - - - - - - - - - - - - - - - - - - - - - - - - - - - - - - - - - - - - - - - 
(clock CLK)                    capture                                       1350 R 
                               adjustments                           -330    1020   
------------------------------------------------------------------------------------
Exception    : 'path_adjusts/from_vir_CLK_to_CLK_setup_uncertainty' path adjust    -330ps
Cost Group   : 'CLK' (path_group 'CLK')
Timing slack :    -394ps (TIMING VIOLATION)
Start-point  : cen
End-point    : T_reg[76]/E

(u) : Net has unmapped pin(s).

path  28:

          Pin                      Type         Fanout   Load  Slew Delay Arrival   
                                                         (fF)  (ps)  (ps)   (ps)    
------------------------------------------------------------------------------------
(clock vir_CLK)                launch                                           0 R 
(iodelay.tcl_line_24_1_1)      ext delay                            +1000    1000 F 
cen                       (u)  in port            8608 86075.0   23  +130    1130 F 
g3890/in_0                                                             +0    1130   
g3890/z                   (u)  unmapped_not          6    30.0    0   +25    1156 R 
g3898/in_1                                                             +0    1156   
g3898/z                   (u)  unmapped_nor2       129  1285.0    0   +72    1228 F 
g3899/in_0                                                             +0    1228   
g3899/z                   (u)  unmapped_not          1     5.0    0    +9    1237 R 
g3907/in_0                                                             +0    1237   
g3907/z                   (u)  unmapped_nand2      128  1280.0    0   +72    1309 F 
T_reg[75]/E                    unmapped_d_flop                         +0    1309   
T_reg[75]/CP                   setup                            100  +105    1414 R 
- - - - - - - - - - - - - - - - - - - - - - - - - - - - - - - - - - - - - - - - - - 
(clock CLK)                    capture                                       1350 R 
                               adjustments                           -330    1020   
------------------------------------------------------------------------------------
Exception    : 'path_adjusts/from_vir_CLK_to_CLK_setup_uncertainty' path adjust    -330ps
Cost Group   : 'CLK' (path_group 'CLK')
Timing slack :    -394ps (TIMING VIOLATION)
Start-point  : cen
End-point    : T_reg[75]/E

(u) : Net has unmapped pin(s).

path  29:

          Pin                      Type         Fanout   Load  Slew Delay Arrival   
                                                         (fF)  (ps)  (ps)   (ps)    
------------------------------------------------------------------------------------
(clock vir_CLK)                launch                                           0 R 
(iodelay.tcl_line_24_1_1)      ext delay                            +1000    1000 F 
cen                       (u)  in port            8608 86075.0   23  +130    1130 F 
g3890/in_0                                                             +0    1130   
g3890/z                   (u)  unmapped_not          6    30.0    0   +25    1156 R 
g3898/in_1                                                             +0    1156   
g3898/z                   (u)  unmapped_nor2       129  1285.0    0   +72    1228 F 
g3899/in_0                                                             +0    1228   
g3899/z                   (u)  unmapped_not          1     5.0    0    +9    1237 R 
g3907/in_0                                                             +0    1237   
g3907/z                   (u)  unmapped_nand2      128  1280.0    0   +72    1309 F 
T_reg[74]/E                    unmapped_d_flop                         +0    1309   
T_reg[74]/CP                   setup                            100  +105    1414 R 
- - - - - - - - - - - - - - - - - - - - - - - - - - - - - - - - - - - - - - - - - - 
(clock CLK)                    capture                                       1350 R 
                               adjustments                           -330    1020   
------------------------------------------------------------------------------------
Exception    : 'path_adjusts/from_vir_CLK_to_CLK_setup_uncertainty' path adjust    -330ps
Cost Group   : 'CLK' (path_group 'CLK')
Timing slack :    -394ps (TIMING VIOLATION)
Start-point  : cen
End-point    : T_reg[74]/E

(u) : Net has unmapped pin(s).

path  30:

          Pin                      Type         Fanout   Load  Slew Delay Arrival   
                                                         (fF)  (ps)  (ps)   (ps)    
------------------------------------------------------------------------------------
(clock vir_CLK)                launch                                           0 R 
(iodelay.tcl_line_24_1_1)      ext delay                            +1000    1000 F 
cen                       (u)  in port            8608 86075.0   23  +130    1130 F 
g3890/in_0                                                             +0    1130   
g3890/z                   (u)  unmapped_not          6    30.0    0   +25    1156 R 
g3898/in_1                                                             +0    1156   
g3898/z                   (u)  unmapped_nor2       129  1285.0    0   +72    1228 F 
g3899/in_0                                                             +0    1228   
g3899/z                   (u)  unmapped_not          1     5.0    0    +9    1237 R 
g3907/in_0                                                             +0    1237   
g3907/z                   (u)  unmapped_nand2      128  1280.0    0   +72    1309 F 
T_reg[73]/E                    unmapped_d_flop                         +0    1309   
T_reg[73]/CP                   setup                            100  +105    1414 R 
- - - - - - - - - - - - - - - - - - - - - - - - - - - - - - - - - - - - - - - - - - 
(clock CLK)                    capture                                       1350 R 
                               adjustments                           -330    1020   
------------------------------------------------------------------------------------
Exception    : 'path_adjusts/from_vir_CLK_to_CLK_setup_uncertainty' path adjust    -330ps
Cost Group   : 'CLK' (path_group 'CLK')
Timing slack :    -394ps (TIMING VIOLATION)
Start-point  : cen
End-point    : T_reg[73]/E

(u) : Net has unmapped pin(s).

path  31:

          Pin                      Type         Fanout   Load  Slew Delay Arrival   
                                                         (fF)  (ps)  (ps)   (ps)    
------------------------------------------------------------------------------------
(clock vir_CLK)                launch                                           0 R 
(iodelay.tcl_line_24_1_1)      ext delay                            +1000    1000 F 
cen                       (u)  in port            8608 86075.0   23  +130    1130 F 
g3890/in_0                                                             +0    1130   
g3890/z                   (u)  unmapped_not          6    30.0    0   +25    1156 R 
g3898/in_1                                                             +0    1156   
g3898/z                   (u)  unmapped_nor2       129  1285.0    0   +72    1228 F 
g3899/in_0                                                             +0    1228   
g3899/z                   (u)  unmapped_not          1     5.0    0    +9    1237 R 
g3907/in_0                                                             +0    1237   
g3907/z                   (u)  unmapped_nand2      128  1280.0    0   +72    1309 F 
T_reg[72]/E                    unmapped_d_flop                         +0    1309   
T_reg[72]/CP                   setup                            100  +105    1414 R 
- - - - - - - - - - - - - - - - - - - - - - - - - - - - - - - - - - - - - - - - - - 
(clock CLK)                    capture                                       1350 R 
                               adjustments                           -330    1020   
------------------------------------------------------------------------------------
Exception    : 'path_adjusts/from_vir_CLK_to_CLK_setup_uncertainty' path adjust    -330ps
Cost Group   : 'CLK' (path_group 'CLK')
Timing slack :    -394ps (TIMING VIOLATION)
Start-point  : cen
End-point    : T_reg[72]/E

(u) : Net has unmapped pin(s).

path  32:

          Pin                      Type         Fanout   Load  Slew Delay Arrival   
                                                         (fF)  (ps)  (ps)   (ps)    
------------------------------------------------------------------------------------
(clock vir_CLK)                launch                                           0 R 
(iodelay.tcl_line_24_1_1)      ext delay                            +1000    1000 F 
cen                       (u)  in port            8608 86075.0   23  +130    1130 F 
g3890/in_0                                                             +0    1130   
g3890/z                   (u)  unmapped_not          6    30.0    0   +25    1156 R 
g3898/in_1                                                             +0    1156   
g3898/z                   (u)  unmapped_nor2       129  1285.0    0   +72    1228 F 
g3899/in_0                                                             +0    1228   
g3899/z                   (u)  unmapped_not          1     5.0    0    +9    1237 R 
g3907/in_0                                                             +0    1237   
g3907/z                   (u)  unmapped_nand2      128  1280.0    0   +72    1309 F 
T_reg[71]/E                    unmapped_d_flop                         +0    1309   
T_reg[71]/CP                   setup                            100  +105    1414 R 
- - - - - - - - - - - - - - - - - - - - - - - - - - - - - - - - - - - - - - - - - - 
(clock CLK)                    capture                                       1350 R 
                               adjustments                           -330    1020   
------------------------------------------------------------------------------------
Exception    : 'path_adjusts/from_vir_CLK_to_CLK_setup_uncertainty' path adjust    -330ps
Cost Group   : 'CLK' (path_group 'CLK')
Timing slack :    -394ps (TIMING VIOLATION)
Start-point  : cen
End-point    : T_reg[71]/E

(u) : Net has unmapped pin(s).

path  33:

          Pin                      Type         Fanout   Load  Slew Delay Arrival   
                                                         (fF)  (ps)  (ps)   (ps)    
------------------------------------------------------------------------------------
(clock vir_CLK)                launch                                           0 R 
(iodelay.tcl_line_24_1_1)      ext delay                            +1000    1000 F 
cen                       (u)  in port            8608 86075.0   23  +130    1130 F 
g3890/in_0                                                             +0    1130   
g3890/z                   (u)  unmapped_not          6    30.0    0   +25    1156 R 
g3898/in_1                                                             +0    1156   
g3898/z                   (u)  unmapped_nor2       129  1285.0    0   +72    1228 F 
g3899/in_0                                                             +0    1228   
g3899/z                   (u)  unmapped_not          1     5.0    0    +9    1237 R 
g3907/in_0                                                             +0    1237   
g3907/z                   (u)  unmapped_nand2      128  1280.0    0   +72    1309 F 
T_reg[70]/E                    unmapped_d_flop                         +0    1309   
T_reg[70]/CP                   setup                            100  +105    1414 R 
- - - - - - - - - - - - - - - - - - - - - - - - - - - - - - - - - - - - - - - - - - 
(clock CLK)                    capture                                       1350 R 
                               adjustments                           -330    1020   
------------------------------------------------------------------------------------
Exception    : 'path_adjusts/from_vir_CLK_to_CLK_setup_uncertainty' path adjust    -330ps
Cost Group   : 'CLK' (path_group 'CLK')
Timing slack :    -394ps (TIMING VIOLATION)
Start-point  : cen
End-point    : T_reg[70]/E

(u) : Net has unmapped pin(s).

path  34:

          Pin                      Type         Fanout   Load  Slew Delay Arrival   
                                                         (fF)  (ps)  (ps)   (ps)    
------------------------------------------------------------------------------------
(clock vir_CLK)                launch                                           0 R 
(iodelay.tcl_line_24_1_1)      ext delay                            +1000    1000 F 
cen                       (u)  in port            8608 86075.0   23  +130    1130 F 
g3890/in_0                                                             +0    1130   
g3890/z                   (u)  unmapped_not          6    30.0    0   +25    1156 R 
g3898/in_1                                                             +0    1156   
g3898/z                   (u)  unmapped_nor2       129  1285.0    0   +72    1228 F 
g3899/in_0                                                             +0    1228   
g3899/z                   (u)  unmapped_not          1     5.0    0    +9    1237 R 
g3907/in_0                                                             +0    1237   
g3907/z                   (u)  unmapped_nand2      128  1280.0    0   +72    1309 F 
T_reg[6]/E                     unmapped_d_flop                         +0    1309   
T_reg[6]/CP                    setup                            100  +105    1414 R 
- - - - - - - - - - - - - - - - - - - - - - - - - - - - - - - - - - - - - - - - - - 
(clock CLK)                    capture                                       1350 R 
                               adjustments                           -330    1020   
------------------------------------------------------------------------------------
Exception    : 'path_adjusts/from_vir_CLK_to_CLK_setup_uncertainty' path adjust    -330ps
Cost Group   : 'CLK' (path_group 'CLK')
Timing slack :    -394ps (TIMING VIOLATION)
Start-point  : cen
End-point    : T_reg[6]/E

(u) : Net has unmapped pin(s).

path  35:

          Pin                      Type         Fanout   Load  Slew Delay Arrival   
                                                         (fF)  (ps)  (ps)   (ps)    
------------------------------------------------------------------------------------
(clock vir_CLK)                launch                                           0 R 
(iodelay.tcl_line_24_1_1)      ext delay                            +1000    1000 F 
cen                       (u)  in port            8608 86075.0   23  +130    1130 F 
g3890/in_0                                                             +0    1130   
g3890/z                   (u)  unmapped_not          6    30.0    0   +25    1156 R 
g3898/in_1                                                             +0    1156   
g3898/z                   (u)  unmapped_nor2       129  1285.0    0   +72    1228 F 
g3899/in_0                                                             +0    1228   
g3899/z                   (u)  unmapped_not          1     5.0    0    +9    1237 R 
g3907/in_0                                                             +0    1237   
g3907/z                   (u)  unmapped_nand2      128  1280.0    0   +72    1309 F 
T_reg[69]/E                    unmapped_d_flop                         +0    1309   
T_reg[69]/CP                   setup                            100  +105    1414 R 
- - - - - - - - - - - - - - - - - - - - - - - - - - - - - - - - - - - - - - - - - - 
(clock CLK)                    capture                                       1350 R 
                               adjustments                           -330    1020   
------------------------------------------------------------------------------------
Exception    : 'path_adjusts/from_vir_CLK_to_CLK_setup_uncertainty' path adjust    -330ps
Cost Group   : 'CLK' (path_group 'CLK')
Timing slack :    -394ps (TIMING VIOLATION)
Start-point  : cen
End-point    : T_reg[69]/E

(u) : Net has unmapped pin(s).

path  36:

          Pin                      Type         Fanout   Load  Slew Delay Arrival   
                                                         (fF)  (ps)  (ps)   (ps)    
------------------------------------------------------------------------------------
(clock vir_CLK)                launch                                           0 R 
(iodelay.tcl_line_24_1_1)      ext delay                            +1000    1000 F 
cen                       (u)  in port            8608 86075.0   23  +130    1130 F 
g3890/in_0                                                             +0    1130   
g3890/z                   (u)  unmapped_not          6    30.0    0   +25    1156 R 
g3898/in_1                                                             +0    1156   
g3898/z                   (u)  unmapped_nor2       129  1285.0    0   +72    1228 F 
g3899/in_0                                                             +0    1228   
g3899/z                   (u)  unmapped_not          1     5.0    0    +9    1237 R 
g3907/in_0                                                             +0    1237   
g3907/z                   (u)  unmapped_nand2      128  1280.0    0   +72    1309 F 
T_reg[68]/E                    unmapped_d_flop                         +0    1309   
T_reg[68]/CP                   setup                            100  +105    1414 R 
- - - - - - - - - - - - - - - - - - - - - - - - - - - - - - - - - - - - - - - - - - 
(clock CLK)                    capture                                       1350 R 
                               adjustments                           -330    1020   
------------------------------------------------------------------------------------
Exception    : 'path_adjusts/from_vir_CLK_to_CLK_setup_uncertainty' path adjust    -330ps
Cost Group   : 'CLK' (path_group 'CLK')
Timing slack :    -394ps (TIMING VIOLATION)
Start-point  : cen
End-point    : T_reg[68]/E

(u) : Net has unmapped pin(s).

path  37:

          Pin                      Type         Fanout   Load  Slew Delay Arrival   
                                                         (fF)  (ps)  (ps)   (ps)    
------------------------------------------------------------------------------------
(clock vir_CLK)                launch                                           0 R 
(iodelay.tcl_line_24_1_1)      ext delay                            +1000    1000 F 
cen                       (u)  in port            8608 86075.0   23  +130    1130 F 
g3890/in_0                                                             +0    1130   
g3890/z                   (u)  unmapped_not          6    30.0    0   +25    1156 R 
g3898/in_1                                                             +0    1156   
g3898/z                   (u)  unmapped_nor2       129  1285.0    0   +72    1228 F 
g3899/in_0                                                             +0    1228   
g3899/z                   (u)  unmapped_not          1     5.0    0    +9    1237 R 
g3907/in_0                                                             +0    1237   
g3907/z                   (u)  unmapped_nand2      128  1280.0    0   +72    1309 F 
T_reg[67]/E                    unmapped_d_flop                         +0    1309   
T_reg[67]/CP                   setup                            100  +105    1414 R 
- - - - - - - - - - - - - - - - - - - - - - - - - - - - - - - - - - - - - - - - - - 
(clock CLK)                    capture                                       1350 R 
                               adjustments                           -330    1020   
------------------------------------------------------------------------------------
Exception    : 'path_adjusts/from_vir_CLK_to_CLK_setup_uncertainty' path adjust    -330ps
Cost Group   : 'CLK' (path_group 'CLK')
Timing slack :    -394ps (TIMING VIOLATION)
Start-point  : cen
End-point    : T_reg[67]/E

(u) : Net has unmapped pin(s).

path  38:

          Pin                      Type         Fanout   Load  Slew Delay Arrival   
                                                         (fF)  (ps)  (ps)   (ps)    
------------------------------------------------------------------------------------
(clock vir_CLK)                launch                                           0 R 
(iodelay.tcl_line_24_1_1)      ext delay                            +1000    1000 F 
cen                       (u)  in port            8608 86075.0   23  +130    1130 F 
g3890/in_0                                                             +0    1130   
g3890/z                   (u)  unmapped_not          6    30.0    0   +25    1156 R 
g3898/in_1                                                             +0    1156   
g3898/z                   (u)  unmapped_nor2       129  1285.0    0   +72    1228 F 
g3899/in_0                                                             +0    1228   
g3899/z                   (u)  unmapped_not          1     5.0    0    +9    1237 R 
g3907/in_0                                                             +0    1237   
g3907/z                   (u)  unmapped_nand2      128  1280.0    0   +72    1309 F 
T_reg[66]/E                    unmapped_d_flop                         +0    1309   
T_reg[66]/CP                   setup                            100  +105    1414 R 
- - - - - - - - - - - - - - - - - - - - - - - - - - - - - - - - - - - - - - - - - - 
(clock CLK)                    capture                                       1350 R 
                               adjustments                           -330    1020   
------------------------------------------------------------------------------------
Exception    : 'path_adjusts/from_vir_CLK_to_CLK_setup_uncertainty' path adjust    -330ps
Cost Group   : 'CLK' (path_group 'CLK')
Timing slack :    -394ps (TIMING VIOLATION)
Start-point  : cen
End-point    : T_reg[66]/E

(u) : Net has unmapped pin(s).

path  39:

          Pin                      Type         Fanout   Load  Slew Delay Arrival   
                                                         (fF)  (ps)  (ps)   (ps)    
------------------------------------------------------------------------------------
(clock vir_CLK)                launch                                           0 R 
(iodelay.tcl_line_24_1_1)      ext delay                            +1000    1000 F 
cen                       (u)  in port            8608 86075.0   23  +130    1130 F 
g3890/in_0                                                             +0    1130   
g3890/z                   (u)  unmapped_not          6    30.0    0   +25    1156 R 
g3898/in_1                                                             +0    1156   
g3898/z                   (u)  unmapped_nor2       129  1285.0    0   +72    1228 F 
g3899/in_0                                                             +0    1228   
g3899/z                   (u)  unmapped_not          1     5.0    0    +9    1237 R 
g3907/in_0                                                             +0    1237   
g3907/z                   (u)  unmapped_nand2      128  1280.0    0   +72    1309 F 
T_reg[65]/E                    unmapped_d_flop                         +0    1309   
T_reg[65]/CP                   setup                            100  +105    1414 R 
- - - - - - - - - - - - - - - - - - - - - - - - - - - - - - - - - - - - - - - - - - 
(clock CLK)                    capture                                       1350 R 
                               adjustments                           -330    1020   
------------------------------------------------------------------------------------
Exception    : 'path_adjusts/from_vir_CLK_to_CLK_setup_uncertainty' path adjust    -330ps
Cost Group   : 'CLK' (path_group 'CLK')
Timing slack :    -394ps (TIMING VIOLATION)
Start-point  : cen
End-point    : T_reg[65]/E

(u) : Net has unmapped pin(s).

path  40:

          Pin                      Type         Fanout   Load  Slew Delay Arrival   
                                                         (fF)  (ps)  (ps)   (ps)    
------------------------------------------------------------------------------------
(clock vir_CLK)                launch                                           0 R 
(iodelay.tcl_line_24_1_1)      ext delay                            +1000    1000 F 
cen                       (u)  in port            8608 86075.0   23  +130    1130 F 
g3890/in_0                                                             +0    1130   
g3890/z                   (u)  unmapped_not          6    30.0    0   +25    1156 R 
g3898/in_1                                                             +0    1156   
g3898/z                   (u)  unmapped_nor2       129  1285.0    0   +72    1228 F 
g3899/in_0                                                             +0    1228   
g3899/z                   (u)  unmapped_not          1     5.0    0    +9    1237 R 
g3907/in_0                                                             +0    1237   
g3907/z                   (u)  unmapped_nand2      128  1280.0    0   +72    1309 F 
T_reg[64]/E                    unmapped_d_flop                         +0    1309   
T_reg[64]/CP                   setup                            100  +105    1414 R 
- - - - - - - - - - - - - - - - - - - - - - - - - - - - - - - - - - - - - - - - - - 
(clock CLK)                    capture                                       1350 R 
                               adjustments                           -330    1020   
------------------------------------------------------------------------------------
Exception    : 'path_adjusts/from_vir_CLK_to_CLK_setup_uncertainty' path adjust    -330ps
Cost Group   : 'CLK' (path_group 'CLK')
Timing slack :    -394ps (TIMING VIOLATION)
Start-point  : cen
End-point    : T_reg[64]/E

(u) : Net has unmapped pin(s).

path  41:

          Pin                      Type         Fanout   Load  Slew Delay Arrival   
                                                         (fF)  (ps)  (ps)   (ps)    
------------------------------------------------------------------------------------
(clock vir_CLK)                launch                                           0 R 
(iodelay.tcl_line_24_1_1)      ext delay                            +1000    1000 F 
cen                       (u)  in port            8608 86075.0   23  +130    1130 F 
g3890/in_0                                                             +0    1130   
g3890/z                   (u)  unmapped_not          6    30.0    0   +25    1156 R 
g3898/in_1                                                             +0    1156   
g3898/z                   (u)  unmapped_nor2       129  1285.0    0   +72    1228 F 
g3899/in_0                                                             +0    1228   
g3899/z                   (u)  unmapped_not          1     5.0    0    +9    1237 R 
g3907/in_0                                                             +0    1237   
g3907/z                   (u)  unmapped_nand2      128  1280.0    0   +72    1309 F 
T_reg[63]/E                    unmapped_d_flop                         +0    1309   
T_reg[63]/CP                   setup                            100  +105    1414 R 
- - - - - - - - - - - - - - - - - - - - - - - - - - - - - - - - - - - - - - - - - - 
(clock CLK)                    capture                                       1350 R 
                               adjustments                           -330    1020   
------------------------------------------------------------------------------------
Exception    : 'path_adjusts/from_vir_CLK_to_CLK_setup_uncertainty' path adjust    -330ps
Cost Group   : 'CLK' (path_group 'CLK')
Timing slack :    -394ps (TIMING VIOLATION)
Start-point  : cen
End-point    : T_reg[63]/E

(u) : Net has unmapped pin(s).

path  42:

          Pin                      Type         Fanout   Load  Slew Delay Arrival   
                                                         (fF)  (ps)  (ps)   (ps)    
------------------------------------------------------------------------------------
(clock vir_CLK)                launch                                           0 R 
(iodelay.tcl_line_24_1_1)      ext delay                            +1000    1000 F 
cen                       (u)  in port            8608 86075.0   23  +130    1130 F 
g3890/in_0                                                             +0    1130   
g3890/z                   (u)  unmapped_not          6    30.0    0   +25    1156 R 
g3898/in_1                                                             +0    1156   
g3898/z                   (u)  unmapped_nor2       129  1285.0    0   +72    1228 F 
g3899/in_0                                                             +0    1228   
g3899/z                   (u)  unmapped_not          1     5.0    0    +9    1237 R 
g3907/in_0                                                             +0    1237   
g3907/z                   (u)  unmapped_nand2      128  1280.0    0   +72    1309 F 
T_reg[62]/E                    unmapped_d_flop                         +0    1309   
T_reg[62]/CP                   setup                            100  +105    1414 R 
- - - - - - - - - - - - - - - - - - - - - - - - - - - - - - - - - - - - - - - - - - 
(clock CLK)                    capture                                       1350 R 
                               adjustments                           -330    1020   
------------------------------------------------------------------------------------
Exception    : 'path_adjusts/from_vir_CLK_to_CLK_setup_uncertainty' path adjust    -330ps
Cost Group   : 'CLK' (path_group 'CLK')
Timing slack :    -394ps (TIMING VIOLATION)
Start-point  : cen
End-point    : T_reg[62]/E

(u) : Net has unmapped pin(s).

path  43:

          Pin                      Type         Fanout   Load  Slew Delay Arrival   
                                                         (fF)  (ps)  (ps)   (ps)    
------------------------------------------------------------------------------------
(clock vir_CLK)                launch                                           0 R 
(iodelay.tcl_line_24_1_1)      ext delay                            +1000    1000 F 
cen                       (u)  in port            8608 86075.0   23  +130    1130 F 
g3890/in_0                                                             +0    1130   
g3890/z                   (u)  unmapped_not          6    30.0    0   +25    1156 R 
g3898/in_1                                                             +0    1156   
g3898/z                   (u)  unmapped_nor2       129  1285.0    0   +72    1228 F 
g3899/in_0                                                             +0    1228   
g3899/z                   (u)  unmapped_not          1     5.0    0    +9    1237 R 
g3907/in_0                                                             +0    1237   
g3907/z                   (u)  unmapped_nand2      128  1280.0    0   +72    1309 F 
T_reg[61]/E                    unmapped_d_flop                         +0    1309   
T_reg[61]/CP                   setup                            100  +105    1414 R 
- - - - - - - - - - - - - - - - - - - - - - - - - - - - - - - - - - - - - - - - - - 
(clock CLK)                    capture                                       1350 R 
                               adjustments                           -330    1020   
------------------------------------------------------------------------------------
Exception    : 'path_adjusts/from_vir_CLK_to_CLK_setup_uncertainty' path adjust    -330ps
Cost Group   : 'CLK' (path_group 'CLK')
Timing slack :    -394ps (TIMING VIOLATION)
Start-point  : cen
End-point    : T_reg[61]/E

(u) : Net has unmapped pin(s).

path  44:

          Pin                      Type         Fanout   Load  Slew Delay Arrival   
                                                         (fF)  (ps)  (ps)   (ps)    
------------------------------------------------------------------------------------
(clock vir_CLK)                launch                                           0 R 
(iodelay.tcl_line_24_1_1)      ext delay                            +1000    1000 F 
cen                       (u)  in port            8608 86075.0   23  +130    1130 F 
g3890/in_0                                                             +0    1130   
g3890/z                   (u)  unmapped_not          6    30.0    0   +25    1156 R 
g3898/in_1                                                             +0    1156   
g3898/z                   (u)  unmapped_nor2       129  1285.0    0   +72    1228 F 
g3899/in_0                                                             +0    1228   
g3899/z                   (u)  unmapped_not          1     5.0    0    +9    1237 R 
g3907/in_0                                                             +0    1237   
g3907/z                   (u)  unmapped_nand2      128  1280.0    0   +72    1309 F 
T_reg[60]/E                    unmapped_d_flop                         +0    1309   
T_reg[60]/CP                   setup                            100  +105    1414 R 
- - - - - - - - - - - - - - - - - - - - - - - - - - - - - - - - - - - - - - - - - - 
(clock CLK)                    capture                                       1350 R 
                               adjustments                           -330    1020   
------------------------------------------------------------------------------------
Exception    : 'path_adjusts/from_vir_CLK_to_CLK_setup_uncertainty' path adjust    -330ps
Cost Group   : 'CLK' (path_group 'CLK')
Timing slack :    -394ps (TIMING VIOLATION)
Start-point  : cen
End-point    : T_reg[60]/E

(u) : Net has unmapped pin(s).

path  45:

          Pin                      Type         Fanout   Load  Slew Delay Arrival   
                                                         (fF)  (ps)  (ps)   (ps)    
------------------------------------------------------------------------------------
(clock vir_CLK)                launch                                           0 R 
(iodelay.tcl_line_24_1_1)      ext delay                            +1000    1000 F 
cen                       (u)  in port            8608 86075.0   23  +130    1130 F 
g3890/in_0                                                             +0    1130   
g3890/z                   (u)  unmapped_not          6    30.0    0   +25    1156 R 
g3898/in_1                                                             +0    1156   
g3898/z                   (u)  unmapped_nor2       129  1285.0    0   +72    1228 F 
g3899/in_0                                                             +0    1228   
g3899/z                   (u)  unmapped_not          1     5.0    0    +9    1237 R 
g3907/in_0                                                             +0    1237   
g3907/z                   (u)  unmapped_nand2      128  1280.0    0   +72    1309 F 
T_reg[5]/E                     unmapped_d_flop                         +0    1309   
T_reg[5]/CP                    setup                            100  +105    1414 R 
- - - - - - - - - - - - - - - - - - - - - - - - - - - - - - - - - - - - - - - - - - 
(clock CLK)                    capture                                       1350 R 
                               adjustments                           -330    1020   
------------------------------------------------------------------------------------
Exception    : 'path_adjusts/from_vir_CLK_to_CLK_setup_uncertainty' path adjust    -330ps
Cost Group   : 'CLK' (path_group 'CLK')
Timing slack :    -394ps (TIMING VIOLATION)
Start-point  : cen
End-point    : T_reg[5]/E

(u) : Net has unmapped pin(s).

path  46:

          Pin                      Type         Fanout   Load  Slew Delay Arrival   
                                                         (fF)  (ps)  (ps)   (ps)    
------------------------------------------------------------------------------------
(clock vir_CLK)                launch                                           0 R 
(iodelay.tcl_line_24_1_1)      ext delay                            +1000    1000 F 
cen                       (u)  in port            8608 86075.0   23  +130    1130 F 
g3890/in_0                                                             +0    1130   
g3890/z                   (u)  unmapped_not          6    30.0    0   +25    1156 R 
g3898/in_1                                                             +0    1156   
g3898/z                   (u)  unmapped_nor2       129  1285.0    0   +72    1228 F 
g3899/in_0                                                             +0    1228   
g3899/z                   (u)  unmapped_not          1     5.0    0    +9    1237 R 
g3907/in_0                                                             +0    1237   
g3907/z                   (u)  unmapped_nand2      128  1280.0    0   +72    1309 F 
T_reg[59]/E                    unmapped_d_flop                         +0    1309   
T_reg[59]/CP                   setup                            100  +105    1414 R 
- - - - - - - - - - - - - - - - - - - - - - - - - - - - - - - - - - - - - - - - - - 
(clock CLK)                    capture                                       1350 R 
                               adjustments                           -330    1020   
------------------------------------------------------------------------------------
Exception    : 'path_adjusts/from_vir_CLK_to_CLK_setup_uncertainty' path adjust    -330ps
Cost Group   : 'CLK' (path_group 'CLK')
Timing slack :    -394ps (TIMING VIOLATION)
Start-point  : cen
End-point    : T_reg[59]/E

(u) : Net has unmapped pin(s).

path  47:

          Pin                      Type         Fanout   Load  Slew Delay Arrival   
                                                         (fF)  (ps)  (ps)   (ps)    
------------------------------------------------------------------------------------
(clock vir_CLK)                launch                                           0 R 
(iodelay.tcl_line_24_1_1)      ext delay                            +1000    1000 F 
cen                       (u)  in port            8608 86075.0   23  +130    1130 F 
g3890/in_0                                                             +0    1130   
g3890/z                   (u)  unmapped_not          6    30.0    0   +25    1156 R 
g3898/in_1                                                             +0    1156   
g3898/z                   (u)  unmapped_nor2       129  1285.0    0   +72    1228 F 
g3899/in_0                                                             +0    1228   
g3899/z                   (u)  unmapped_not          1     5.0    0    +9    1237 R 
g3907/in_0                                                             +0    1237   
g3907/z                   (u)  unmapped_nand2      128  1280.0    0   +72    1309 F 
T_reg[58]/E                    unmapped_d_flop                         +0    1309   
T_reg[58]/CP                   setup                            100  +105    1414 R 
- - - - - - - - - - - - - - - - - - - - - - - - - - - - - - - - - - - - - - - - - - 
(clock CLK)                    capture                                       1350 R 
                               adjustments                           -330    1020   
------------------------------------------------------------------------------------
Exception    : 'path_adjusts/from_vir_CLK_to_CLK_setup_uncertainty' path adjust    -330ps
Cost Group   : 'CLK' (path_group 'CLK')
Timing slack :    -394ps (TIMING VIOLATION)
Start-point  : cen
End-point    : T_reg[58]/E

(u) : Net has unmapped pin(s).

path  48:

          Pin                      Type         Fanout   Load  Slew Delay Arrival   
                                                         (fF)  (ps)  (ps)   (ps)    
------------------------------------------------------------------------------------
(clock vir_CLK)                launch                                           0 R 
(iodelay.tcl_line_24_1_1)      ext delay                            +1000    1000 F 
cen                       (u)  in port            8608 86075.0   23  +130    1130 F 
g3890/in_0                                                             +0    1130   
g3890/z                   (u)  unmapped_not          6    30.0    0   +25    1156 R 
g3898/in_1                                                             +0    1156   
g3898/z                   (u)  unmapped_nor2       129  1285.0    0   +72    1228 F 
g3899/in_0                                                             +0    1228   
g3899/z                   (u)  unmapped_not          1     5.0    0    +9    1237 R 
g3907/in_0                                                             +0    1237   
g3907/z                   (u)  unmapped_nand2      128  1280.0    0   +72    1309 F 
T_reg[57]/E                    unmapped_d_flop                         +0    1309   
T_reg[57]/CP                   setup                            100  +105    1414 R 
- - - - - - - - - - - - - - - - - - - - - - - - - - - - - - - - - - - - - - - - - - 
(clock CLK)                    capture                                       1350 R 
                               adjustments                           -330    1020   
------------------------------------------------------------------------------------
Exception    : 'path_adjusts/from_vir_CLK_to_CLK_setup_uncertainty' path adjust    -330ps
Cost Group   : 'CLK' (path_group 'CLK')
Timing slack :    -394ps (TIMING VIOLATION)
Start-point  : cen
End-point    : T_reg[57]/E

(u) : Net has unmapped pin(s).

path  49:

          Pin                      Type         Fanout   Load  Slew Delay Arrival   
                                                         (fF)  (ps)  (ps)   (ps)    
------------------------------------------------------------------------------------
(clock vir_CLK)                launch                                           0 R 
(iodelay.tcl_line_24_1_1)      ext delay                            +1000    1000 F 
cen                       (u)  in port            8608 86075.0   23  +130    1130 F 
g3890/in_0                                                             +0    1130   
g3890/z                   (u)  unmapped_not          6    30.0    0   +25    1156 R 
g3898/in_1                                                             +0    1156   
g3898/z                   (u)  unmapped_nor2       129  1285.0    0   +72    1228 F 
g3899/in_0                                                             +0    1228   
g3899/z                   (u)  unmapped_not          1     5.0    0    +9    1237 R 
g3907/in_0                                                             +0    1237   
g3907/z                   (u)  unmapped_nand2      128  1280.0    0   +72    1309 F 
T_reg[56]/E                    unmapped_d_flop                         +0    1309   
T_reg[56]/CP                   setup                            100  +105    1414 R 
- - - - - - - - - - - - - - - - - - - - - - - - - - - - - - - - - - - - - - - - - - 
(clock CLK)                    capture                                       1350 R 
                               adjustments                           -330    1020   
------------------------------------------------------------------------------------
Exception    : 'path_adjusts/from_vir_CLK_to_CLK_setup_uncertainty' path adjust    -330ps
Cost Group   : 'CLK' (path_group 'CLK')
Timing slack :    -394ps (TIMING VIOLATION)
Start-point  : cen
End-point    : T_reg[56]/E

(u) : Net has unmapped pin(s).

path  50:

          Pin                      Type         Fanout   Load  Slew Delay Arrival   
                                                         (fF)  (ps)  (ps)   (ps)    
------------------------------------------------------------------------------------
(clock vir_CLK)                launch                                           0 R 
(iodelay.tcl_line_24_1_1)      ext delay                            +1000    1000 F 
cen                       (u)  in port            8608 86075.0   23  +130    1130 F 
g3890/in_0                                                             +0    1130   
g3890/z                   (u)  unmapped_not          6    30.0    0   +25    1156 R 
g3898/in_1                                                             +0    1156   
g3898/z                   (u)  unmapped_nor2       129  1285.0    0   +72    1228 F 
g3899/in_0                                                             +0    1228   
g3899/z                   (u)  unmapped_not          1     5.0    0    +9    1237 R 
g3907/in_0                                                             +0    1237   
g3907/z                   (u)  unmapped_nand2      128  1280.0    0   +72    1309 F 
T_reg[55]/E                    unmapped_d_flop                         +0    1309   
T_reg[55]/CP                   setup                            100  +105    1414 R 
- - - - - - - - - - - - - - - - - - - - - - - - - - - - - - - - - - - - - - - - - - 
(clock CLK)                    capture                                       1350 R 
                               adjustments                           -330    1020   
------------------------------------------------------------------------------------
Exception    : 'path_adjusts/from_vir_CLK_to_CLK_setup_uncertainty' path adjust    -330ps
Cost Group   : 'CLK' (path_group 'CLK')
Timing slack :    -394ps (TIMING VIOLATION)
Start-point  : cen
End-point    : T_reg[55]/E

(u) : Net has unmapped pin(s).
