 ---------------------------------------------------------------------------------------------------
|       Slack(ps)      |     Number(%)   | Histogram 
 ---------------------------------------------------------------------------------------------------
|     -109  ->   -98   |    242(22.3)    | **********************
|      -98  ->   -86   |      1( 0.1)    | 
|      -86  ->   -74   |      6( 0.6)    | 
|      -74  ->   -62   |    392(36.1)    | ************************************
|      -62  ->   -51   |      0( 0.0)    | 
|      -51  ->   -39   |      0( 0.0)    | 
|      -39  ->   -27   |      0( 0.0)    | 
|      -27  ->   -15   |      0( 0.0)    | 
|      -15  ->    -4   |      0( 0.0)    | 
|       -4  ->     8   |    445(41.0)    | ****************************************
 ---------------------------------------------------------------------------------------------------
|                      |   1086          | total end points
 ---------------------------------------------------------------------------------------------------

DETAIL REPORT (Endpoint, Logic Level)
--------------------------------------------
RC_CG_HIER_INST2/RC_CGIC_INST/E                         -109.3
RC_CG_HIER_INST0/RC_CGIC_INST/E                         -108.6
RC_CG_HIER_INST1/RC_CGIC_INST/E                         -108.6
RC_CG_HIER_INST3/RC_CGIC_INST/E                         -107.9
aes1/eL0/sb0/RC_CG_HIER_INST5/RC_CGIC_INST/E            -106.9
aes1/eL0/sb1/RC_CG_HIER_INST6/RC_CGIC_INST/E            -106.9
aes1/eL0/sb2/RC_CG_HIER_INST7/RC_CGIC_INST/E            -106.9
aes1/eL0/sb3/RC_CG_HIER_INST8/RC_CGIC_INST/E            -106.9
aes1/eL0/sb4/RC_CG_HIER_INST9/RC_CGIC_INST/E            -106.9
aes1/eL0/sb5/RC_CG_HIER_INST10/RC_CGIC_INST/E           -106.9
aes1/eL0/sb6/RC_CG_HIER_INST11/RC_CGIC_INST/E           -106.9
aes1/eL0/sb7/RC_CG_HIER_INST12/RC_CGIC_INST/E           -106.9
aes1/eL1/sb0/RC_CG_HIER_INST13/RC_CGIC_INST/E           -106.9
aes1/eL1/sb1/RC_CG_HIER_INST14/RC_CGIC_INST/E           -106.9
aes1/eL1/sb2/RC_CG_HIER_INST15/RC_CGIC_INST/E           -106.9
aes1/eL1/sb3/RC_CG_HIER_INST16/RC_CGIC_INST/E           -106.9
aes1/eL1/sb4/RC_CG_HIER_INST17/RC_CGIC_INST/E           -106.9
aes1/eL1/sb5/RC_CG_HIER_INST18/RC_CGIC_INST/E           -106.9
aes1/eL1/sb6/RC_CG_HIER_INST19/RC_CGIC_INST/E           -106.9
aes1/eL1/sb7/RC_CG_HIER_INST20/RC_CGIC_INST/E           -106.9
aes1/eL10/sb0/RC_CG_HIER_INST21/RC_CGIC_INST/E          -106.9
aes1/eL10/sb1/RC_CG_HIER_INST22/RC_CGIC_INST/E          -106.9
aes1/eL10/sb2/RC_CG_HIER_INST23/RC_CGIC_INST/E          -106.9
aes1/eL10/sb3/RC_CG_HIER_INST24/RC_CGIC_INST/E          -106.9
aes1/eL10/sb4/RC_CG_HIER_INST25/RC_CGIC_INST/E          -106.9
aes1/eL10/sb5/RC_CG_HIER_INST26/RC_CGIC_INST/E          -106.9
aes1/eL10/sb6/RC_CG_HIER_INST27/RC_CGIC_INST/E          -106.9
aes1/eL10/sb7/RC_CG_HIER_INST28/RC_CGIC_INST/E          -106.9
aes1/eL12/sb0/RC_CG_HIER_INST37/RC_CGIC_INST/E          -106.9
aes1/eL12/sb1/RC_CG_HIER_INST38/RC_CGIC_INST/E          -106.9
aes1/eL12/sb2/RC_CG_HIER_INST39/RC_CGIC_INST/E          -106.9
aes1/eL12/sb3/RC_CG_HIER_INST40/RC_CGIC_INST/E          -106.9
aes1/eL12/sb4/RC_CG_HIER_INST41/RC_CGIC_INST/E          -106.9
aes1/eL12/sb5/RC_CG_HIER_INST42/RC_CGIC_INST/E          -106.9
aes1/eL12/sb6/RC_CG_HIER_INST43/RC_CGIC_INST/E          -106.9
aes1/eL12/sb7/RC_CG_HIER_INST44/RC_CGIC_INST/E          -106.9
aes1/eL3/sb0/RC_CG_HIER_INST61/RC_CGIC_INST/E           -106.9
aes1/eL3/sb1/RC_CG_HIER_INST62/RC_CGIC_INST/E           -106.9
aes1/eL3/sb2/RC_CG_HIER_INST63/RC_CGIC_INST/E           -106.9
aes1/eL3/sb3/RC_CG_HIER_INST64/RC_CGIC_INST/E           -106.9
aes1/eL3/sb4/RC_CG_HIER_INST65/RC_CGIC_INST/E           -106.9
aes1/eL3/sb5/RC_CG_HIER_INST66/RC_CGIC_INST/E           -106.9
aes1/eL3/sb6/RC_CG_HIER_INST67/RC_CGIC_INST/E           -106.9
aes1/eL3/sb7/RC_CG_HIER_INST68/RC_CGIC_INST/E           -106.9
aes1/eL5/sb0/RC_CG_HIER_INST77/RC_CGIC_INST/E           -106.9
aes1/eL5/sb1/RC_CG_HIER_INST78/RC_CGIC_INST/E           -106.9
aes1/eL5/sb2/RC_CG_HIER_INST79/RC_CGIC_INST/E           -106.9
aes1/eL5/sb3/RC_CG_HIER_INST80/RC_CGIC_INST/E           -106.9
aes1/eL5/sb4/RC_CG_HIER_INST81/RC_CGIC_INST/E           -106.9
aes1/eL5/sb5/RC_CG_HIER_INST82/RC_CGIC_INST/E           -106.9
aes1/eL5/sb6/RC_CG_HIER_INST83/RC_CGIC_INST/E           -106.9
aes1/eL5/sb7/RC_CG_HIER_INST84/RC_CGIC_INST/E           -106.9
aes1/eL6/sb0/RC_CG_HIER_INST85/RC_CGIC_INST/E           -106.9
aes1/eL6/sb1/RC_CG_HIER_INST86/RC_CGIC_INST/E           -106.9
aes1/eL6/sb2/RC_CG_HIER_INST87/RC_CGIC_INST/E           -106.9
aes1/eL6/sb3/RC_CG_HIER_INST88/RC_CGIC_INST/E           -106.9
aes1/eL6/sb4/RC_CG_HIER_INST89/RC_CGIC_INST/E           -106.9
aes1/eL6/sb5/RC_CG_HIER_INST90/RC_CGIC_INST/E           -106.9
aes1/eL6/sb6/RC_CG_HIER_INST91/RC_CGIC_INST/E           -106.9
aes1/eL6/sb7/RC_CG_HIER_INST92/RC_CGIC_INST/E           -106.9
aes1/eL7/sb0/RC_CG_HIER_INST93/RC_CGIC_INST/E           -106.9
aes1/eL7/sb1/RC_CG_HIER_INST94/RC_CGIC_INST/E           -106.9
aes1/eL7/sb2/RC_CG_HIER_INST95/RC_CGIC_INST/E           -106.9
aes1/eL7/sb3/RC_CG_HIER_INST96/RC_CGIC_INST/E           -106.9
aes1/eL7/sb4/RC_CG_HIER_INST97/RC_CGIC_INST/E           -106.9
aes1/eL7/sb5/RC_CG_HIER_INST98/RC_CGIC_INST/E           -106.9
aes1/eL7/sb6/RC_CG_HIER_INST99/RC_CGIC_INST/E           -106.9
aes1/eL7/sb7/RC_CG_HIER_INST100/RC_CGIC_INST/E          -106.9
aes1/eM0/sb0/RC_CG_HIER_INST117/RC_CGIC_INST/E          -106.9
aes1/eM0/sb1/RC_CG_HIER_INST118/RC_CGIC_INST/E          -106.9
aes1/eM0/sb2/RC_CG_HIER_INST119/RC_CGIC_INST/E          -106.9
aes1/eM0/sb3/RC_CG_HIER_INST120/RC_CGIC_INST/E          -106.9
aes1/eM0/sb4/RC_CG_HIER_INST121/RC_CGIC_INST/E          -106.9
aes1/eM0/sb5/RC_CG_HIER_INST122/RC_CGIC_INST/E          -106.9
aes1/eM0/sb6/RC_CG_HIER_INST123/RC_CGIC_INST/E          -106.9
aes1/eM0/sb7/RC_CG_HIER_INST124/RC_CGIC_INST/E          -106.9
aes1/eM1/sb0/RC_CG_HIER_INST125/RC_CGIC_INST/E          -106.9
aes1/eM1/sb1/RC_CG_HIER_INST126/RC_CGIC_INST/E          -106.9
aes1/eM1/sb2/RC_CG_HIER_INST127/RC_CGIC_INST/E          -106.9
aes1/eM1/sb3/RC_CG_HIER_INST128/RC_CGIC_INST/E          -106.9
aes1/eM1/sb4/RC_CG_HIER_INST129/RC_CGIC_INST/E          -106.9
aes1/eM1/sb5/RC_CG_HIER_INST130/RC_CGIC_INST/E          -106.9
aes1/eM1/sb6/RC_CG_HIER_INST131/RC_CGIC_INST/E          -106.9
aes1/eM1/sb7/RC_CG_HIER_INST132/RC_CGIC_INST/E          -106.9
aes1/eM12/sb0/RC_CG_HIER_INST149/RC_CGIC_INST/E         -106.9
aes1/eM12/sb1/RC_CG_HIER_INST150/RC_CGIC_INST/E         -106.9
aes1/eM12/sb2/RC_CG_HIER_INST151/RC_CGIC_INST/E         -106.9
aes1/eM12/sb3/RC_CG_HIER_INST152/RC_CGIC_INST/E         -106.9
aes1/eM12/sb4/RC_CG_HIER_INST153/RC_CGIC_INST/E         -106.9
aes1/eM12/sb5/RC_CG_HIER_INST154/RC_CGIC_INST/E         -106.9
aes1/eM12/sb6/RC_CG_HIER_INST155/RC_CGIC_INST/E         -106.9
aes1/eM12/sb7/RC_CG_HIER_INST156/RC_CGIC_INST/E         -106.9
aes1/eM2/sb0/RC_CG_HIER_INST165/RC_CGIC_INST/E          -106.9
aes1/eM2/sb1/RC_CG_HIER_INST166/RC_CGIC_INST/E          -106.9
aes1/eM2/sb2/RC_CG_HIER_INST167/RC_CGIC_INST/E          -106.9
aes1/eM2/sb3/RC_CG_HIER_INST168/RC_CGIC_INST/E          -106.9
aes1/eM2/sb4/RC_CG_HIER_INST169/RC_CGIC_INST/E          -106.9
aes1/eM2/sb5/RC_CG_HIER_INST170/RC_CGIC_INST/E          -106.9
aes1/eM2/sb6/RC_CG_HIER_INST171/RC_CGIC_INST/E          -106.9
aes1/eM2/sb7/RC_CG_HIER_INST172/RC_CGIC_INST/E          -106.9
aes1/eM3/sb0/RC_CG_HIER_INST173/RC_CGIC_INST/E          -106.9
aes1/eM3/sb1/RC_CG_HIER_INST174/RC_CGIC_INST/E          -106.9
aes1/eM3/sb2/RC_CG_HIER_INST175/RC_CGIC_INST/E          -106.9
aes1/eM3/sb3/RC_CG_HIER_INST176/RC_CGIC_INST/E          -106.9
aes1/eM3/sb4/RC_CG_HIER_INST177/RC_CGIC_INST/E          -106.9
aes1/eM3/sb5/RC_CG_HIER_INST178/RC_CGIC_INST/E          -106.9
aes1/eM3/sb6/RC_CG_HIER_INST179/RC_CGIC_INST/E          -106.9
aes1/eM3/sb7/RC_CG_HIER_INST180/RC_CGIC_INST/E          -106.9
aes1/eM4/sb0/RC_CG_HIER_INST181/RC_CGIC_INST/E          -106.9
aes1/eM4/sb1/RC_CG_HIER_INST182/RC_CGIC_INST/E          -106.9
aes1/eM4/sb2/RC_CG_HIER_INST183/RC_CGIC_INST/E          -106.9
aes1/eM4/sb3/RC_CG_HIER_INST184/RC_CGIC_INST/E          -106.9
aes1/eM4/sb4/RC_CG_HIER_INST185/RC_CGIC_INST/E          -106.9
aes1/eM4/sb5/RC_CG_HIER_INST186/RC_CGIC_INST/E          -106.9
aes1/eM4/sb6/RC_CG_HIER_INST187/RC_CGIC_INST/E          -106.9
aes1/eM4/sb7/RC_CG_HIER_INST188/RC_CGIC_INST/E          -106.9
aes1/eM5/sb0/RC_CG_HIER_INST189/RC_CGIC_INST/E          -106.9
aes1/eM5/sb1/RC_CG_HIER_INST190/RC_CGIC_INST/E          -106.9
aes1/eM5/sb2/RC_CG_HIER_INST191/RC_CGIC_INST/E          -106.9
aes1/eM5/sb3/RC_CG_HIER_INST192/RC_CGIC_INST/E          -106.9
aes1/eM5/sb4/RC_CG_HIER_INST193/RC_CGIC_INST/E          -106.9
aes1/eM5/sb5/RC_CG_HIER_INST194/RC_CGIC_INST/E          -106.9
aes1/eM5/sb6/RC_CG_HIER_INST195/RC_CGIC_INST/E          -106.9
aes1/eM5/sb7/RC_CG_HIER_INST196/RC_CGIC_INST/E          -106.9
aes1/eM9/sb0/RC_CG_HIER_INST221/RC_CGIC_INST/E          -106.9
aes1/eM9/sb1/RC_CG_HIER_INST222/RC_CGIC_INST/E          -106.9
aes1/eM9/sb2/RC_CG_HIER_INST223/RC_CGIC_INST/E          -106.9
aes1/eM9/sb3/RC_CG_HIER_INST224/RC_CGIC_INST/E          -106.9
aes1/eM9/sb4/RC_CG_HIER_INST225/RC_CGIC_INST/E          -106.9
aes1/eM9/sb5/RC_CG_HIER_INST226/RC_CGIC_INST/E          -106.9
aes1/eM9/sb6/RC_CG_HIER_INST227/RC_CGIC_INST/E          -106.9
aes1/eM9/sb7/RC_CG_HIER_INST228/RC_CGIC_INST/E          -106.9
aes1/eL13/sb0/RC_CG_HIER_INST45/RC_CGIC_INST/E          -106.4
aes1/eL13/sb1/RC_CG_HIER_INST46/RC_CGIC_INST/E          -106.4
aes1/eL13/sb2/RC_CG_HIER_INST47/RC_CGIC_INST/E          -106.4
aes1/eL13/sb3/RC_CG_HIER_INST48/RC_CGIC_INST/E          -106.4
aes1/eL13/sb4/RC_CG_HIER_INST49/RC_CGIC_INST/E          -106.4
aes1/eL13/sb5/RC_CG_HIER_INST50/RC_CGIC_INST/E          -106.4
aes1/eL13/sb6/RC_CG_HIER_INST51/RC_CGIC_INST/E          -106.4
aes1/eL13/sb7/RC_CG_HIER_INST52/RC_CGIC_INST/E          -106.4
aes1/eL8/sb0/RC_CG_HIER_INST101/RC_CGIC_INST/E          -106.4
aes1/eL8/sb1/RC_CG_HIER_INST102/RC_CGIC_INST/E          -106.4
aes1/eL8/sb2/RC_CG_HIER_INST103/RC_CGIC_INST/E          -106.4
aes1/eL8/sb3/RC_CG_HIER_INST104/RC_CGIC_INST/E          -106.4
aes1/eL8/sb4/RC_CG_HIER_INST105/RC_CGIC_INST/E          -106.4
aes1/eL8/sb5/RC_CG_HIER_INST106/RC_CGIC_INST/E          -106.4
aes1/eL8/sb6/RC_CG_HIER_INST107/RC_CGIC_INST/E          -106.4
aes1/eL8/sb7/RC_CG_HIER_INST108/RC_CGIC_INST/E          -106.4
aes1/eM13/sb0/RC_CG_HIER_INST157/RC_CGIC_INST/E         -106.4
aes1/eM13/sb1/RC_CG_HIER_INST158/RC_CGIC_INST/E         -106.4
aes1/eM13/sb2/RC_CG_HIER_INST159/RC_CGIC_INST/E         -106.4
aes1/eM13/sb3/RC_CG_HIER_INST160/RC_CGIC_INST/E         -106.4
aes1/eM13/sb4/RC_CG_HIER_INST161/RC_CGIC_INST/E         -106.4
aes1/eM13/sb5/RC_CG_HIER_INST162/RC_CGIC_INST/E         -106.4
aes1/eM13/sb6/RC_CG_HIER_INST163/RC_CGIC_INST/E         -106.4
aes1/eM13/sb7/RC_CG_HIER_INST164/RC_CGIC_INST/E         -106.4
aes1/eM7/sb0/RC_CG_HIER_INST205/RC_CGIC_INST/E          -106.4
aes1/eM7/sb1/RC_CG_HIER_INST206/RC_CGIC_INST/E          -106.4
aes1/eM7/sb2/RC_CG_HIER_INST207/RC_CGIC_INST/E          -106.4
aes1/eM7/sb3/RC_CG_HIER_INST208/RC_CGIC_INST/E          -106.4
aes1/eM7/sb4/RC_CG_HIER_INST209/RC_CGIC_INST/E          -106.4
aes1/eM7/sb5/RC_CG_HIER_INST210/RC_CGIC_INST/E          -106.4
aes1/eM7/sb6/RC_CG_HIER_INST211/RC_CGIC_INST/E          -106.4
aes1/eM7/sb7/RC_CG_HIER_INST212/RC_CGIC_INST/E          -106.4
aes1/eL11/sb0/RC_CG_HIER_INST29/RC_CGIC_INST/E          -105.7
aes1/eL11/sb1/RC_CG_HIER_INST30/RC_CGIC_INST/E          -105.7
aes1/eL11/sb2/RC_CG_HIER_INST31/RC_CGIC_INST/E          -105.7
aes1/eL11/sb3/RC_CG_HIER_INST32/RC_CGIC_INST/E          -105.7
aes1/eL11/sb4/RC_CG_HIER_INST33/RC_CGIC_INST/E          -105.7
aes1/eL11/sb5/RC_CG_HIER_INST34/RC_CGIC_INST/E          -105.7
aes1/eL11/sb6/RC_CG_HIER_INST35/RC_CGIC_INST/E          -105.7
aes1/eL11/sb7/RC_CG_HIER_INST36/RC_CGIC_INST/E          -105.7
aes1/eL2/sb0/RC_CG_HIER_INST53/RC_CGIC_INST/E           -105.7
aes1/eL2/sb1/RC_CG_HIER_INST54/RC_CGIC_INST/E           -105.7
aes1/eL2/sb2/RC_CG_HIER_INST55/RC_CGIC_INST/E           -105.7
aes1/eL2/sb3/RC_CG_HIER_INST56/RC_CGIC_INST/E           -105.7
aes1/eL2/sb4/RC_CG_HIER_INST57/RC_CGIC_INST/E           -105.7
aes1/eL2/sb5/RC_CG_HIER_INST58/RC_CGIC_INST/E           -105.7
aes1/eL2/sb6/RC_CG_HIER_INST59/RC_CGIC_INST/E           -105.7
aes1/eL2/sb7/RC_CG_HIER_INST60/RC_CGIC_INST/E           -105.7
aes1/eL4/sb0/RC_CG_HIER_INST69/RC_CGIC_INST/E           -105.7
aes1/eL4/sb1/RC_CG_HIER_INST70/RC_CGIC_INST/E           -105.7
aes1/eL4/sb2/RC_CG_HIER_INST71/RC_CGIC_INST/E           -105.7
aes1/eL4/sb3/RC_CG_HIER_INST72/RC_CGIC_INST/E           -105.7
aes1/eL4/sb4/RC_CG_HIER_INST73/RC_CGIC_INST/E           -105.7
aes1/eL4/sb5/RC_CG_HIER_INST74/RC_CGIC_INST/E           -105.7
aes1/eL4/sb6/RC_CG_HIER_INST75/RC_CGIC_INST/E           -105.7
aes1/eL4/sb7/RC_CG_HIER_INST76/RC_CGIC_INST/E           -105.7
aes1/eL9/sb0/RC_CG_HIER_INST109/RC_CGIC_INST/E          -105.7
aes1/eL9/sb1/RC_CG_HIER_INST110/RC_CGIC_INST/E          -105.7
aes1/eL9/sb2/RC_CG_HIER_INST111/RC_CGIC_INST/E          -105.7
aes1/eL9/sb3/RC_CG_HIER_INST112/RC_CGIC_INST/E          -105.7
aes1/eL9/sb4/RC_CG_HIER_INST113/RC_CGIC_INST/E          -105.7
aes1/eL9/sb5/RC_CG_HIER_INST114/RC_CGIC_INST/E          -105.7
aes1/eL9/sb6/RC_CG_HIER_INST115/RC_CGIC_INST/E          -105.7
aes1/eL9/sb7/RC_CG_HIER_INST116/RC_CGIC_INST/E          -105.7
aes1/eM10/sb0/RC_CG_HIER_INST133/RC_CGIC_INST/E         -105.7
aes1/eM10/sb1/RC_CG_HIER_INST134/RC_CGIC_INST/E         -105.7
aes1/eM10/sb2/RC_CG_HIER_INST135/RC_CGIC_INST/E         -105.7
aes1/eM10/sb3/RC_CG_HIER_INST136/RC_CGIC_INST/E         -105.7
aes1/eM10/sb4/RC_CG_HIER_INST137/RC_CGIC_INST/E         -105.7
aes1/eM10/sb5/RC_CG_HIER_INST138/RC_CGIC_INST/E         -105.7
aes1/eM10/sb6/RC_CG_HIER_INST139/RC_CGIC_INST/E         -105.7
aes1/eM10/sb7/RC_CG_HIER_INST140/RC_CGIC_INST/E         -105.7
aes1/eM11/sb0/RC_CG_HIER_INST141/RC_CGIC_INST/E         -105.7
aes1/eM11/sb1/RC_CG_HIER_INST142/RC_CGIC_INST/E         -105.7
aes1/eM11/sb2/RC_CG_HIER_INST143/RC_CGIC_INST/E         -105.7
aes1/eM11/sb3/RC_CG_HIER_INST144/RC_CGIC_INST/E         -105.7
aes1/eM11/sb4/RC_CG_HIER_INST145/RC_CGIC_INST/E         -105.7
aes1/eM11/sb5/RC_CG_HIER_INST146/RC_CGIC_INST/E         -105.7
aes1/eM11/sb6/RC_CG_HIER_INST147/RC_CGIC_INST/E         -105.7
aes1/eM11/sb7/RC_CG_HIER_INST148/RC_CGIC_INST/E         -105.7
aes1/eM6/sb0/RC_CG_HIER_INST197/RC_CGIC_INST/E          -105.7
aes1/eM6/sb1/RC_CG_HIER_INST198/RC_CGIC_INST/E          -105.7
aes1/eM6/sb2/RC_CG_HIER_INST199/RC_CGIC_INST/E          -105.7
aes1/eM6/sb3/RC_CG_HIER_INST200/RC_CGIC_INST/E          -105.7
aes1/eM6/sb4/RC_CG_HIER_INST201/RC_CGIC_INST/E          -105.7
aes1/eM6/sb5/RC_CG_HIER_INST202/RC_CGIC_INST/E          -105.7
aes1/eM6/sb6/RC_CG_HIER_INST203/RC_CGIC_INST/E          -105.7
aes1/eM6/sb7/RC_CG_HIER_INST204/RC_CGIC_INST/E          -105.7
aes1/eM8/sb0/RC_CG_HIER_INST213/RC_CGIC_INST/E          -105.7
aes1/eM8/sb1/RC_CG_HIER_INST214/RC_CGIC_INST/E          -105.7
aes1/eM8/sb2/RC_CG_HIER_INST215/RC_CGIC_INST/E          -105.7
aes1/eM8/sb3/RC_CG_HIER_INST216/RC_CGIC_INST/E          -105.7
aes1/eM8/sb4/RC_CG_HIER_INST217/RC_CGIC_INST/E          -105.7
aes1/eM8/sb5/RC_CG_HIER_INST218/RC_CGIC_INST/E          -105.7
aes1/eM8/sb6/RC_CG_HIER_INST219/RC_CGIC_INST/E          -105.7
aes1/eM8/sb7/RC_CG_HIER_INST220/RC_CGIC_INST/E          -105.7
aes1/k0/RC_CG_HIER_INST229/RC_CGIC_INST/E               -105.5
aes1/k1/RC_CG_HIER_INST230/RC_CGIC_INST/E               -105.5
aes1/k10/RC_CG_HIER_INST231/RC_CGIC_INST/E              -105.5
aes1/k11/RC_CG_HIER_INST232/RC_CGIC_INST/E              -105.5
aes1/k12/RC_CG_HIER_INST233/RC_CGIC_INST/E              -105.5
aes1/k13/RC_CG_HIER_INST234/RC_CGIC_INST/E              -105.5
aes1/k2/RC_CG_HIER_INST235/RC_CGIC_INST/E               -105.5
aes1/k3/RC_CG_HIER_INST236/RC_CGIC_INST/E               -105.5
aes1/k4/RC_CG_HIER_INST237/RC_CGIC_INST/E               -105.5
aes1/k5/RC_CG_HIER_INST238/RC_CGIC_INST/E               -105.5
aes1/k6/RC_CG_HIER_INST239/RC_CGIC_INST/E               -105.5
aes1/k7/RC_CG_HIER_INST240/RC_CGIC_INST/E               -105.5
aes1/k8/RC_CG_HIER_INST241/RC_CGIC_INST/E               -105.5
aes1/k9/RC_CG_HIER_INST242/RC_CGIC_INST/E               -105.5
RC_CG_HIER_INST4/RC_CGIC_INST/E                         -93.9
Lcnt_reg[10]/D                                          -78.2
Lcnt_reg[1]/D                                           -78.2
Lcnt_reg[2]/D                                           -78.2
Lcnt_reg[5]/D                                           -78.2
Lcnt_reg[6]/D                                           -78.2
Lcnt_reg[9]/D                                           -78.2
Lcnt_reg[0]/D                                           -70.9
Lcnt_reg[3]/D                                           -70.9
Lcnt_reg[4]/D                                           -70.9
Lcnt_reg[7]/D                                           -70.9
Lcnt_reg[8]/D                                           -70.9
T[71]                                                   -69.1
T[70]                                                   -69.1
T[69]                                                   -69.1
T[68]                                                   -69.1
T[39]                                                   -69.1
T[38]                                                   -69.1
T[37]                                                   -69.1
T[36]                                                   -69.1
T[23]                                                   -69.1
T[22]                                                   -69.1
T[21]                                                   -69.1
T[20]                                                   -69.1
T[15]                                                   -69.1
T[14]                                                   -69.1
T[13]                                                   -69.1
T[12]                                                   -69.1
T[11]                                                   -69.1
T[10]                                                   -69.1
T[0]                                                    -69.1
T[7]                                                    -68.9
T[6]                                                    -68.9
T[5]                                                    -68.9
T[4]                                                    -68.9
Qlast                                                   -64.6
T[127]                                                  -64.5
T[126]                                                  -64.5
T[125]                                                  -64.5
T[124]                                                  -64.5
T[123]                                                  -64.5
T[122]                                                  -64.5
T[121]                                                  -64.5
T[120]                                                  -64.5
T[119]                                                  -64.5
T[118]                                                  -64.5
T[117]                                                  -64.5
T[116]                                                  -64.5
T[115]                                                  -64.5
T[114]                                                  -64.5
T[113]                                                  -64.5
T[112]                                                  -64.5
T[111]                                                  -64.5
T[110]                                                  -64.5
T[109]                                                  -64.5
T[108]                                                  -64.5
T[107]                                                  -64.5
T[106]                                                  -64.5
T[105]                                                  -64.5
T[104]                                                  -64.5
T[103]                                                  -64.5
T[102]                                                  -64.5
T[101]                                                  -64.5
T[100]                                                  -64.5
T[99]                                                   -64.5
T[98]                                                   -64.5
T[97]                                                   -64.5
T[96]                                                   -64.5
T[95]                                                   -64.5
T[94]                                                   -64.5
T[93]                                                   -64.5
T[92]                                                   -64.5
T[91]                                                   -64.5
T[90]                                                   -64.5
T[89]                                                   -64.5
T[88]                                                   -64.5
T[87]                                                   -64.5
T[86]                                                   -64.5
T[85]                                                   -64.5
T[84]                                                   -64.5
T[83]                                                   -64.5
T[82]                                                   -64.5
T[81]                                                   -64.5
T[80]                                                   -64.5
T[79]                                                   -64.5
T[78]                                                   -64.5
T[77]                                                   -64.5
T[76]                                                   -64.5
T[75]                                                   -64.5
T[74]                                                   -64.5
T[73]                                                   -64.5
T[72]                                                   -64.5
T[67]                                                   -64.5
T[66]                                                   -64.5
T[65]                                                   -64.5
T[64]                                                   -64.5
T[63]                                                   -64.5
T[62]                                                   -64.5
T[61]                                                   -64.5
T[60]                                                   -64.5
T[59]                                                   -64.5
T[58]                                                   -64.5
T[57]                                                   -64.5
T[56]                                                   -64.5
T[55]                                                   -64.5
T[54]                                                   -64.5
T[53]                                                   -64.5
T[52]                                                   -64.5
T[51]                                                   -64.5
T[50]                                                   -64.5
T[49]                                                   -64.5
T[48]                                                   -64.5
T[47]                                                   -64.5
T[46]                                                   -64.5
T[45]                                                   -64.5
T[44]                                                   -64.5
T[43]                                                   -64.5
T[42]                                                   -64.5
T[41]                                                   -64.5
T[40]                                                   -64.5
T[35]                                                   -64.5
T[34]                                                   -64.5
T[33]                                                   -64.5
T[32]                                                   -64.5
T[31]                                                   -64.5
T[30]                                                   -64.5
T[29]                                                   -64.5
T[28]                                                   -64.5
T[27]                                                   -64.5
T[26]                                                   -64.5
T[25]                                                   -64.5
T[24]                                                   -64.5
T[19]                                                   -64.5
T[18]                                                   -64.5
T[17]                                                   -64.5
T[16]                                                   -64.5
T[9]                                                    -64.5
T[8]                                                    -64.5
T[3]                                                    -64.5
T[2]                                                    -64.5
T[1]                                                    -64.5
Qstart                                                  -64.1
Q[255]                                                  -64.1
Q[254]                                                  -64.1
Q[253]                                                  -64.1
Q[252]                                                  -64.1
Q[251]                                                  -64.1
Q[250]                                                  -64.1
Q[249]                                                  -64.1
Q[248]                                                  -64.1
Q[247]                                                  -64.1
Q[246]                                                  -64.1
Q[245]                                                  -64.1
Q[244]                                                  -64.1
Q[243]                                                  -64.1
Q[242]                                                  -64.1
Q[241]                                                  -64.1
Q[240]                                                  -64.1
Q[239]                                                  -64.1
Q[238]                                                  -64.1
Q[237]                                                  -64.1
Q[236]                                                  -64.1
Q[235]                                                  -64.1
Q[234]                                                  -64.1
Q[233]                                                  -64.1
Q[232]                                                  -64.1
Q[231]                                                  -64.1
Q[230]                                                  -64.1
Q[229]                                                  -64.1
Q[228]                                                  -64.1
Q[227]                                                  -64.1
Q[226]                                                  -64.1
Q[225]                                                  -64.1
Q[224]                                                  -64.1
Q[223]                                                  -64.1
Q[222]                                                  -64.1
Q[221]                                                  -64.1
Q[220]                                                  -64.1
Q[219]                                                  -64.1
Q[218]                                                  -64.1
Q[217]                                                  -64.1
Q[216]                                                  -64.1
Q[215]                                                  -64.1
Q[214]                                                  -64.1
Q[213]                                                  -64.1
Q[212]                                                  -64.1
Q[211]                                                  -64.1
Q[210]                                                  -64.1
Q[209]                                                  -64.1
Q[208]                                                  -64.1
Q[207]                                                  -64.1
Q[206]                                                  -64.1
Q[205]                                                  -64.1
Q[204]                                                  -64.1
Q[203]                                                  -64.1
Q[202]                                                  -64.1
Q[201]                                                  -64.1
Q[200]                                                  -64.1
Q[199]                                                  -64.1
Q[198]                                                  -64.1
Q[197]                                                  -64.1
Q[196]                                                  -64.1
Q[195]                                                  -64.1
Q[194]                                                  -64.1
Q[193]                                                  -64.1
Q[192]                                                  -64.1
Q[191]                                                  -64.1
Q[190]                                                  -64.1
Q[189]                                                  -64.1
Q[188]                                                  -64.1
Q[187]                                                  -64.1
Q[186]                                                  -64.1
Q[185]                                                  -64.1
Q[184]                                                  -64.1
Q[183]                                                  -64.1
Q[182]                                                  -64.1
Q[181]                                                  -64.1
Q[180]                                                  -64.1
Q[179]                                                  -64.1
Q[178]                                                  -64.1
Q[177]                                                  -64.1
Q[176]                                                  -64.1
Q[175]                                                  -64.1
Q[174]                                                  -64.1
Q[173]                                                  -64.1
Q[172]                                                  -64.1
Q[171]                                                  -64.1
Q[170]                                                  -64.1
Q[169]                                                  -64.1
Q[168]                                                  -64.1
Q[167]                                                  -64.1
Q[166]                                                  -64.1
Q[165]                                                  -64.1
Q[164]                                                  -64.1
Q[163]                                                  -64.1
Q[162]                                                  -64.1
Q[161]                                                  -64.1
Q[160]                                                  -64.1
Q[159]                                                  -64.1
Q[158]                                                  -64.1
Q[157]                                                  -64.1
Q[156]                                                  -64.1
Q[155]                                                  -64.1
Q[154]                                                  -64.1
Q[153]                                                  -64.1
Q[152]                                                  -64.1
Q[151]                                                  -64.1
Q[150]                                                  -64.1
Q[149]                                                  -64.1
Q[148]                                                  -64.1
Q[147]                                                  -64.1
Q[146]                                                  -64.1
Q[145]                                                  -64.1
Q[144]                                                  -64.1
Q[143]                                                  -64.1
Q[142]                                                  -64.1
Q[141]                                                  -64.1
Q[140]                                                  -64.1
Q[139]                                                  -64.1
Q[138]                                                  -64.1
Q[137]                                                  -64.1
Q[136]                                                  -64.1
Q[135]                                                  -64.1
Q[134]                                                  -64.1
Q[133]                                                  -64.1
Q[132]                                                  -64.1
Q[131]                                                  -64.1
Q[130]                                                  -64.1
Q[129]                                                  -64.1
Q[128]                                                  -64.1
Q[127]                                                  -64.1
Q[126]                                                  -64.1
Q[125]                                                  -64.1
Q[124]                                                  -64.1
Q[123]                                                  -64.1
Q[122]                                                  -64.1
Q[121]                                                  -64.1
Q[120]                                                  -64.1
Q[119]                                                  -64.1
Q[118]                                                  -64.1
Q[117]                                                  -64.1
Q[116]                                                  -64.1
Q[115]                                                  -64.1
Q[114]                                                  -64.1
Q[113]                                                  -64.1
Q[112]                                                  -64.1
Q[111]                                                  -64.1
Q[110]                                                  -64.1
Q[109]                                                  -64.1
Q[108]                                                  -64.1
Q[107]                                                  -64.1
Q[106]                                                  -64.1
Q[105]                                                  -64.1
Q[104]                                                  -64.1
Q[103]                                                  -64.1
Q[102]                                                  -64.1
Q[101]                                                  -64.1
Q[100]                                                  -64.1
Q[99]                                                   -64.1
Q[98]                                                   -64.1
Q[97]                                                   -64.1
Q[96]                                                   -64.1
Q[95]                                                   -64.1
Q[94]                                                   -64.1
Q[93]                                                   -64.1
Q[92]                                                   -64.1
Q[91]                                                   -64.1
Q[90]                                                   -64.1
Q[89]                                                   -64.1
Q[88]                                                   -64.1
Q[87]                                                   -64.1
Q[86]                                                   -64.1
Q[85]                                                   -64.1
Q[84]                                                   -64.1
Q[83]                                                   -64.1
Q[82]                                                   -64.1
Q[81]                                                   -64.1
Q[80]                                                   -64.1
Q[79]                                                   -64.1
Q[78]                                                   -64.1
Q[77]                                                   -64.1
Q[76]                                                   -64.1
Q[75]                                                   -64.1
Q[74]                                                   -64.1
Q[73]                                                   -64.1
Q[72]                                                   -64.1
Q[71]                                                   -64.1
Q[70]                                                   -64.1
Q[69]                                                   -64.1
Q[68]                                                   -64.1
Q[67]                                                   -64.1
Q[66]                                                   -64.1
Q[65]                                                   -64.1
Q[64]                                                   -64.1
Q[63]                                                   -64.1
Q[62]                                                   -64.1
Q[61]                                                   -64.1
Q[60]                                                   -64.1
Q[59]                                                   -64.1
Q[58]                                                   -64.1
Q[57]                                                   -64.1
Q[56]                                                   -64.1
Q[55]                                                   -64.1
Q[54]                                                   -64.1
Q[53]                                                   -64.1
Q[52]                                                   -64.1
Q[51]                                                   -64.1
Q[50]                                                   -64.1
Q[49]                                                   -64.1
Q[48]                                                   -64.1
Q[47]                                                   -64.1
Q[46]                                                   -64.1
Q[45]                                                   -64.1
Q[44]                                                   -64.1
Q[43]                                                   -64.1
Q[42]                                                   -64.1
Q[41]                                                   -64.1
Q[40]                                                   -64.1
Q[39]                                                   -64.1
Q[38]                                                   -64.1
Q[37]                                                   -64.1
Q[36]                                                   -64.1
Q[35]                                                   -64.1
Q[34]                                                   -64.1
Q[33]                                                   -64.1
Q[32]                                                   -64.1
Q[31]                                                   -64.1
Q[30]                                                   -64.1
Q[29]                                                   -64.1
Q[28]                                                   -64.1
Q[27]                                                   -64.1
Q[26]                                                   -64.1
Q[25]                                                   -64.1
Q[24]                                                   -64.1
Q[23]                                                   -64.1
Q[22]                                                   -64.1
Q[21]                                                   -64.1
Q[20]                                                   -64.1
Q[19]                                                   -64.1
Q[18]                                                   -64.1
Q[17]                                                   -64.1
Q[16]                                                   -64.1
Q[15]                                                   -64.1
Q[14]                                                   -64.1
Q[13]                                                   -64.1
Q[12]                                                   -64.1
Q[11]                                                   -64.1
Q[10]                                                   -64.1
Q[9]                                                    -64.1
Q[8]                                                    -64.1
Q[7]                                                    -64.1
Q[6]                                                    -64.1
Q[5]                                                    -64.1
Q[4]                                                    -64.1
Q[3]                                                    -64.1
Q[2]                                                    -64.1
Q[1]                                                    -64.1
Q[0]                                                    -64.1
Tstrobe                                                 -64.1
str_reg[0]/D                                            -2.4
dr0_reg[0]/D                                            -1.8
dr0_reg[100]/D                                          -1.8
dr0_reg[101]/D                                          -1.8
dr0_reg[102]/D                                          -1.8
dr0_reg[103]/D                                          -1.8
dr0_reg[104]/D                                          -1.8
dr0_reg[105]/D                                          -1.8
dr0_reg[106]/D                                          -1.8
dr0_reg[107]/D                                          -1.8
dr0_reg[108]/D                                          -1.8
dr0_reg[109]/D                                          -1.8
dr0_reg[10]/D                                           -1.8
dr0_reg[110]/D                                          -1.8
dr0_reg[111]/D                                          -1.8
dr0_reg[112]/D                                          -1.8
dr0_reg[113]/D                                          -1.8
dr0_reg[114]/D                                          -1.8
dr0_reg[115]/D                                          -1.8
dr0_reg[116]/D                                          -1.8
dr0_reg[117]/D                                          -1.8
dr0_reg[118]/D                                          -1.8
dr0_reg[119]/D                                          -1.8
dr0_reg[11]/D                                           -1.8
dr0_reg[120]/D                                          -1.8
dr0_reg[121]/D                                          -1.8
dr0_reg[122]/D                                          -1.8
dr0_reg[123]/D                                          -1.8
dr0_reg[124]/D                                          -1.8
dr0_reg[125]/D                                          -1.8
dr0_reg[126]/D                                          -1.8
dr0_reg[127]/D                                          -1.8
dr0_reg[128]/D                                          -1.8
dr0_reg[129]/D                                          -1.8
dr0_reg[12]/D                                           -1.8
dr0_reg[130]/D                                          -1.8
dr0_reg[131]/D                                          -1.8
dr0_reg[132]/D                                          -1.8
dr0_reg[133]/D                                          -1.8
dr0_reg[134]/D                                          -1.8
dr0_reg[135]/D                                          -1.8
dr0_reg[136]/D                                          -1.8
dr0_reg[137]/D                                          -1.8
dr0_reg[138]/D                                          -1.8
dr0_reg[139]/D                                          -1.8
dr0_reg[13]/D                                           -1.8
dr0_reg[140]/D                                          -1.8
dr0_reg[141]/D                                          -1.8
dr0_reg[142]/D                                          -1.8
dr0_reg[143]/D                                          -1.8
dr0_reg[144]/D                                          -1.8
dr0_reg[145]/D                                          -1.8
dr0_reg[146]/D                                          -1.8
dr0_reg[147]/D                                          -1.8
dr0_reg[148]/D                                          -1.8
dr0_reg[149]/D                                          -1.8
dr0_reg[14]/D                                           -1.8
dr0_reg[150]/D                                          -1.8
dr0_reg[151]/D                                          -1.8
dr0_reg[152]/D                                          -1.8
dr0_reg[153]/D                                          -1.8
dr0_reg[154]/D                                          -1.8
dr0_reg[155]/D                                          -1.8
dr0_reg[156]/D                                          -1.8
dr0_reg[157]/D                                          -1.8
dr0_reg[158]/D                                          -1.8
dr0_reg[159]/D                                          -1.8
dr0_reg[15]/D                                           -1.8
dr0_reg[160]/D                                          -1.8
dr0_reg[161]/D                                          -1.8
dr0_reg[162]/D                                          -1.8
dr0_reg[163]/D                                          -1.8
dr0_reg[164]/D                                          -1.8
dr0_reg[165]/D                                          -1.8
dr0_reg[166]/D                                          -1.8
dr0_reg[167]/D                                          -1.8
dr0_reg[168]/D                                          -1.8
dr0_reg[169]/D                                          -1.8
dr0_reg[16]/D                                           -1.8
dr0_reg[170]/D                                          -1.8
dr0_reg[171]/D                                          -1.8
dr0_reg[172]/D                                          -1.8
dr0_reg[173]/D                                          -1.8
dr0_reg[174]/D                                          -1.8
dr0_reg[175]/D                                          -1.8
dr0_reg[176]/D                                          -1.8
dr0_reg[177]/D                                          -1.8
dr0_reg[178]/D                                          -1.8
dr0_reg[179]/D                                          -1.8
dr0_reg[17]/D                                           -1.8
dr0_reg[180]/D                                          -1.8
dr0_reg[181]/D                                          -1.8
dr0_reg[182]/D                                          -1.8
dr0_reg[183]/D                                          -1.8
dr0_reg[184]/D                                          -1.8
dr0_reg[185]/D                                          -1.8
dr0_reg[186]/D                                          -1.8
dr0_reg[187]/D                                          -1.8
dr0_reg[188]/D                                          -1.8
dr0_reg[189]/D                                          -1.8
dr0_reg[18]/D                                           -1.8
dr0_reg[190]/D                                          -1.8
dr0_reg[191]/D                                          -1.8
dr0_reg[192]/D                                          -1.8
dr0_reg[193]/D                                          -1.8
dr0_reg[194]/D                                          -1.8
dr0_reg[195]/D                                          -1.8
dr0_reg[196]/D                                          -1.8
dr0_reg[197]/D                                          -1.8
dr0_reg[198]/D                                          -1.8
dr0_reg[199]/D                                          -1.8
dr0_reg[19]/D                                           -1.8
dr0_reg[1]/D                                            -1.8
dr0_reg[200]/D                                          -1.8
dr0_reg[201]/D                                          -1.8
dr0_reg[202]/D                                          -1.8
dr0_reg[203]/D                                          -1.8
dr0_reg[204]/D                                          -1.8
dr0_reg[205]/D                                          -1.8
dr0_reg[206]/D                                          -1.8
dr0_reg[207]/D                                          -1.8
dr0_reg[208]/D                                          -1.8
dr0_reg[209]/D                                          -1.8
dr0_reg[20]/D                                           -1.8
dr0_reg[210]/D                                          -1.8
dr0_reg[211]/D                                          -1.8
dr0_reg[212]/D                                          -1.8
dr0_reg[213]/D                                          -1.8
dr0_reg[214]/D                                          -1.8
dr0_reg[215]/D                                          -1.8
dr0_reg[216]/D                                          -1.8
dr0_reg[217]/D                                          -1.8
dr0_reg[218]/D                                          -1.8
dr0_reg[219]/D                                          -1.8
dr0_reg[21]/D                                           -1.8
dr0_reg[220]/D                                          -1.8
dr0_reg[221]/D                                          -1.8
dr0_reg[222]/D                                          -1.8
dr0_reg[223]/D                                          -1.8
dr0_reg[224]/D                                          -1.8
dr0_reg[225]/D                                          -1.8
dr0_reg[226]/D                                          -1.8
dr0_reg[227]/D                                          -1.8
dr0_reg[228]/D                                          -1.8
dr0_reg[229]/D                                          -1.8
dr0_reg[22]/D                                           -1.8
dr0_reg[230]/D                                          -1.8
dr0_reg[231]/D                                          -1.8
dr0_reg[232]/D                                          -1.8
dr0_reg[233]/D                                          -1.8
dr0_reg[234]/D                                          -1.8
dr0_reg[235]/D                                          -1.8
dr0_reg[236]/D                                          -1.8
dr0_reg[237]/D                                          -1.8
dr0_reg[238]/D                                          -1.8
dr0_reg[239]/D                                          -1.8
dr0_reg[23]/D                                           -1.8
dr0_reg[240]/D                                          -1.8
dr0_reg[241]/D                                          -1.8
dr0_reg[242]/D                                          -1.8
dr0_reg[243]/D                                          -1.8
dr0_reg[244]/D                                          -1.8
dr0_reg[245]/D                                          -1.8
dr0_reg[246]/D                                          -1.8
dr0_reg[247]/D                                          -1.8
dr0_reg[248]/D                                          -1.8
dr0_reg[249]/D                                          -1.8
dr0_reg[24]/D                                           -1.8
dr0_reg[250]/D                                          -1.8
dr0_reg[251]/D                                          -1.8
dr0_reg[252]/D                                          -1.8
dr0_reg[253]/D                                          -1.8
dr0_reg[254]/D                                          -1.8
dr0_reg[255]/D                                          -1.8
dr0_reg[25]/D                                           -1.8
dr0_reg[26]/D                                           -1.8
dr0_reg[27]/D                                           -1.8
dr0_reg[28]/D                                           -1.8
dr0_reg[29]/D                                           -1.8
dr0_reg[2]/D                                            -1.8
dr0_reg[30]/D                                           -1.8
dr0_reg[31]/D                                           -1.8
dr0_reg[32]/D                                           -1.8
dr0_reg[33]/D                                           -1.8
dr0_reg[34]/D                                           -1.8
dr0_reg[35]/D                                           -1.8
dr0_reg[36]/D                                           -1.8
dr0_reg[37]/D                                           -1.8
dr0_reg[38]/D                                           -1.8
dr0_reg[39]/D                                           -1.8
dr0_reg[3]/D                                            -1.8
dr0_reg[40]/D                                           -1.8
dr0_reg[41]/D                                           -1.8
dr0_reg[42]/D                                           -1.8
dr0_reg[43]/D                                           -1.8
dr0_reg[44]/D                                           -1.8
dr0_reg[45]/D                                           -1.8
dr0_reg[46]/D                                           -1.8
dr0_reg[47]/D                                           -1.8
dr0_reg[48]/D                                           -1.8
dr0_reg[49]/D                                           -1.8
dr0_reg[4]/D                                            -1.8
dr0_reg[50]/D                                           -1.8
dr0_reg[51]/D                                           -1.8
dr0_reg[52]/D                                           -1.8
dr0_reg[53]/D                                           -1.8
dr0_reg[54]/D                                           -1.8
dr0_reg[55]/D                                           -1.8
dr0_reg[56]/D                                           -1.8
dr0_reg[57]/D                                           -1.8
dr0_reg[58]/D                                           -1.8
dr0_reg[59]/D                                           -1.8
dr0_reg[5]/D                                            -1.8
dr0_reg[60]/D                                           -1.8
dr0_reg[61]/D                                           -1.8
dr0_reg[62]/D                                           -1.8
dr0_reg[63]/D                                           -1.8
dr0_reg[64]/D                                           -1.8
dr0_reg[65]/D                                           -1.8
dr0_reg[66]/D                                           -1.8
dr0_reg[67]/D                                           -1.8
dr0_reg[68]/D                                           -1.8
dr0_reg[69]/D                                           -1.8
dr0_reg[6]/D                                            -1.8
dr0_reg[70]/D                                           -1.8
dr0_reg[71]/D                                           -1.8
dr0_reg[72]/D                                           -1.8
dr0_reg[73]/D                                           -1.8
dr0_reg[74]/D                                           -1.8
dr0_reg[75]/D                                           -1.8
dr0_reg[76]/D                                           -1.8
dr0_reg[77]/D                                           -1.8
dr0_reg[78]/D                                           -1.8
dr0_reg[79]/D                                           -1.8
dr0_reg[7]/D                                            -1.8
dr0_reg[80]/D                                           -1.8
dr0_reg[81]/D                                           -1.8
dr0_reg[82]/D                                           -1.8
dr0_reg[83]/D                                           -1.8
dr0_reg[84]/D                                           -1.8
dr0_reg[85]/D                                           -1.8
dr0_reg[86]/D                                           -1.8
dr0_reg[87]/D                                           -1.8
dr0_reg[88]/D                                           -1.8
dr0_reg[89]/D                                           -1.8
dr0_reg[8]/D                                            -1.8
dr0_reg[90]/D                                           -1.8
dr0_reg[91]/D                                           -1.8
dr0_reg[92]/D                                           -1.8
dr0_reg[93]/D                                           -1.8
dr0_reg[94]/D                                           -1.8
dr0_reg[95]/D                                           -1.8
dr0_reg[96]/D                                           -1.8
dr0_reg[97]/D                                           -1.8
dr0_reg[98]/D                                           -1.8
dr0_reg[99]/D                                           -1.8
dr0_reg[9]/D                                            -1.8
IVr_reg[0]/D                                            -1.8
IVr_reg[11]/D                                           -1.8
IVr_reg[12]/D                                           -1.8
IVr_reg[13]/D                                           -1.8
IVr_reg[14]/D                                           -1.8
IVr_reg[15]/D                                           -1.8
IVr_reg[16]/D                                           -1.8
IVr_reg[19]/D                                           -1.8
IVr_reg[20]/D                                           -1.8
IVr_reg[21]/D                                           -1.8
IVr_reg[22]/D                                           -1.8
IVr_reg[23]/D                                           -1.8
IVr_reg[24]/D                                           -1.8
IVr_reg[27]/D                                           -1.8
IVr_reg[28]/D                                           -1.8
IVr_reg[29]/D                                           -1.8
IVr_reg[30]/D                                           -1.8
IVr_reg[31]/D                                           -1.8
IVr_reg[32]/D                                           -1.8
IVr_reg[35]/D                                           -1.8
IVr_reg[36]/D                                           -1.8
IVr_reg[37]/D                                           -1.8
IVr_reg[38]/D                                           -1.8
IVr_reg[39]/D                                           -1.8
IVr_reg[3]/D                                            -1.8
IVr_reg[40]/D                                           -1.8
IVr_reg[43]/D                                           -1.8
IVr_reg[44]/D                                           -1.8
IVr_reg[45]/D                                           -1.8
IVr_reg[46]/D                                           -1.8
IVr_reg[47]/D                                           -1.8
IVr_reg[48]/D                                           -1.8
IVr_reg[4]/D                                            -1.8
IVr_reg[51]/D                                           -1.8
IVr_reg[52]/D                                           -1.8
IVr_reg[53]/D                                           -1.8
IVr_reg[54]/D                                           -1.8
IVr_reg[55]/D                                           -1.8
IVr_reg[56]/D                                           -1.8
IVr_reg[59]/D                                           -1.8
IVr_reg[5]/D                                            -1.8
IVr_reg[60]/D                                           -1.8
IVr_reg[61]/D                                           -1.8
IVr_reg[62]/D                                           -1.8
IVr_reg[63]/D                                           -1.8
IVr_reg[64]/D                                           -1.8
IVr_reg[67]/D                                           -1.8
IVr_reg[68]/D                                           -1.8
IVr_reg[69]/D                                           -1.8
IVr_reg[6]/D                                            -1.8
IVr_reg[70]/D                                           -1.8
IVr_reg[71]/D                                           -1.8
IVr_reg[72]/D                                           -1.8
IVr_reg[75]/D                                           -1.8
IVr_reg[76]/D                                           -1.8
IVr_reg[77]/D                                           -1.8
IVr_reg[78]/D                                           -1.8
IVr_reg[79]/D                                           -1.8
IVr_reg[7]/D                                            -1.8
IVr_reg[80]/D                                           -1.8
IVr_reg[83]/D                                           -1.8
IVr_reg[84]/D                                           -1.8
IVr_reg[85]/D                                           -1.8
IVr_reg[86]/D                                           -1.8
IVr_reg[87]/D                                           -1.8
IVr_reg[88]/D                                           -1.8
IVr_reg[8]/D                                            -1.8
IVr_reg[91]/D                                           -1.8
IVr_reg[92]/D                                           -1.8
IVr_reg[93]/D                                           -1.8
IVr_reg[94]/D                                           -1.8
IVr_reg[95]/D                                           -1.8
Kr_reg[0]/D                                             -1.8
Kr_reg[100]/D                                           -1.8
Kr_reg[101]/D                                           -1.8
Kr_reg[102]/D                                           -1.8
Kr_reg[103]/D                                           -1.8
Kr_reg[104]/D                                           -1.8
Kr_reg[105]/D                                           -1.8
Kr_reg[106]/D                                           -1.8
Kr_reg[107]/D                                           -1.8
Kr_reg[108]/D                                           -1.8
Kr_reg[109]/D                                           -1.8
Kr_reg[10]/D                                            -1.8
Kr_reg[110]/D                                           -1.8
Kr_reg[111]/D                                           -1.8
Kr_reg[112]/D                                           -1.8
Kr_reg[113]/D                                           -1.8
Kr_reg[114]/D                                           -1.8
Kr_reg[115]/D                                           -1.8
Kr_reg[116]/D                                           -1.8
Kr_reg[117]/D                                           -1.8
Kr_reg[118]/D                                           -1.8
Kr_reg[119]/D                                           -1.8
Kr_reg[120]/D                                           -1.8
Kr_reg[121]/D                                           -1.8
Kr_reg[122]/D                                           -1.8
Kr_reg[123]/D                                           -1.8
Kr_reg[124]/D                                           -1.8
Kr_reg[125]/D                                           -1.8
Kr_reg[126]/D                                           -1.8
Kr_reg[127]/D                                           -1.8
Kr_reg[128]/D                                           -1.8
Kr_reg[132]/D                                           -1.8
Kr_reg[136]/D                                           -1.8
Kr_reg[13]/D                                            -1.8
Kr_reg[167]/D                                           -1.8
Kr_reg[16]/D                                            -1.8
Kr_reg[183]/D                                           -1.8
Kr_reg[18]/D                                            -1.8
Kr_reg[199]/D                                           -1.8
Kr_reg[231]/D                                           -1.8
Kr_reg[247]/D                                           -1.8
Kr_reg[24]/D                                            -1.8
Kr_reg[26]/D                                            -1.8
Kr_reg[29]/D                                            -1.8
Kr_reg[2]/D                                             -1.8
Kr_reg[32]/D                                            -1.8
Kr_reg[33]/D                                            -1.8
Kr_reg[34]/D                                            -1.8
Kr_reg[35]/D                                            -1.8
Kr_reg[36]/D                                            -1.8
Kr_reg[37]/D                                            -1.8
Kr_reg[38]/D                                            -1.8
Kr_reg[39]/D                                            -1.8
Kr_reg[40]/D                                            -1.8
Kr_reg[41]/D                                            -1.8
Kr_reg[42]/D                                            -1.8
Kr_reg[43]/D                                            -1.8
Kr_reg[44]/D                                            -1.8
Kr_reg[45]/D                                            -1.8
Kr_reg[46]/D                                            -1.8
Kr_reg[47]/D                                            -1.8
Kr_reg[48]/D                                            -1.8
Kr_reg[49]/D                                            -1.8
Kr_reg[50]/D                                            -1.8
Kr_reg[51]/D                                            -1.8
Kr_reg[52]/D                                            -1.8
Kr_reg[53]/D                                            -1.8
Kr_reg[54]/D                                            -1.8
Kr_reg[55]/D                                            -1.8
Kr_reg[56]/D                                            -1.8
Kr_reg[57]/D                                            -1.8
Kr_reg[58]/D